--------------- Build Started: 03/19/2026 10:34:21 Project: Design01, Configuration: ARM GCC 5.4-2016-q2-update Debug ---------------
cydsfit.exe -.appdatapath "C:\Users\tobia\AppData\Local\Cypress Semiconductor\PSoC Creator\4.4" -.fdsnotice -.fdswarpdepfile=warp_dependencies.txt -.fdselabdepfile=elab_dependencies.txt -.fdsbldfile=generated_files.txt -.fdsreffile=referenced_files.txt -p "C:\Users\tobia\Documentos\GitHub\Afinador-Guitarra-PsoC-5LP\ProyectoPDS\ProyectoPDS solo matlab\lab5-fiuna-filtros_sencillos\Design01.cydsn\Design01.cyprj" -d CY8C5888LTI-LP097 -s "C:\Users\tobia\Documentos\GitHub\Afinador-Guitarra-PsoC-5LP\ProyectoPDS\ProyectoPDS solo matlab\lab5-fiuna-filtros_sencillos\Design01.cydsn\Generated_Source\PSoC5" -- -yv2 -q10 -ygs -o2 -v3 -.fftcfgtype=LE
Elaborating Design...
ADD: fit.M0032: warning: Clock Warning: (BUS_CLK_Ref's accuracy range '23.333 MHz +/- 1%, (23.1 MHz - 23.567 MHz)' is not within the specified tolerance range '24 MHz +/- 3%, (23.28 MHz - 24.72 MHz)'.).
 * C:\Users\tobia\Documentos\GitHub\Afinador-Guitarra-PsoC-5LP\ProyectoPDS\ProyectoPDS solo matlab\lab5-fiuna-filtros_sencillos\Design01.cydsn\Design01.cydwr (BUS_CLK_Ref)
 * C:\Users\tobia\Documentos\GitHub\Afinador-Guitarra-PsoC-5LP\ProyectoPDS\ProyectoPDS solo matlab\lab5-fiuna-filtros_sencillos\Design01.cydsn\TopDesign\TopDesign.cysch (Instance:BUS_CLK_Ref)
HDL Generation...
Synthesis...
Tech Mapping...
Analog Placement...
Info: apr.M0002: Analog signal "\ADC_DelSig_1:Net_35\" is connected to one terminal only. (App=cydsfit)
Log: apr.M0058: The analog placement iterative improvement is 36% done. (App=cydsfit)
Log: apr.M0058: The analog placement iterative improvement is 58% done. (App=cydsfit)
Log: apr.M0058: The analog placement iterative improvement is 92% done. (App=cydsfit)
Analog Routing...
Analog Code Generation...
Warning: apr.M0042: Bonded pin(s) "P3[2]" are not used in your current design but have been connected in order to route the design. (App=cydsfit)
Digital Placement...
Digital Routing...
Bitstream Generation...
Bitstream Verification...
Static timing analysis...
API Generation...
Dependency Generation...
Cleanup...
The compile step is up to date, no work needs to be done.
arm-none-eabi-ar.exe -rs .\CortexM3\ARM_GCC_541\Debug\Design01.a .\CortexM3\ARM_GCC_541\Debug\Pin_1.o .\CortexM3\ARM_GCC_541\Debug\PGA_1.o .\CortexM3\ARM_GCC_541\Debug\PGA_1_PM.o .\CortexM3\ARM_GCC_541\Debug\CyDmac.o .\CortexM3\ARM_GCC_541\Debug\CyFlash.o .\CortexM3\ARM_GCC_541\Debug\CyLib.o .\CortexM3\ARM_GCC_541\Debug\cyPm.o .\CortexM3\ARM_GCC_541\Debug\CySpc.o .\CortexM3\ARM_GCC_541\Debug\cyutils.o .\CortexM3\ARM_GCC_541\Debug\cy_em_eeprom.o .\CortexM3\ARM_GCC_541\Debug\Filter_1.o .\CortexM3\ARM_GCC_541\Debug\Filter_1_PM.o .\CortexM3\ARM_GCC_541\Debug\Filter_1_PVT.o .\CortexM3\ARM_GCC_541\Debug\Filter_1_RAM_Data.o .\CortexM3\ARM_GCC_541\Debug\Filter_1_Coefficients.o .\CortexM3\ARM_GCC_541\Debug\DMA_In_dma.o .\CortexM3\ARM_GCC_541\Debug\isr_dma_done.o .\CortexM3\ARM_GCC_541\Debug\DMA_Out_dma.o .\CortexM3\ARM_GCC_541\Debug\CtrlReg_Filtro_Out.o .\CortexM3\ARM_GCC_541\Debug\CtrlReg_Filtro_Out_PM.o .\CortexM3\ARM_GCC_541\Debug\DMA_a_Comp_dma.o .\CortexM3\ARM_GCC_541\Debug\Status_Reg_1.o .\CortexM3\ARM_GCC_541\Debug\BUS_CLK_Ref.o .\CortexM3\ARM_GCC_541\Debug\BIT1.o .\CortexM3\ARM_GCC_541\Debug\BIT2.o .\CortexM3\ARM_GCC_541\Debug\BIT3.o .\CortexM3\ARM_GCC_541\Debug\SDA_1.o .\CortexM3\ARM_GCC_541\Debug\SCL_1.o .\CortexM3\ARM_GCC_541\Debug\I2C_1.o .\CortexM3\ARM_GCC_541\Debug\I2C_1_BOOT.o .\CortexM3\ARM_GCC_541\Debug\I2C_1_INT.o .\CortexM3\ARM_GCC_541\Debug\I2C_1_PM.o .\CortexM3\ARM_GCC_541\Debug\I2C_1_SLAVE.o .\CortexM3\ARM_GCC_541\Debug\I2C_1_MASTER.o .\CortexM3\ARM_GCC_541\Debug\OpAmp_Filtro1.o .\CortexM3\ARM_GCC_541\Debug\OpAmp_Filtro1_PM.o .\CortexM3\ARM_GCC_541\Debug\Pin_Salida_F1.o .\CortexM3\ARM_GCC_541\Debug\OpAmp_Filtro2.o .\CortexM3\ARM_GCC_541\Debug\OpAmp_Filtro2_PM.o .\CortexM3\ARM_GCC_541\Debug\Pin_Salida_F2.o .\CortexM3\ARM_GCC_541\Debug\OpAmp_Vref.o .\CortexM3\ARM_GCC_541\Debug\OpAmp_Vref_PM.o .\CortexM3\ARM_GCC_541\Debug\Pin_TierraVirtual.o .\CortexM3\ARM_GCC_541\Debug\Pin_Entrada_F1.o .\CortexM3\ARM_GCC_541\Debug\Pin_Entrada_F2.o .\CortexM3\ARM_GCC_541\Debug\ADC_DelSig_1.o .\CortexM3\ARM_GCC_541\Debug\ADC_DelSig_1_PM.o .\CortexM3\ARM_GCC_541\Debug\ADC_DelSig_1_INT.o .\CortexM3\ARM_GCC_541\Debug\Pin_Salida_PGA.o .\CortexM3\ARM_GCC_541\Debug\ADC_DelSig_1_AMux.o .\CortexM3\ARM_GCC_541\Debug\ADC_DelSig_1_Ext_CP_Clk.o .\CortexM3\ARM_GCC_541\Debug\ADC_DelSig_1_IRQ.o .\CortexM3\ARM_GCC_541\Debug\ADC_DelSig_1_theACLK.o .\CortexM3\ARM_GCC_541\Debug\OpAmp_Acoplador.o .\CortexM3\ARM_GCC_541\Debug\OpAmp_Acoplador_PM.o .\CortexM3\ARM_GCC_541\Debug\Vout_1.o .\CortexM3\ARM_GCC_541\Debug\CyBootAsmGnu.o
arm-none-eabi-ar.exe: creating .\CortexM3\ARM_GCC_541\Debug\Design01.a
arm-none-eabi-gcc.exe -Wl,--start-group -o "C:\Users\tobia\Documentos\GitHub\Afinador-Guitarra-PsoC-5LP\ProyectoPDS\ProyectoPDS solo matlab\lab5-fiuna-filtros_sencillos\Design01.cydsn\CortexM3\ARM_GCC_541\Debug\Design01.elf" .\CortexM3\ARM_GCC_541\Debug\main.o .\CortexM3\ARM_GCC_541\Debug\coeficientes.o .\CortexM3\ARM_GCC_541\Debug\lcd_i2c.o .\CortexM3\ARM_GCC_541\Debug\procesamiento.o .\CortexM3\ARM_GCC_541\Debug\gestion_hardware.o .\CortexM3\ARM_GCC_541\Debug\cyfitter_cfg.o .\CortexM3\ARM_GCC_541\Debug\cymetadata.o .\CortexM3\ARM_GCC_541\Debug\Cm3Start.o .\CortexM3\ARM_GCC_541\Debug\Design01.a "D:\Programas\PSoc\PSoC Creator\4.4\PSoC Creator\psoc\content\cycomponentlibrary\CyComponentLibrary.cylib\CortexM3\ARM_GCC_541\Debug\CyComponentLibrary.a" -mcpu=cortex-m3 -mthumb -l m -L Generated_Source\PSoC5 -Wl,-Map,.\CortexM3\ARM_GCC_541\Debug/Design01.map -T Generated_Source\PSoC5\cm3gcc.ld -specs=nano.specs -u _printf_float -Wl,--gc-sections -g -ffunction-sections -Og -ffat-lto-objects -Wl,--end-group
cyelftool.exe -C "C:\Users\tobia\Documentos\GitHub\Afinador-Guitarra-PsoC-5LP\ProyectoPDS\ProyectoPDS solo matlab\lab5-fiuna-filtros_sencillos\Design01.cydsn\CortexM3\ARM_GCC_541\Debug\Design01.elf" --flash_row_size 256 --flash_size 262144 --flash_offset 0x00000000
No ELF section .cychecksum found, creating one
Application checksum calculated and stored in ELF section .cychecksum
Checksum calculated and stored in ELF section .cymeta
cyelftool.exe -S "C:\Users\tobia\Documentos\GitHub\Afinador-Guitarra-PsoC-5LP\ProyectoPDS\ProyectoPDS solo matlab\lab5-fiuna-filtros_sencillos\Design01.cydsn\CortexM3\ARM_GCC_541\Debug\Design01.elf"
Flash used: 26056 of 262144 bytes (9,9 %).
SRAM used: 42773 of 65536 bytes (65,3 %). Stack: 16498 bytes. Heap: 16498 bytes.
--------------- Build Succeeded: 03/19/2026 10:34:35 ---------------
