ARM GAS  C:\Users\Admin\AppData\Local\Temp\ccU2w4Hc.s 			page 1


   1              		.syntax unified
   2              		.cpu cortex-m3
   3              		.fpu softvfp
   4              		.eabi_attribute 20, 1
   5              		.eabi_attribute 21, 1
   6              		.eabi_attribute 23, 3
   7              		.eabi_attribute 24, 1
   8              		.eabi_attribute 25, 1
   9              		.eabi_attribute 26, 1
  10              		.eabi_attribute 30, 1
  11              		.eabi_attribute 34, 1
  12              		.eabi_attribute 18, 4
  13              		.thumb
  14              		.syntax unified
  15              		.file	"coeficientes.c"
  16              		.text
  17              	.Ltext0:
  18              		.cfi_sections	.debug_frame
  19              		.global	COEFFS_330
  20              		.global	COEFFS_246_94
  21              		.global	COEFFS_196
  22              		.global	COEFFS_146_83
  23              		.global	COEFFS_110
  24              		.global	COEFFS_82_4
  25              		.section	.rodata
  26              		.align	2
  27              		.type	COEFFS_330, %object
  28              		.size	COEFFS_330, 200
  29              	COEFFS_330:
  30 0000 A4       		.byte	-92
  31 0001 8F       		.byte	-113
  32 0002 02       		.byte	2
  33 0003 00       		.byte	0
  34 0004 B8       		.byte	-72
  35 0005 E0       		.byte	-32
  36 0006 FA       		.byte	-6
  37 0007 00       		.byte	0
  38 0008 A4       		.byte	-92
  39 0009 8F       		.byte	-113
  40 000a 02       		.byte	2
  41 000b 00       		.byte	0
  42 000c 4F       		.byte	79
  43 000d EE       		.byte	-18
  44 000e 3D       		.byte	61
  45 000f 00       		.byte	0
  46 0010 09       		.byte	9
  47 0011 2B       		.byte	43
  48 0012 C9       		.byte	-55
  49 0013 00       		.byte	0
  50 0014 30       		.byte	48
  51 0015 B4       		.byte	-76
  52 0016 07       		.byte	7
  53 0017 00       		.byte	0
  54 0018 A1       		.byte	-95
  55 0019 97       		.byte	-105
  56 001a F0       		.byte	-16
  57 001b 00       		.byte	0
ARM GAS  C:\Users\Admin\AppData\Local\Temp\ccU2w4Hc.s 			page 2


  58 001c 30       		.byte	48
  59 001d B4       		.byte	-76
  60 001e 07       		.byte	7
  61 001f 00       		.byte	0
  62 0020 4E       		.byte	78
  63 0021 C7       		.byte	-57
  64 0022 40       		.byte	64
  65 0023 00       		.byte	0
  66 0024 F6       		.byte	-10
  67 0025 35       		.byte	53
  68 0026 C8       		.byte	-56
  69 0027 00       		.byte	0
  70 0028 2D       		.byte	45
  71 0029 C0       		.byte	-64
  72 002a 02       		.byte	2
  73 002b 00       		.byte	0
  74 002c 59       		.byte	89
  75 002d 80       		.byte	-128
  76 002e 05       		.byte	5
  77 002f 00       		.byte	0
  78 0030 2D       		.byte	45
  79 0031 C0       		.byte	-64
  80 0032 02       		.byte	2
  81 0033 00       		.byte	0
  82 0034 BB       		.byte	-69
  83 0035 57       		.byte	87
  84 0036 3B       		.byte	59
  85 0037 00       		.byte	0
  86 0038 23       		.byte	35
  87 0039 4B       		.byte	75
  88 003a C9       		.byte	-55
  89 003b 00       		.byte	0
  90 003c D2       		.byte	-46
  91 003d CD       		.byte	-51
  92 003e 02       		.byte	2
  93 003f 00       		.byte	0
  94 0040 A3       		.byte	-93
  95 0041 9B       		.byte	-101
  96 0042 05       		.byte	5
  97 0043 00       		.byte	0
  98 0044 D2       		.byte	-46
  99 0045 CD       		.byte	-51
 100 0046 02       		.byte	2
 101 0047 00       		.byte	0
 102 0048 BE       		.byte	-66
 103 0049 3C       		.byte	60
 104 004a 39       		.byte	57
 105 004b 00       		.byte	0
 106 004c 3F       		.byte	63
 107 004d 8B       		.byte	-117
 108 004e C8       		.byte	-56
 109 004f 00       		.byte	0
 110 0050 46       		.byte	70
 111 0051 A3       		.byte	-93
 112 0052 07       		.byte	7
 113 0053 00       		.byte	0
 114 0054 74       		.byte	116
ARM GAS  C:\Users\Admin\AppData\Local\Temp\ccU2w4Hc.s 			page 3


 115 0055 B9       		.byte	-71
 116 0056 F0       		.byte	-16
 117 0057 00       		.byte	0
 118 0058 46       		.byte	70
 119 0059 A3       		.byte	-93
 120 005a 07       		.byte	7
 121 005b 00       		.byte	0
 122 005c 6C       		.byte	108
 123 005d A8       		.byte	-88
 124 005e 43       		.byte	67
 125 005f 00       		.byte	0
 126 0060 55       		.byte	85
 127 0061 84       		.byte	-124
 128 0062 C6       		.byte	-58
 129 0063 00       		.byte	0
 130 0064 F1       		.byte	-15
 131 0065 F8       		.byte	-8
 132 0066 02       		.byte	2
 133 0067 00       		.byte	0
 134 0068 E2       		.byte	-30
 135 0069 F1       		.byte	-15
 136 006a 05       		.byte	5
 137 006b 00       		.byte	0
 138 006c F1       		.byte	-15
 139 006d F8       		.byte	-8
 140 006e 02       		.byte	2
 141 006f 00       		.byte	0
 142 0070 53       		.byte	83
 143 0071 D3       		.byte	-45
 144 0072 37       		.byte	55
 145 0073 00       		.byte	0
 146 0074 2E       		.byte	46
 147 0075 F0       		.byte	-16
 148 0076 C6       		.byte	-58
 149 0077 00       		.byte	0
 150 0078 38       		.byte	56
 151 0079 35       		.byte	53
 152 007a 07       		.byte	7
 153 007b 00       		.byte	0
 154 007c 8F       		.byte	-113
 155 007d 95       		.byte	-107
 156 007e F1       		.byte	-15
 157 007f 00       		.byte	0
 158 0080 38       		.byte	56
 159 0081 35       		.byte	53
 160 0082 07       		.byte	7
 161 0083 00       		.byte	0
 162 0084 51       		.byte	81
 163 0085 5A       		.byte	90
 164 0086 46       		.byte	70
 165 0087 00       		.byte	0
 166 0088 DB       		.byte	-37
 167 0089 37       		.byte	55
 168 008a C4       		.byte	-60
 169 008b 00       		.byte	0
 170 008c 01       		.byte	1
 171 008d 44       		.byte	68
ARM GAS  C:\Users\Admin\AppData\Local\Temp\ccU2w4Hc.s 			page 4


 172 008e 03       		.byte	3
 173 008f 00       		.byte	0
 174 0090 03       		.byte	3
 175 0091 88       		.byte	-120
 176 0092 06       		.byte	6
 177 0093 00       		.byte	0
 178 0094 01       		.byte	1
 179 0095 44       		.byte	68
 180 0096 03       		.byte	3
 181 0097 00       		.byte	0
 182 0098 8D       		.byte	-115
 183 0099 47       		.byte	71
 184 009a 37       		.byte	55
 185 009b 00       		.byte	0
 186 009c 20       		.byte	32
 187 009d 92       		.byte	-110
 188 009e C4       		.byte	-60
 189 009f 00       		.byte	0
 190 00a0 32       		.byte	50
 191 00a1 C2       		.byte	-62
 192 00a2 01       		.byte	1
 193 00a3 00       		.byte	0
 194 00a4 65       		.byte	101
 195 00a5 84       		.byte	-124
 196 00a6 03       		.byte	3
 197 00a7 00       		.byte	0
 198 00a8 32       		.byte	50
 199 00a9 C2       		.byte	-62
 200 00aa 01       		.byte	1
 201 00ab 00       		.byte	0
 202 00ac C3       		.byte	-61
 203 00ad B6       		.byte	-74
 204 00ae 37       		.byte	55
 205 00af 00       		.byte	0
 206 00b0 27       		.byte	39
 207 00b1 9E       		.byte	-98
 208 00b2 C1       		.byte	-63
 209 00b3 00       		.byte	0
 210 00b4 5C       		.byte	92
 211 00b5 F7       		.byte	-9
 212 00b6 37       		.byte	55
 213 00b7 00       		.byte	0
 214 00b8 49       		.byte	73
 215 00b9 11       		.byte	17
 216 00ba 90       		.byte	-112
 217 00bb 00       		.byte	0
 218 00bc 5C       		.byte	92
 219 00bd F7       		.byte	-9
 220 00be 37       		.byte	55
 221 00bf 00       		.byte	0
 222 00c0 2F       		.byte	47
 223 00c1 A8       		.byte	-88
 224 00c2 48       		.byte	72
 225 00c3 00       		.byte	0
 226 00c4 24       		.byte	36
 227 00c5 7A       		.byte	122
 228 00c6 C1       		.byte	-63
ARM GAS  C:\Users\Admin\AppData\Local\Temp\ccU2w4Hc.s 			page 5


 229 00c7 00       		.byte	0
 230              		.type	COEFFS_246_94, %object
 231              		.size	COEFFS_246_94, 200
 232              	COEFFS_246_94:
 233 00c8 F0       		.byte	-16
 234 00c9 24       		.byte	36
 235 00ca 03       		.byte	3
 236 00cb 00       		.byte	0
 237 00cc 21       		.byte	33
 238 00cd B6       		.byte	-74
 239 00ce F9       		.byte	-7
 240 00cf 00       		.byte	0
 241 00d0 F0       		.byte	-16
 242 00d1 24       		.byte	36
 243 00d2 03       		.byte	3
 244 00d3 00       		.byte	0
 245 00d4 6E       		.byte	110
 246 00d5 EE       		.byte	-18
 247 00d6 53       		.byte	83
 248 00d7 00       		.byte	0
 249 00d8 F7       		.byte	-9
 250 00d9 56       		.byte	86
 251 00da C9       		.byte	-55
 252 00db 00       		.byte	0
 253 00dc C0       		.byte	-64
 254 00dd 46       		.byte	70
 255 00de 0A       		.byte	10
 256 00df 00       		.byte	0
 257 00e0 7F       		.byte	127
 258 00e1 72       		.byte	114
 259 00e2 EB       		.byte	-21
 260 00e3 00       		.byte	0
 261 00e4 C0       		.byte	-64
 262 00e5 46       		.byte	70
 263 00e6 0A       		.byte	10
 264 00e7 00       		.byte	0
 265 00e8 1E       		.byte	30
 266 00e9 5A       		.byte	90
 267 00ea 52       		.byte	82
 268 00eb 00       		.byte	0
 269 00ec 3B       		.byte	59
 270 00ed AA       		.byte	-86
 271 00ee C8       		.byte	-56
 272 00ef 00       		.byte	0
 273 00f0 00       		.byte	0
 274 00f1 22       		.byte	34
 275 00f2 02       		.byte	2
 276 00f3 00       		.byte	0
 277 00f4 01       		.byte	1
 278 00f5 44       		.byte	68
 279 00f6 04       		.byte	4
 280 00f7 00       		.byte	0
 281 00f8 00       		.byte	0
 282 00f9 22       		.byte	34
 283 00fa 02       		.byte	2
 284 00fb 00       		.byte	0
 285 00fc 0B       		.byte	11
ARM GAS  C:\Users\Admin\AppData\Local\Temp\ccU2w4Hc.s 			page 6


 286 00fd 24       		.byte	36
 287 00fe 56       		.byte	86
 288 00ff 00       		.byte	0
 289 0100 2C       		.byte	44
 290 0101 1F       		.byte	31
 291 0102 C9       		.byte	-55
 292 0103 00       		.byte	0
 293 0104 64       		.byte	100
 294 0105 7C       		.byte	124
 295 0106 09       		.byte	9
 296 0107 00       		.byte	0
 297 0108 38       		.byte	56
 298 0109 07       		.byte	7
 299 010a ED       		.byte	-19
 300 010b 00       		.byte	0
 301 010c 64       		.byte	100
 302 010d 7C       		.byte	124
 303 010e 09       		.byte	9
 304 010f 00       		.byte	0
 305 0110 7F       		.byte	127
 306 0111 99       		.byte	-103
 307 0112 51       		.byte	81
 308 0113 00       		.byte	0
 309 0114 3F       		.byte	63
 310 0115 17       		.byte	23
 311 0116 C7       		.byte	-57
 312 0117 00       		.byte	0
 313 0118 8C       		.byte	-116
 314 0119 4E       		.byte	78
 315 011a 02       		.byte	2
 316 011b 00       		.byte	0
 317 011c 18       		.byte	24
 318 011d 9D       		.byte	-99
 319 011e 04       		.byte	4
 320 011f 00       		.byte	0
 321 0120 8C       		.byte	-116
 322 0121 4E       		.byte	78
 323 0122 02       		.byte	2
 324 0123 00       		.byte	0
 325 0124 D1       		.byte	-47
 326 0125 C2       		.byte	-62
 327 0126 58       		.byte	88
 328 0127 00       		.byte	0
 329 0128 BA       		.byte	-70
 330 0129 16       		.byte	22
 331 012a C8       		.byte	-56
 332 012b 00       		.byte	0
 333 012c 78       		.byte	120
 334 012d 0A       		.byte	10
 335 012e 02       		.byte	2
 336 012f 00       		.byte	0
 337 0130 EF       		.byte	-17
 338 0131 14       		.byte	20
 339 0132 04       		.byte	4
 340 0133 00       		.byte	0
 341 0134 78       		.byte	120
 342 0135 0A       		.byte	10
ARM GAS  C:\Users\Admin\AppData\Local\Temp\ccU2w4Hc.s 			page 7


 343 0136 02       		.byte	2
 344 0137 00       		.byte	0
 345 0138 52       		.byte	82
 346 0139 92       		.byte	-110
 347 013a 5B       		.byte	91
 348 013b 00       		.byte	0
 349 013c DF       		.byte	-33
 350 013d 5C       		.byte	92
 351 013e C6       		.byte	-58
 352 013f 00       		.byte	0
 353 0140 2C       		.byte	44
 354 0141 7D       		.byte	125
 355 0142 0A       		.byte	10
 356 0143 00       		.byte	0
 357 0144 A7       		.byte	-89
 358 0145 05       		.byte	5
 359 0146 EB       		.byte	-21
 360 0147 00       		.byte	0
 361 0148 2C       		.byte	44
 362 0149 7D       		.byte	125
 363 014a 0A       		.byte	10
 364 014b 00       		.byte	0
 365 014c 22       		.byte	34
 366 014d D1       		.byte	-47
 367 014e 51       		.byte	81
 368 014f 00       		.byte	0
 369 0150 B9       		.byte	-71
 370 0151 B2       		.byte	-78
 371 0152 C4       		.byte	-60
 372 0153 00       		.byte	0
 373 0154 92       		.byte	-110
 374 0155 3E       		.byte	62
 375 0156 02       		.byte	2
 376 0157 00       		.byte	0
 377 0158 25       		.byte	37
 378 0159 7D       		.byte	125
 379 015a 04       		.byte	4
 380 015b 00       		.byte	0
 381 015c 92       		.byte	-110
 382 015d 3E       		.byte	62
 383 015e 02       		.byte	2
 384 015f 00       		.byte	0
 385 0160 27       		.byte	39
 386 0161 5E       		.byte	94
 387 0162 5E       		.byte	94
 388 0163 00       		.byte	0
 389 0164 FF       		.byte	-1
 390 0165 16       		.byte	22
 391 0166 C4       		.byte	-60
 392 0167 00       		.byte	0
 393 0168 26       		.byte	38
 394 0169 96       		.byte	-106
 395 016a 06       		.byte	6
 396 016b 00       		.byte	0
 397 016c B3       		.byte	-77
 398 016d D3       		.byte	-45
 399 016e F2       		.byte	-14
ARM GAS  C:\Users\Admin\AppData\Local\Temp\ccU2w4Hc.s 			page 8


 400 016f 00       		.byte	0
 401 0170 26       		.byte	38
 402 0171 96       		.byte	-106
 403 0172 06       		.byte	6
 404 0173 00       		.byte	0
 405 0174 2E       		.byte	46
 406 0175 10       		.byte	16
 407 0176 53       		.byte	83
 408 0177 00       		.byte	0
 409 0178 28       		.byte	40
 410 0179 AB       		.byte	-85
 411 017a C1       		.byte	-63
 412 017b 00       		.byte	0
 413 017c 51       		.byte	81
 414 017d F2       		.byte	-14
 415 017e 0E       		.byte	14
 416 017f 00       		.byte	0
 417 0180 A3       		.byte	-93
 418 0181 E4       		.byte	-28
 419 0182 1D       		.byte	29
 420 0183 00       		.byte	0
 421 0184 51       		.byte	81
 422 0185 F2       		.byte	-14
 423 0186 0E       		.byte	14
 424 0187 00       		.byte	0
 425 0188 4B       		.byte	75
 426 0189 F6       		.byte	-10
 427 018a 60       		.byte	96
 428 018b 00       		.byte	0
 429 018c 18       		.byte	24
 430 018d 6D       		.byte	109
 431 018e C1       		.byte	-63
 432 018f 00       		.byte	0
 433              		.type	COEFFS_196, %object
 434              		.size	COEFFS_196, 200
 435              	COEFFS_196:
 436 0190 09       		.byte	9
 437 0191 0B       		.byte	11
 438 0192 04       		.byte	4
 439 0193 00       		.byte	0
 440 0194 EE       		.byte	-18
 441 0195 E9       		.byte	-23
 442 0196 F7       		.byte	-9
 443 0197 00       		.byte	0
 444 0198 09       		.byte	9
 445 0199 0B       		.byte	11
 446 019a 04       		.byte	4
 447 019b 00       		.byte	0
 448 019c 54       		.byte	84
 449 019d 45       		.byte	69
 450 019e 60       		.byte	96
 451 019f 00       		.byte	0
 452 01a0 EE       		.byte	-18
 453 01a1 61       		.byte	97
 454 01a2 C9       		.byte	-55
 455 01a3 00       		.byte	0
 456 01a4 2F       		.byte	47
ARM GAS  C:\Users\Admin\AppData\Local\Temp\ccU2w4Hc.s 			page 9


 457 01a5 39       		.byte	57
 458 01a6 0D       		.byte	13
 459 01a7 00       		.byte	0
 460 01a8 A3       		.byte	-93
 461 01a9 8D       		.byte	-115
 462 01aa E5       		.byte	-27
 463 01ab 00       		.byte	0
 464 01ac 2F       		.byte	47
 465 01ad 39       		.byte	57
 466 01ae 0D       		.byte	13
 467 01af 00       		.byte	0
 468 01b0 1C       		.byte	28
 469 01b1 09       		.byte	9
 470 01b2 5F       		.byte	95
 471 01b3 00       		.byte	0
 472 01b4 08       		.byte	8
 473 01b5 C7       		.byte	-57
 474 01b6 C8       		.byte	-56
 475 01b7 00       		.byte	0
 476 01b8 C2       		.byte	-62
 477 01b9 E6       		.byte	-26
 478 01ba 0A       		.byte	10
 479 01bb 00       		.byte	0
 480 01bc 7D       		.byte	125
 481 01bd 32       		.byte	50
 482 01be EA       		.byte	-22
 483 01bf 00       		.byte	0
 484 01c0 C2       		.byte	-62
 485 01c1 E6       		.byte	-26
 486 01c2 0A       		.byte	10
 487 01c3 00       		.byte	0
 488 01c4 D5       		.byte	-43
 489 01c5 B3       		.byte	-77
 490 01c6 5E       		.byte	94
 491 01c7 00       		.byte	0
 492 01c8 5D       		.byte	93
 493 01c9 3B       		.byte	59
 494 01ca C7       		.byte	-57
 495 01cb 00       		.byte	0
 496 01cc 93       		.byte	-109
 497 01cd E2       		.byte	-30
 498 01ce 01       		.byte	1
 499 01cf 00       		.byte	0
 500 01d0 25       		.byte	37
 501 01d1 C5       		.byte	-59
 502 01d2 03       		.byte	3
 503 01d3 00       		.byte	0
 504 01d4 93       		.byte	-109
 505 01d5 E2       		.byte	-30
 506 01d6 01       		.byte	1
 507 01d7 00       		.byte	0
 508 01d8 8F       		.byte	-113
 509 01d9 36       		.byte	54
 510 01da 62       		.byte	98
 511 01db 00       		.byte	0
 512 01dc 28       		.byte	40
 513 01dd 14       		.byte	20
ARM GAS  C:\Users\Admin\AppData\Local\Temp\ccU2w4Hc.s 			page 10


 514 01de C9       		.byte	-55
 515 01df 00       		.byte	0
 516 01e0 6F       		.byte	111
 517 01e1 CB       		.byte	-53
 518 01e2 01       		.byte	1
 519 01e3 00       		.byte	0
 520 01e4 DD       		.byte	-35
 521 01e5 96       		.byte	-106
 522 01e6 03       		.byte	3
 523 01e7 00       		.byte	0
 524 01e8 6F       		.byte	111
 525 01e9 CB       		.byte	-53
 526 01ea 01       		.byte	1
 527 01eb 00       		.byte	0
 528 01ec 7F       		.byte	127
 529 01ed A3       		.byte	-93
 530 01ee 64       		.byte	100
 531 01ef 00       		.byte	0
 532 01f0 92       		.byte	-110
 533 01f1 F9       		.byte	-7
 534 01f2 C7       		.byte	-57
 535 01f3 00       		.byte	0
 536 01f4 C2       		.byte	-62
 537 01f5 8F       		.byte	-113
 538 01f6 01       		.byte	1
 539 01f7 00       		.byte	0
 540 01f8 84       		.byte	-124
 541 01f9 1F       		.byte	31
 542 01fa 03       		.byte	3
 543 01fb 00       		.byte	0
 544 01fc C2       		.byte	-62
 545 01fd 8F       		.byte	-113
 546 01fe 01       		.byte	1
 547 01ff 00       		.byte	0
 548 0200 47       		.byte	71
 549 0201 53       		.byte	83
 550 0202 67       		.byte	103
 551 0203 00       		.byte	0
 552 0204 34       		.byte	52
 553 0205 38       		.byte	56
 554 0206 C6       		.byte	-58
 555 0207 00       		.byte	0
 556 0208 5E       		.byte	94
 557 0209 BE       		.byte	-66
 558 020a 0D       		.byte	13
 559 020b 00       		.byte	0
 560 020c 43       		.byte	67
 561 020d 83       		.byte	-125
 562 020e E4       		.byte	-28
 563 020f 00       		.byte	0
 564 0210 5E       		.byte	94
 565 0211 BE       		.byte	-66
 566 0212 0D       		.byte	13
 567 0213 00       		.byte	0
 568 0214 51       		.byte	81
 569 0215 65       		.byte	101
 570 0216 5F       		.byte	95
ARM GAS  C:\Users\Admin\AppData\Local\Temp\ccU2w4Hc.s 			page 11


 571 0217 00       		.byte	0
 572 0218 C1       		.byte	-63
 573 0219 D0       		.byte	-48
 574 021a C4       		.byte	-60
 575 021b 00       		.byte	0
 576 021c 71       		.byte	113
 577 021d B6       		.byte	-74
 578 021e 01       		.byte	1
 579 021f 00       		.byte	0
 580 0220 E2       		.byte	-30
 581 0221 6C       		.byte	108
 582 0222 03       		.byte	3
 583 0223 00       		.byte	0
 584 0224 71       		.byte	113
 585 0225 B6       		.byte	-74
 586 0226 01       		.byte	1
 587 0227 00       		.byte	0
 588 0228 01       		.byte	1
 589 0229 14       		.byte	20
 590 022a 6A       		.byte	106
 591 022b 00       		.byte	0
 592 022c 98       		.byte	-104
 593 022d F8       		.byte	-8
 594 022e C3       		.byte	-61
 595 022f 00       		.byte	0
 596 0230 1F       		.byte	31
 597 0231 8C       		.byte	-116
 598 0232 08       		.byte	8
 599 0233 00       		.byte	0
 600 0234 C2       		.byte	-62
 601 0235 E7       		.byte	-25
 602 0236 EE       		.byte	-18
 603 0237 00       		.byte	0
 604 0238 1F       		.byte	31
 605 0239 8C       		.byte	-116
 606 023a 08       		.byte	8
 607 023b 00       		.byte	0
 608 023c AA       		.byte	-86
 609 023d 22       		.byte	34
 610 023e 61       		.byte	97
 611 023f 00       		.byte	0
 612 0240 25       		.byte	37
 613 0241 B7       		.byte	-73
 614 0242 C1       		.byte	-63
 615 0243 00       		.byte	0
 616 0244 DA       		.byte	-38
 617 0245 83       		.byte	-125
 618 0246 0B       		.byte	11
 619 0247 00       		.byte	0
 620 0248 B4       		.byte	-76
 621 0249 07       		.byte	7
 622 024a 17       		.byte	23
 623 024b 00       		.byte	0
 624 024c DA       		.byte	-38
 625 024d 83       		.byte	-125
 626 024e 0B       		.byte	11
 627 024f 00       		.byte	0
ARM GAS  C:\Users\Admin\AppData\Local\Temp\ccU2w4Hc.s 			page 12


 628 0250 F7       		.byte	-9
 629 0251 BA       		.byte	-70
 630 0252 6C       		.byte	108
 631 0253 00       		.byte	0
 632 0254 0E       		.byte	14
 633 0255 61       		.byte	97
 634 0256 C1       		.byte	-63
 635 0257 00       		.byte	0
 636              		.type	COEFFS_146_83, %object
 637              		.size	COEFFS_146_83, 200
 638              	COEFFS_146_83:
 639 0258 41       		.byte	65
 640 0259 7A       		.byte	122
 641 025a 05       		.byte	5
 642 025b 00       		.byte	0
 643 025c 7F       		.byte	127
 644 025d 0B       		.byte	11
 645 025e F5       		.byte	-11
 646 025f 00       		.byte	0
 647 0260 41       		.byte	65
 648 0261 7A       		.byte	122
 649 0262 05       		.byte	5
 650 0263 00       		.byte	0
 651 0264 05       		.byte	5
 652 0265 D2       		.byte	-46
 653 0266 69       		.byte	105
 654 0267 00       		.byte	0
 655 0268 41       		.byte	65
 656 0269 73       		.byte	115
 657 026a C9       		.byte	-55
 658 026b 00       		.byte	0
 659 026c 16       		.byte	22
 660 026d E5       		.byte	-27
 661 026e 11       		.byte	17
 662 026f 00       		.byte	0
 663 0270 D5       		.byte	-43
 664 0271 35       		.byte	53
 665 0272 DC       		.byte	-36
 666 0273 00       		.byte	0
 667 0274 16       		.byte	22
 668 0275 E5       		.byte	-27
 669 0276 11       		.byte	17
 670 0277 00       		.byte	0
 671 0278 F0       		.byte	-16
 672 0279 E5       		.byte	-27
 673 027a 68       		.byte	104
 674 027b 00       		.byte	0
 675 027c AC       		.byte	-84
 676 027d F3       		.byte	-13
 677 027e C8       		.byte	-56
 678 027f 00       		.byte	0
 679 0280 62       		.byte	98
 680 0281 B1       		.byte	-79
 681 0282 0E       		.byte	14
 682 0283 00       		.byte	0
 683 0284 3B       		.byte	59
 684 0285 9D       		.byte	-99
ARM GAS  C:\Users\Admin\AppData\Local\Temp\ccU2w4Hc.s 			page 13


 685 0286 E2       		.byte	-30
 686 0287 00       		.byte	0
 687 0288 62       		.byte	98
 688 0289 B1       		.byte	-79
 689 028a 0E       		.byte	14
 690 028b 00       		.byte	0
 691 028c A6       		.byte	-90
 692 028d F5       		.byte	-11
 693 028e 68       		.byte	104
 694 028f 00       		.byte	0
 695 0290 C2       		.byte	-62
 696 0291 72       		.byte	114
 697 0292 C7       		.byte	-57
 698 0293 00       		.byte	0
 699 0294 F0       		.byte	-16
 700 0295 6E       		.byte	110
 701 0296 01       		.byte	1
 702 0297 00       		.byte	0
 703 0298 E0       		.byte	-32
 704 0299 DD       		.byte	-35
 705 029a 02       		.byte	2
 706 029b 00       		.byte	0
 707 029c F0       		.byte	-16
 708 029d 6E       		.byte	110
 709 029e 01       		.byte	1
 710 029f 00       		.byte	0
 711 02a0 D1       		.byte	-47
 712 02a1 84       		.byte	-124
 713 02a2 6B       		.byte	107
 714 02a3 00       		.byte	0
 715 02a4 B6       		.byte	-74
 716 02a5 02       		.byte	2
 717 02a6 C9       		.byte	-55
 718 02a7 00       		.byte	0
 719 02a8 1E       		.byte	30
 720 02a9 54       		.byte	84
 721 02aa 01       		.byte	1
 722 02ab 00       		.byte	0
 723 02ac 3C       		.byte	60
 724 02ad A8       		.byte	-88
 725 02ae 02       		.byte	2
 726 02af 00       		.byte	0
 727 02b0 1E       		.byte	30
 728 02b1 54       		.byte	84
 729 02b2 01       		.byte	1
 730 02b3 00       		.byte	0
 731 02b4 27       		.byte	39
 732 02b5 BF       		.byte	-65
 733 02b6 6D       		.byte	109
 734 02b7 00       		.byte	0
 735 02b8 22       		.byte	34
 736 02b9 CC       		.byte	-52
 737 02ba C7       		.byte	-57
 738 02bb 00       		.byte	0
 739 02bc E0       		.byte	-32
 740 02bd 94       		.byte	-108
 741 02be 14       		.byte	20
ARM GAS  C:\Users\Admin\AppData\Local\Temp\ccU2w4Hc.s 			page 14


 742 02bf 00       		.byte	0
 743 02c0 40       		.byte	64
 744 02c1 D6       		.byte	-42
 745 02c2 D6       		.byte	-42
 746 02c3 00       		.byte	0
 747 02c4 E0       		.byte	-32
 748 02c5 94       		.byte	-108
 749 02c6 14       		.byte	20
 750 02c7 00       		.byte	0
 751 02c8 BB       		.byte	-69
 752 02c9 E4       		.byte	-28
 753 02ca 72       		.byte	114
 754 02cb 00       		.byte	0
 755 02cc 04       		.byte	4
 756 02cd CA       		.byte	-54
 757 02ce C3       		.byte	-61
 758 02cf 00       		.byte	0
 759 02d0 7E       		.byte	126
 760 02d1 E5       		.byte	-27
 761 02d2 00       		.byte	0
 762 02d3 00       		.byte	0
 763 02d4 FC       		.byte	-4
 764 02d5 CA       		.byte	-54
 765 02d6 01       		.byte	1
 766 02d7 00       		.byte	0
 767 02d8 7E       		.byte	126
 768 02d9 E5       		.byte	-27
 769 02da 00       		.byte	0
 770 02db 00       		.byte	0
 771 02dc 5C       		.byte	92
 772 02dd 44       		.byte	68
 773 02de 70       		.byte	112
 774 02df 00       		.byte	0
 775 02e0 9A       		.byte	-102
 776 02e1 FF       		.byte	-1
 777 02e2 C5       		.byte	-59
 778 02e3 00       		.byte	0
 779 02e4 93       		.byte	-109
 780 02e5 6E       		.byte	110
 781 02e6 01       		.byte	1
 782 02e7 00       		.byte	0
 783 02e8 25       		.byte	37
 784 02e9 DD       		.byte	-35
 785 02ea 02       		.byte	2
 786 02eb 00       		.byte	0
 787 02ec 93       		.byte	-109
 788 02ed 6E       		.byte	110
 789 02ee 01       		.byte	1
 790 02ef 00       		.byte	0
 791 02f0 07       		.byte	7
 792 02f1 1D       		.byte	29
 793 02f2 6A       		.byte	106
 794 02f3 00       		.byte	0
 795 02f4 8A       		.byte	-118
 796 02f5 FE       		.byte	-2
 797 02f6 C4       		.byte	-60
 798 02f7 00       		.byte	0
ARM GAS  C:\Users\Admin\AppData\Local\Temp\ccU2w4Hc.s 			page 15


 799 02f8 2B       		.byte	43
 800 02f9 DA       		.byte	-38
 801 02fa 00       		.byte	0
 802 02fb 00       		.byte	0
 803 02fc 56       		.byte	86
 804 02fd B4       		.byte	-76
 805 02fe 01       		.byte	1
 806 02ff 00       		.byte	0
 807 0300 2B       		.byte	43
 808 0301 DA       		.byte	-38
 809 0302 00       		.byte	0
 810 0303 00       		.byte	0
 811 0304 22       		.byte	34
 812 0305 56       		.byte	86
 813 0306 6C       		.byte	108
 814 0307 00       		.byte	0
 815 0308 46       		.byte	70
 816 0309 C9       		.byte	-55
 817 030a C1       		.byte	-63
 818 030b 00       		.byte	0
 819 030c 5F       		.byte	95
 820 030d C1       		.byte	-63
 821 030e 39       		.byte	57
 822 030f 00       		.byte	0
 823 0310 41       		.byte	65
 824 0311 7D       		.byte	125
 825 0312 8C       		.byte	-116
 826 0313 00       		.byte	0
 827 0314 5F       		.byte	95
 828 0315 C1       		.byte	-63
 829 0316 39       		.byte	57
 830 0317 00       		.byte	0
 831 0318 EE       		.byte	-18
 832 0319 7C       		.byte	124
 833 031a 75       		.byte	117
 834 031b 00       		.byte	0
 835 031c CE       		.byte	-50
 836 031d 4E       		.byte	78
 837 031e C1       		.byte	-63
 838 031f 00       		.byte	0
 839              		.type	COEFFS_110, %object
 840              		.size	COEFFS_110, 200
 841              	COEFFS_110:
 842 0320 B7       		.byte	-73
 843 0321 5C       		.byte	92
 844 0322 07       		.byte	7
 845 0323 00       		.byte	0
 846 0324 92       		.byte	-110
 847 0325 46       		.byte	70
 848 0326 F1       		.byte	-15
 849 0327 00       		.byte	0
 850 0328 B7       		.byte	-73
 851 0329 5C       		.byte	92
 852 032a 07       		.byte	7
 853 032b 00       		.byte	0
 854 032c 71       		.byte	113
 855 032d 49       		.byte	73
ARM GAS  C:\Users\Admin\AppData\Local\Temp\ccU2w4Hc.s 			page 16


 856 032e 6F       		.byte	111
 857 032f 00       		.byte	0
 858 0330 A3       		.byte	-93
 859 0331 8A       		.byte	-118
 860 0332 C9       		.byte	-55
 861 0333 00       		.byte	0
 862 0334 E5       		.byte	-27
 863 0335 FE       		.byte	-2
 864 0336 17       		.byte	23
 865 0337 00       		.byte	0
 866 0338 36       		.byte	54
 867 0339 02       		.byte	2
 868 033a D0       		.byte	-48
 869 033b 00       		.byte	0
 870 033c E5       		.byte	-27
 871 033d FE       		.byte	-2
 872 033e 17       		.byte	23
 873 033f 00       		.byte	0
 874 0340 AC       		.byte	-84
 875 0341 8B       		.byte	-117
 876 0342 6E       		.byte	110
 877 0343 00       		.byte	0
 878 0344 0D       		.byte	13
 879 0345 2F       		.byte	47
 880 0346 C9       		.byte	-55
 881 0347 00       		.byte	0
 882 0348 09       		.byte	9
 883 0349 A9       		.byte	-87
 884 034a 1D       		.byte	29
 885 034b 00       		.byte	0
 886 034c ED       		.byte	-19
 887 034d AD       		.byte	-83
 888 034e C4       		.byte	-60
 889 034f 00       		.byte	0
 890 0350 09       		.byte	9
 891 0351 A9       		.byte	-87
 892 0352 1D       		.byte	29
 893 0353 00       		.byte	0
 894 0354 14       		.byte	20
 895 0355 5C       		.byte	92
 896 0356 75       		.byte	117
 897 0357 00       		.byte	0
 898 0358 D6       		.byte	-42
 899 0359 B4       		.byte	-76
 900 035a C5       		.byte	-59
 901 035b 00       		.byte	0
 902 035c AC       		.byte	-84
 903 035d D9       		.byte	-39
 904 035e 00       		.byte	0
 905 035f 00       		.byte	0
 906 0360 58       		.byte	88
 907 0361 B3       		.byte	-77
 908 0362 01       		.byte	1
 909 0363 00       		.byte	0
 910 0364 AC       		.byte	-84
 911 0365 D9       		.byte	-39
 912 0366 00       		.byte	0
ARM GAS  C:\Users\Admin\AppData\Local\Temp\ccU2w4Hc.s 			page 17


 913 0367 00       		.byte	0
 914 0368 23       		.byte	35
 915 0369 DE       		.byte	-34
 916 036a 70       		.byte	112
 917 036b 00       		.byte	0
 918 036c 1A       		.byte	26
 919 036d EB       		.byte	-21
 920 036e C8       		.byte	-56
 921 036f 00       		.byte	0
 922 0370 12       		.byte	18
 923 0371 67       		.byte	103
 924 0372 16       		.byte	22
 925 0373 00       		.byte	0
 926 0374 DC       		.byte	-36
 927 0375 31       		.byte	49
 928 0376 D3       		.byte	-45
 929 0377 00       		.byte	0
 930 0378 12       		.byte	18
 931 0379 67       		.byte	103
 932 037a 16       		.byte	22
 933 037b 00       		.byte	0
 934 037c 5A       		.byte	90
 935 037d D2       		.byte	-46
 936 037e 77       		.byte	119
 937 037f 00       		.byte	0
 938 0380 9E       		.byte	-98
 939 0381 8D       		.byte	-115
 940 0382 C3       		.byte	-61
 941 0383 00       		.byte	0
 942 0384 DE       		.byte	-34
 943 0385 FF       		.byte	-1
 944 0386 00       		.byte	0
 945 0387 00       		.byte	0
 946 0388 BB       		.byte	-69
 947 0389 FF       		.byte	-1
 948 038a 01       		.byte	1
 949 038b 00       		.byte	0
 950 038c DE       		.byte	-34
 951 038d FF       		.byte	-1
 952 038e 00       		.byte	0
 953 038f 00       		.byte	0
 954 0390 20       		.byte	32
 955 0391 E1       		.byte	-31
 956 0392 6E       		.byte	110
 957 0393 00       		.byte	0
 958 0394 4A       		.byte	74
 959 0395 BB       		.byte	-69
 960 0396 C7       		.byte	-57
 961 0397 00       		.byte	0
 962 0398 91       		.byte	-111
 963 0399 A9       		.byte	-87
 964 039a 00       		.byte	0
 965 039b 00       		.byte	0
 966 039c 21       		.byte	33
 967 039d 53       		.byte	83
 968 039e 01       		.byte	1
 969 039f 00       		.byte	0
ARM GAS  C:\Users\Admin\AppData\Local\Temp\ccU2w4Hc.s 			page 18


 970 03a0 91       		.byte	-111
 971 03a1 A9       		.byte	-87
 972 03a2 00       		.byte	0
 973 03a3 00       		.byte	0
 974 03a4 1C       		.byte	28
 975 03a5 FB       		.byte	-5
 976 03a6 72       		.byte	114
 977 03a7 00       		.byte	0
 978 03a8 42       		.byte	66
 979 03a9 8F       		.byte	-113
 980 03aa C7       		.byte	-57
 981 03ab 00       		.byte	0
 982 03ac A5       		.byte	-91
 983 03ad 18       		.byte	24
 984 03ae 01       		.byte	1
 985 03af 00       		.byte	0
 986 03b0 4A       		.byte	74
 987 03b1 31       		.byte	49
 988 03b2 02       		.byte	2
 989 03b3 00       		.byte	0
 990 03b4 A5       		.byte	-91
 991 03b5 18       		.byte	24
 992 03b6 01       		.byte	1
 993 03b7 00       		.byte	0
 994 03b8 A7       		.byte	-89
 995 03b9 63       		.byte	99
 996 03ba 70       		.byte	112
 997 03bb 00       		.byte	0
 998 03bc 7F       		.byte	127
 999 03bd 39       		.byte	57
 1000 03be C5       		.byte	-59
 1001 03bf 00       		.byte	0
 1002 03c0 12       		.byte	18
 1003 03c1 B1       		.byte	-79
 1004 03c2 00       		.byte	0
 1005 03c3 00       		.byte	0
 1006 03c4 24       		.byte	36
 1007 03c5 62       		.byte	98
 1008 03c6 01       		.byte	1
 1009 03c7 00       		.byte	0
 1010 03c8 12       		.byte	18
 1011 03c9 B1       		.byte	-79
 1012 03ca 00       		.byte	0
 1013 03cb 00       		.byte	0
 1014 03cc A5       		.byte	-91
 1015 03cd 01       		.byte	1
 1016 03ce 73       		.byte	115
 1017 03cf 00       		.byte	0
 1018 03d0 88       		.byte	-120
 1019 03d1 E0       		.byte	-32
 1020 03d2 C1       		.byte	-63
 1021 03d3 00       		.byte	0
 1022 03d4 38       		.byte	56
 1023 03d5 94       		.byte	-108
 1024 03d6 23       		.byte	35
 1025 03d7 00       		.byte	0
 1026 03d8 91       		.byte	-111
ARM GAS  C:\Users\Admin\AppData\Local\Temp\ccU2w4Hc.s 			page 19


 1027 03d9 D7       		.byte	-41
 1028 03da B8       		.byte	-72
 1029 03db 00       		.byte	0
 1030 03dc 38       		.byte	56
 1031 03dd 94       		.byte	-108
 1032 03de 23       		.byte	35
 1033 03df 00       		.byte	0
 1034 03e0 32       		.byte	50
 1035 03e1 44       		.byte	68
 1036 03e2 7A       		.byte	122
 1037 03e3 00       		.byte	0
 1038 03e4 56       		.byte	86
 1039 03e5 37       		.byte	55
 1040 03e6 C1       		.byte	-63
 1041 03e7 00       		.byte	0
 1042              		.type	COEFFS_82_4, %object
 1043              		.size	COEFFS_82_4, 200
 1044              	COEFFS_82_4:
 1045 03e8 56       		.byte	86
 1046 03e9 07       		.byte	7
 1047 03ea 0B       		.byte	11
 1048 03eb 00       		.byte	0
 1049 03ec 53       		.byte	83
 1050 03ed F1       		.byte	-15
 1051 03ee E9       		.byte	-23
 1052 03ef 00       		.byte	0
 1053 03f0 56       		.byte	86
 1054 03f1 07       		.byte	7
 1055 03f2 0B       		.byte	11
 1056 03f3 00       		.byte	0
 1057 03f4 C3       		.byte	-61
 1058 03f5 58       		.byte	88
 1059 03f6 72       		.byte	114
 1060 03f7 00       		.byte	0
 1061 03f8 7F       		.byte	127
 1062 03f9 AB       		.byte	-85
 1063 03fa C9       		.byte	-55
 1064 03fb 00       		.byte	0
 1065 03fc B2       		.byte	-78
 1066 03fd E6       		.byte	-26
 1067 03fe 1F       		.byte	31
 1068 03ff 00       		.byte	0
 1069 0400 9C       		.byte	-100
 1070 0401 32       		.byte	50
 1071 0402 C0       		.byte	-64
 1072 0403 00       		.byte	0
 1073 0404 B2       		.byte	-78
 1074 0405 E6       		.byte	-26
 1075 0406 1F       		.byte	31
 1076 0407 00       		.byte	0
 1077 0408 AD       		.byte	-83
 1078 0409 A5       		.byte	-91
 1079 040a 71       		.byte	113
 1080 040b 00       		.byte	0
 1081 040c 6A       		.byte	106
 1082 040d 82       		.byte	-126
 1083 040e C9       		.byte	-55
ARM GAS  C:\Users\Admin\AppData\Local\Temp\ccU2w4Hc.s 			page 20


 1084 040f 00       		.byte	0
 1085 0410 42       		.byte	66
 1086 0411 93       		.byte	-109
 1087 0412 26       		.byte	38
 1088 0413 00       		.byte	0
 1089 0414 7C       		.byte	124
 1090 0415 D9       		.byte	-39
 1091 0416 B2       		.byte	-78
 1092 0417 00       		.byte	0
 1093 0418 42       		.byte	66
 1094 0419 93       		.byte	-109
 1095 041a 26       		.byte	38
 1096 041b 00       		.byte	0
 1097 041c D6       		.byte	-42
 1098 041d 56       		.byte	86
 1099 041e 78       		.byte	120
 1100 041f 00       		.byte	0
 1101 0420 08       		.byte	8
 1102 0421 4E       		.byte	78
 1103 0422 C5       		.byte	-59
 1104 0423 00       		.byte	0
 1105 0424 02       		.byte	2
 1106 0425 F9       		.byte	-7
 1107 0426 23       		.byte	35
 1108 0427 00       		.byte	0
 1109 0428 FC       		.byte	-4
 1110 0429 0D       		.byte	13
 1111 042a B8       		.byte	-72
 1112 042b 00       		.byte	0
 1113 042c 02       		.byte	2
 1114 042d F9       		.byte	-7
 1115 042e 23       		.byte	35
 1116 042f 00       		.byte	0
 1117 0430 66       		.byte	102
 1118 0431 9C       		.byte	-100
 1119 0432 7A       		.byte	122
 1120 0433 00       		.byte	0
 1121 0434 FC       		.byte	-4
 1122 0435 3C       		.byte	60
 1123 0436 C3       		.byte	-61
 1124 0437 00       		.byte	0
 1125 0438 76       		.byte	118
 1126 0439 8F       		.byte	-113
 1127 043a 00       		.byte	0
 1128 043b 00       		.byte	0
 1129 043c ED       		.byte	-19
 1130 043d 1E       		.byte	30
 1131 043e 01       		.byte	1
 1132 043f 00       		.byte	0
 1133 0440 76       		.byte	118
 1134 0441 8F       		.byte	-113
 1135 0442 00       		.byte	0
 1136 0443 00       		.byte	0
 1137 0444 52       		.byte	82
 1138 0445 F4       		.byte	-12
 1139 0446 73       		.byte	115
 1140 0447 00       		.byte	0
ARM GAS  C:\Users\Admin\AppData\Local\Temp\ccU2w4Hc.s 			page 21


 1141 0448 CA       		.byte	-54
 1142 0449 C9       		.byte	-55
 1143 044a C8       		.byte	-56
 1144 044b 00       		.byte	0
 1145 044c 59       		.byte	89
 1146 044d BC       		.byte	-68
 1147 044e 00       		.byte	0
 1148 044f 00       		.byte	0
 1149 0450 B3       		.byte	-77
 1150 0451 78       		.byte	120
 1151 0452 01       		.byte	1
 1152 0453 00       		.byte	0
 1153 0454 59       		.byte	89
 1154 0455 BC       		.byte	-68
 1155 0456 00       		.byte	0
 1156 0457 00       		.byte	0
 1157 0458 8D       		.byte	-115
 1158 0459 28       		.byte	40
 1159 045a 72       		.byte	114
 1160 045b 00       		.byte	0
 1161 045c D8       		.byte	-40
 1162 045d 1D       		.byte	29
 1163 045e C8       		.byte	-56
 1164 045f 00       		.byte	0
 1165 0460 D8       		.byte	-40
 1166 0461 79       		.byte	121
 1167 0462 00       		.byte	0
 1168 0463 00       		.byte	0
 1169 0464 B0       		.byte	-80
 1170 0465 F3       		.byte	-13
 1171 0466 00       		.byte	0
 1172 0467 00       		.byte	0
 1173 0468 D8       		.byte	-40
 1174 0469 79       		.byte	121
 1175 046a 00       		.byte	0
 1176 046b 00       		.byte	0
 1177 046c 3E       		.byte	62
 1178 046d 10       		.byte	16
 1179 046e 76       		.byte	118
 1180 046f 00       		.byte	0
 1181 0470 E8       		.byte	-24
 1182 0471 38       		.byte	56
 1183 0472 C7       		.byte	-57
 1184 0473 00       		.byte	0
 1185 0474 33       		.byte	51
 1186 0475 D9       		.byte	-39
 1187 0476 00       		.byte	0
 1188 0477 00       		.byte	0
 1189 0478 67       		.byte	103
 1190 0479 B2       		.byte	-78
 1191 047a 01       		.byte	1
 1192 047b 00       		.byte	0
 1193 047c 33       		.byte	51
 1194 047d D9       		.byte	-39
 1195 047e 00       		.byte	0
 1196 047f 00       		.byte	0
 1197 0480 AB       		.byte	-85
ARM GAS  C:\Users\Admin\AppData\Local\Temp\ccU2w4Hc.s 			page 22


 1198 0481 F7       		.byte	-9
 1199 0482 73       		.byte	115
 1200 0483 00       		.byte	0
 1201 0484 7E       		.byte	126
 1202 0485 87       		.byte	-121
 1203 0486 C5       		.byte	-59
 1204 0487 00       		.byte	0
 1205 0488 CA       		.byte	-54
 1206 0489 96       		.byte	-106
 1207 048a 14       		.byte	20
 1208 048b 00       		.byte	0
 1209 048c 6C       		.byte	108
 1210 048d D2       		.byte	-46
 1211 048e D6       		.byte	-42
 1212 048f 00       		.byte	0
 1213 0490 CA       		.byte	-54
 1214 0491 96       		.byte	-106
 1215 0492 14       		.byte	20
 1216 0493 00       		.byte	0
 1217 0494 F9       		.byte	-7
 1218 0495 D4       		.byte	-44
 1219 0496 7C       		.byte	124
 1220 0497 00       		.byte	0
 1221 0498 A5       		.byte	-91
 1222 0499 18       		.byte	24
 1223 049a C1       		.byte	-63
 1224 049b 00       		.byte	0
 1225 049c AC       		.byte	-84
 1226 049d C7       		.byte	-57
 1227 049e 04       		.byte	4
 1228 049f 00       		.byte	0
 1229 04a0 58       		.byte	88
 1230 04a1 8F       		.byte	-113
 1231 04a2 09       		.byte	9
 1232 04a3 00       		.byte	0
 1233 04a4 AC       		.byte	-84
 1234 04a5 C7       		.byte	-57
 1235 04a6 04       		.byte	4
 1236 04a7 00       		.byte	0
 1237 04a8 75       		.byte	117
 1238 04a9 F2       		.byte	-14
 1239 04aa 76       		.byte	118
 1240 04ab 00       		.byte	0
 1241 04ac D7       		.byte	-41
 1242 04ad FE       		.byte	-2
 1243 04ae C1       		.byte	-63
 1244 04af 00       		.byte	0
 1245              		.text
 1246              	.Letext0:
 1247              		.file 1 "e:\\cypress\\psoc creator\\4.4\\psoc creator\\import\\gnu\\arm\\5.4.1\\arm-none-eabi\\inc
 1248              		.file 2 "e:\\cypress\\psoc creator\\4.4\\psoc creator\\import\\gnu\\arm\\5.4.1\\arm-none-eabi\\inc
 1249              		.file 3 "Generated_Source\\PSoC5/cytypes.h"
 1250              		.file 4 "Generated_Source\\PSoC5/core_cm3.h"
 1251              		.file 5 "coeficientes.c"
 1252              		.section	.debug_info,"",%progbits
 1253              	.Ldebug_info0:
 1254 0000 52010000 		.4byte	0x152
ARM GAS  C:\Users\Admin\AppData\Local\Temp\ccU2w4Hc.s 			page 23


 1255 0004 0400     		.2byte	0x4
 1256 0006 00000000 		.4byte	.Ldebug_abbrev0
 1257 000a 04       		.byte	0x4
 1258 000b 01       		.uleb128 0x1
 1259 000c 44000000 		.4byte	.LASF24
 1260 0010 0C       		.byte	0xc
 1261 0011 A4010000 		.4byte	.LASF25
 1262 0015 1B010000 		.4byte	.LASF26
 1263 0019 00000000 		.4byte	.Ldebug_line0
 1264 001d 02       		.uleb128 0x2
 1265 001e 01       		.byte	0x1
 1266 001f 06       		.byte	0x6
 1267 0020 E5010000 		.4byte	.LASF0
 1268 0024 02       		.uleb128 0x2
 1269 0025 01       		.byte	0x1
 1270 0026 08       		.byte	0x8
 1271 0027 08010000 		.4byte	.LASF1
 1272 002b 02       		.uleb128 0x2
 1273 002c 02       		.byte	0x2
 1274 002d 05       		.byte	0x5
 1275 002e 1B020000 		.4byte	.LASF2
 1276 0032 02       		.uleb128 0x2
 1277 0033 02       		.byte	0x2
 1278 0034 07       		.byte	0x7
 1279 0035 0E000000 		.4byte	.LASF3
 1280 0039 03       		.uleb128 0x3
 1281 003a FD010000 		.4byte	.LASF9
 1282 003e 01       		.byte	0x1
 1283 003f 3F       		.byte	0x3f
 1284 0040 44000000 		.4byte	0x44
 1285 0044 02       		.uleb128 0x2
 1286 0045 04       		.byte	0x4
 1287 0046 05       		.byte	0x5
 1288 0047 9B010000 		.4byte	.LASF4
 1289 004b 02       		.uleb128 0x2
 1290 004c 04       		.byte	0x4
 1291 004d 07       		.byte	0x7
 1292 004e B3010000 		.4byte	.LASF5
 1293 0052 02       		.uleb128 0x2
 1294 0053 08       		.byte	0x8
 1295 0054 05       		.byte	0x5
 1296 0055 00000000 		.4byte	.LASF6
 1297 0059 02       		.uleb128 0x2
 1298 005a 08       		.byte	0x8
 1299 005b 07       		.byte	0x7
 1300 005c E6000000 		.4byte	.LASF7
 1301 0060 04       		.uleb128 0x4
 1302 0061 04       		.byte	0x4
 1303 0062 05       		.byte	0x5
 1304 0063 696E7400 		.ascii	"int\000"
 1305 0067 02       		.uleb128 0x2
 1306 0068 04       		.byte	0x4
 1307 0069 07       		.byte	0x7
 1308 006a 21000000 		.4byte	.LASF8
 1309 006e 03       		.uleb128 0x3
 1310 006f 25020000 		.4byte	.LASF10
 1311 0073 02       		.byte	0x2
ARM GAS  C:\Users\Admin\AppData\Local\Temp\ccU2w4Hc.s 			page 24


 1312 0074 2C       		.byte	0x2c
 1313 0075 39000000 		.4byte	0x39
 1314 0079 05       		.uleb128 0x5
 1315 007a D2000000 		.4byte	.LASF11
 1316 007e 03       		.byte	0x3
 1317 007f E901     		.2byte	0x1e9
 1318 0081 24000000 		.4byte	0x24
 1319 0085 02       		.uleb128 0x2
 1320 0086 04       		.byte	0x4
 1321 0087 04       		.byte	0x4
 1322 0088 07020000 		.4byte	.LASF12
 1323 008c 02       		.uleb128 0x2
 1324 008d 08       		.byte	0x8
 1325 008e 04       		.byte	0x4
 1326 008f C5010000 		.4byte	.LASF13
 1327 0093 02       		.uleb128 0x2
 1328 0094 01       		.byte	0x1
 1329 0095 08       		.byte	0x8
 1330 0096 16010000 		.4byte	.LASF14
 1331 009a 02       		.uleb128 0x2
 1332 009b 08       		.byte	0x8
 1333 009c 04       		.byte	0x4
 1334 009d F1010000 		.4byte	.LASF15
 1335 00a1 02       		.uleb128 0x2
 1336 00a2 04       		.byte	0x4
 1337 00a3 07       		.byte	0x7
 1338 00a4 2D020000 		.4byte	.LASF16
 1339 00a8 06       		.uleb128 0x6
 1340 00a9 D8010000 		.4byte	.LASF17
 1341 00ad 04       		.byte	0x4
 1342 00ae 1207     		.2byte	0x712
 1343 00b0 B4000000 		.4byte	0xb4
 1344 00b4 07       		.uleb128 0x7
 1345 00b5 6E000000 		.4byte	0x6e
 1346 00b9 08       		.uleb128 0x8
 1347 00ba C9000000 		.4byte	0xc9
 1348 00be C9000000 		.4byte	0xc9
 1349 00c2 09       		.uleb128 0x9
 1350 00c3 A1000000 		.4byte	0xa1
 1351 00c7 C7       		.byte	0xc7
 1352 00c8 00       		.byte	0
 1353 00c9 0A       		.uleb128 0xa
 1354 00ca 79000000 		.4byte	0x79
 1355 00ce 0B       		.uleb128 0xb
 1356 00cf CC010000 		.4byte	.LASF18
 1357 00d3 05       		.byte	0x5
 1358 00d4 03       		.byte	0x3
 1359 00d5 DF000000 		.4byte	0xdf
 1360 00d9 05       		.uleb128 0x5
 1361 00da 03       		.byte	0x3
 1362 00db 00000000 		.4byte	COEFFS_82_4
 1363 00df 0A       		.uleb128 0xa
 1364 00e0 B9000000 		.4byte	0xb9
 1365 00e4 0B       		.uleb128 0xb
 1366 00e5 FD000000 		.4byte	.LASF19
 1367 00e9 05       		.byte	0x5
 1368 00ea 72       		.byte	0x72
ARM GAS  C:\Users\Admin\AppData\Local\Temp\ccU2w4Hc.s 			page 25


 1369 00eb F5000000 		.4byte	0xf5
 1370 00ef 05       		.uleb128 0x5
 1371 00f0 03       		.byte	0x3
 1372 00f1 00000000 		.4byte	COEFFS_110
 1373 00f5 0A       		.uleb128 0xa
 1374 00f6 B9000000 		.4byte	0xb9
 1375 00fa 0B       		.uleb128 0xb
 1376 00fb D8000000 		.4byte	.LASF20
 1377 00ff 05       		.byte	0x5
 1378 0100 E1       		.byte	0xe1
 1379 0101 0B010000 		.4byte	0x10b
 1380 0105 05       		.uleb128 0x5
 1381 0106 03       		.byte	0x3
 1382 0107 00000000 		.4byte	COEFFS_146_83
 1383 010b 0A       		.uleb128 0xa
 1384 010c B9000000 		.4byte	0xb9
 1385 0110 0C       		.uleb128 0xc
 1386 0111 39000000 		.4byte	.LASF21
 1387 0115 05       		.byte	0x5
 1388 0116 5001     		.2byte	0x150
 1389 0118 22010000 		.4byte	0x122
 1390 011c 05       		.uleb128 0x5
 1391 011d 03       		.byte	0x3
 1392 011e 00000000 		.4byte	COEFFS_196
 1393 0122 0A       		.uleb128 0xa
 1394 0123 B9000000 		.4byte	0xb9
 1395 0127 0C       		.uleb128 0xc
 1396 0128 0D020000 		.4byte	.LASF22
 1397 012c 05       		.byte	0x5
 1398 012d BF01     		.2byte	0x1bf
 1399 012f 39010000 		.4byte	0x139
 1400 0133 05       		.uleb128 0x5
 1401 0134 03       		.byte	0x3
 1402 0135 00000000 		.4byte	COEFFS_246_94
 1403 0139 0A       		.uleb128 0xa
 1404 013a B9000000 		.4byte	0xb9
 1405 013e 0C       		.uleb128 0xc
 1406 013f 2E000000 		.4byte	.LASF23
 1407 0143 05       		.byte	0x5
 1408 0144 2E02     		.2byte	0x22e
 1409 0146 50010000 		.4byte	0x150
 1410 014a 05       		.uleb128 0x5
 1411 014b 03       		.byte	0x3
 1412 014c 00000000 		.4byte	COEFFS_330
 1413 0150 0A       		.uleb128 0xa
 1414 0151 B9000000 		.4byte	0xb9
 1415 0155 00       		.byte	0
 1416              		.section	.debug_abbrev,"",%progbits
 1417              	.Ldebug_abbrev0:
 1418 0000 01       		.uleb128 0x1
 1419 0001 11       		.uleb128 0x11
 1420 0002 01       		.byte	0x1
 1421 0003 25       		.uleb128 0x25
 1422 0004 0E       		.uleb128 0xe
 1423 0005 13       		.uleb128 0x13
 1424 0006 0B       		.uleb128 0xb
 1425 0007 03       		.uleb128 0x3
ARM GAS  C:\Users\Admin\AppData\Local\Temp\ccU2w4Hc.s 			page 26


 1426 0008 0E       		.uleb128 0xe
 1427 0009 1B       		.uleb128 0x1b
 1428 000a 0E       		.uleb128 0xe
 1429 000b 10       		.uleb128 0x10
 1430 000c 17       		.uleb128 0x17
 1431 000d 00       		.byte	0
 1432 000e 00       		.byte	0
 1433 000f 02       		.uleb128 0x2
 1434 0010 24       		.uleb128 0x24
 1435 0011 00       		.byte	0
 1436 0012 0B       		.uleb128 0xb
 1437 0013 0B       		.uleb128 0xb
 1438 0014 3E       		.uleb128 0x3e
 1439 0015 0B       		.uleb128 0xb
 1440 0016 03       		.uleb128 0x3
 1441 0017 0E       		.uleb128 0xe
 1442 0018 00       		.byte	0
 1443 0019 00       		.byte	0
 1444 001a 03       		.uleb128 0x3
 1445 001b 16       		.uleb128 0x16
 1446 001c 00       		.byte	0
 1447 001d 03       		.uleb128 0x3
 1448 001e 0E       		.uleb128 0xe
 1449 001f 3A       		.uleb128 0x3a
 1450 0020 0B       		.uleb128 0xb
 1451 0021 3B       		.uleb128 0x3b
 1452 0022 0B       		.uleb128 0xb
 1453 0023 49       		.uleb128 0x49
 1454 0024 13       		.uleb128 0x13
 1455 0025 00       		.byte	0
 1456 0026 00       		.byte	0
 1457 0027 04       		.uleb128 0x4
 1458 0028 24       		.uleb128 0x24
 1459 0029 00       		.byte	0
 1460 002a 0B       		.uleb128 0xb
 1461 002b 0B       		.uleb128 0xb
 1462 002c 3E       		.uleb128 0x3e
 1463 002d 0B       		.uleb128 0xb
 1464 002e 03       		.uleb128 0x3
 1465 002f 08       		.uleb128 0x8
 1466 0030 00       		.byte	0
 1467 0031 00       		.byte	0
 1468 0032 05       		.uleb128 0x5
 1469 0033 16       		.uleb128 0x16
 1470 0034 00       		.byte	0
 1471 0035 03       		.uleb128 0x3
 1472 0036 0E       		.uleb128 0xe
 1473 0037 3A       		.uleb128 0x3a
 1474 0038 0B       		.uleb128 0xb
 1475 0039 3B       		.uleb128 0x3b
 1476 003a 05       		.uleb128 0x5
 1477 003b 49       		.uleb128 0x49
 1478 003c 13       		.uleb128 0x13
 1479 003d 00       		.byte	0
 1480 003e 00       		.byte	0
 1481 003f 06       		.uleb128 0x6
 1482 0040 34       		.uleb128 0x34
ARM GAS  C:\Users\Admin\AppData\Local\Temp\ccU2w4Hc.s 			page 27


 1483 0041 00       		.byte	0
 1484 0042 03       		.uleb128 0x3
 1485 0043 0E       		.uleb128 0xe
 1486 0044 3A       		.uleb128 0x3a
 1487 0045 0B       		.uleb128 0xb
 1488 0046 3B       		.uleb128 0x3b
 1489 0047 05       		.uleb128 0x5
 1490 0048 49       		.uleb128 0x49
 1491 0049 13       		.uleb128 0x13
 1492 004a 3F       		.uleb128 0x3f
 1493 004b 19       		.uleb128 0x19
 1494 004c 3C       		.uleb128 0x3c
 1495 004d 19       		.uleb128 0x19
 1496 004e 00       		.byte	0
 1497 004f 00       		.byte	0
 1498 0050 07       		.uleb128 0x7
 1499 0051 35       		.uleb128 0x35
 1500 0052 00       		.byte	0
 1501 0053 49       		.uleb128 0x49
 1502 0054 13       		.uleb128 0x13
 1503 0055 00       		.byte	0
 1504 0056 00       		.byte	0
 1505 0057 08       		.uleb128 0x8
 1506 0058 01       		.uleb128 0x1
 1507 0059 01       		.byte	0x1
 1508 005a 49       		.uleb128 0x49
 1509 005b 13       		.uleb128 0x13
 1510 005c 01       		.uleb128 0x1
 1511 005d 13       		.uleb128 0x13
 1512 005e 00       		.byte	0
 1513 005f 00       		.byte	0
 1514 0060 09       		.uleb128 0x9
 1515 0061 21       		.uleb128 0x21
 1516 0062 00       		.byte	0
 1517 0063 49       		.uleb128 0x49
 1518 0064 13       		.uleb128 0x13
 1519 0065 2F       		.uleb128 0x2f
 1520 0066 0B       		.uleb128 0xb
 1521 0067 00       		.byte	0
 1522 0068 00       		.byte	0
 1523 0069 0A       		.uleb128 0xa
 1524 006a 26       		.uleb128 0x26
 1525 006b 00       		.byte	0
 1526 006c 49       		.uleb128 0x49
 1527 006d 13       		.uleb128 0x13
 1528 006e 00       		.byte	0
 1529 006f 00       		.byte	0
 1530 0070 0B       		.uleb128 0xb
 1531 0071 34       		.uleb128 0x34
 1532 0072 00       		.byte	0
 1533 0073 03       		.uleb128 0x3
 1534 0074 0E       		.uleb128 0xe
 1535 0075 3A       		.uleb128 0x3a
 1536 0076 0B       		.uleb128 0xb
 1537 0077 3B       		.uleb128 0x3b
 1538 0078 0B       		.uleb128 0xb
 1539 0079 49       		.uleb128 0x49
ARM GAS  C:\Users\Admin\AppData\Local\Temp\ccU2w4Hc.s 			page 28


 1540 007a 13       		.uleb128 0x13
 1541 007b 3F       		.uleb128 0x3f
 1542 007c 19       		.uleb128 0x19
 1543 007d 02       		.uleb128 0x2
 1544 007e 18       		.uleb128 0x18
 1545 007f 00       		.byte	0
 1546 0080 00       		.byte	0
 1547 0081 0C       		.uleb128 0xc
 1548 0082 34       		.uleb128 0x34
 1549 0083 00       		.byte	0
 1550 0084 03       		.uleb128 0x3
 1551 0085 0E       		.uleb128 0xe
 1552 0086 3A       		.uleb128 0x3a
 1553 0087 0B       		.uleb128 0xb
 1554 0088 3B       		.uleb128 0x3b
 1555 0089 05       		.uleb128 0x5
 1556 008a 49       		.uleb128 0x49
 1557 008b 13       		.uleb128 0x13
 1558 008c 3F       		.uleb128 0x3f
 1559 008d 19       		.uleb128 0x19
 1560 008e 02       		.uleb128 0x2
 1561 008f 18       		.uleb128 0x18
 1562 0090 00       		.byte	0
 1563 0091 00       		.byte	0
 1564 0092 00       		.byte	0
 1565              		.section	.debug_aranges,"",%progbits
 1566 0000 14000000 		.4byte	0x14
 1567 0004 0200     		.2byte	0x2
 1568 0006 00000000 		.4byte	.Ldebug_info0
 1569 000a 04       		.byte	0x4
 1570 000b 00       		.byte	0
 1571 000c 0000     		.2byte	0
 1572 000e 0000     		.2byte	0
 1573 0010 00000000 		.4byte	0
 1574 0014 00000000 		.4byte	0
 1575              		.section	.debug_line,"",%progbits
 1576              	.Ldebug_line0:
 1577 0000 32010000 		.section	.debug_str,"MS",%progbits,1
 1577      02002C01 
 1577      00000201 
 1577      FB0E0D00 
 1577      01010101 
 1578              	.LASF6:
 1579 0000 6C6F6E67 		.ascii	"long long int\000"
 1579      206C6F6E 
 1579      6720696E 
 1579      7400
 1580              	.LASF3:
 1581 000e 73686F72 		.ascii	"short unsigned int\000"
 1581      7420756E 
 1581      7369676E 
 1581      65642069 
 1581      6E7400
 1582              	.LASF8:
 1583 0021 756E7369 		.ascii	"unsigned int\000"
 1583      676E6564 
 1583      20696E74 
ARM GAS  C:\Users\Admin\AppData\Local\Temp\ccU2w4Hc.s 			page 29


 1583      00
 1584              	.LASF23:
 1585 002e 434F4546 		.ascii	"COEFFS_330\000"
 1585      46535F33 
 1585      333000
 1586              	.LASF21:
 1587 0039 434F4546 		.ascii	"COEFFS_196\000"
 1587      46535F31 
 1587      393600
 1588              	.LASF24:
 1589 0044 474E5520 		.ascii	"GNU C11 5.4.1 20160609 (release) [ARM/embedded-5-br"
 1589      43313120 
 1589      352E342E 
 1589      31203230 
 1589      31363036 
 1590 0077 616E6368 		.ascii	"anch revision 237715] -mcpu=cortex-m3 -mthumb -g -O"
 1590      20726576 
 1590      6973696F 
 1590      6E203233 
 1590      37373135 
 1591 00aa 67202D66 		.ascii	"g -ffunction-sections -ffat-lto-objects\000"
 1591      66756E63 
 1591      74696F6E 
 1591      2D736563 
 1591      74696F6E 
 1592              	.LASF11:
 1593 00d2 75696E74 		.ascii	"uint8\000"
 1593      3800
 1594              	.LASF20:
 1595 00d8 434F4546 		.ascii	"COEFFS_146_83\000"
 1595      46535F31 
 1595      34365F38 
 1595      3300
 1596              	.LASF7:
 1597 00e6 6C6F6E67 		.ascii	"long long unsigned int\000"
 1597      206C6F6E 
 1597      6720756E 
 1597      7369676E 
 1597      65642069 
 1598              	.LASF19:
 1599 00fd 434F4546 		.ascii	"COEFFS_110\000"
 1599      46535F31 
 1599      313000
 1600              	.LASF1:
 1601 0108 756E7369 		.ascii	"unsigned char\000"
 1601      676E6564 
 1601      20636861 
 1601      7200
 1602              	.LASF14:
 1603 0116 63686172 		.ascii	"char\000"
 1603      00
 1604              	.LASF26:
 1605 011b 443A5C44 		.ascii	"D:\\Documentos\\GitHub\\Afinador-Guitarra-PsoC-5LP\\"
 1605      6F63756D 
 1605      656E746F 
 1605      735C4769 
 1605      74487562 
ARM GAS  C:\Users\Admin\AppData\Local\Temp\ccU2w4Hc.s 			page 30


 1606 014b 50726F79 		.ascii	"ProyectoPDS\\ProyectoPDS solo matlab\\lab5-fiuna-fi"
 1606      6563746F 
 1606      5044535C 
 1606      50726F79 
 1606      6563746F 
 1607 017c 6C74726F 		.ascii	"ltros_sencillos\\Design01.cydsn\000"
 1607      735F7365 
 1607      6E63696C 
 1607      6C6F735C 
 1607      44657369 
 1608              	.LASF4:
 1609 019b 6C6F6E67 		.ascii	"long int\000"
 1609      20696E74 
 1609      00
 1610              	.LASF25:
 1611 01a4 636F6566 		.ascii	"coeficientes.c\000"
 1611      69636965 
 1611      6E746573 
 1611      2E6300
 1612              	.LASF5:
 1613 01b3 6C6F6E67 		.ascii	"long unsigned int\000"
 1613      20756E73 
 1613      69676E65 
 1613      6420696E 
 1613      7400
 1614              	.LASF13:
 1615 01c5 646F7562 		.ascii	"double\000"
 1615      6C6500
 1616              	.LASF18:
 1617 01cc 434F4546 		.ascii	"COEFFS_82_4\000"
 1617      46535F38 
 1617      325F3400 
 1618              	.LASF17:
 1619 01d8 49544D5F 		.ascii	"ITM_RxBuffer\000"
 1619      52784275 
 1619      66666572 
 1619      00
 1620              	.LASF0:
 1621 01e5 7369676E 		.ascii	"signed char\000"
 1621      65642063 
 1621      68617200 
 1622              	.LASF15:
 1623 01f1 6C6F6E67 		.ascii	"long double\000"
 1623      20646F75 
 1623      626C6500 
 1624              	.LASF9:
 1625 01fd 5F5F696E 		.ascii	"__int32_t\000"
 1625      7433325F 
 1625      7400
 1626              	.LASF12:
 1627 0207 666C6F61 		.ascii	"float\000"
 1627      7400
 1628              	.LASF22:
 1629 020d 434F4546 		.ascii	"COEFFS_246_94\000"
 1629      46535F32 
 1629      34365F39 
 1629      3400
ARM GAS  C:\Users\Admin\AppData\Local\Temp\ccU2w4Hc.s 			page 31


 1630              	.LASF2:
 1631 021b 73686F72 		.ascii	"short int\000"
 1631      7420696E 
 1631      7400
 1632              	.LASF10:
 1633 0225 696E7433 		.ascii	"int32_t\000"
 1633      325F7400 
 1634              	.LASF16:
 1635 022d 73697A65 		.ascii	"sizetype\000"
 1635      74797065 
 1635      00
 1636              		.ident	"GCC: (GNU Tools for ARM Embedded Processors) 5.4.1 20160609 (release) [ARM/embedded-5-bran
