ARM GAS  C:\Users\user\AppData\Local\Temp\ccy6VrQE.s 			page 1


   1              		.syntax unified
   2              		.cpu cortex-m3
   3              		.fpu softvfp
   4              		.eabi_attribute 20, 1
   5              		.eabi_attribute 21, 1
   6              		.eabi_attribute 23, 3
   7              		.eabi_attribute 24, 1
   8              		.eabi_attribute 25, 1
   9              		.eabi_attribute 26, 1
  10              		.eabi_attribute 30, 1
  11              		.eabi_attribute 34, 1
  12              		.eabi_attribute 18, 4
  13              		.thumb
  14              		.syntax unified
  15              		.file	"Filter_1_Coefficients.c"
  16              		.text
  17              	.Ltext0:
  18              		.cfi_sections	.debug_frame
  19              		.global	Filter_1_ChannelABiquadCoefficients
  20              		.section	.rodata
  21              		.align	2
  22              		.type	Filter_1_ChannelABiquadCoefficients, %object
  23              		.size	Filter_1_ChannelABiquadCoefficients, 200
  24              	Filter_1_ChannelABiquadCoefficients:
  25 0000 63       		.byte	99
  26 0001 28       		.byte	40
  27 0002 04       		.byte	4
  28 0003 00       		.byte	0
  29 0004 3B       		.byte	59
  30 0005 AF       		.byte	-81
  31 0006 F7       		.byte	-9
  32 0007 00       		.byte	0
  33 0008 63       		.byte	99
  34 0009 28       		.byte	40
  35 000a 04       		.byte	4
  36 000b 00       		.byte	0
  37 000c C2       		.byte	-62
  38 000d 49       		.byte	73
  39 000e 78       		.byte	120
  40 000f 00       		.byte	0
  41 0010 33       		.byte	51
  42 0011 C8       		.byte	-56
  43 0012 C3       		.byte	-61
  44 0013 00       		.byte	0
  45 0014 B5       		.byte	-75
  46 0015 CF       		.byte	-49
  47 0016 0D       		.byte	13
  48 0017 00       		.byte	0
  49 0018 97       		.byte	-105
  50 0019 60       		.byte	96
  51 001a E4       		.byte	-28
  52 001b 00       		.byte	0
  53 001c B5       		.byte	-75
  54 001d CF       		.byte	-49
  55 001e 0D       		.byte	13
  56 001f 00       		.byte	0
  57 0020 65       		.byte	101
ARM GAS  C:\Users\user\AppData\Local\Temp\ccy6VrQE.s 			page 2


  58 0021 09       		.byte	9
  59 0022 79       		.byte	121
  60 0023 00       		.byte	0
  61 0024 B0       		.byte	-80
  62 0025 4C       		.byte	76
  63 0026 C3       		.byte	-61
  64 0027 00       		.byte	0
  65 0028 1D       		.byte	29
  66 0029 C8       		.byte	-56
  67 002a 0B       		.byte	11
  68 002b 00       		.byte	0
  69 002c C6       		.byte	-58
  70 002d 6F       		.byte	111
  71 002e E8       		.byte	-24
  72 002f 00       		.byte	0
  73 0030 1D       		.byte	29
  74 0031 C8       		.byte	-56
  75 0032 0B       		.byte	11
  76 0033 00       		.byte	0
  77 0034 5B       		.byte	91
  78 0035 FB       		.byte	-5
  79 0036 79       		.byte	121
  80 0037 00       		.byte	0
  81 0038 FA       		.byte	-6
  82 0039 8C       		.byte	-116
  83 003a C2       		.byte	-62
  84 003b 00       		.byte	0
  85 003c E0       		.byte	-32
  86 003d 45       		.byte	69
  87 003e 00       		.byte	0
  88 003f 00       		.byte	0
  89 0040 C0       		.byte	-64
  90 0041 8B       		.byte	-117
  91 0042 00       		.byte	0
  92 0043 00       		.byte	0
  93 0044 E0       		.byte	-32
  94 0045 45       		.byte	69
  95 0046 00       		.byte	0
  96 0047 00       		.byte	0
  97 0048 57       		.byte	87
  98 0049 D8       		.byte	-40
  99 004a 77       		.byte	119
 100 004b 00       		.byte	0
 101 004c B0       		.byte	-80
 102 004d EC       		.byte	-20
 103 004e C3       		.byte	-61
 104 004f 00       		.byte	0
 105 0050 0E       		.byte	14
 106 0051 4B       		.byte	75
 107 0052 00       		.byte	0
 108 0053 00       		.byte	0
 109 0054 1B       		.byte	27
 110 0055 96       		.byte	-106
 111 0056 00       		.byte	0
 112 0057 00       		.byte	0
 113 0058 0E       		.byte	14
 114 0059 4B       		.byte	75
ARM GAS  C:\Users\user\AppData\Local\Temp\ccy6VrQE.s 			page 3


 115 005a 00       		.byte	0
 116 005b 00       		.byte	0
 117 005c EF       		.byte	-17
 118 005d C3       		.byte	-61
 119 005e 77       		.byte	119
 120 005f 00       		.byte	0
 121 0060 E7       		.byte	-25
 122 0061 AB       		.byte	-85
 123 0062 C3       		.byte	-61
 124 0063 00       		.byte	0
 125 0064 1B       		.byte	27
 126 0065 74       		.byte	116
 127 0066 0A       		.byte	10
 128 0067 00       		.byte	0
 129 0068 CA       		.byte	-54
 130 0069 17       		.byte	23
 131 006a EB       		.byte	-21
 132 006b 00       		.byte	0
 133 006c 1B       		.byte	27
 134 006d 74       		.byte	116
 135 006e 0A       		.byte	10
 136 006f 00       		.byte	0
 137 0070 58       		.byte	88
 138 0071 0C       		.byte	12
 139 0072 7B       		.byte	123
 140 0073 00       		.byte	0
 141 0074 3D       		.byte	61
 142 0075 9C       		.byte	-100
 143 0076 C1       		.byte	-63
 144 0077 00       		.byte	0
 145 0078 98       		.byte	-104
 146 0079 57       		.byte	87
 147 007a 00       		.byte	0
 148 007b 00       		.byte	0
 149 007c 30       		.byte	48
 150 007d AF       		.byte	-81
 151 007e 00       		.byte	0
 152 007f 00       		.byte	0
 153 0080 98       		.byte	-104
 154 0081 57       		.byte	87
 155 0082 00       		.byte	0
 156 0083 00       		.byte	0
 157 0084 22       		.byte	34
 158 0085 1D       		.byte	29
 159 0086 78       		.byte	120
 160 0087 00       		.byte	0
 161 0088 C7       		.byte	-57
 162 0089 02       		.byte	2
 163 008a C3       		.byte	-61
 164 008b 00       		.byte	0
 165 008c FF       		.byte	-1
 166 008d 51       		.byte	81
 167 008e 00       		.byte	0
 168 008f 00       		.byte	0
 169 0090 FD       		.byte	-3
 170 0091 A3       		.byte	-93
 171 0092 00       		.byte	0
ARM GAS  C:\Users\user\AppData\Local\Temp\ccy6VrQE.s 			page 4


 172 0093 00       		.byte	0
 173 0094 FF       		.byte	-1
 174 0095 51       		.byte	81
 175 0096 00       		.byte	0
 176 0097 00       		.byte	0
 177 0098 23       		.byte	35
 178 0099 E0       		.byte	-32
 179 009a 78       		.byte	120
 180 009b 00       		.byte	0
 181 009c C4       		.byte	-60
 182 009d FC       		.byte	-4
 183 009e C1       		.byte	-63
 184 009f 00       		.byte	0
 185 00a0 71       		.byte	113
 186 00a1 68       		.byte	104
 187 00a2 08       		.byte	8
 188 00a3 00       		.byte	0
 189 00a4 1D       		.byte	29
 190 00a5 2F       		.byte	47
 191 00a6 EF       		.byte	-17
 192 00a7 00       		.byte	0
 193 00a8 71       		.byte	113
 194 00a9 68       		.byte	104
 195 00aa 08       		.byte	8
 196 00ab 00       		.byte	0
 197 00ac B4       		.byte	-76
 198 00ad 27       		.byte	39
 199 00ae 7C       		.byte	124
 200 00af 00       		.byte	0
 201 00b0 5E       		.byte	94
 202 00b1 8D       		.byte	-115
 203 00b2 C0       		.byte	-64
 204 00b3 00       		.byte	0
 205 00b4 83       		.byte	-125
 206 00b5 E6       		.byte	-26
 207 00b6 01       		.byte	1
 208 00b7 00       		.byte	0
 209 00b8 06       		.byte	6
 210 00b9 CD       		.byte	-51
 211 00ba 03       		.byte	3
 212 00bb 00       		.byte	0
 213 00bc 83       		.byte	-125
 214 00bd E6       		.byte	-26
 215 00be 01       		.byte	1
 216 00bf 00       		.byte	0
 217 00c0 C2       		.byte	-62
 218 00c1 FD       		.byte	-3
 219 00c2 79       		.byte	121
 220 00c3 00       		.byte	0
 221 00c4 EA       		.byte	-22
 222 00c5 B2       		.byte	-78
 223 00c6 C0       		.byte	-64
 224 00c7 00       		.byte	0
 225              		.text
 226              	.Letext0:
 227              		.file 1 "Generated_Source\\PSoC5\\cytypes.h"
 228              		.file 2 "Generated_Source\\PSoC5\\Filter_1_Coefficients.c"
ARM GAS  C:\Users\user\AppData\Local\Temp\ccy6VrQE.s 			page 5


 229              		.section	.debug_info,"",%progbits
 230              	.Ldebug_info0:
 231 0000 BA000000 		.4byte	0xba
 232 0004 0400     		.2byte	0x4
 233 0006 00000000 		.4byte	.Ldebug_abbrev0
 234 000a 04       		.byte	0x4
 235 000b 01       		.uleb128 0x1
 236 000c 3F000000 		.4byte	.LASF14
 237 0010 0C       		.byte	0xc
 238 0011 FC000000 		.4byte	.LASF15
 239 0015 73010000 		.4byte	.LASF16
 240 0019 00000000 		.4byte	.Ldebug_line0
 241 001d 02       		.uleb128 0x2
 242 001e 04       		.byte	0x4
 243 001f 05       		.byte	0x5
 244 0020 696E7400 		.ascii	"int\000"
 245 0024 03       		.uleb128 0x3
 246 0025 04       		.byte	0x4
 247 0026 07       		.byte	0x7
 248 0027 0E000000 		.4byte	.LASF0
 249 002b 03       		.uleb128 0x3
 250 002c 08       		.byte	0x8
 251 002d 05       		.byte	0x5
 252 002e 00000000 		.4byte	.LASF1
 253 0032 03       		.uleb128 0x3
 254 0033 08       		.byte	0x8
 255 0034 04       		.byte	0x4
 256 0035 1C020000 		.4byte	.LASF2
 257 0039 03       		.uleb128 0x3
 258 003a 01       		.byte	0x1
 259 003b 06       		.byte	0x6
 260 003c 67010000 		.4byte	.LASF3
 261 0040 03       		.uleb128 0x3
 262 0041 01       		.byte	0x1
 263 0042 08       		.byte	0x8
 264 0043 31010000 		.4byte	.LASF4
 265 0047 03       		.uleb128 0x3
 266 0048 02       		.byte	0x2
 267 0049 05       		.byte	0x5
 268 004a 28020000 		.4byte	.LASF5
 269 004e 03       		.uleb128 0x3
 270 004f 02       		.byte	0x2
 271 0050 07       		.byte	0x7
 272 0051 54010000 		.4byte	.LASF6
 273 0055 03       		.uleb128 0x3
 274 0056 04       		.byte	0x4
 275 0057 05       		.byte	0x5
 276 0058 44010000 		.4byte	.LASF7
 277 005c 03       		.uleb128 0x3
 278 005d 04       		.byte	0x4
 279 005e 07       		.byte	0x7
 280 005f D3000000 		.4byte	.LASF8
 281 0063 03       		.uleb128 0x3
 282 0064 08       		.byte	0x8
 283 0065 07       		.byte	0x7
 284 0066 E5000000 		.4byte	.LASF9
 285 006a 03       		.uleb128 0x3
ARM GAS  C:\Users\user\AppData\Local\Temp\ccy6VrQE.s 			page 6


 286 006b 04       		.byte	0x4
 287 006c 07       		.byte	0x7
 288 006d 32020000 		.4byte	.LASF10
 289 0071 03       		.uleb128 0x3
 290 0072 01       		.byte	0x1
 291 0073 08       		.byte	0x8
 292 0074 3F010000 		.4byte	.LASF11
 293 0078 04       		.uleb128 0x4
 294 0079 CD000000 		.4byte	.LASF17
 295 007d 01       		.byte	0x1
 296 007e E901     		.2byte	0x1e9
 297 0080 40000000 		.4byte	0x40
 298 0084 03       		.uleb128 0x3
 299 0085 04       		.byte	0x4
 300 0086 04       		.byte	0x4
 301 0087 2B010000 		.4byte	.LASF12
 302 008b 03       		.uleb128 0x3
 303 008c 08       		.byte	0x8
 304 008d 04       		.byte	0x4
 305 008e 4D010000 		.4byte	.LASF13
 306 0092 05       		.uleb128 0x5
 307 0093 A2000000 		.4byte	0xa2
 308 0097 A2000000 		.4byte	0xa2
 309 009b 06       		.uleb128 0x6
 310 009c 6A000000 		.4byte	0x6a
 311 00a0 C7       		.byte	0xc7
 312 00a1 00       		.byte	0
 313 00a2 07       		.uleb128 0x7
 314 00a3 78000000 		.4byte	0x78
 315 00a7 08       		.uleb128 0x8
 316 00a8 1B000000 		.4byte	.LASF18
 317 00ac 02       		.byte	0x2
 318 00ad 11       		.byte	0x11
 319 00ae B8000000 		.4byte	0xb8
 320 00b2 05       		.uleb128 0x5
 321 00b3 03       		.byte	0x3
 322 00b4 00000000 		.4byte	Filter_1_ChannelABiquadCoefficients
 323 00b8 07       		.uleb128 0x7
 324 00b9 92000000 		.4byte	0x92
 325 00bd 00       		.byte	0
 326              		.section	.debug_abbrev,"",%progbits
 327              	.Ldebug_abbrev0:
 328 0000 01       		.uleb128 0x1
 329 0001 11       		.uleb128 0x11
 330 0002 01       		.byte	0x1
 331 0003 25       		.uleb128 0x25
 332 0004 0E       		.uleb128 0xe
 333 0005 13       		.uleb128 0x13
 334 0006 0B       		.uleb128 0xb
 335 0007 03       		.uleb128 0x3
 336 0008 0E       		.uleb128 0xe
 337 0009 1B       		.uleb128 0x1b
 338 000a 0E       		.uleb128 0xe
 339 000b 10       		.uleb128 0x10
 340 000c 17       		.uleb128 0x17
 341 000d 00       		.byte	0
 342 000e 00       		.byte	0
ARM GAS  C:\Users\user\AppData\Local\Temp\ccy6VrQE.s 			page 7


 343 000f 02       		.uleb128 0x2
 344 0010 24       		.uleb128 0x24
 345 0011 00       		.byte	0
 346 0012 0B       		.uleb128 0xb
 347 0013 0B       		.uleb128 0xb
 348 0014 3E       		.uleb128 0x3e
 349 0015 0B       		.uleb128 0xb
 350 0016 03       		.uleb128 0x3
 351 0017 08       		.uleb128 0x8
 352 0018 00       		.byte	0
 353 0019 00       		.byte	0
 354 001a 03       		.uleb128 0x3
 355 001b 24       		.uleb128 0x24
 356 001c 00       		.byte	0
 357 001d 0B       		.uleb128 0xb
 358 001e 0B       		.uleb128 0xb
 359 001f 3E       		.uleb128 0x3e
 360 0020 0B       		.uleb128 0xb
 361 0021 03       		.uleb128 0x3
 362 0022 0E       		.uleb128 0xe
 363 0023 00       		.byte	0
 364 0024 00       		.byte	0
 365 0025 04       		.uleb128 0x4
 366 0026 16       		.uleb128 0x16
 367 0027 00       		.byte	0
 368 0028 03       		.uleb128 0x3
 369 0029 0E       		.uleb128 0xe
 370 002a 3A       		.uleb128 0x3a
 371 002b 0B       		.uleb128 0xb
 372 002c 3B       		.uleb128 0x3b
 373 002d 05       		.uleb128 0x5
 374 002e 49       		.uleb128 0x49
 375 002f 13       		.uleb128 0x13
 376 0030 00       		.byte	0
 377 0031 00       		.byte	0
 378 0032 05       		.uleb128 0x5
 379 0033 01       		.uleb128 0x1
 380 0034 01       		.byte	0x1
 381 0035 49       		.uleb128 0x49
 382 0036 13       		.uleb128 0x13
 383 0037 01       		.uleb128 0x1
 384 0038 13       		.uleb128 0x13
 385 0039 00       		.byte	0
 386 003a 00       		.byte	0
 387 003b 06       		.uleb128 0x6
 388 003c 21       		.uleb128 0x21
 389 003d 00       		.byte	0
 390 003e 49       		.uleb128 0x49
 391 003f 13       		.uleb128 0x13
 392 0040 2F       		.uleb128 0x2f
 393 0041 0B       		.uleb128 0xb
 394 0042 00       		.byte	0
 395 0043 00       		.byte	0
 396 0044 07       		.uleb128 0x7
 397 0045 26       		.uleb128 0x26
 398 0046 00       		.byte	0
 399 0047 49       		.uleb128 0x49
ARM GAS  C:\Users\user\AppData\Local\Temp\ccy6VrQE.s 			page 8


 400 0048 13       		.uleb128 0x13
 401 0049 00       		.byte	0
 402 004a 00       		.byte	0
 403 004b 08       		.uleb128 0x8
 404 004c 34       		.uleb128 0x34
 405 004d 00       		.byte	0
 406 004e 03       		.uleb128 0x3
 407 004f 0E       		.uleb128 0xe
 408 0050 3A       		.uleb128 0x3a
 409 0051 0B       		.uleb128 0xb
 410 0052 3B       		.uleb128 0x3b
 411 0053 0B       		.uleb128 0xb
 412 0054 49       		.uleb128 0x49
 413 0055 13       		.uleb128 0x13
 414 0056 3F       		.uleb128 0x3f
 415 0057 19       		.uleb128 0x19
 416 0058 02       		.uleb128 0x2
 417 0059 18       		.uleb128 0x18
 418 005a 00       		.byte	0
 419 005b 00       		.byte	0
 420 005c 00       		.byte	0
 421              		.section	.debug_aranges,"",%progbits
 422 0000 14000000 		.4byte	0x14
 423 0004 0200     		.2byte	0x2
 424 0006 00000000 		.4byte	.Ldebug_info0
 425 000a 04       		.byte	0x4
 426 000b 00       		.byte	0
 427 000c 0000     		.2byte	0
 428 000e 0000     		.2byte	0
 429 0010 00000000 		.4byte	0
 430 0014 00000000 		.4byte	0
 431              		.section	.debug_line,"",%progbits
 432              	.Ldebug_line0:
 433 0000 58000000 		.section	.debug_str,"MS",%progbits,1
 433      02005200 
 433      00000201 
 433      FB0E0D00 
 433      01010101 
 434              	.LASF1:
 435 0000 6C6F6E67 		.ascii	"long long int\000"
 435      206C6F6E 
 435      6720696E 
 435      7400
 436              	.LASF0:
 437 000e 756E7369 		.ascii	"unsigned int\000"
 437      676E6564 
 437      20696E74 
 437      00
 438              	.LASF18:
 439 001b 46696C74 		.ascii	"Filter_1_ChannelABiquadCoefficients\000"
 439      65725F31 
 439      5F436861 
 439      6E6E656C 
 439      41426971 
 440              	.LASF14:
 441 003f 474E5520 		.ascii	"GNU C11 5.4.1 20160609 (release) [ARM/embedded-5-br"
 441      43313120 
ARM GAS  C:\Users\user\AppData\Local\Temp\ccy6VrQE.s 			page 9


 441      352E342E 
 441      31203230 
 441      31363036 
 442 0072 616E6368 		.ascii	"anch revision 237715] -mcpu=cortex-m3 -mthumb -g -O"
 442      20726576 
 442      6973696F 
 442      6E203233 
 442      37373135 
 443 00a5 67202D66 		.ascii	"g -ffunction-sections -ffat-lto-objects\000"
 443      66756E63 
 443      74696F6E 
 443      2D736563 
 443      74696F6E 
 444              	.LASF17:
 445 00cd 75696E74 		.ascii	"uint8\000"
 445      3800
 446              	.LASF8:
 447 00d3 6C6F6E67 		.ascii	"long unsigned int\000"
 447      20756E73 
 447      69676E65 
 447      6420696E 
 447      7400
 448              	.LASF9:
 449 00e5 6C6F6E67 		.ascii	"long long unsigned int\000"
 449      206C6F6E 
 449      6720756E 
 449      7369676E 
 449      65642069 
 450              	.LASF15:
 451 00fc 47656E65 		.ascii	"Generated_Source\\PSoC5\\Filter_1_Coefficients.c\000"
 451      72617465 
 451      645F536F 
 451      75726365 
 451      5C50536F 
 452              	.LASF12:
 453 012b 666C6F61 		.ascii	"float\000"
 453      7400
 454              	.LASF4:
 455 0131 756E7369 		.ascii	"unsigned char\000"
 455      676E6564 
 455      20636861 
 455      7200
 456              	.LASF11:
 457 013f 63686172 		.ascii	"char\000"
 457      00
 458              	.LASF7:
 459 0144 6C6F6E67 		.ascii	"long int\000"
 459      20696E74 
 459      00
 460              	.LASF13:
 461 014d 646F7562 		.ascii	"double\000"
 461      6C6500
 462              	.LASF6:
 463 0154 73686F72 		.ascii	"short unsigned int\000"
 463      7420756E 
 463      7369676E 
 463      65642069 
ARM GAS  C:\Users\user\AppData\Local\Temp\ccy6VrQE.s 			page 10


 463      6E7400
 464              	.LASF3:
 465 0167 7369676E 		.ascii	"signed char\000"
 465      65642063 
 465      68617200 
 466              	.LASF16:
 467 0173 433A5C55 		.ascii	"C:\\Users\\user\\Desktop\\ProyectoPDS_V11\\Proyecto"
 467      73657273 
 467      5C757365 
 467      725C4465 
 467      736B746F 
 468 01a1 5044535F 		.ascii	"PDS_V11\\ProyectoPDS solo matlab-20251102T203416Z-1"
 468      5631315C 
 468      50726F79 
 468      6563746F 
 468      50445320 
 469 01d3 2D303031 		.ascii	"-001\\ProyectoPDS solo matlab\\lab5-fiuna-filtros_s"
 469      5C50726F 
 469      79656374 
 469      6F504453 
 469      20736F6C 
 470 0204 656E6369 		.ascii	"encillos\\Design01.cydsn\000"
 470      6C6C6F73 
 470      5C446573 
 470      69676E30 
 470      312E6379 
 471              	.LASF2:
 472 021c 6C6F6E67 		.ascii	"long double\000"
 472      20646F75 
 472      626C6500 
 473              	.LASF5:
 474 0228 73686F72 		.ascii	"short int\000"
 474      7420696E 
 474      7400
 475              	.LASF10:
 476 0232 73697A65 		.ascii	"sizetype\000"
 476      74797065 
 476      00
 477              		.ident	"GCC: (GNU Tools for ARM Embedded Processors) 5.4.1 20160609 (release) [ARM/embedded-5-bran
