ARM GAS  C:\Users\Admin\AppData\Local\Temp\cco7RlDa.s 			page 1


   1              		.syntax unified
   2              		.cpu cortex-m3
   3              		.fpu softvfp
   4              		.eabi_attribute 20, 1
   5              		.eabi_attribute 21, 1
   6              		.eabi_attribute 23, 3
   7              		.eabi_attribute 24, 1
   8              		.eabi_attribute 25, 1
   9              		.eabi_attribute 26, 1
  10              		.eabi_attribute 30, 1
  11              		.eabi_attribute 34, 1
  12              		.eabi_attribute 18, 4
  13              		.thumb
  14              		.syntax unified
  15              		.file	"gestion_hardware.c"
  16              		.text
  17              	.Ltext0:
  18              		.cfi_sections	.debug_frame
  19              		.section	.text.DMA_Done_ISR,"ax",%progbits
  20              		.align	2
  21              		.global	DMA_Done_ISR
  22              		.thumb
  23              		.thumb_func
  24              		.type	DMA_Done_ISR, %function
  25              	DMA_Done_ISR:
  26              	.LFB63:
  27              		.file 1 "gestion_hardware.c"
   1:gestion_hardware.c **** #include "gestion_hardware.h"
   2:gestion_hardware.c **** 
   3:gestion_hardware.c **** // --- Buffers Reales ---
   4:gestion_hardware.c **** uint32_t y_entrada_q32[N];
   5:gestion_hardware.c **** uint8_t  y_salida_pulsos_hw[N];
   6:gestion_hardware.c **** volatile uint8 dma_transfer_complete = 0;
   7:gestion_hardware.c **** 
   8:gestion_hardware.c **** // --- Variables Privadas (Handles DMA) ---
   9:gestion_hardware.c **** static uint8 DMA_In_Chan, DMA_Out_Chan, DMA_a_Comp_Chan;
  10:gestion_hardware.c **** static uint8 DMA_In_TD[2], DMA_Out_TD[1], DMA_a_Comp_TD[1];
  11:gestion_hardware.c **** 
  12:gestion_hardware.c **** // Prototipo ISR
  13:gestion_hardware.c **** CY_ISR_PROTO(DMA_Done_ISR);
  14:gestion_hardware.c **** 
  15:gestion_hardware.c **** // Implementación ISR
  16:gestion_hardware.c **** CY_ISR(DMA_Done_ISR) {
  28              		.loc 1 16 0
  29              		.cfi_startproc
  30              		@ args = 0, pretend = 0, frame = 0
  31              		@ frame_needed = 0, uses_anonymous_args = 0
  32 0000 10B5     		push	{r4, lr}
  33              		.cfi_def_cfa_offset 8
  34              		.cfi_offset 4, -8
  35              		.cfi_offset 14, -4
  17:gestion_hardware.c ****     CyDmaChDisable(DMA_In_Chan);
  36              		.loc 1 17 0
  37 0002 074C     		ldr	r4, .L3
  38 0004 2078     		ldrb	r0, [r4]	@ zero_extendqisi2
  39 0006 FFF7FEFF 		bl	CyDmaChDisable
  40              	.LVL0:
ARM GAS  C:\Users\Admin\AppData\Local\Temp\cco7RlDa.s 			page 2


  18:gestion_hardware.c ****     CyDmaChDisable(DMA_Out_Chan);
  41              		.loc 1 18 0
  42 000a 6078     		ldrb	r0, [r4, #1]	@ zero_extendqisi2
  43 000c FFF7FEFF 		bl	CyDmaChDisable
  44              	.LVL1:
  19:gestion_hardware.c ****     CyDmaChDisable(DMA_a_Comp_Chan);
  45              		.loc 1 19 0
  46 0010 A078     		ldrb	r0, [r4, #2]	@ zero_extendqisi2
  47 0012 FFF7FEFF 		bl	CyDmaChDisable
  48              	.LVL2:
  20:gestion_hardware.c ****     dma_transfer_complete = 1;
  49              		.loc 1 20 0
  50 0016 0123     		movs	r3, #1
  51 0018 E370     		strb	r3, [r4, #3]
  21:gestion_hardware.c ****     isr_dma_done_ClearPending();
  52              		.loc 1 21 0
  53 001a FFF7FEFF 		bl	isr_dma_done_ClearPending
  54              	.LVL3:
  55 001e 10BD     		pop	{r4, pc}
  56              	.L4:
  57              		.align	2
  58              	.L3:
  59 0020 00000000 		.word	.LANCHOR0
  60              		.cfi_endproc
  61              	.LFE63:
  62              		.size	DMA_Done_ISR, .-DMA_Done_ISR
  63              		.section	.text.Hardware_Iniciar,"ax",%progbits
  64              		.align	2
  65              		.global	Hardware_Iniciar
  66              		.thumb
  67              		.thumb_func
  68              		.type	Hardware_Iniciar, %function
  69              	Hardware_Iniciar:
  70              	.LFB64:
  22:gestion_hardware.c **** }
  23:gestion_hardware.c **** 
  24:gestion_hardware.c **** void Hardware_Iniciar(void) {
  71              		.loc 1 24 0
  72              		.cfi_startproc
  73              		@ args = 0, pretend = 0, frame = 0
  74              		@ frame_needed = 0, uses_anonymous_args = 0
  75 0000 10B5     		push	{r4, lr}
  76              		.cfi_def_cfa_offset 8
  77              		.cfi_offset 4, -8
  78              		.cfi_offset 14, -4
  25:gestion_hardware.c ****     // 1. Iniciar Componentes
  26:gestion_hardware.c ****     Filter_1_Start();
  79              		.loc 1 26 0
  80 0002 FFF7FEFF 		bl	Filter_1_Start
  81              	.LVL4:
  27:gestion_hardware.c ****     
  28:gestion_hardware.c ****     // 2. Inicializar Canales DMA
  29:gestion_hardware.c ****     DMA_In_Chan = DMA_In_DmaInitialize(4, 1, HI16(CYDEV_SRAM_BASE), HI16(CYDEV_PERIPH_BASE));
  82              		.loc 1 29 0
  83 0006 4FF48043 		mov	r3, #16384
  84 000a 41F6FF72 		movw	r2, #8191
  85 000e 0121     		movs	r1, #1
ARM GAS  C:\Users\Admin\AppData\Local\Temp\cco7RlDa.s 			page 3


  86 0010 0420     		movs	r0, #4
  87 0012 FFF7FEFF 		bl	DMA_In_DmaInitialize
  88              	.LVL5:
  89 0016 114C     		ldr	r4, .L7
  90 0018 2070     		strb	r0, [r4]
  30:gestion_hardware.c ****     DMA_Out_Chan = DMA_Out_DmaInitialize(1, 1, HI16(CYDEV_PERIPH_BASE), HI16(CYDEV_SRAM_BASE));
  91              		.loc 1 30 0
  92 001a 41F6FF73 		movw	r3, #8191
  93 001e 4FF48042 		mov	r2, #16384
  94 0022 0121     		movs	r1, #1
  95 0024 0846     		mov	r0, r1
  96 0026 FFF7FEFF 		bl	DMA_Out_DmaInitialize
  97              	.LVL6:
  98 002a 6070     		strb	r0, [r4, #1]
  31:gestion_hardware.c ****     DMA_a_Comp_Chan = DMA_a_Comp_DmaInitialize(1, 1, HI16(CYDEV_PERIPH_BASE), HI16(CYDEV_PERIPH_BAS
  99              		.loc 1 31 0
 100 002c 4FF48043 		mov	r3, #16384
 101 0030 1A46     		mov	r2, r3
 102 0032 0121     		movs	r1, #1
 103 0034 0846     		mov	r0, r1
 104 0036 FFF7FEFF 		bl	DMA_a_Comp_DmaInitialize
 105              	.LVL7:
 106 003a A070     		strb	r0, [r4, #2]
  32:gestion_hardware.c **** 
  33:gestion_hardware.c ****     // 3. Reservar TDs
  34:gestion_hardware.c ****     DMA_In_TD[0] = CyDmaTdAllocate();
 107              		.loc 1 34 0
 108 003c FFF7FEFF 		bl	CyDmaTdAllocate
 109              	.LVL8:
 110 0040 2071     		strb	r0, [r4, #4]
  35:gestion_hardware.c ****     DMA_In_TD[1] = CyDmaTdAllocate(); 
 111              		.loc 1 35 0
 112 0042 FFF7FEFF 		bl	CyDmaTdAllocate
 113              	.LVL9:
 114 0046 6071     		strb	r0, [r4, #5]
  36:gestion_hardware.c ****     DMA_Out_TD[0] = CyDmaTdAllocate();
 115              		.loc 1 36 0
 116 0048 FFF7FEFF 		bl	CyDmaTdAllocate
 117              	.LVL10:
 118 004c 2072     		strb	r0, [r4, #8]
  37:gestion_hardware.c ****     DMA_a_Comp_TD[0] = CyDmaTdAllocate();
 119              		.loc 1 37 0
 120 004e FFF7FEFF 		bl	CyDmaTdAllocate
 121              	.LVL11:
 122 0052 2073     		strb	r0, [r4, #12]
  38:gestion_hardware.c ****     
  39:gestion_hardware.c ****     // 4. Configurar ISR
  40:gestion_hardware.c ****     isr_dma_done_StartEx(DMA_Done_ISR);
 123              		.loc 1 40 0
 124 0054 0248     		ldr	r0, .L7+4
 125 0056 FFF7FEFF 		bl	isr_dma_done_StartEx
 126              	.LVL12:
 127 005a 10BD     		pop	{r4, pc}
 128              	.L8:
 129              		.align	2
 130              	.L7:
 131 005c 00000000 		.word	.LANCHOR0
ARM GAS  C:\Users\Admin\AppData\Local\Temp\cco7RlDa.s 			page 4


 132 0060 00000000 		.word	DMA_Done_ISR
 133              		.cfi_endproc
 134              	.LFE64:
 135              		.size	Hardware_Iniciar, .-Hardware_Iniciar
 136              		.section	.text.Hardware_Configurar_Disparar_DMA,"ax",%progbits
 137              		.align	2
 138              		.global	Hardware_Configurar_Disparar_DMA
 139              		.thumb
 140              		.thumb_func
 141              		.type	Hardware_Configurar_Disparar_DMA, %function
 142              	Hardware_Configurar_Disparar_DMA:
 143              	.LFB65:
  41:gestion_hardware.c **** }
  42:gestion_hardware.c **** 
  43:gestion_hardware.c **** void Hardware_Configurar_Disparar_DMA(void) {
 144              		.loc 1 43 0
 145              		.cfi_startproc
 146              		@ args = 0, pretend = 0, frame = 0
 147              		@ frame_needed = 0, uses_anonymous_args = 0
 148 0000 38B5     		push	{r3, r4, r5, lr}
 149              		.cfi_def_cfa_offset 16
 150              		.cfi_offset 3, -16
 151              		.cfi_offset 4, -12
 152              		.cfi_offset 5, -8
 153              		.cfi_offset 14, -4
  44:gestion_hardware.c ****     dma_transfer_complete = 0;
 154              		.loc 1 44 0
 155 0002 2C4C     		ldr	r4, .L11
 156 0004 0023     		movs	r3, #0
 157 0006 E370     		strb	r3, [r4, #3]
  45:gestion_hardware.c **** 
  46:gestion_hardware.c ****     // 1. DMA al Comparador/Control
  47:gestion_hardware.c ****     CyDmaTdSetConfiguration(DMA_a_Comp_TD[0], N, DMA_a_Comp_TD[0], 0u);
 158              		.loc 1 47 0
 159 0008 207B     		ldrb	r0, [r4, #12]	@ zero_extendqisi2
 160 000a 0246     		mov	r2, r0
 161 000c 4FF48061 		mov	r1, #1024
 162 0010 FFF7FEFF 		bl	CyDmaTdSetConfiguration
 163              	.LVL13:
  48:gestion_hardware.c ****     CyDmaTdSetAddress(DMA_a_Comp_TD[0], LO16((uint32)Filter_1_HOLDAH_PTR), LO16((uint32)CtrlReg_Fil
 164              		.loc 1 48 0
 165 0014 46F27B42 		movw	r2, #25723
 166 0018 4CF2AA71 		movw	r1, #51114
 167 001c 207B     		ldrb	r0, [r4, #12]	@ zero_extendqisi2
 168 001e FFF7FEFF 		bl	CyDmaTdSetAddress
 169              	.LVL14:
  49:gestion_hardware.c ****     CyDmaChSetInitialTd(DMA_a_Comp_Chan, DMA_a_Comp_TD[0]);
 170              		.loc 1 49 0
 171 0022 217B     		ldrb	r1, [r4, #12]	@ zero_extendqisi2
 172 0024 A078     		ldrb	r0, [r4, #2]	@ zero_extendqisi2
 173 0026 FFF7FEFF 		bl	CyDmaChSetInitialTd
 174              	.LVL15:
  50:gestion_hardware.c ****     CyDmaChEnable(DMA_a_Comp_Chan, 1);
 175              		.loc 1 50 0
 176 002a 0121     		movs	r1, #1
 177 002c A078     		ldrb	r0, [r4, #2]	@ zero_extendqisi2
 178 002e FFF7FEFF 		bl	CyDmaChEnable
ARM GAS  C:\Users\Admin\AppData\Local\Temp\cco7RlDa.s 			page 5


 179              	.LVL16:
  51:gestion_hardware.c **** 
  52:gestion_hardware.c ****     // 2. DMA Entrada (RAM -> Filtro) - Usando el buffer global y_entrada_q32
  53:gestion_hardware.c ****     CyDmaTdSetConfiguration(DMA_In_TD[0], (N * 4) / 2, DMA_In_TD[1], CY_DMA_TD_INC_SRC_ADR);
 180              		.loc 1 53 0
 181 0032 0123     		movs	r3, #1
 182 0034 6279     		ldrb	r2, [r4, #5]	@ zero_extendqisi2
 183 0036 4FF40061 		mov	r1, #2048
 184 003a 2079     		ldrb	r0, [r4, #4]	@ zero_extendqisi2
 185 003c FFF7FEFF 		bl	CyDmaTdSetConfiguration
 186              	.LVL17:
  54:gestion_hardware.c ****     CyDmaTdSetAddress(DMA_In_TD[0], LO16((uint32)y_entrada_q32), LO16((uint32)Filter_1_STAGEA_PTR))
 187              		.loc 1 54 0
 188 0040 1D4D     		ldr	r5, .L11+4
 189 0042 4CF2A072 		movw	r2, #51104
 190 0046 A9B2     		uxth	r1, r5
 191 0048 2079     		ldrb	r0, [r4, #4]	@ zero_extendqisi2
 192 004a FFF7FEFF 		bl	CyDmaTdSetAddress
 193              	.LVL18:
  55:gestion_hardware.c ****     
  56:gestion_hardware.c ****     CyDmaTdSetConfiguration(DMA_In_TD[1], (N * 4) / 2, CY_DMA_DISABLE_TD, CY_DMA_TD_INC_SRC_ADR);
 194              		.loc 1 56 0
 195 004e 0123     		movs	r3, #1
 196 0050 FE22     		movs	r2, #254
 197 0052 4FF40061 		mov	r1, #2048
 198 0056 6079     		ldrb	r0, [r4, #5]	@ zero_extendqisi2
 199 0058 FFF7FEFF 		bl	CyDmaTdSetConfiguration
 200              	.LVL19:
  57:gestion_hardware.c ****     CyDmaTdSetAddress(DMA_In_TD[1], LO16((uint32)&y_entrada_q32[N/2]), LO16((uint32)Filter_1_STAGEA
 201              		.loc 1 57 0
 202 005c 05F50061 		add	r1, r5, #2048
 203 0060 4CF2A072 		movw	r2, #51104
 204 0064 89B2     		uxth	r1, r1
 205 0066 6079     		ldrb	r0, [r4, #5]	@ zero_extendqisi2
 206 0068 FFF7FEFF 		bl	CyDmaTdSetAddress
 207              	.LVL20:
  58:gestion_hardware.c **** 
  59:gestion_hardware.c ****     // 3. DMA Salida (Filtro -> RAM) - Usando el buffer global y_salida_pulsos_hw
  60:gestion_hardware.c ****     CyDmaTdSetConfiguration(DMA_Out_TD[0], N, DMA_Out_TD[0], CY_DMA_TD_INC_DST_ADR | DMA_Out__TD_TE
 208              		.loc 1 60 0
 209 006c 207A     		ldrb	r0, [r4, #8]	@ zero_extendqisi2
 210 006e 0623     		movs	r3, #6
 211 0070 0246     		mov	r2, r0
 212 0072 4FF48061 		mov	r1, #1024
 213 0076 FFF7FEFF 		bl	CyDmaTdSetConfiguration
 214              	.LVL21:
  61:gestion_hardware.c ****     CyDmaTdSetAddress(DMA_Out_TD[0], LO16((uint32)Status_Reg_1_Status_PTR), LO16((uint32)y_salida_p
 215              		.loc 1 61 0
 216 007a 104A     		ldr	r2, .L11+8
 217 007c 92B2     		uxth	r2, r2
 218 007e 46F26B41 		movw	r1, #25707
 219 0082 207A     		ldrb	r0, [r4, #8]	@ zero_extendqisi2
 220 0084 FFF7FEFF 		bl	CyDmaTdSetAddress
 221              	.LVL22:
  62:gestion_hardware.c **** 
  63:gestion_hardware.c ****     // Activar y Disparar
  64:gestion_hardware.c ****     CyDmaChSetInitialTd(DMA_Out_Chan, DMA_Out_TD[0]);
ARM GAS  C:\Users\Admin\AppData\Local\Temp\cco7RlDa.s 			page 6


 222              		.loc 1 64 0
 223 0088 217A     		ldrb	r1, [r4, #8]	@ zero_extendqisi2
 224 008a 6078     		ldrb	r0, [r4, #1]	@ zero_extendqisi2
 225 008c FFF7FEFF 		bl	CyDmaChSetInitialTd
 226              	.LVL23:
  65:gestion_hardware.c ****     CyDmaChSetInitialTd(DMA_In_Chan, DMA_In_TD[0]);
 227              		.loc 1 65 0
 228 0090 2179     		ldrb	r1, [r4, #4]	@ zero_extendqisi2
 229 0092 2078     		ldrb	r0, [r4]	@ zero_extendqisi2
 230 0094 FFF7FEFF 		bl	CyDmaChSetInitialTd
 231              	.LVL24:
  66:gestion_hardware.c ****     CyDmaChEnable(DMA_Out_Chan, 1);
 232              		.loc 1 66 0
 233 0098 0121     		movs	r1, #1
 234 009a 6078     		ldrb	r0, [r4, #1]	@ zero_extendqisi2
 235 009c FFF7FEFF 		bl	CyDmaChEnable
 236              	.LVL25:
  67:gestion_hardware.c ****     CyDmaChEnable(DMA_In_Chan, 1);
 237              		.loc 1 67 0
 238 00a0 0121     		movs	r1, #1
 239 00a2 2078     		ldrb	r0, [r4]	@ zero_extendqisi2
 240 00a4 FFF7FEFF 		bl	CyDmaChEnable
 241              	.LVL26:
  68:gestion_hardware.c ****     CyDmaChSetRequest(DMA_In_Chan, 1);
 242              		.loc 1 68 0
 243 00a8 0121     		movs	r1, #1
 244 00aa 2078     		ldrb	r0, [r4]	@ zero_extendqisi2
 245 00ac FFF7FEFF 		bl	CyDmaChSetRequest
 246              	.LVL27:
 247 00b0 38BD     		pop	{r3, r4, r5, pc}
 248              	.L12:
 249 00b2 00BF     		.align	2
 250              	.L11:
 251 00b4 00000000 		.word	.LANCHOR0
 252 00b8 00000000 		.word	y_entrada_q32
 253 00bc 00000000 		.word	y_salida_pulsos_hw
 254              		.cfi_endproc
 255              	.LFE65:
 256              		.size	Hardware_Configurar_Disparar_DMA, .-Hardware_Configurar_Disparar_DMA
 257              		.section	.text.Hardware_Cargar_Coeficientes,"ax",%progbits
 258              		.align	2
 259              		.global	Hardware_Cargar_Coeficientes
 260              		.thumb
 261              		.thumb_func
 262              		.type	Hardware_Cargar_Coeficientes, %function
 263              	Hardware_Cargar_Coeficientes:
 264              	.LFB66:
  69:gestion_hardware.c **** }
  70:gestion_hardware.c **** 
  71:gestion_hardware.c **** void Hardware_Cargar_Coeficientes(const uint8* new_coeffs, uint16 num_bytes) {
 265              		.loc 1 71 0
 266              		.cfi_startproc
 267              		@ args = 0, pretend = 0, frame = 0
 268              		@ frame_needed = 0, uses_anonymous_args = 0
 269              	.LVL28:
 270 0000 10B5     		push	{r4, lr}
 271              		.cfi_def_cfa_offset 8
ARM GAS  C:\Users\Admin\AppData\Local\Temp\cco7RlDa.s 			page 7


 272              		.cfi_offset 4, -8
 273              		.cfi_offset 14, -4
  72:gestion_hardware.c ****     Filter_1_RAM_DIR_REG = Filter_1_RAM_DIR_BUS;
 274              		.loc 1 72 0
 275 0002 054C     		ldr	r4, .L15
 276 0004 3F23     		movs	r3, #63
 277 0006 2370     		strb	r3, [r4]
 278              	.LVL29:
  73:gestion_hardware.c ****     void* dest_ptr = (void*) Filter_1_DB_RAM; // O DA_RAM
  74:gestion_hardware.c ****     const void* src_ptr = (const void*) new_coeffs;
  75:gestion_hardware.c ****     cymemcpy(dest_ptr, src_ptr, num_bytes);
 279              		.loc 1 75 0
 280 0008 0A46     		mov	r2, r1
 281 000a 0146     		mov	r1, r0
 282              	.LVL30:
 283 000c 0348     		ldr	r0, .L15+4
 284              	.LVL31:
 285 000e FFF7FEFF 		bl	memcpy
 286              	.LVL32:
  76:gestion_hardware.c ****     Filter_1_RAM_DIR_REG = Filter_1_RAM_DIR_DFB;
 287              		.loc 1 76 0
 288 0012 0023     		movs	r3, #0
 289 0014 2370     		strb	r3, [r4]
 290 0016 10BD     		pop	{r4, pc}
 291              	.L16:
 292              		.align	2
 293              	.L15:
 294 0018 8CC70040 		.word	1073792908
 295 001c 00C20040 		.word	1073791488
 296              		.cfi_endproc
 297              	.LFE66:
 298              		.size	Hardware_Cargar_Coeficientes, .-Hardware_Cargar_Coeficientes
 299              		.section	.text.Hardware_Reiniciar_Proceso,"ax",%progbits
 300              		.align	2
 301              		.global	Hardware_Reiniciar_Proceso
 302              		.thumb
 303              		.thumb_func
 304              		.type	Hardware_Reiniciar_Proceso, %function
 305              	Hardware_Reiniciar_Proceso:
 306              	.LFB67:
  77:gestion_hardware.c **** }
  78:gestion_hardware.c **** 
  79:gestion_hardware.c **** 
  80:gestion_hardware.c **** 
  81:gestion_hardware.c **** void Hardware_Reiniciar_Proceso(void) {
 307              		.loc 1 81 0
 308              		.cfi_startproc
 309              		@ args = 0, pretend = 0, frame = 0
 310              		@ frame_needed = 0, uses_anonymous_args = 0
 311 0000 10B5     		push	{r4, lr}
 312              		.cfi_def_cfa_offset 8
 313              		.cfi_offset 4, -8
 314              		.cfi_offset 14, -4
  82:gestion_hardware.c ****     dma_transfer_complete = 0;
 315              		.loc 1 82 0
 316 0002 0024     		movs	r4, #0
 317 0004 074B     		ldr	r3, .L19
ARM GAS  C:\Users\Admin\AppData\Local\Temp\cco7RlDa.s 			page 8


 318 0006 DC70     		strb	r4, [r3, #3]
  83:gestion_hardware.c ****     
  84:gestion_hardware.c ****   
  85:gestion_hardware.c ****     memset(y_entrada_q32, 0, sizeof(y_entrada_q32));
 319              		.loc 1 85 0
 320 0008 4FF48052 		mov	r2, #4096
 321 000c 2146     		mov	r1, r4
 322 000e 0648     		ldr	r0, .L19+4
 323 0010 FFF7FEFF 		bl	memset
 324              	.LVL33:
  86:gestion_hardware.c ****     memset(y_salida_pulsos_hw, 0, sizeof(y_salida_pulsos_hw));
 325              		.loc 1 86 0
 326 0014 4FF48062 		mov	r2, #1024
 327 0018 2146     		mov	r1, r4
 328 001a 0448     		ldr	r0, .L19+8
 329 001c FFF7FEFF 		bl	memset
 330              	.LVL34:
 331 0020 10BD     		pop	{r4, pc}
 332              	.L20:
 333 0022 00BF     		.align	2
 334              	.L19:
 335 0024 00000000 		.word	.LANCHOR0
 336 0028 00000000 		.word	y_entrada_q32
 337 002c 00000000 		.word	y_salida_pulsos_hw
 338              		.cfi_endproc
 339              	.LFE67:
 340              		.size	Hardware_Reiniciar_Proceso, .-Hardware_Reiniciar_Proceso
 341              		.global	dma_transfer_complete
 342              		.comm	y_salida_pulsos_hw,1024,4
 343              		.comm	y_entrada_q32,4096,4
 344              		.bss
 345              		.align	2
 346              		.set	.LANCHOR0,. + 0
 347              		.type	DMA_In_Chan, %object
 348              		.size	DMA_In_Chan, 1
 349              	DMA_In_Chan:
 350 0000 00       		.space	1
 351              		.type	DMA_Out_Chan, %object
 352              		.size	DMA_Out_Chan, 1
 353              	DMA_Out_Chan:
 354 0001 00       		.space	1
 355              		.type	DMA_a_Comp_Chan, %object
 356              		.size	DMA_a_Comp_Chan, 1
 357              	DMA_a_Comp_Chan:
 358 0002 00       		.space	1
 359              		.type	dma_transfer_complete, %object
 360              		.size	dma_transfer_complete, 1
 361              	dma_transfer_complete:
 362 0003 00       		.space	1
 363              		.type	DMA_In_TD, %object
 364              		.size	DMA_In_TD, 2
 365              	DMA_In_TD:
 366 0004 0000     		.space	2
 367 0006 0000     		.space	2
 368              		.type	DMA_Out_TD, %object
 369              		.size	DMA_Out_TD, 1
 370              	DMA_Out_TD:
ARM GAS  C:\Users\Admin\AppData\Local\Temp\cco7RlDa.s 			page 9


 371 0008 00       		.space	1
 372 0009 000000   		.space	3
 373              		.type	DMA_a_Comp_TD, %object
 374              		.size	DMA_a_Comp_TD, 1
 375              	DMA_a_Comp_TD:
 376 000c 00       		.space	1
 377              		.text
 378              	.Letext0:
 379              		.file 2 "e:\\cypress\\psoc creator\\4.4\\psoc creator\\import\\gnu\\arm\\5.4.1\\arm-none-eabi\\inc
 380              		.file 3 "e:\\cypress\\psoc creator\\4.4\\psoc creator\\import\\gnu\\arm\\5.4.1\\arm-none-eabi\\inc
 381              		.file 4 "Generated_Source\\PSoC5/cytypes.h"
 382              		.file 5 "Generated_Source\\PSoC5/core_cm3.h"
 383              		.file 6 "Generated_Source\\PSoC5/CYDMAC.H"
 384              		.file 7 "Generated_Source\\PSoC5/isr_dma_done.h"
 385              		.file 8 "Generated_Source\\PSoC5/Filter_1.h"
 386              		.file 9 "Generated_Source\\PSoC5/DMA_In_dma.h"
 387              		.file 10 "Generated_Source\\PSoC5/DMA_Out_dma.h"
 388              		.file 11 "Generated_Source\\PSoC5/DMA_a_Comp_dma.h"
 389              		.section	.debug_info,"",%progbits
 390              	.Ldebug_info0:
 391 0000 C3050000 		.4byte	0x5c3
 392 0004 0400     		.2byte	0x4
 393 0006 00000000 		.4byte	.Ldebug_abbrev0
 394 000a 04       		.byte	0x4
 395 000b 01       		.uleb128 0x1
 396 000c 81010000 		.4byte	.LASF58
 397 0010 0C       		.byte	0xc
 398 0011 60010000 		.4byte	.LASF59
 399 0015 92000000 		.4byte	.LASF60
 400 0019 00000000 		.4byte	.Ldebug_ranges0+0
 401 001d 00000000 		.4byte	0
 402 0021 00000000 		.4byte	.Ldebug_line0
 403 0025 02       		.uleb128 0x2
 404 0026 01       		.byte	0x1
 405 0027 06       		.byte	0x6
 406 0028 46030000 		.4byte	.LASF0
 407 002c 03       		.uleb128 0x3
 408 002d 3C000000 		.4byte	.LASF4
 409 0031 02       		.byte	0x2
 410 0032 1D       		.byte	0x1d
 411 0033 37000000 		.4byte	0x37
 412 0037 02       		.uleb128 0x2
 413 0038 01       		.byte	0x1
 414 0039 08       		.byte	0x8
 415 003a 73010000 		.4byte	.LASF1
 416 003e 02       		.uleb128 0x2
 417 003f 02       		.byte	0x2
 418 0040 05       		.byte	0x5
 419 0041 9D030000 		.4byte	.LASF2
 420 0045 02       		.uleb128 0x2
 421 0046 02       		.byte	0x2
 422 0047 07       		.byte	0x7
 423 0048 3E020000 		.4byte	.LASF3
 424 004c 03       		.uleb128 0x3
 425 004d 53000000 		.4byte	.LASF5
 426 0051 02       		.byte	0x2
 427 0052 3F       		.byte	0x3f
ARM GAS  C:\Users\Admin\AppData\Local\Temp\cco7RlDa.s 			page 10


 428 0053 57000000 		.4byte	0x57
 429 0057 02       		.uleb128 0x2
 430 0058 04       		.byte	0x4
 431 0059 05       		.byte	0x5
 432 005a 02040000 		.4byte	.LASF6
 433 005e 03       		.uleb128 0x3
 434 005f 99020000 		.4byte	.LASF7
 435 0063 02       		.byte	0x2
 436 0064 41       		.byte	0x41
 437 0065 69000000 		.4byte	0x69
 438 0069 02       		.uleb128 0x2
 439 006a 04       		.byte	0x4
 440 006b 07       		.byte	0x7
 441 006c 2C020000 		.4byte	.LASF8
 442 0070 02       		.uleb128 0x2
 443 0071 08       		.byte	0x8
 444 0072 05       		.byte	0x5
 445 0073 83030000 		.4byte	.LASF9
 446 0077 02       		.uleb128 0x2
 447 0078 08       		.byte	0x8
 448 0079 07       		.byte	0x7
 449 007a 12030000 		.4byte	.LASF10
 450 007e 04       		.uleb128 0x4
 451 007f 04       		.byte	0x4
 452 0080 05       		.byte	0x5
 453 0081 696E7400 		.ascii	"int\000"
 454 0085 02       		.uleb128 0x2
 455 0086 04       		.byte	0x4
 456 0087 07       		.byte	0x7
 457 0088 D8020000 		.4byte	.LASF11
 458 008c 03       		.uleb128 0x3
 459 008d 29030000 		.4byte	.LASF12
 460 0091 03       		.byte	0x3
 461 0092 18       		.byte	0x18
 462 0093 2C000000 		.4byte	0x2c
 463 0097 03       		.uleb128 0x3
 464 0098 34010000 		.4byte	.LASF13
 465 009c 03       		.byte	0x3
 466 009d 2C       		.byte	0x2c
 467 009e 4C000000 		.4byte	0x4c
 468 00a2 03       		.uleb128 0x3
 469 00a3 F9030000 		.4byte	.LASF14
 470 00a7 03       		.byte	0x3
 471 00a8 30       		.byte	0x30
 472 00a9 5E000000 		.4byte	0x5e
 473 00ad 05       		.uleb128 0x5
 474 00ae C2030000 		.4byte	.LASF15
 475 00b2 04       		.byte	0x4
 476 00b3 E901     		.2byte	0x1e9
 477 00b5 37000000 		.4byte	0x37
 478 00b9 05       		.uleb128 0x5
 479 00ba B2020000 		.4byte	.LASF16
 480 00be 04       		.byte	0x4
 481 00bf EA01     		.2byte	0x1ea
 482 00c1 45000000 		.4byte	0x45
 483 00c5 05       		.uleb128 0x5
 484 00c6 B9020000 		.4byte	.LASF17
ARM GAS  C:\Users\Admin\AppData\Local\Temp\cco7RlDa.s 			page 11


 485 00ca 04       		.byte	0x4
 486 00cb EB01     		.2byte	0x1eb
 487 00cd 69000000 		.4byte	0x69
 488 00d1 02       		.uleb128 0x2
 489 00d2 04       		.byte	0x4
 490 00d3 04       		.byte	0x4
 491 00d4 5A010000 		.4byte	.LASF18
 492 00d8 02       		.uleb128 0x2
 493 00d9 08       		.byte	0x8
 494 00da 04       		.byte	0x4
 495 00db 7C020000 		.4byte	.LASF19
 496 00df 02       		.uleb128 0x2
 497 00e0 01       		.byte	0x1
 498 00e1 08       		.byte	0x8
 499 00e2 91030000 		.4byte	.LASF20
 500 00e6 05       		.uleb128 0x5
 501 00e7 0F020000 		.4byte	.LASF21
 502 00eb 04       		.byte	0x4
 503 00ec 9302     		.2byte	0x293
 504 00ee F2000000 		.4byte	0xf2
 505 00f2 06       		.uleb128 0x6
 506 00f3 AD000000 		.4byte	0xad
 507 00f7 02       		.uleb128 0x2
 508 00f8 08       		.byte	0x8
 509 00f9 04       		.byte	0x4
 510 00fa 5D030000 		.4byte	.LASF22
 511 00fe 02       		.uleb128 0x2
 512 00ff 04       		.byte	0x4
 513 0100 07       		.byte	0x7
 514 0101 69030000 		.4byte	.LASF23
 515 0105 07       		.uleb128 0x7
 516 0106 04       		.byte	0x4
 517 0107 08       		.uleb128 0x8
 518 0108 46000000 		.4byte	.LASF24
 519 010c 01       		.byte	0x1
 520 010d 10       		.byte	0x10
 521 010e 00000000 		.4byte	.LFB63
 522 0112 24000000 		.4byte	.LFE63-.LFB63
 523 0116 01       		.uleb128 0x1
 524 0117 9C       		.byte	0x9c
 525 0118 41010000 		.4byte	0x141
 526 011c 09       		.uleb128 0x9
 527 011d 0A000000 		.4byte	.LVL0
 528 0121 25050000 		.4byte	0x525
 529 0125 09       		.uleb128 0x9
 530 0126 10000000 		.4byte	.LVL1
 531 012a 25050000 		.4byte	0x525
 532 012e 09       		.uleb128 0x9
 533 012f 16000000 		.4byte	.LVL2
 534 0133 25050000 		.4byte	0x525
 535 0137 09       		.uleb128 0x9
 536 0138 1E000000 		.4byte	.LVL3
 537 013c 30050000 		.4byte	0x530
 538 0140 00       		.byte	0
 539 0141 08       		.uleb128 0x8
 540 0142 72030000 		.4byte	.LASF25
 541 0146 01       		.byte	0x1
ARM GAS  C:\Users\Admin\AppData\Local\Temp\cco7RlDa.s 			page 12


 542 0147 18       		.byte	0x18
 543 0148 00000000 		.4byte	.LFB64
 544 014c 64000000 		.4byte	.LFE64-.LFB64
 545 0150 01       		.uleb128 0x1
 546 0151 9C       		.byte	0x9c
 547 0152 09020000 		.4byte	0x209
 548 0156 09       		.uleb128 0x9
 549 0157 06000000 		.4byte	.LVL4
 550 015b 3B050000 		.4byte	0x53b
 551 015f 0A       		.uleb128 0xa
 552 0160 16000000 		.4byte	.LVL5
 553 0164 46050000 		.4byte	0x546
 554 0168 85010000 		.4byte	0x185
 555 016c 0B       		.uleb128 0xb
 556 016d 01       		.uleb128 0x1
 557 016e 50       		.byte	0x50
 558 016f 01       		.uleb128 0x1
 559 0170 34       		.byte	0x34
 560 0171 0B       		.uleb128 0xb
 561 0172 01       		.uleb128 0x1
 562 0173 51       		.byte	0x51
 563 0174 01       		.uleb128 0x1
 564 0175 31       		.byte	0x31
 565 0176 0B       		.uleb128 0xb
 566 0177 01       		.uleb128 0x1
 567 0178 52       		.byte	0x52
 568 0179 03       		.uleb128 0x3
 569 017a 0A       		.byte	0xa
 570 017b FF1F     		.2byte	0x1fff
 571 017d 0B       		.uleb128 0xb
 572 017e 01       		.uleb128 0x1
 573 017f 53       		.byte	0x53
 574 0180 03       		.uleb128 0x3
 575 0181 0A       		.byte	0xa
 576 0182 0040     		.2byte	0x4000
 577 0184 00       		.byte	0
 578 0185 0A       		.uleb128 0xa
 579 0186 2A000000 		.4byte	.LVL6
 580 018a 51050000 		.4byte	0x551
 581 018e AB010000 		.4byte	0x1ab
 582 0192 0B       		.uleb128 0xb
 583 0193 01       		.uleb128 0x1
 584 0194 50       		.byte	0x50
 585 0195 01       		.uleb128 0x1
 586 0196 31       		.byte	0x31
 587 0197 0B       		.uleb128 0xb
 588 0198 01       		.uleb128 0x1
 589 0199 51       		.byte	0x51
 590 019a 01       		.uleb128 0x1
 591 019b 31       		.byte	0x31
 592 019c 0B       		.uleb128 0xb
 593 019d 01       		.uleb128 0x1
 594 019e 52       		.byte	0x52
 595 019f 03       		.uleb128 0x3
 596 01a0 0A       		.byte	0xa
 597 01a1 0040     		.2byte	0x4000
 598 01a3 0B       		.uleb128 0xb
ARM GAS  C:\Users\Admin\AppData\Local\Temp\cco7RlDa.s 			page 13


 599 01a4 01       		.uleb128 0x1
 600 01a5 53       		.byte	0x53
 601 01a6 03       		.uleb128 0x3
 602 01a7 0A       		.byte	0xa
 603 01a8 FF1F     		.2byte	0x1fff
 604 01aa 00       		.byte	0
 605 01ab 0A       		.uleb128 0xa
 606 01ac 3A000000 		.4byte	.LVL7
 607 01b0 5C050000 		.4byte	0x55c
 608 01b4 D1010000 		.4byte	0x1d1
 609 01b8 0B       		.uleb128 0xb
 610 01b9 01       		.uleb128 0x1
 611 01ba 50       		.byte	0x50
 612 01bb 01       		.uleb128 0x1
 613 01bc 31       		.byte	0x31
 614 01bd 0B       		.uleb128 0xb
 615 01be 01       		.uleb128 0x1
 616 01bf 51       		.byte	0x51
 617 01c0 01       		.uleb128 0x1
 618 01c1 31       		.byte	0x31
 619 01c2 0B       		.uleb128 0xb
 620 01c3 01       		.uleb128 0x1
 621 01c4 52       		.byte	0x52
 622 01c5 03       		.uleb128 0x3
 623 01c6 0A       		.byte	0xa
 624 01c7 0040     		.2byte	0x4000
 625 01c9 0B       		.uleb128 0xb
 626 01ca 01       		.uleb128 0x1
 627 01cb 53       		.byte	0x53
 628 01cc 03       		.uleb128 0x3
 629 01cd 0A       		.byte	0xa
 630 01ce 0040     		.2byte	0x4000
 631 01d0 00       		.byte	0
 632 01d1 09       		.uleb128 0x9
 633 01d2 40000000 		.4byte	.LVL8
 634 01d6 67050000 		.4byte	0x567
 635 01da 09       		.uleb128 0x9
 636 01db 46000000 		.4byte	.LVL9
 637 01df 67050000 		.4byte	0x567
 638 01e3 09       		.uleb128 0x9
 639 01e4 4C000000 		.4byte	.LVL10
 640 01e8 67050000 		.4byte	0x567
 641 01ec 09       		.uleb128 0x9
 642 01ed 52000000 		.4byte	.LVL11
 643 01f1 67050000 		.4byte	0x567
 644 01f5 0C       		.uleb128 0xc
 645 01f6 5A000000 		.4byte	.LVL12
 646 01fa 72050000 		.4byte	0x572
 647 01fe 0B       		.uleb128 0xb
 648 01ff 01       		.uleb128 0x1
 649 0200 50       		.byte	0x50
 650 0201 05       		.uleb128 0x5
 651 0202 03       		.byte	0x3
 652 0203 00000000 		.4byte	DMA_Done_ISR
 653 0207 00       		.byte	0
 654 0208 00       		.byte	0
 655 0209 08       		.uleb128 0x8
ARM GAS  C:\Users\Admin\AppData\Local\Temp\cco7RlDa.s 			page 14


 656 020a F1020000 		.4byte	.LASF26
 657 020e 01       		.byte	0x1
 658 020f 2B       		.byte	0x2b
 659 0210 00000000 		.4byte	.LFB65
 660 0214 C0000000 		.4byte	.LFE65-.LFB65
 661 0218 01       		.uleb128 0x1
 662 0219 9C       		.byte	0x9c
 663 021a 61030000 		.4byte	0x361
 664 021e 0A       		.uleb128 0xa
 665 021f 14000000 		.4byte	.LVL13
 666 0223 7D050000 		.4byte	0x57d
 667 0227 38020000 		.4byte	0x238
 668 022b 0B       		.uleb128 0xb
 669 022c 01       		.uleb128 0x1
 670 022d 51       		.byte	0x51
 671 022e 03       		.uleb128 0x3
 672 022f 0A       		.byte	0xa
 673 0230 0004     		.2byte	0x400
 674 0232 0B       		.uleb128 0xb
 675 0233 01       		.uleb128 0x1
 676 0234 53       		.byte	0x53
 677 0235 01       		.uleb128 0x1
 678 0236 30       		.byte	0x30
 679 0237 00       		.byte	0
 680 0238 0A       		.uleb128 0xa
 681 0239 22000000 		.4byte	.LVL14
 682 023d 88050000 		.4byte	0x588
 683 0241 54020000 		.4byte	0x254
 684 0245 0B       		.uleb128 0xb
 685 0246 01       		.uleb128 0x1
 686 0247 51       		.byte	0x51
 687 0248 03       		.uleb128 0x3
 688 0249 0B       		.byte	0xb
 689 024a AAC7     		.2byte	0xc7aa
 690 024c 0B       		.uleb128 0xb
 691 024d 01       		.uleb128 0x1
 692 024e 52       		.byte	0x52
 693 024f 03       		.uleb128 0x3
 694 0250 0A       		.byte	0xa
 695 0251 7B64     		.2byte	0x647b
 696 0253 00       		.byte	0
 697 0254 09       		.uleb128 0x9
 698 0255 2A000000 		.4byte	.LVL15
 699 0259 93050000 		.4byte	0x593
 700 025d 0A       		.uleb128 0xa
 701 025e 32000000 		.4byte	.LVL16
 702 0262 9E050000 		.4byte	0x59e
 703 0266 70020000 		.4byte	0x270
 704 026a 0B       		.uleb128 0xb
 705 026b 01       		.uleb128 0x1
 706 026c 51       		.byte	0x51
 707 026d 01       		.uleb128 0x1
 708 026e 31       		.byte	0x31
 709 026f 00       		.byte	0
 710 0270 0A       		.uleb128 0xa
 711 0271 40000000 		.4byte	.LVL17
 712 0275 7D050000 		.4byte	0x57d
ARM GAS  C:\Users\Admin\AppData\Local\Temp\cco7RlDa.s 			page 15


 713 0279 8A020000 		.4byte	0x28a
 714 027d 0B       		.uleb128 0xb
 715 027e 01       		.uleb128 0x1
 716 027f 51       		.byte	0x51
 717 0280 03       		.uleb128 0x3
 718 0281 0A       		.byte	0xa
 719 0282 0008     		.2byte	0x800
 720 0284 0B       		.uleb128 0xb
 721 0285 01       		.uleb128 0x1
 722 0286 53       		.byte	0x53
 723 0287 01       		.uleb128 0x1
 724 0288 31       		.byte	0x31
 725 0289 00       		.byte	0
 726 028a 0A       		.uleb128 0xa
 727 028b 4E000000 		.4byte	.LVL18
 728 028f 88050000 		.4byte	0x588
 729 0293 A5020000 		.4byte	0x2a5
 730 0297 0B       		.uleb128 0xb
 731 0298 01       		.uleb128 0x1
 732 0299 51       		.byte	0x51
 733 029a 02       		.uleb128 0x2
 734 029b 75       		.byte	0x75
 735 029c 00       		.sleb128 0
 736 029d 0B       		.uleb128 0xb
 737 029e 01       		.uleb128 0x1
 738 029f 52       		.byte	0x52
 739 02a0 03       		.uleb128 0x3
 740 02a1 0B       		.byte	0xb
 741 02a2 A0C7     		.2byte	0xc7a0
 742 02a4 00       		.byte	0
 743 02a5 0A       		.uleb128 0xa
 744 02a6 5C000000 		.4byte	.LVL19
 745 02aa 7D050000 		.4byte	0x57d
 746 02ae C5020000 		.4byte	0x2c5
 747 02b2 0B       		.uleb128 0xb
 748 02b3 01       		.uleb128 0x1
 749 02b4 51       		.byte	0x51
 750 02b5 03       		.uleb128 0x3
 751 02b6 0A       		.byte	0xa
 752 02b7 0008     		.2byte	0x800
 753 02b9 0B       		.uleb128 0xb
 754 02ba 01       		.uleb128 0x1
 755 02bb 52       		.byte	0x52
 756 02bc 02       		.uleb128 0x2
 757 02bd 09       		.byte	0x9
 758 02be FE       		.byte	0xfe
 759 02bf 0B       		.uleb128 0xb
 760 02c0 01       		.uleb128 0x1
 761 02c1 53       		.byte	0x53
 762 02c2 01       		.uleb128 0x1
 763 02c3 31       		.byte	0x31
 764 02c4 00       		.byte	0
 765 02c5 0A       		.uleb128 0xa
 766 02c6 6C000000 		.4byte	.LVL20
 767 02ca 88050000 		.4byte	0x588
 768 02ce E1020000 		.4byte	0x2e1
 769 02d2 0B       		.uleb128 0xb
ARM GAS  C:\Users\Admin\AppData\Local\Temp\cco7RlDa.s 			page 16


 770 02d3 01       		.uleb128 0x1
 771 02d4 51       		.byte	0x51
 772 02d5 03       		.uleb128 0x3
 773 02d6 75       		.byte	0x75
 774 02d7 8010     		.sleb128 2048
 775 02d9 0B       		.uleb128 0xb
 776 02da 01       		.uleb128 0x1
 777 02db 52       		.byte	0x52
 778 02dc 03       		.uleb128 0x3
 779 02dd 0B       		.byte	0xb
 780 02de A0C7     		.2byte	0xc7a0
 781 02e0 00       		.byte	0
 782 02e1 0A       		.uleb128 0xa
 783 02e2 7A000000 		.4byte	.LVL21
 784 02e6 7D050000 		.4byte	0x57d
 785 02ea FB020000 		.4byte	0x2fb
 786 02ee 0B       		.uleb128 0xb
 787 02ef 01       		.uleb128 0x1
 788 02f0 51       		.byte	0x51
 789 02f1 03       		.uleb128 0x3
 790 02f2 0A       		.byte	0xa
 791 02f3 0004     		.2byte	0x400
 792 02f5 0B       		.uleb128 0xb
 793 02f6 01       		.uleb128 0x1
 794 02f7 53       		.byte	0x53
 795 02f8 01       		.uleb128 0x1
 796 02f9 36       		.byte	0x36
 797 02fa 00       		.byte	0
 798 02fb 0A       		.uleb128 0xa
 799 02fc 88000000 		.4byte	.LVL22
 800 0300 88050000 		.4byte	0x588
 801 0304 19030000 		.4byte	0x319
 802 0308 0B       		.uleb128 0xb
 803 0309 01       		.uleb128 0x1
 804 030a 51       		.byte	0x51
 805 030b 03       		.uleb128 0x3
 806 030c 0A       		.byte	0xa
 807 030d 6B64     		.2byte	0x646b
 808 030f 0B       		.uleb128 0xb
 809 0310 01       		.uleb128 0x1
 810 0311 52       		.byte	0x52
 811 0312 05       		.uleb128 0x5
 812 0313 03       		.byte	0x3
 813 0314 00000000 		.4byte	y_salida_pulsos_hw
 814 0318 00       		.byte	0
 815 0319 09       		.uleb128 0x9
 816 031a 90000000 		.4byte	.LVL23
 817 031e 93050000 		.4byte	0x593
 818 0322 09       		.uleb128 0x9
 819 0323 98000000 		.4byte	.LVL24
 820 0327 93050000 		.4byte	0x593
 821 032b 0A       		.uleb128 0xa
 822 032c A0000000 		.4byte	.LVL25
 823 0330 9E050000 		.4byte	0x59e
 824 0334 3E030000 		.4byte	0x33e
 825 0338 0B       		.uleb128 0xb
 826 0339 01       		.uleb128 0x1
ARM GAS  C:\Users\Admin\AppData\Local\Temp\cco7RlDa.s 			page 17


 827 033a 51       		.byte	0x51
 828 033b 01       		.uleb128 0x1
 829 033c 31       		.byte	0x31
 830 033d 00       		.byte	0
 831 033e 0A       		.uleb128 0xa
 832 033f A8000000 		.4byte	.LVL26
 833 0343 9E050000 		.4byte	0x59e
 834 0347 51030000 		.4byte	0x351
 835 034b 0B       		.uleb128 0xb
 836 034c 01       		.uleb128 0x1
 837 034d 51       		.byte	0x51
 838 034e 01       		.uleb128 0x1
 839 034f 31       		.byte	0x31
 840 0350 00       		.byte	0
 841 0351 0C       		.uleb128 0xc
 842 0352 B0000000 		.4byte	.LVL27
 843 0356 A9050000 		.4byte	0x5a9
 844 035a 0B       		.uleb128 0xb
 845 035b 01       		.uleb128 0x1
 846 035c 51       		.byte	0x51
 847 035d 01       		.uleb128 0x1
 848 035e 31       		.byte	0x31
 849 035f 00       		.byte	0
 850 0360 00       		.byte	0
 851 0361 08       		.uleb128 0x8
 852 0362 C8030000 		.4byte	.LASF27
 853 0366 01       		.byte	0x1
 854 0367 47       		.byte	0x47
 855 0368 00000000 		.4byte	.LFB66
 856 036c 20000000 		.4byte	.LFE66-.LFB66
 857 0370 01       		.uleb128 0x1
 858 0371 9C       		.byte	0x9c
 859 0372 CD030000 		.4byte	0x3cd
 860 0376 0D       		.uleb128 0xd
 861 0377 52030000 		.4byte	.LASF28
 862 037b 01       		.byte	0x1
 863 037c 47       		.byte	0x47
 864 037d CD030000 		.4byte	0x3cd
 865 0381 00000000 		.4byte	.LLST0
 866 0385 0D       		.uleb128 0xd
 867 0386 16040000 		.4byte	.LASF29
 868 038a 01       		.byte	0x1
 869 038b 47       		.byte	0x47
 870 038c B9000000 		.4byte	0xb9
 871 0390 2C000000 		.4byte	.LLST1
 872 0394 0E       		.uleb128 0xe
 873 0395 2B010000 		.4byte	.LASF30
 874 0399 01       		.byte	0x1
 875 039a 49       		.byte	0x49
 876 039b 05010000 		.4byte	0x105
 877 039f 00C20040 		.4byte	0x4000c200
 878 03a3 0F       		.uleb128 0xf
 879 03a4 C0020000 		.4byte	.LASF31
 880 03a8 01       		.byte	0x1
 881 03a9 4A       		.byte	0x4a
 882 03aa D8030000 		.4byte	0x3d8
 883 03ae 4D000000 		.4byte	.LLST2
ARM GAS  C:\Users\Admin\AppData\Local\Temp\cco7RlDa.s 			page 18


 884 03b2 0C       		.uleb128 0xc
 885 03b3 12000000 		.4byte	.LVL32
 886 03b7 B4050000 		.4byte	0x5b4
 887 03bb 0B       		.uleb128 0xb
 888 03bc 01       		.uleb128 0x1
 889 03bd 50       		.byte	0x50
 890 03be 05       		.uleb128 0x5
 891 03bf 0C       		.byte	0xc
 892 03c0 00C20040 		.4byte	0x4000c200
 893 03c4 0B       		.uleb128 0xb
 894 03c5 01       		.uleb128 0x1
 895 03c6 51       		.byte	0x51
 896 03c7 03       		.uleb128 0x3
 897 03c8 F3       		.byte	0xf3
 898 03c9 01       		.uleb128 0x1
 899 03ca 50       		.byte	0x50
 900 03cb 00       		.byte	0
 901 03cc 00       		.byte	0
 902 03cd 10       		.uleb128 0x10
 903 03ce 04       		.byte	0x4
 904 03cf D3030000 		.4byte	0x3d3
 905 03d3 11       		.uleb128 0x11
 906 03d4 AD000000 		.4byte	0xad
 907 03d8 10       		.uleb128 0x10
 908 03d9 04       		.byte	0x4
 909 03da DE030000 		.4byte	0x3de
 910 03de 12       		.uleb128 0x12
 911 03df 08       		.uleb128 0x8
 912 03e0 A7030000 		.4byte	.LASF32
 913 03e4 01       		.byte	0x1
 914 03e5 51       		.byte	0x51
 915 03e6 00000000 		.4byte	.LFB67
 916 03ea 30000000 		.4byte	.LFE67-.LFB67
 917 03ee 01       		.uleb128 0x1
 918 03ef 9C       		.byte	0x9c
 919 03f0 39040000 		.4byte	0x439
 920 03f4 0A       		.uleb128 0xa
 921 03f5 14000000 		.4byte	.LVL33
 922 03f9 BD050000 		.4byte	0x5bd
 923 03fd 18040000 		.4byte	0x418
 924 0401 0B       		.uleb128 0xb
 925 0402 01       		.uleb128 0x1
 926 0403 50       		.byte	0x50
 927 0404 05       		.uleb128 0x5
 928 0405 03       		.byte	0x3
 929 0406 00000000 		.4byte	y_entrada_q32
 930 040a 0B       		.uleb128 0xb
 931 040b 01       		.uleb128 0x1
 932 040c 51       		.byte	0x51
 933 040d 02       		.uleb128 0x2
 934 040e 74       		.byte	0x74
 935 040f 00       		.sleb128 0
 936 0410 0B       		.uleb128 0xb
 937 0411 01       		.uleb128 0x1
 938 0412 52       		.byte	0x52
 939 0413 03       		.uleb128 0x3
 940 0414 0A       		.byte	0xa
ARM GAS  C:\Users\Admin\AppData\Local\Temp\cco7RlDa.s 			page 19


 941 0415 0010     		.2byte	0x1000
 942 0417 00       		.byte	0
 943 0418 0C       		.uleb128 0xc
 944 0419 20000000 		.4byte	.LVL34
 945 041d BD050000 		.4byte	0x5bd
 946 0421 0B       		.uleb128 0xb
 947 0422 01       		.uleb128 0x1
 948 0423 50       		.byte	0x50
 949 0424 05       		.uleb128 0x5
 950 0425 03       		.byte	0x3
 951 0426 00000000 		.4byte	y_salida_pulsos_hw
 952 042a 0B       		.uleb128 0xb
 953 042b 01       		.uleb128 0x1
 954 042c 51       		.byte	0x51
 955 042d 02       		.uleb128 0x2
 956 042e 74       		.byte	0x74
 957 042f 00       		.sleb128 0
 958 0430 0B       		.uleb128 0xb
 959 0431 01       		.uleb128 0x1
 960 0432 52       		.byte	0x52
 961 0433 03       		.uleb128 0x3
 962 0434 0A       		.byte	0xa
 963 0435 0004     		.2byte	0x400
 964 0437 00       		.byte	0
 965 0438 00       		.byte	0
 966 0439 13       		.uleb128 0x13
 967 043a E5020000 		.4byte	.LASF33
 968 043e 01       		.byte	0x1
 969 043f 09       		.byte	0x9
 970 0440 AD000000 		.4byte	0xad
 971 0444 05       		.uleb128 0x5
 972 0445 03       		.byte	0x3
 973 0446 00000000 		.4byte	DMA_In_Chan
 974 044a 13       		.uleb128 0x13
 975 044b 5E020000 		.4byte	.LASF34
 976 044f 01       		.byte	0x1
 977 0450 09       		.byte	0x9
 978 0451 AD000000 		.4byte	0xad
 979 0455 05       		.uleb128 0x5
 980 0456 03       		.byte	0x3
 981 0457 01000000 		.4byte	DMA_Out_Chan
 982 045b 13       		.uleb128 0x13
 983 045c C8020000 		.4byte	.LASF35
 984 0460 01       		.byte	0x1
 985 0461 09       		.byte	0x9
 986 0462 AD000000 		.4byte	0xad
 987 0466 05       		.uleb128 0x5
 988 0467 03       		.byte	0x3
 989 0468 02000000 		.4byte	DMA_a_Comp_Chan
 990 046c 14       		.uleb128 0x14
 991 046d AD000000 		.4byte	0xad
 992 0471 7C040000 		.4byte	0x47c
 993 0475 15       		.uleb128 0x15
 994 0476 FE000000 		.4byte	0xfe
 995 047a 01       		.byte	0x1
 996 047b 00       		.byte	0
 997 047c 13       		.uleb128 0x13
ARM GAS  C:\Users\Admin\AppData\Local\Temp\cco7RlDa.s 			page 20


 998 047d 6B020000 		.4byte	.LASF36
 999 0481 01       		.byte	0x1
 1000 0482 0A       		.byte	0xa
 1001 0483 6C040000 		.4byte	0x46c
 1002 0487 05       		.uleb128 0x5
 1003 0488 03       		.byte	0x3
 1004 0489 04000000 		.4byte	DMA_In_TD
 1005 048d 14       		.uleb128 0x14
 1006 048e AD000000 		.4byte	0xad
 1007 0492 9D040000 		.4byte	0x49d
 1008 0496 15       		.uleb128 0x15
 1009 0497 FE000000 		.4byte	0xfe
 1010 049b 00       		.byte	0
 1011 049c 00       		.byte	0
 1012 049d 13       		.uleb128 0x13
 1013 049e 0B040000 		.4byte	.LASF37
 1014 04a2 01       		.byte	0x1
 1015 04a3 0A       		.byte	0xa
 1016 04a4 8D040000 		.4byte	0x48d
 1017 04a8 05       		.uleb128 0x5
 1018 04a9 03       		.byte	0x3
 1019 04aa 08000000 		.4byte	DMA_Out_TD
 1020 04ae 13       		.uleb128 0x13
 1021 04af 4C010000 		.4byte	.LASF38
 1022 04b3 01       		.byte	0x1
 1023 04b4 0A       		.byte	0xa
 1024 04b5 8D040000 		.4byte	0x48d
 1025 04b9 05       		.uleb128 0x5
 1026 04ba 03       		.byte	0x3
 1027 04bb 0C000000 		.4byte	DMA_a_Comp_TD
 1028 04bf 16       		.uleb128 0x16
 1029 04c0 51020000 		.4byte	.LASF39
 1030 04c4 05       		.byte	0x5
 1031 04c5 1207     		.2byte	0x712
 1032 04c7 CB040000 		.4byte	0x4cb
 1033 04cb 06       		.uleb128 0x6
 1034 04cc 97000000 		.4byte	0x97
 1035 04d0 14       		.uleb128 0x14
 1036 04d1 A2000000 		.4byte	0xa2
 1037 04d5 E1040000 		.4byte	0x4e1
 1038 04d9 17       		.uleb128 0x17
 1039 04da FE000000 		.4byte	0xfe
 1040 04de FF03     		.2byte	0x3ff
 1041 04e0 00       		.byte	0
 1042 04e1 18       		.uleb128 0x18
 1043 04e2 6F000000 		.4byte	.LASF40
 1044 04e6 01       		.byte	0x1
 1045 04e7 04       		.byte	0x4
 1046 04e8 D0040000 		.4byte	0x4d0
 1047 04ec 05       		.uleb128 0x5
 1048 04ed 03       		.byte	0x3
 1049 04ee 00000000 		.4byte	y_entrada_q32
 1050 04f2 14       		.uleb128 0x14
 1051 04f3 8C000000 		.4byte	0x8c
 1052 04f7 03050000 		.4byte	0x503
 1053 04fb 17       		.uleb128 0x17
 1054 04fc FE000000 		.4byte	0xfe
ARM GAS  C:\Users\Admin\AppData\Local\Temp\cco7RlDa.s 			page 21


 1055 0500 FF03     		.2byte	0x3ff
 1056 0502 00       		.byte	0
 1057 0503 18       		.uleb128 0x18
 1058 0504 29000000 		.4byte	.LASF41
 1059 0508 01       		.byte	0x1
 1060 0509 05       		.byte	0x5
 1061 050a F2040000 		.4byte	0x4f2
 1062 050e 05       		.uleb128 0x5
 1063 050f 03       		.byte	0x3
 1064 0510 00000000 		.4byte	y_salida_pulsos_hw
 1065 0514 18       		.uleb128 0x18
 1066 0515 83020000 		.4byte	.LASF42
 1067 0519 01       		.byte	0x1
 1068 051a 06       		.byte	0x6
 1069 051b F2000000 		.4byte	0xf2
 1070 051f 05       		.uleb128 0x5
 1071 0520 03       		.byte	0x3
 1072 0521 00000000 		.4byte	dma_transfer_complete
 1073 0525 19       		.uleb128 0x19
 1074 0526 20040000 		.4byte	.LASF43
 1075 052a 20040000 		.4byte	.LASF43
 1076 052e 06       		.byte	0x6
 1077 052f 2A       		.byte	0x2a
 1078 0530 19       		.uleb128 0x19
 1079 0531 0F000000 		.4byte	.LASF44
 1080 0535 0F000000 		.4byte	.LASF44
 1081 0539 07       		.byte	0x7
 1082 053a 28       		.byte	0x28
 1083 053b 19       		.uleb128 0x19
 1084 053c 00000000 		.4byte	.LASF45
 1085 0540 00000000 		.4byte	.LASF45
 1086 0544 08       		.byte	0x8
 1087 0545 3C       		.byte	0x3c
 1088 0546 19       		.uleb128 0x19
 1089 0547 31030000 		.4byte	.LASF46
 1090 054b 31030000 		.4byte	.LASF46
 1091 054f 09       		.byte	0x9
 1092 0550 1E       		.byte	0x1e
 1093 0551 19       		.uleb128 0x19
 1094 0552 2F040000 		.4byte	.LASF47
 1095 0556 2F040000 		.4byte	.LASF47
 1096 055a 0A       		.byte	0xa
 1097 055b 1E       		.byte	0x1e
 1098 055c 19       		.uleb128 0x19
 1099 055d 12010000 		.4byte	.LASF48
 1100 0561 12010000 		.4byte	.LASF48
 1101 0565 0B       		.byte	0xb
 1102 0566 1E       		.byte	0x1e
 1103 0567 19       		.uleb128 0x19
 1104 0568 3C010000 		.4byte	.LASF49
 1105 056c 3C010000 		.4byte	.LASF49
 1106 0570 06       		.byte	0x6
 1107 0571 38       		.byte	0x38
 1108 0572 19       		.uleb128 0x19
 1109 0573 7D000000 		.4byte	.LASF50
 1110 0577 7D000000 		.4byte	.LASF50
 1111 057b 07       		.byte	0x7
ARM GAS  C:\Users\Admin\AppData\Local\Temp\cco7RlDa.s 			page 22


 1112 057c 18       		.byte	0x18
 1113 057d 19       		.uleb128 0x19
 1114 057e 14020000 		.4byte	.LASF51
 1115 0582 14020000 		.4byte	.LASF51
 1116 0586 06       		.byte	0x6
 1117 0587 3B       		.byte	0x3b
 1118 0588 19       		.uleb128 0x19
 1119 0589 5D000000 		.4byte	.LASF52
 1120 058d 5D000000 		.4byte	.LASF52
 1121 0591 06       		.byte	0x6
 1122 0592 3F       		.byte	0x3f
 1123 0593 19       		.uleb128 0x19
 1124 0594 E5030000 		.4byte	.LASF53
 1125 0598 E5030000 		.4byte	.LASF53
 1126 059c 06       		.byte	0x6
 1127 059d 2F       		.byte	0x2f
 1128 059e 19       		.uleb128 0x19
 1129 059f A4020000 		.4byte	.LASF54
 1130 05a3 A4020000 		.4byte	.LASF54
 1131 05a7 06       		.byte	0x6
 1132 05a8 29       		.byte	0x29
 1133 05a9 19       		.uleb128 0x19
 1134 05aa 45040000 		.4byte	.LASF55
 1135 05ae 45040000 		.4byte	.LASF55
 1136 05b2 06       		.byte	0x6
 1137 05b3 30       		.byte	0x30
 1138 05b4 1A       		.uleb128 0x1a
 1139 05b5 96030000 		.4byte	.LASF56
 1140 05b9 96030000 		.4byte	.LASF56
 1141 05bd 1A       		.uleb128 0x1a
 1142 05be 75020000 		.4byte	.LASF57
 1143 05c2 75020000 		.4byte	.LASF57
 1144 05c6 00       		.byte	0
 1145              		.section	.debug_abbrev,"",%progbits
 1146              	.Ldebug_abbrev0:
 1147 0000 01       		.uleb128 0x1
 1148 0001 11       		.uleb128 0x11
 1149 0002 01       		.byte	0x1
 1150 0003 25       		.uleb128 0x25
 1151 0004 0E       		.uleb128 0xe
 1152 0005 13       		.uleb128 0x13
 1153 0006 0B       		.uleb128 0xb
 1154 0007 03       		.uleb128 0x3
 1155 0008 0E       		.uleb128 0xe
 1156 0009 1B       		.uleb128 0x1b
 1157 000a 0E       		.uleb128 0xe
 1158 000b 55       		.uleb128 0x55
 1159 000c 17       		.uleb128 0x17
 1160 000d 11       		.uleb128 0x11
 1161 000e 01       		.uleb128 0x1
 1162 000f 10       		.uleb128 0x10
 1163 0010 17       		.uleb128 0x17
 1164 0011 00       		.byte	0
 1165 0012 00       		.byte	0
 1166 0013 02       		.uleb128 0x2
 1167 0014 24       		.uleb128 0x24
 1168 0015 00       		.byte	0
ARM GAS  C:\Users\Admin\AppData\Local\Temp\cco7RlDa.s 			page 23


 1169 0016 0B       		.uleb128 0xb
 1170 0017 0B       		.uleb128 0xb
 1171 0018 3E       		.uleb128 0x3e
 1172 0019 0B       		.uleb128 0xb
 1173 001a 03       		.uleb128 0x3
 1174 001b 0E       		.uleb128 0xe
 1175 001c 00       		.byte	0
 1176 001d 00       		.byte	0
 1177 001e 03       		.uleb128 0x3
 1178 001f 16       		.uleb128 0x16
 1179 0020 00       		.byte	0
 1180 0021 03       		.uleb128 0x3
 1181 0022 0E       		.uleb128 0xe
 1182 0023 3A       		.uleb128 0x3a
 1183 0024 0B       		.uleb128 0xb
 1184 0025 3B       		.uleb128 0x3b
 1185 0026 0B       		.uleb128 0xb
 1186 0027 49       		.uleb128 0x49
 1187 0028 13       		.uleb128 0x13
 1188 0029 00       		.byte	0
 1189 002a 00       		.byte	0
 1190 002b 04       		.uleb128 0x4
 1191 002c 24       		.uleb128 0x24
 1192 002d 00       		.byte	0
 1193 002e 0B       		.uleb128 0xb
 1194 002f 0B       		.uleb128 0xb
 1195 0030 3E       		.uleb128 0x3e
 1196 0031 0B       		.uleb128 0xb
 1197 0032 03       		.uleb128 0x3
 1198 0033 08       		.uleb128 0x8
 1199 0034 00       		.byte	0
 1200 0035 00       		.byte	0
 1201 0036 05       		.uleb128 0x5
 1202 0037 16       		.uleb128 0x16
 1203 0038 00       		.byte	0
 1204 0039 03       		.uleb128 0x3
 1205 003a 0E       		.uleb128 0xe
 1206 003b 3A       		.uleb128 0x3a
 1207 003c 0B       		.uleb128 0xb
 1208 003d 3B       		.uleb128 0x3b
 1209 003e 05       		.uleb128 0x5
 1210 003f 49       		.uleb128 0x49
 1211 0040 13       		.uleb128 0x13
 1212 0041 00       		.byte	0
 1213 0042 00       		.byte	0
 1214 0043 06       		.uleb128 0x6
 1215 0044 35       		.uleb128 0x35
 1216 0045 00       		.byte	0
 1217 0046 49       		.uleb128 0x49
 1218 0047 13       		.uleb128 0x13
 1219 0048 00       		.byte	0
 1220 0049 00       		.byte	0
 1221 004a 07       		.uleb128 0x7
 1222 004b 0F       		.uleb128 0xf
 1223 004c 00       		.byte	0
 1224 004d 0B       		.uleb128 0xb
 1225 004e 0B       		.uleb128 0xb
ARM GAS  C:\Users\Admin\AppData\Local\Temp\cco7RlDa.s 			page 24


 1226 004f 00       		.byte	0
 1227 0050 00       		.byte	0
 1228 0051 08       		.uleb128 0x8
 1229 0052 2E       		.uleb128 0x2e
 1230 0053 01       		.byte	0x1
 1231 0054 3F       		.uleb128 0x3f
 1232 0055 19       		.uleb128 0x19
 1233 0056 03       		.uleb128 0x3
 1234 0057 0E       		.uleb128 0xe
 1235 0058 3A       		.uleb128 0x3a
 1236 0059 0B       		.uleb128 0xb
 1237 005a 3B       		.uleb128 0x3b
 1238 005b 0B       		.uleb128 0xb
 1239 005c 27       		.uleb128 0x27
 1240 005d 19       		.uleb128 0x19
 1241 005e 11       		.uleb128 0x11
 1242 005f 01       		.uleb128 0x1
 1243 0060 12       		.uleb128 0x12
 1244 0061 06       		.uleb128 0x6
 1245 0062 40       		.uleb128 0x40
 1246 0063 18       		.uleb128 0x18
 1247 0064 9742     		.uleb128 0x2117
 1248 0066 19       		.uleb128 0x19
 1249 0067 01       		.uleb128 0x1
 1250 0068 13       		.uleb128 0x13
 1251 0069 00       		.byte	0
 1252 006a 00       		.byte	0
 1253 006b 09       		.uleb128 0x9
 1254 006c 898201   		.uleb128 0x4109
 1255 006f 00       		.byte	0
 1256 0070 11       		.uleb128 0x11
 1257 0071 01       		.uleb128 0x1
 1258 0072 31       		.uleb128 0x31
 1259 0073 13       		.uleb128 0x13
 1260 0074 00       		.byte	0
 1261 0075 00       		.byte	0
 1262 0076 0A       		.uleb128 0xa
 1263 0077 898201   		.uleb128 0x4109
 1264 007a 01       		.byte	0x1
 1265 007b 11       		.uleb128 0x11
 1266 007c 01       		.uleb128 0x1
 1267 007d 31       		.uleb128 0x31
 1268 007e 13       		.uleb128 0x13
 1269 007f 01       		.uleb128 0x1
 1270 0080 13       		.uleb128 0x13
 1271 0081 00       		.byte	0
 1272 0082 00       		.byte	0
 1273 0083 0B       		.uleb128 0xb
 1274 0084 8A8201   		.uleb128 0x410a
 1275 0087 00       		.byte	0
 1276 0088 02       		.uleb128 0x2
 1277 0089 18       		.uleb128 0x18
 1278 008a 9142     		.uleb128 0x2111
 1279 008c 18       		.uleb128 0x18
 1280 008d 00       		.byte	0
 1281 008e 00       		.byte	0
 1282 008f 0C       		.uleb128 0xc
ARM GAS  C:\Users\Admin\AppData\Local\Temp\cco7RlDa.s 			page 25


 1283 0090 898201   		.uleb128 0x4109
 1284 0093 01       		.byte	0x1
 1285 0094 11       		.uleb128 0x11
 1286 0095 01       		.uleb128 0x1
 1287 0096 31       		.uleb128 0x31
 1288 0097 13       		.uleb128 0x13
 1289 0098 00       		.byte	0
 1290 0099 00       		.byte	0
 1291 009a 0D       		.uleb128 0xd
 1292 009b 05       		.uleb128 0x5
 1293 009c 00       		.byte	0
 1294 009d 03       		.uleb128 0x3
 1295 009e 0E       		.uleb128 0xe
 1296 009f 3A       		.uleb128 0x3a
 1297 00a0 0B       		.uleb128 0xb
 1298 00a1 3B       		.uleb128 0x3b
 1299 00a2 0B       		.uleb128 0xb
 1300 00a3 49       		.uleb128 0x49
 1301 00a4 13       		.uleb128 0x13
 1302 00a5 02       		.uleb128 0x2
 1303 00a6 17       		.uleb128 0x17
 1304 00a7 00       		.byte	0
 1305 00a8 00       		.byte	0
 1306 00a9 0E       		.uleb128 0xe
 1307 00aa 34       		.uleb128 0x34
 1308 00ab 00       		.byte	0
 1309 00ac 03       		.uleb128 0x3
 1310 00ad 0E       		.uleb128 0xe
 1311 00ae 3A       		.uleb128 0x3a
 1312 00af 0B       		.uleb128 0xb
 1313 00b0 3B       		.uleb128 0x3b
 1314 00b1 0B       		.uleb128 0xb
 1315 00b2 49       		.uleb128 0x49
 1316 00b3 13       		.uleb128 0x13
 1317 00b4 1C       		.uleb128 0x1c
 1318 00b5 06       		.uleb128 0x6
 1319 00b6 00       		.byte	0
 1320 00b7 00       		.byte	0
 1321 00b8 0F       		.uleb128 0xf
 1322 00b9 34       		.uleb128 0x34
 1323 00ba 00       		.byte	0
 1324 00bb 03       		.uleb128 0x3
 1325 00bc 0E       		.uleb128 0xe
 1326 00bd 3A       		.uleb128 0x3a
 1327 00be 0B       		.uleb128 0xb
 1328 00bf 3B       		.uleb128 0x3b
 1329 00c0 0B       		.uleb128 0xb
 1330 00c1 49       		.uleb128 0x49
 1331 00c2 13       		.uleb128 0x13
 1332 00c3 02       		.uleb128 0x2
 1333 00c4 17       		.uleb128 0x17
 1334 00c5 00       		.byte	0
 1335 00c6 00       		.byte	0
 1336 00c7 10       		.uleb128 0x10
 1337 00c8 0F       		.uleb128 0xf
 1338 00c9 00       		.byte	0
 1339 00ca 0B       		.uleb128 0xb
ARM GAS  C:\Users\Admin\AppData\Local\Temp\cco7RlDa.s 			page 26


 1340 00cb 0B       		.uleb128 0xb
 1341 00cc 49       		.uleb128 0x49
 1342 00cd 13       		.uleb128 0x13
 1343 00ce 00       		.byte	0
 1344 00cf 00       		.byte	0
 1345 00d0 11       		.uleb128 0x11
 1346 00d1 26       		.uleb128 0x26
 1347 00d2 00       		.byte	0
 1348 00d3 49       		.uleb128 0x49
 1349 00d4 13       		.uleb128 0x13
 1350 00d5 00       		.byte	0
 1351 00d6 00       		.byte	0
 1352 00d7 12       		.uleb128 0x12
 1353 00d8 26       		.uleb128 0x26
 1354 00d9 00       		.byte	0
 1355 00da 00       		.byte	0
 1356 00db 00       		.byte	0
 1357 00dc 13       		.uleb128 0x13
 1358 00dd 34       		.uleb128 0x34
 1359 00de 00       		.byte	0
 1360 00df 03       		.uleb128 0x3
 1361 00e0 0E       		.uleb128 0xe
 1362 00e1 3A       		.uleb128 0x3a
 1363 00e2 0B       		.uleb128 0xb
 1364 00e3 3B       		.uleb128 0x3b
 1365 00e4 0B       		.uleb128 0xb
 1366 00e5 49       		.uleb128 0x49
 1367 00e6 13       		.uleb128 0x13
 1368 00e7 02       		.uleb128 0x2
 1369 00e8 18       		.uleb128 0x18
 1370 00e9 00       		.byte	0
 1371 00ea 00       		.byte	0
 1372 00eb 14       		.uleb128 0x14
 1373 00ec 01       		.uleb128 0x1
 1374 00ed 01       		.byte	0x1
 1375 00ee 49       		.uleb128 0x49
 1376 00ef 13       		.uleb128 0x13
 1377 00f0 01       		.uleb128 0x1
 1378 00f1 13       		.uleb128 0x13
 1379 00f2 00       		.byte	0
 1380 00f3 00       		.byte	0
 1381 00f4 15       		.uleb128 0x15
 1382 00f5 21       		.uleb128 0x21
 1383 00f6 00       		.byte	0
 1384 00f7 49       		.uleb128 0x49
 1385 00f8 13       		.uleb128 0x13
 1386 00f9 2F       		.uleb128 0x2f
 1387 00fa 0B       		.uleb128 0xb
 1388 00fb 00       		.byte	0
 1389 00fc 00       		.byte	0
 1390 00fd 16       		.uleb128 0x16
 1391 00fe 34       		.uleb128 0x34
 1392 00ff 00       		.byte	0
 1393 0100 03       		.uleb128 0x3
 1394 0101 0E       		.uleb128 0xe
 1395 0102 3A       		.uleb128 0x3a
 1396 0103 0B       		.uleb128 0xb
ARM GAS  C:\Users\Admin\AppData\Local\Temp\cco7RlDa.s 			page 27


 1397 0104 3B       		.uleb128 0x3b
 1398 0105 05       		.uleb128 0x5
 1399 0106 49       		.uleb128 0x49
 1400 0107 13       		.uleb128 0x13
 1401 0108 3F       		.uleb128 0x3f
 1402 0109 19       		.uleb128 0x19
 1403 010a 3C       		.uleb128 0x3c
 1404 010b 19       		.uleb128 0x19
 1405 010c 00       		.byte	0
 1406 010d 00       		.byte	0
 1407 010e 17       		.uleb128 0x17
 1408 010f 21       		.uleb128 0x21
 1409 0110 00       		.byte	0
 1410 0111 49       		.uleb128 0x49
 1411 0112 13       		.uleb128 0x13
 1412 0113 2F       		.uleb128 0x2f
 1413 0114 05       		.uleb128 0x5
 1414 0115 00       		.byte	0
 1415 0116 00       		.byte	0
 1416 0117 18       		.uleb128 0x18
 1417 0118 34       		.uleb128 0x34
 1418 0119 00       		.byte	0
 1419 011a 03       		.uleb128 0x3
 1420 011b 0E       		.uleb128 0xe
 1421 011c 3A       		.uleb128 0x3a
 1422 011d 0B       		.uleb128 0xb
 1423 011e 3B       		.uleb128 0x3b
 1424 011f 0B       		.uleb128 0xb
 1425 0120 49       		.uleb128 0x49
 1426 0121 13       		.uleb128 0x13
 1427 0122 3F       		.uleb128 0x3f
 1428 0123 19       		.uleb128 0x19
 1429 0124 02       		.uleb128 0x2
 1430 0125 18       		.uleb128 0x18
 1431 0126 00       		.byte	0
 1432 0127 00       		.byte	0
 1433 0128 19       		.uleb128 0x19
 1434 0129 2E       		.uleb128 0x2e
 1435 012a 00       		.byte	0
 1436 012b 3F       		.uleb128 0x3f
 1437 012c 19       		.uleb128 0x19
 1438 012d 3C       		.uleb128 0x3c
 1439 012e 19       		.uleb128 0x19
 1440 012f 6E       		.uleb128 0x6e
 1441 0130 0E       		.uleb128 0xe
 1442 0131 03       		.uleb128 0x3
 1443 0132 0E       		.uleb128 0xe
 1444 0133 3A       		.uleb128 0x3a
 1445 0134 0B       		.uleb128 0xb
 1446 0135 3B       		.uleb128 0x3b
 1447 0136 0B       		.uleb128 0xb
 1448 0137 00       		.byte	0
 1449 0138 00       		.byte	0
 1450 0139 1A       		.uleb128 0x1a
 1451 013a 2E       		.uleb128 0x2e
 1452 013b 00       		.byte	0
 1453 013c 3F       		.uleb128 0x3f
ARM GAS  C:\Users\Admin\AppData\Local\Temp\cco7RlDa.s 			page 28


 1454 013d 19       		.uleb128 0x19
 1455 013e 3C       		.uleb128 0x3c
 1456 013f 19       		.uleb128 0x19
 1457 0140 6E       		.uleb128 0x6e
 1458 0141 0E       		.uleb128 0xe
 1459 0142 03       		.uleb128 0x3
 1460 0143 0E       		.uleb128 0xe
 1461 0144 00       		.byte	0
 1462 0145 00       		.byte	0
 1463 0146 00       		.byte	0
 1464              		.section	.debug_loc,"",%progbits
 1465              	.Ldebug_loc0:
 1466              	.LLST0:
 1467 0000 00000000 		.4byte	.LVL28
 1468 0004 0E000000 		.4byte	.LVL31
 1469 0008 0100     		.2byte	0x1
 1470 000a 50       		.byte	0x50
 1471 000b 0E000000 		.4byte	.LVL31
 1472 000f 11000000 		.4byte	.LVL32-1
 1473 0013 0100     		.2byte	0x1
 1474 0015 51       		.byte	0x51
 1475 0016 11000000 		.4byte	.LVL32-1
 1476 001a 20000000 		.4byte	.LFE66
 1477 001e 0400     		.2byte	0x4
 1478 0020 F3       		.byte	0xf3
 1479 0021 01       		.uleb128 0x1
 1480 0022 50       		.byte	0x50
 1481 0023 9F       		.byte	0x9f
 1482 0024 00000000 		.4byte	0
 1483 0028 00000000 		.4byte	0
 1484              	.LLST1:
 1485 002c 00000000 		.4byte	.LVL28
 1486 0030 0C000000 		.4byte	.LVL30
 1487 0034 0100     		.2byte	0x1
 1488 0036 51       		.byte	0x51
 1489 0037 0C000000 		.4byte	.LVL30
 1490 003b 20000000 		.4byte	.LFE66
 1491 003f 0400     		.2byte	0x4
 1492 0041 F3       		.byte	0xf3
 1493 0042 01       		.uleb128 0x1
 1494 0043 51       		.byte	0x51
 1495 0044 9F       		.byte	0x9f
 1496 0045 00000000 		.4byte	0
 1497 0049 00000000 		.4byte	0
 1498              	.LLST2:
 1499 004d 08000000 		.4byte	.LVL29
 1500 0051 0E000000 		.4byte	.LVL31
 1501 0055 0100     		.2byte	0x1
 1502 0057 50       		.byte	0x50
 1503 0058 0E000000 		.4byte	.LVL31
 1504 005c 11000000 		.4byte	.LVL32-1
 1505 0060 0100     		.2byte	0x1
 1506 0062 51       		.byte	0x51
 1507 0063 11000000 		.4byte	.LVL32-1
 1508 0067 20000000 		.4byte	.LFE66
 1509 006b 0400     		.2byte	0x4
 1510 006d F3       		.byte	0xf3
ARM GAS  C:\Users\Admin\AppData\Local\Temp\cco7RlDa.s 			page 29


 1511 006e 01       		.uleb128 0x1
 1512 006f 50       		.byte	0x50
 1513 0070 9F       		.byte	0x9f
 1514 0071 00000000 		.4byte	0
 1515 0075 00000000 		.4byte	0
 1516              		.section	.debug_aranges,"",%progbits
 1517 0000 3C000000 		.4byte	0x3c
 1518 0004 0200     		.2byte	0x2
 1519 0006 00000000 		.4byte	.Ldebug_info0
 1520 000a 04       		.byte	0x4
 1521 000b 00       		.byte	0
 1522 000c 0000     		.2byte	0
 1523 000e 0000     		.2byte	0
 1524 0010 00000000 		.4byte	.LFB63
 1525 0014 24000000 		.4byte	.LFE63-.LFB63
 1526 0018 00000000 		.4byte	.LFB64
 1527 001c 64000000 		.4byte	.LFE64-.LFB64
 1528 0020 00000000 		.4byte	.LFB65
 1529 0024 C0000000 		.4byte	.LFE65-.LFB65
 1530 0028 00000000 		.4byte	.LFB66
 1531 002c 20000000 		.4byte	.LFE66-.LFB66
 1532 0030 00000000 		.4byte	.LFB67
 1533 0034 30000000 		.4byte	.LFE67-.LFB67
 1534 0038 00000000 		.4byte	0
 1535 003c 00000000 		.4byte	0
 1536              		.section	.debug_ranges,"",%progbits
 1537              	.Ldebug_ranges0:
 1538 0000 00000000 		.4byte	.LFB63
 1539 0004 24000000 		.4byte	.LFE63
 1540 0008 00000000 		.4byte	.LFB64
 1541 000c 64000000 		.4byte	.LFE64
 1542 0010 00000000 		.4byte	.LFB65
 1543 0014 C0000000 		.4byte	.LFE65
 1544 0018 00000000 		.4byte	.LFB66
 1545 001c 20000000 		.4byte	.LFE66
 1546 0020 00000000 		.4byte	.LFB67
 1547 0024 30000000 		.4byte	.LFE67
 1548 0028 00000000 		.4byte	0
 1549 002c 00000000 		.4byte	0
 1550              		.section	.debug_line,"",%progbits
 1551              	.Ldebug_line0:
 1552 0000 08020000 		.section	.debug_str,"MS",%progbits,1
 1552      02009101 
 1552      00000201 
 1552      FB0E0D00 
 1552      01010101 
 1553              	.LASF45:
 1554 0000 46696C74 		.ascii	"Filter_1_Start\000"
 1554      65725F31 
 1554      5F537461 
 1554      727400
 1555              	.LASF44:
 1556 000f 6973725F 		.ascii	"isr_dma_done_ClearPending\000"
 1556      646D615F 
 1556      646F6E65 
 1556      5F436C65 
 1556      61725065 
ARM GAS  C:\Users\Admin\AppData\Local\Temp\cco7RlDa.s 			page 30


 1557              	.LASF41:
 1558 0029 795F7361 		.ascii	"y_salida_pulsos_hw\000"
 1558      6C696461 
 1558      5F70756C 
 1558      736F735F 
 1558      687700
 1559              	.LASF4:
 1560 003c 5F5F7569 		.ascii	"__uint8_t\000"
 1560      6E74385F 
 1560      7400
 1561              	.LASF24:
 1562 0046 444D415F 		.ascii	"DMA_Done_ISR\000"
 1562      446F6E65 
 1562      5F495352 
 1562      00
 1563              	.LASF5:
 1564 0053 5F5F696E 		.ascii	"__int32_t\000"
 1564      7433325F 
 1564      7400
 1565              	.LASF52:
 1566 005d 4379446D 		.ascii	"CyDmaTdSetAddress\000"
 1566      61546453 
 1566      65744164 
 1566      64726573 
 1566      7300
 1567              	.LASF40:
 1568 006f 795F656E 		.ascii	"y_entrada_q32\000"
 1568      74726164 
 1568      615F7133 
 1568      3200
 1569              	.LASF50:
 1570 007d 6973725F 		.ascii	"isr_dma_done_StartEx\000"
 1570      646D615F 
 1570      646F6E65 
 1570      5F537461 
 1570      72744578 
 1571              	.LASF60:
 1572 0092 443A5C44 		.ascii	"D:\\Documentos\\GitHub\\Afinador-Guitarra-PsoC-5LP\\"
 1572      6F63756D 
 1572      656E746F 
 1572      735C4769 
 1572      74487562 
 1573 00c2 50726F79 		.ascii	"ProyectoPDS\\ProyectoPDS solo matlab\\lab5-fiuna-fi"
 1573      6563746F 
 1573      5044535C 
 1573      50726F79 
 1573      6563746F 
 1574 00f3 6C74726F 		.ascii	"ltros_sencillos\\Design01.cydsn\000"
 1574      735F7365 
 1574      6E63696C 
 1574      6C6F735C 
 1574      44657369 
 1575              	.LASF48:
 1576 0112 444D415F 		.ascii	"DMA_a_Comp_DmaInitialize\000"
 1576      615F436F 
 1576      6D705F44 
 1576      6D61496E 
ARM GAS  C:\Users\Admin\AppData\Local\Temp\cco7RlDa.s 			page 31


 1576      69746961 
 1577              	.LASF30:
 1578 012b 64657374 		.ascii	"dest_ptr\000"
 1578      5F707472 
 1578      00
 1579              	.LASF13:
 1580 0134 696E7433 		.ascii	"int32_t\000"
 1580      325F7400 
 1581              	.LASF49:
 1582 013c 4379446D 		.ascii	"CyDmaTdAllocate\000"
 1582      61546441 
 1582      6C6C6F63 
 1582      61746500 
 1583              	.LASF38:
 1584 014c 444D415F 		.ascii	"DMA_a_Comp_TD\000"
 1584      615F436F 
 1584      6D705F54 
 1584      4400
 1585              	.LASF18:
 1586 015a 666C6F61 		.ascii	"float\000"
 1586      7400
 1587              	.LASF59:
 1588 0160 67657374 		.ascii	"gestion_hardware.c\000"
 1588      696F6E5F 
 1588      68617264 
 1588      77617265 
 1588      2E6300
 1589              	.LASF1:
 1590 0173 756E7369 		.ascii	"unsigned char\000"
 1590      676E6564 
 1590      20636861 
 1590      7200
 1591              	.LASF58:
 1592 0181 474E5520 		.ascii	"GNU C11 5.4.1 20160609 (release) [ARM/embedded-5-br"
 1592      43313120 
 1592      352E342E 
 1592      31203230 
 1592      31363036 
 1593 01b4 616E6368 		.ascii	"anch revision 237715] -mcpu=cortex-m3 -mthumb -g -O"
 1593      20726576 
 1593      6973696F 
 1593      6E203233 
 1593      37373135 
 1594 01e7 67202D66 		.ascii	"g -ffunction-sections -ffat-lto-objects\000"
 1594      66756E63 
 1594      74696F6E 
 1594      2D736563 
 1594      74696F6E 
 1595              	.LASF21:
 1596 020f 72656738 		.ascii	"reg8\000"
 1596      00
 1597              	.LASF51:
 1598 0214 4379446D 		.ascii	"CyDmaTdSetConfiguration\000"
 1598      61546453 
 1598      6574436F 
 1598      6E666967 
 1598      75726174 
ARM GAS  C:\Users\Admin\AppData\Local\Temp\cco7RlDa.s 			page 32


 1599              	.LASF8:
 1600 022c 6C6F6E67 		.ascii	"long unsigned int\000"
 1600      20756E73 
 1600      69676E65 
 1600      6420696E 
 1600      7400
 1601              	.LASF3:
 1602 023e 73686F72 		.ascii	"short unsigned int\000"
 1602      7420756E 
 1602      7369676E 
 1602      65642069 
 1602      6E7400
 1603              	.LASF39:
 1604 0251 49544D5F 		.ascii	"ITM_RxBuffer\000"
 1604      52784275 
 1604      66666572 
 1604      00
 1605              	.LASF34:
 1606 025e 444D415F 		.ascii	"DMA_Out_Chan\000"
 1606      4F75745F 
 1606      4368616E 
 1606      00
 1607              	.LASF36:
 1608 026b 444D415F 		.ascii	"DMA_In_TD\000"
 1608      496E5F54 
 1608      4400
 1609              	.LASF57:
 1610 0275 6D656D73 		.ascii	"memset\000"
 1610      657400
 1611              	.LASF19:
 1612 027c 646F7562 		.ascii	"double\000"
 1612      6C6500
 1613              	.LASF42:
 1614 0283 646D615F 		.ascii	"dma_transfer_complete\000"
 1614      7472616E 
 1614      73666572 
 1614      5F636F6D 
 1614      706C6574 
 1615              	.LASF7:
 1616 0299 5F5F7569 		.ascii	"__uint32_t\000"
 1616      6E743332 
 1616      5F7400
 1617              	.LASF54:
 1618 02a4 4379446D 		.ascii	"CyDmaChEnable\000"
 1618      61436845 
 1618      6E61626C 
 1618      6500
 1619              	.LASF16:
 1620 02b2 75696E74 		.ascii	"uint16\000"
 1620      313600
 1621              	.LASF17:
 1622 02b9 75696E74 		.ascii	"uint32\000"
 1622      333200
 1623              	.LASF31:
 1624 02c0 7372635F 		.ascii	"src_ptr\000"
 1624      70747200 
 1625              	.LASF35:
ARM GAS  C:\Users\Admin\AppData\Local\Temp\cco7RlDa.s 			page 33


 1626 02c8 444D415F 		.ascii	"DMA_a_Comp_Chan\000"
 1626      615F436F 
 1626      6D705F43 
 1626      68616E00 
 1627              	.LASF11:
 1628 02d8 756E7369 		.ascii	"unsigned int\000"
 1628      676E6564 
 1628      20696E74 
 1628      00
 1629              	.LASF33:
 1630 02e5 444D415F 		.ascii	"DMA_In_Chan\000"
 1630      496E5F43 
 1630      68616E00 
 1631              	.LASF26:
 1632 02f1 48617264 		.ascii	"Hardware_Configurar_Disparar_DMA\000"
 1632      77617265 
 1632      5F436F6E 
 1632      66696775 
 1632      7261725F 
 1633              	.LASF10:
 1634 0312 6C6F6E67 		.ascii	"long long unsigned int\000"
 1634      206C6F6E 
 1634      6720756E 
 1634      7369676E 
 1634      65642069 
 1635              	.LASF12:
 1636 0329 75696E74 		.ascii	"uint8_t\000"
 1636      385F7400 
 1637              	.LASF46:
 1638 0331 444D415F 		.ascii	"DMA_In_DmaInitialize\000"
 1638      496E5F44 
 1638      6D61496E 
 1638      69746961 
 1638      6C697A65 
 1639              	.LASF0:
 1640 0346 7369676E 		.ascii	"signed char\000"
 1640      65642063 
 1640      68617200 
 1641              	.LASF28:
 1642 0352 6E65775F 		.ascii	"new_coeffs\000"
 1642      636F6566 
 1642      667300
 1643              	.LASF22:
 1644 035d 6C6F6E67 		.ascii	"long double\000"
 1644      20646F75 
 1644      626C6500 
 1645              	.LASF23:
 1646 0369 73697A65 		.ascii	"sizetype\000"
 1646      74797065 
 1646      00
 1647              	.LASF25:
 1648 0372 48617264 		.ascii	"Hardware_Iniciar\000"
 1648      77617265 
 1648      5F496E69 
 1648      63696172 
 1648      00
 1649              	.LASF9:
ARM GAS  C:\Users\Admin\AppData\Local\Temp\cco7RlDa.s 			page 34


 1650 0383 6C6F6E67 		.ascii	"long long int\000"
 1650      206C6F6E 
 1650      6720696E 
 1650      7400
 1651              	.LASF20:
 1652 0391 63686172 		.ascii	"char\000"
 1652      00
 1653              	.LASF56:
 1654 0396 6D656D63 		.ascii	"memcpy\000"
 1654      707900
 1655              	.LASF2:
 1656 039d 73686F72 		.ascii	"short int\000"
 1656      7420696E 
 1656      7400
 1657              	.LASF32:
 1658 03a7 48617264 		.ascii	"Hardware_Reiniciar_Proceso\000"
 1658      77617265 
 1658      5F526569 
 1658      6E696369 
 1658      61725F50 
 1659              	.LASF15:
 1660 03c2 75696E74 		.ascii	"uint8\000"
 1660      3800
 1661              	.LASF27:
 1662 03c8 48617264 		.ascii	"Hardware_Cargar_Coeficientes\000"
 1662      77617265 
 1662      5F436172 
 1662      6761725F 
 1662      436F6566 
 1663              	.LASF53:
 1664 03e5 4379446D 		.ascii	"CyDmaChSetInitialTd\000"
 1664      61436853 
 1664      6574496E 
 1664      69746961 
 1664      6C546400 
 1665              	.LASF14:
 1666 03f9 75696E74 		.ascii	"uint32_t\000"
 1666      33325F74 
 1666      00
 1667              	.LASF6:
 1668 0402 6C6F6E67 		.ascii	"long int\000"
 1668      20696E74 
 1668      00
 1669              	.LASF37:
 1670 040b 444D415F 		.ascii	"DMA_Out_TD\000"
 1670      4F75745F 
 1670      544400
 1671              	.LASF29:
 1672 0416 6E756D5F 		.ascii	"num_bytes\000"
 1672      62797465 
 1672      7300
 1673              	.LASF43:
 1674 0420 4379446D 		.ascii	"CyDmaChDisable\000"
 1674      61436844 
 1674      69736162 
 1674      6C6500
 1675              	.LASF47:
ARM GAS  C:\Users\Admin\AppData\Local\Temp\cco7RlDa.s 			page 35


 1676 042f 444D415F 		.ascii	"DMA_Out_DmaInitialize\000"
 1676      4F75745F 
 1676      446D6149 
 1676      6E697469 
 1676      616C697A 
 1677              	.LASF55:
 1678 0445 4379446D 		.ascii	"CyDmaChSetRequest\000"
 1678      61436853 
 1678      65745265 
 1678      71756573 
 1678      7400
 1679              		.ident	"GCC: (GNU Tools for ARM Embedded Processors) 5.4.1 20160609 (release) [ARM/embedded-5-bran
