ARM GAS  C:\Users\Admin\AppData\Local\Temp\cch5jFtL.s 			page 1


   1              		.syntax unified
   2              		.cpu cortex-m3
   3              		.fpu softvfp
   4              		.eabi_attribute 20, 1
   5              		.eabi_attribute 21, 1
   6              		.eabi_attribute 23, 3
   7              		.eabi_attribute 24, 1
   8              		.eabi_attribute 25, 1
   9              		.eabi_attribute 26, 1
  10              		.eabi_attribute 30, 1
  11              		.eabi_attribute 34, 1
  12              		.eabi_attribute 18, 4
  13              		.thumb
  14              		.syntax unified
  15              		.file	"I2C_1.c"
  16              		.text
  17              	.Ltext0:
  18              		.cfi_sections	.debug_frame
  19              		.section	.text.I2C_1_Init,"ax",%progbits
  20              		.align	2
  21              		.global	I2C_1_Init
  22              		.thumb
  23              		.thumb_func
  24              		.type	I2C_1_Init, %function
  25              	I2C_1_Init:
  26              	.LFB0:
  27              		.file 1 "Generated_Source\\PSoC5\\I2C_1.c"
   1:Generated_Source\PSoC5/I2C_1.c **** /*******************************************************************************
   2:Generated_Source\PSoC5/I2C_1.c **** * File Name: I2C_1.c
   3:Generated_Source\PSoC5/I2C_1.c **** * Version 3.50
   4:Generated_Source\PSoC5/I2C_1.c **** *
   5:Generated_Source\PSoC5/I2C_1.c **** * Description:
   6:Generated_Source\PSoC5/I2C_1.c **** *  This file provides the source code of APIs for the I2C component.
   7:Generated_Source\PSoC5/I2C_1.c **** *  The actual protocol and operation code resides in the interrupt service
   8:Generated_Source\PSoC5/I2C_1.c **** *  routine file.
   9:Generated_Source\PSoC5/I2C_1.c **** *
  10:Generated_Source\PSoC5/I2C_1.c **** *******************************************************************************
  11:Generated_Source\PSoC5/I2C_1.c **** * Copyright 2008-2015, Cypress Semiconductor Corporation. All rights reserved.
  12:Generated_Source\PSoC5/I2C_1.c **** * You may use this file only in accordance with the license, terms, conditions,
  13:Generated_Source\PSoC5/I2C_1.c **** * disclaimers, and limitations in the end user license agreement accompanying
  14:Generated_Source\PSoC5/I2C_1.c **** * the software package with which this file was provided.
  15:Generated_Source\PSoC5/I2C_1.c **** *******************************************************************************/
  16:Generated_Source\PSoC5/I2C_1.c **** 
  17:Generated_Source\PSoC5/I2C_1.c **** #include "I2C_1_PVT.h"
  18:Generated_Source\PSoC5/I2C_1.c **** 
  19:Generated_Source\PSoC5/I2C_1.c **** 
  20:Generated_Source\PSoC5/I2C_1.c **** /**********************************
  21:Generated_Source\PSoC5/I2C_1.c **** *      System variables
  22:Generated_Source\PSoC5/I2C_1.c **** **********************************/
  23:Generated_Source\PSoC5/I2C_1.c **** 
  24:Generated_Source\PSoC5/I2C_1.c **** uint8 I2C_1_initVar = 0u; /* Defines if component was initialized */
  25:Generated_Source\PSoC5/I2C_1.c **** 
  26:Generated_Source\PSoC5/I2C_1.c **** volatile uint8 I2C_1_state;  /* Current state of I2C FSM */
  27:Generated_Source\PSoC5/I2C_1.c **** 
  28:Generated_Source\PSoC5/I2C_1.c **** 
  29:Generated_Source\PSoC5/I2C_1.c **** /*******************************************************************************
  30:Generated_Source\PSoC5/I2C_1.c **** * Function Name: I2C_1_Init
ARM GAS  C:\Users\Admin\AppData\Local\Temp\cch5jFtL.s 			page 2


  31:Generated_Source\PSoC5/I2C_1.c **** ********************************************************************************
  32:Generated_Source\PSoC5/I2C_1.c **** *
  33:Generated_Source\PSoC5/I2C_1.c **** * Summary:
  34:Generated_Source\PSoC5/I2C_1.c **** *  Initializes I2C registers with initial values provided from customizer.
  35:Generated_Source\PSoC5/I2C_1.c **** *
  36:Generated_Source\PSoC5/I2C_1.c **** * Parameters:
  37:Generated_Source\PSoC5/I2C_1.c **** *  None.
  38:Generated_Source\PSoC5/I2C_1.c **** *
  39:Generated_Source\PSoC5/I2C_1.c **** * Return:
  40:Generated_Source\PSoC5/I2C_1.c **** *  None.
  41:Generated_Source\PSoC5/I2C_1.c **** *
  42:Generated_Source\PSoC5/I2C_1.c **** * Global variables:
  43:Generated_Source\PSoC5/I2C_1.c **** *  None.
  44:Generated_Source\PSoC5/I2C_1.c **** *
  45:Generated_Source\PSoC5/I2C_1.c **** * Reentrant:
  46:Generated_Source\PSoC5/I2C_1.c **** *  No.
  47:Generated_Source\PSoC5/I2C_1.c **** *
  48:Generated_Source\PSoC5/I2C_1.c **** *******************************************************************************/
  49:Generated_Source\PSoC5/I2C_1.c **** void I2C_1_Init(void) 
  50:Generated_Source\PSoC5/I2C_1.c **** {
  28              		.loc 1 50 0
  29              		.cfi_startproc
  30              		@ args = 0, pretend = 0, frame = 0
  31              		@ frame_needed = 0, uses_anonymous_args = 0
  32 0000 38B5     		push	{r3, r4, r5, lr}
  33              		.cfi_def_cfa_offset 16
  34              		.cfi_offset 3, -16
  35              		.cfi_offset 4, -12
  36              		.cfi_offset 5, -8
  37              		.cfi_offset 14, -4
  51:Generated_Source\PSoC5/I2C_1.c **** #if (I2C_1_FF_IMPLEMENTED)
  52:Generated_Source\PSoC5/I2C_1.c ****     /* Configure fixed function block */
  53:Generated_Source\PSoC5/I2C_1.c ****     I2C_1_CFG_REG  = I2C_1_DEFAULT_CFG;
  38              		.loc 1 53 0
  39 0002 0322     		movs	r2, #3
  40 0004 164B     		ldr	r3, .L3
  41 0006 1A70     		strb	r2, [r3]
  54:Generated_Source\PSoC5/I2C_1.c ****     I2C_1_XCFG_REG = I2C_1_DEFAULT_XCFG;
  42              		.loc 1 54 0
  43 0008 8122     		movs	r2, #129
  44 000a 0E3B     		subs	r3, r3, #14
  45 000c 1A70     		strb	r2, [r3]
  55:Generated_Source\PSoC5/I2C_1.c ****     I2C_1_ADDR_REG = I2C_1_DEFAULT_ADDR;
  46              		.loc 1 55 0
  47 000e 0825     		movs	r5, #8
  48 0010 0233     		adds	r3, r3, #2
  49 0012 1D70     		strb	r5, [r3]
  56:Generated_Source\PSoC5/I2C_1.c ****     I2C_1_CLKDIV1_REG = LO8(I2C_1_DEFAULT_DIVIDE_FACTOR);
  50              		.loc 1 56 0
  51 0014 2C22     		movs	r2, #44
  52 0016 1133     		adds	r3, r3, #17
  53 0018 1A70     		strb	r2, [r3]
  57:Generated_Source\PSoC5/I2C_1.c ****     I2C_1_CLKDIV2_REG = HI8(I2C_1_DEFAULT_DIVIDE_FACTOR);
  54              		.loc 1 57 0
  55 001a 0024     		movs	r4, #0
  56 001c 0133     		adds	r3, r3, #1
  57 001e 1C70     		strb	r4, [r3]
ARM GAS  C:\Users\Admin\AppData\Local\Temp\cch5jFtL.s 			page 3


  58:Generated_Source\PSoC5/I2C_1.c **** 
  59:Generated_Source\PSoC5/I2C_1.c **** #else
  60:Generated_Source\PSoC5/I2C_1.c ****     uint8 intState;
  61:Generated_Source\PSoC5/I2C_1.c **** 
  62:Generated_Source\PSoC5/I2C_1.c ****     /* Configure control and interrupt sources */
  63:Generated_Source\PSoC5/I2C_1.c ****     I2C_1_CFG_REG      = I2C_1_DEFAULT_CFG;
  64:Generated_Source\PSoC5/I2C_1.c ****     I2C_1_INT_MASK_REG = I2C_1_DEFAULT_INT_MASK;
  65:Generated_Source\PSoC5/I2C_1.c **** 
  66:Generated_Source\PSoC5/I2C_1.c ****     /* Enable interrupt generation in status */
  67:Generated_Source\PSoC5/I2C_1.c ****     intState = CyEnterCriticalSection();
  68:Generated_Source\PSoC5/I2C_1.c ****     I2C_1_INT_ENABLE_REG |= I2C_1_INTR_ENABLE;
  69:Generated_Source\PSoC5/I2C_1.c ****     CyExitCriticalSection(intState);
  70:Generated_Source\PSoC5/I2C_1.c **** 
  71:Generated_Source\PSoC5/I2C_1.c ****     /* Configure bit counter */
  72:Generated_Source\PSoC5/I2C_1.c ****     #if (I2C_1_MODE_SLAVE_ENABLED)
  73:Generated_Source\PSoC5/I2C_1.c ****         I2C_1_PERIOD_REG = I2C_1_DEFAULT_PERIOD;
  74:Generated_Source\PSoC5/I2C_1.c ****     #endif  /* (I2C_1_MODE_SLAVE_ENABLED) */
  75:Generated_Source\PSoC5/I2C_1.c **** 
  76:Generated_Source\PSoC5/I2C_1.c ****     /* Configure clock generator */
  77:Generated_Source\PSoC5/I2C_1.c ****     #if (I2C_1_MODE_MASTER_ENABLED)
  78:Generated_Source\PSoC5/I2C_1.c ****         I2C_1_MCLK_PRD_REG = I2C_1_DEFAULT_MCLK_PRD;
  79:Generated_Source\PSoC5/I2C_1.c ****         I2C_1_MCLK_CMP_REG = I2C_1_DEFAULT_MCLK_CMP;
  80:Generated_Source\PSoC5/I2C_1.c ****     #endif /* (I2C_1_MODE_MASTER_ENABLED) */
  81:Generated_Source\PSoC5/I2C_1.c **** #endif /* (I2C_1_FF_IMPLEMENTED) */
  82:Generated_Source\PSoC5/I2C_1.c **** 
  83:Generated_Source\PSoC5/I2C_1.c **** #if (I2C_1_TIMEOUT_ENABLED)
  84:Generated_Source\PSoC5/I2C_1.c ****     I2C_1_TimeoutInit();
  85:Generated_Source\PSoC5/I2C_1.c **** #endif /* (I2C_1_TIMEOUT_ENABLED) */
  86:Generated_Source\PSoC5/I2C_1.c **** 
  87:Generated_Source\PSoC5/I2C_1.c ****     /* Configure internal interrupt */
  88:Generated_Source\PSoC5/I2C_1.c ****     CyIntDisable    (I2C_1_ISR_NUMBER);
  58              		.loc 1 88 0
  59 0020 4FF40042 		mov	r2, #32768
  60 0024 0F4B     		ldr	r3, .L3+4
  61 0026 1A60     		str	r2, [r3]
  89:Generated_Source\PSoC5/I2C_1.c ****     CyIntSetPriority(I2C_1_ISR_NUMBER, I2C_1_ISR_PRIORITY);
  62              		.loc 1 89 0
  63 0028 0721     		movs	r1, #7
  64 002a 0F20     		movs	r0, #15
  65 002c FFF7FEFF 		bl	CyIntSetPriority
  66              	.LVL0:
  90:Generated_Source\PSoC5/I2C_1.c ****     #if (I2C_1_INTERN_I2C_INTR_HANDLER)
  91:Generated_Source\PSoC5/I2C_1.c ****         (void) CyIntSetVector(I2C_1_ISR_NUMBER, &I2C_1_ISR);
  67              		.loc 1 91 0
  68 0030 0D49     		ldr	r1, .L3+8
  69 0032 0F20     		movs	r0, #15
  70 0034 FFF7FEFF 		bl	CyIntSetVector
  71              	.LVL1:
  92:Generated_Source\PSoC5/I2C_1.c ****     #endif /* (I2C_1_INTERN_I2C_INTR_HANDLER) */
  93:Generated_Source\PSoC5/I2C_1.c **** 
  94:Generated_Source\PSoC5/I2C_1.c ****     /* Set FSM to default state */
  95:Generated_Source\PSoC5/I2C_1.c ****     I2C_1_state = I2C_1_SM_IDLE;
  72              		.loc 1 95 0
  73 0038 1022     		movs	r2, #16
  74 003a 0C4B     		ldr	r3, .L3+12
  75 003c 1A70     		strb	r2, [r3]
  96:Generated_Source\PSoC5/I2C_1.c **** 
ARM GAS  C:\Users\Admin\AppData\Local\Temp\cch5jFtL.s 			page 4


  97:Generated_Source\PSoC5/I2C_1.c **** #if (I2C_1_MODE_SLAVE_ENABLED)
  98:Generated_Source\PSoC5/I2C_1.c ****     /* Clear status and buffers index */
  99:Generated_Source\PSoC5/I2C_1.c ****     I2C_1_slStatus = 0u;
  76              		.loc 1 99 0
  77 003e 0C4B     		ldr	r3, .L3+16
  78 0040 1C70     		strb	r4, [r3]
 100:Generated_Source\PSoC5/I2C_1.c ****     I2C_1_slRdBufIndex = 0u;
  79              		.loc 1 100 0
  80 0042 0C4B     		ldr	r3, .L3+20
  81 0044 1C70     		strb	r4, [r3]
 101:Generated_Source\PSoC5/I2C_1.c ****     I2C_1_slWrBufIndex = 0u;
  82              		.loc 1 101 0
  83 0046 0C4B     		ldr	r3, .L3+24
  84 0048 1C70     		strb	r4, [r3]
 102:Generated_Source\PSoC5/I2C_1.c **** 
 103:Generated_Source\PSoC5/I2C_1.c ****     /* Configure matched address */
 104:Generated_Source\PSoC5/I2C_1.c ****     I2C_1_SlaveSetAddress(I2C_1_DEFAULT_ADDR);
  85              		.loc 1 104 0
  86 004a 2846     		mov	r0, r5
  87 004c FFF7FEFF 		bl	I2C_1_SlaveSetAddress
  88              	.LVL2:
 105:Generated_Source\PSoC5/I2C_1.c **** #endif /* (I2C_1_MODE_SLAVE_ENABLED) */
 106:Generated_Source\PSoC5/I2C_1.c **** 
 107:Generated_Source\PSoC5/I2C_1.c **** #if (I2C_1_MODE_MASTER_ENABLED)
 108:Generated_Source\PSoC5/I2C_1.c ****     /* Clear status and buffers index */
 109:Generated_Source\PSoC5/I2C_1.c ****     I2C_1_mstrStatus = 0u;
  89              		.loc 1 109 0
  90 0050 0A4B     		ldr	r3, .L3+28
  91 0052 1C70     		strb	r4, [r3]
 110:Generated_Source\PSoC5/I2C_1.c ****     I2C_1_mstrRdBufIndex = 0u;
  92              		.loc 1 110 0
  93 0054 0A4B     		ldr	r3, .L3+32
  94 0056 1C70     		strb	r4, [r3]
 111:Generated_Source\PSoC5/I2C_1.c ****     I2C_1_mstrWrBufIndex = 0u;
  95              		.loc 1 111 0
  96 0058 0A4B     		ldr	r3, .L3+36
  97 005a 1C70     		strb	r4, [r3]
  98 005c 38BD     		pop	{r3, r4, r5, pc}
  99              	.L4:
 100 005e 00BF     		.align	2
 101              	.L3:
 102 0060 D6490040 		.word	1073760726
 103 0064 80E100E0 		.word	-536813184
 104 0068 00000000 		.word	I2C_1_ISR
 105 006c 00000000 		.word	I2C_1_state
 106 0070 00000000 		.word	I2C_1_slStatus
 107 0074 00000000 		.word	I2C_1_slRdBufIndex
 108 0078 00000000 		.word	I2C_1_slWrBufIndex
 109 007c 00000000 		.word	I2C_1_mstrStatus
 110 0080 00000000 		.word	I2C_1_mstrRdBufIndex
 111 0084 00000000 		.word	I2C_1_mstrWrBufIndex
 112              		.cfi_endproc
 113              	.LFE0:
 114              		.size	I2C_1_Init, .-I2C_1_Init
 115              		.section	.text.I2C_1_Enable,"ax",%progbits
 116              		.align	2
 117              		.global	I2C_1_Enable
ARM GAS  C:\Users\Admin\AppData\Local\Temp\cch5jFtL.s 			page 5


 118              		.thumb
 119              		.thumb_func
 120              		.type	I2C_1_Enable, %function
 121              	I2C_1_Enable:
 122              	.LFB1:
 112:Generated_Source\PSoC5/I2C_1.c **** #endif /* (I2C_1_MODE_MASTER_ENABLED) */
 113:Generated_Source\PSoC5/I2C_1.c **** }
 114:Generated_Source\PSoC5/I2C_1.c **** 
 115:Generated_Source\PSoC5/I2C_1.c **** 
 116:Generated_Source\PSoC5/I2C_1.c **** /*******************************************************************************
 117:Generated_Source\PSoC5/I2C_1.c **** * Function Name: I2C_1_Enable
 118:Generated_Source\PSoC5/I2C_1.c **** ********************************************************************************
 119:Generated_Source\PSoC5/I2C_1.c **** *
 120:Generated_Source\PSoC5/I2C_1.c **** * Summary:
 121:Generated_Source\PSoC5/I2C_1.c **** *  Enables I2C operations.
 122:Generated_Source\PSoC5/I2C_1.c **** *
 123:Generated_Source\PSoC5/I2C_1.c **** * Parameters:
 124:Generated_Source\PSoC5/I2C_1.c **** *  None.
 125:Generated_Source\PSoC5/I2C_1.c **** *
 126:Generated_Source\PSoC5/I2C_1.c **** * Return:
 127:Generated_Source\PSoC5/I2C_1.c **** *  None.
 128:Generated_Source\PSoC5/I2C_1.c **** *
 129:Generated_Source\PSoC5/I2C_1.c **** * Global variables:
 130:Generated_Source\PSoC5/I2C_1.c **** *  None.
 131:Generated_Source\PSoC5/I2C_1.c **** *
 132:Generated_Source\PSoC5/I2C_1.c **** *******************************************************************************/
 133:Generated_Source\PSoC5/I2C_1.c **** void I2C_1_Enable(void) 
 134:Generated_Source\PSoC5/I2C_1.c **** {
 123              		.loc 1 134 0
 124              		.cfi_startproc
 125              		@ args = 0, pretend = 0, frame = 0
 126              		@ frame_needed = 0, uses_anonymous_args = 0
 127 0000 08B5     		push	{r3, lr}
 128              		.cfi_def_cfa_offset 8
 129              		.cfi_offset 3, -8
 130              		.cfi_offset 14, -4
 135:Generated_Source\PSoC5/I2C_1.c **** #if (I2C_1_FF_IMPLEMENTED)
 136:Generated_Source\PSoC5/I2C_1.c ****     uint8 intState;
 137:Generated_Source\PSoC5/I2C_1.c **** 
 138:Generated_Source\PSoC5/I2C_1.c ****     /* Enable power to block */
 139:Generated_Source\PSoC5/I2C_1.c ****     intState = CyEnterCriticalSection();
 131              		.loc 1 139 0
 132 0002 FFF7FEFF 		bl	CyEnterCriticalSection
 133              	.LVL3:
 140:Generated_Source\PSoC5/I2C_1.c ****     I2C_1_ACT_PWRMGR_REG  |= I2C_1_ACT_PWR_EN;
 134              		.loc 1 140 0
 135 0006 064A     		ldr	r2, .L7
 136 0008 1378     		ldrb	r3, [r2]	@ zero_extendqisi2
 137 000a 43F00403 		orr	r3, r3, #4
 138 000e 1370     		strb	r3, [r2]
 141:Generated_Source\PSoC5/I2C_1.c ****     I2C_1_STBY_PWRMGR_REG |= I2C_1_STBY_PWR_EN;
 139              		.loc 1 141 0
 140 0010 1032     		adds	r2, r2, #16
 141 0012 1378     		ldrb	r3, [r2]	@ zero_extendqisi2
 142 0014 43F00403 		orr	r3, r3, #4
 143 0018 1370     		strb	r3, [r2]
 142:Generated_Source\PSoC5/I2C_1.c ****     CyExitCriticalSection(intState);
ARM GAS  C:\Users\Admin\AppData\Local\Temp\cch5jFtL.s 			page 6


 144              		.loc 1 142 0
 145 001a FFF7FEFF 		bl	CyExitCriticalSection
 146              	.LVL4:
 147 001e 08BD     		pop	{r3, pc}
 148              	.L8:
 149              		.align	2
 150              	.L7:
 151 0020 A5430040 		.word	1073759141
 152              		.cfi_endproc
 153              	.LFE1:
 154              		.size	I2C_1_Enable, .-I2C_1_Enable
 155              		.section	.text.I2C_1_Start,"ax",%progbits
 156              		.align	2
 157              		.global	I2C_1_Start
 158              		.thumb
 159              		.thumb_func
 160              		.type	I2C_1_Start, %function
 161              	I2C_1_Start:
 162              	.LFB2:
 143:Generated_Source\PSoC5/I2C_1.c **** #else
 144:Generated_Source\PSoC5/I2C_1.c ****     #if (I2C_1_MODE_SLAVE_ENABLED)
 145:Generated_Source\PSoC5/I2C_1.c ****         /* Enable bit counter */
 146:Generated_Source\PSoC5/I2C_1.c ****         uint8 intState = CyEnterCriticalSection();
 147:Generated_Source\PSoC5/I2C_1.c ****         I2C_1_COUNTER_AUX_CTL_REG |= I2C_1_CNT7_ENABLE;
 148:Generated_Source\PSoC5/I2C_1.c ****         CyExitCriticalSection(intState);
 149:Generated_Source\PSoC5/I2C_1.c ****     #endif /* (I2C_1_MODE_SLAVE_ENABLED) */
 150:Generated_Source\PSoC5/I2C_1.c **** 
 151:Generated_Source\PSoC5/I2C_1.c ****     /* Enable slave or master bits */
 152:Generated_Source\PSoC5/I2C_1.c ****     I2C_1_CFG_REG |= I2C_1_ENABLE_MS;
 153:Generated_Source\PSoC5/I2C_1.c **** #endif /* (I2C_1_FF_IMPLEMENTED) */
 154:Generated_Source\PSoC5/I2C_1.c **** 
 155:Generated_Source\PSoC5/I2C_1.c **** #if (I2C_1_TIMEOUT_ENABLED)
 156:Generated_Source\PSoC5/I2C_1.c ****     I2C_1_TimeoutEnable();
 157:Generated_Source\PSoC5/I2C_1.c **** #endif /* (I2C_1_TIMEOUT_ENABLED) */
 158:Generated_Source\PSoC5/I2C_1.c **** }
 159:Generated_Source\PSoC5/I2C_1.c **** 
 160:Generated_Source\PSoC5/I2C_1.c **** 
 161:Generated_Source\PSoC5/I2C_1.c **** /*******************************************************************************
 162:Generated_Source\PSoC5/I2C_1.c **** * Function Name: I2C_1_Start
 163:Generated_Source\PSoC5/I2C_1.c **** ********************************************************************************
 164:Generated_Source\PSoC5/I2C_1.c **** *
 165:Generated_Source\PSoC5/I2C_1.c **** * Summary:
 166:Generated_Source\PSoC5/I2C_1.c **** *  Starts the I2C hardware. Enables Active mode power template bits or clock
 167:Generated_Source\PSoC5/I2C_1.c **** *  gating as appropriate. It is required to be executed before I2C bus
 168:Generated_Source\PSoC5/I2C_1.c **** *  operation.
 169:Generated_Source\PSoC5/I2C_1.c **** *
 170:Generated_Source\PSoC5/I2C_1.c **** * Parameters:
 171:Generated_Source\PSoC5/I2C_1.c **** *  None.
 172:Generated_Source\PSoC5/I2C_1.c **** *
 173:Generated_Source\PSoC5/I2C_1.c **** * Return:
 174:Generated_Source\PSoC5/I2C_1.c **** *  None.
 175:Generated_Source\PSoC5/I2C_1.c **** *
 176:Generated_Source\PSoC5/I2C_1.c **** * Side Effects:
 177:Generated_Source\PSoC5/I2C_1.c **** *  This component automatically enables its interrupt.  If I2C is enabled !
 178:Generated_Source\PSoC5/I2C_1.c **** *  without the interrupt enabled, it can lock up the I2C bus.
 179:Generated_Source\PSoC5/I2C_1.c **** *
 180:Generated_Source\PSoC5/I2C_1.c **** * Global variables:
ARM GAS  C:\Users\Admin\AppData\Local\Temp\cch5jFtL.s 			page 7


 181:Generated_Source\PSoC5/I2C_1.c **** *  I2C_1_initVar - This variable is used to check the initial
 182:Generated_Source\PSoC5/I2C_1.c **** *                             configuration, modified on the first
 183:Generated_Source\PSoC5/I2C_1.c **** *                             function call.
 184:Generated_Source\PSoC5/I2C_1.c **** *
 185:Generated_Source\PSoC5/I2C_1.c **** * Reentrant:
 186:Generated_Source\PSoC5/I2C_1.c **** *  No.
 187:Generated_Source\PSoC5/I2C_1.c **** *
 188:Generated_Source\PSoC5/I2C_1.c **** *******************************************************************************/
 189:Generated_Source\PSoC5/I2C_1.c **** void I2C_1_Start(void) 
 190:Generated_Source\PSoC5/I2C_1.c **** {
 163              		.loc 1 190 0
 164              		.cfi_startproc
 165              		@ args = 0, pretend = 0, frame = 0
 166              		@ frame_needed = 0, uses_anonymous_args = 0
 167 0000 08B5     		push	{r3, lr}
 168              		.cfi_def_cfa_offset 8
 169              		.cfi_offset 3, -8
 170              		.cfi_offset 14, -4
 191:Generated_Source\PSoC5/I2C_1.c ****     if (0u == I2C_1_initVar)
 171              		.loc 1 191 0
 172 0002 074B     		ldr	r3, .L12
 173 0004 1B78     		ldrb	r3, [r3]	@ zero_extendqisi2
 174 0006 23B9     		cbnz	r3, .L10
 192:Generated_Source\PSoC5/I2C_1.c ****     {
 193:Generated_Source\PSoC5/I2C_1.c ****         I2C_1_Init();
 175              		.loc 1 193 0
 176 0008 FFF7FEFF 		bl	I2C_1_Init
 177              	.LVL5:
 194:Generated_Source\PSoC5/I2C_1.c ****         I2C_1_initVar = 1u; /* Component initialized */
 178              		.loc 1 194 0
 179 000c 0122     		movs	r2, #1
 180 000e 044B     		ldr	r3, .L12
 181 0010 1A70     		strb	r2, [r3]
 182              	.L10:
 195:Generated_Source\PSoC5/I2C_1.c ****     }
 196:Generated_Source\PSoC5/I2C_1.c **** 
 197:Generated_Source\PSoC5/I2C_1.c ****     I2C_1_Enable();
 183              		.loc 1 197 0
 184 0012 FFF7FEFF 		bl	I2C_1_Enable
 185              	.LVL6:
 198:Generated_Source\PSoC5/I2C_1.c ****     I2C_1_EnableInt();
 186              		.loc 1 198 0
 187 0016 4FF40042 		mov	r2, #32768
 188 001a 024B     		ldr	r3, .L12+4
 189 001c 1A60     		str	r2, [r3]
 190 001e 08BD     		pop	{r3, pc}
 191              	.L13:
 192              		.align	2
 193              	.L12:
 194 0020 00000000 		.word	.LANCHOR0
 195 0024 00E100E0 		.word	-536813312
 196              		.cfi_endproc
 197              	.LFE2:
 198              		.size	I2C_1_Start, .-I2C_1_Start
 199              		.section	.text.I2C_1_Stop,"ax",%progbits
 200              		.align	2
 201              		.global	I2C_1_Stop
ARM GAS  C:\Users\Admin\AppData\Local\Temp\cch5jFtL.s 			page 8


 202              		.thumb
 203              		.thumb_func
 204              		.type	I2C_1_Stop, %function
 205              	I2C_1_Stop:
 206              	.LFB3:
 199:Generated_Source\PSoC5/I2C_1.c **** }
 200:Generated_Source\PSoC5/I2C_1.c **** 
 201:Generated_Source\PSoC5/I2C_1.c **** 
 202:Generated_Source\PSoC5/I2C_1.c **** /*******************************************************************************
 203:Generated_Source\PSoC5/I2C_1.c **** * Function Name: I2C_1_Stop
 204:Generated_Source\PSoC5/I2C_1.c **** ********************************************************************************
 205:Generated_Source\PSoC5/I2C_1.c **** *
 206:Generated_Source\PSoC5/I2C_1.c **** * Summary:
 207:Generated_Source\PSoC5/I2C_1.c **** *  Disables I2C hardware and disables I2C interrupt. Disables Active mode power
 208:Generated_Source\PSoC5/I2C_1.c **** *  template bits or clock gating as appropriate.
 209:Generated_Source\PSoC5/I2C_1.c **** *
 210:Generated_Source\PSoC5/I2C_1.c **** * Parameters:
 211:Generated_Source\PSoC5/I2C_1.c **** *  None.
 212:Generated_Source\PSoC5/I2C_1.c **** *
 213:Generated_Source\PSoC5/I2C_1.c **** * Return:
 214:Generated_Source\PSoC5/I2C_1.c **** *  None.
 215:Generated_Source\PSoC5/I2C_1.c **** *
 216:Generated_Source\PSoC5/I2C_1.c **** *******************************************************************************/
 217:Generated_Source\PSoC5/I2C_1.c **** void I2C_1_Stop(void) 
 218:Generated_Source\PSoC5/I2C_1.c **** {
 207              		.loc 1 218 0
 208              		.cfi_startproc
 209              		@ args = 0, pretend = 0, frame = 0
 210              		@ frame_needed = 0, uses_anonymous_args = 0
 211 0000 2DE9F843 		push	{r3, r4, r5, r6, r7, r8, r9, lr}
 212              		.cfi_def_cfa_offset 32
 213              		.cfi_offset 3, -32
 214              		.cfi_offset 4, -28
 215              		.cfi_offset 5, -24
 216              		.cfi_offset 6, -20
 217              		.cfi_offset 7, -16
 218              		.cfi_offset 8, -12
 219              		.cfi_offset 9, -8
 220              		.cfi_offset 14, -4
 219:Generated_Source\PSoC5/I2C_1.c ****     I2C_1_DisableInt();
 221              		.loc 1 219 0
 222 0004 4FF40049 		mov	r9, #32768
 223 0008 244B     		ldr	r3, .L16
 224 000a C3F80090 		str	r9, [r3]
 225              	.LBB2:
 220:Generated_Source\PSoC5/I2C_1.c **** 
 221:Generated_Source\PSoC5/I2C_1.c **** #if (I2C_1_TIMEOUT_ENABLED)
 222:Generated_Source\PSoC5/I2C_1.c ****     I2C_1_TimeoutStop();
 223:Generated_Source\PSoC5/I2C_1.c **** #endif  /* End (I2C_1_TIMEOUT_ENABLED) */
 224:Generated_Source\PSoC5/I2C_1.c **** 
 225:Generated_Source\PSoC5/I2C_1.c **** #if (I2C_1_FF_IMPLEMENTED)
 226:Generated_Source\PSoC5/I2C_1.c ****     {
 227:Generated_Source\PSoC5/I2C_1.c ****         uint8 intState;
 228:Generated_Source\PSoC5/I2C_1.c ****         uint16 blockResetCycles;
 229:Generated_Source\PSoC5/I2C_1.c **** 
 230:Generated_Source\PSoC5/I2C_1.c ****         /* Store registers effected by block disable */
 231:Generated_Source\PSoC5/I2C_1.c ****         I2C_1_backup.addr    = I2C_1_ADDR_REG;
ARM GAS  C:\Users\Admin\AppData\Local\Temp\cch5jFtL.s 			page 9


 226              		.loc 1 231 0
 227 000e DFF8B080 		ldr	r8, .L16+36
 228 0012 98F80030 		ldrb	r3, [r8]	@ zero_extendqisi2
 229 0016 224C     		ldr	r4, .L16+4
 230 0018 E370     		strb	r3, [r4, #3]
 232:Generated_Source\PSoC5/I2C_1.c ****         I2C_1_backup.clkDiv1 = I2C_1_CLKDIV1_REG;
 231              		.loc 1 232 0
 232 001a 224F     		ldr	r7, .L16+8
 233 001c 3B78     		ldrb	r3, [r7]	@ zero_extendqisi2
 234 001e 2371     		strb	r3, [r4, #4]
 233:Generated_Source\PSoC5/I2C_1.c ****         I2C_1_backup.clkDiv2 = I2C_1_CLKDIV2_REG;
 235              		.loc 1 233 0
 236 0020 214E     		ldr	r6, .L16+12
 237 0022 3378     		ldrb	r3, [r6]	@ zero_extendqisi2
 238 0024 6371     		strb	r3, [r4, #5]
 234:Generated_Source\PSoC5/I2C_1.c **** 
 235:Generated_Source\PSoC5/I2C_1.c ****         /* Calculate number of cycles to reset block */
 236:Generated_Source\PSoC5/I2C_1.c ****         blockResetCycles = ((uint16) ((uint16) I2C_1_CLKDIV2_REG << 8u) | I2C_1_CLKDIV1_REG) + 1u;
 239              		.loc 1 236 0
 240 0026 3078     		ldrb	r0, [r6]	@ zero_extendqisi2
 241 0028 3B78     		ldrb	r3, [r7]	@ zero_extendqisi2
 242 002a 43EA0020 		orr	r0, r3, r0, lsl #8
 243 002e 0130     		adds	r0, r0, #1
 244              	.LVL7:
 237:Generated_Source\PSoC5/I2C_1.c **** 
 238:Generated_Source\PSoC5/I2C_1.c ****         /* Disable block */
 239:Generated_Source\PSoC5/I2C_1.c ****         I2C_1_CFG_REG &= (uint8) ~I2C_1_CFG_EN_SLAVE;
 245              		.loc 1 239 0
 246 0030 1E4D     		ldr	r5, .L16+16
 247 0032 2B78     		ldrb	r3, [r5]	@ zero_extendqisi2
 248 0034 03F0FE03 		and	r3, r3, #254
 249 0038 2B70     		strb	r3, [r5]
 240:Generated_Source\PSoC5/I2C_1.c ****         /* Wait for block reset before disable power */
 241:Generated_Source\PSoC5/I2C_1.c ****         CyDelayCycles((uint32) blockResetCycles);
 250              		.loc 1 241 0
 251 003a 80B2     		uxth	r0, r0
 252 003c FFF7FEFF 		bl	CyDelayCycles
 253              	.LVL8:
 242:Generated_Source\PSoC5/I2C_1.c **** 
 243:Generated_Source\PSoC5/I2C_1.c ****         /* Disable power to block */
 244:Generated_Source\PSoC5/I2C_1.c ****         intState = CyEnterCriticalSection();
 254              		.loc 1 244 0
 255 0040 FFF7FEFF 		bl	CyEnterCriticalSection
 256              	.LVL9:
 245:Generated_Source\PSoC5/I2C_1.c ****         I2C_1_ACT_PWRMGR_REG  &= (uint8) ~I2C_1_ACT_PWR_EN;
 257              		.loc 1 245 0
 258 0044 1A4A     		ldr	r2, .L16+20
 259 0046 1378     		ldrb	r3, [r2]	@ zero_extendqisi2
 260 0048 03F0FB03 		and	r3, r3, #251
 261 004c 1370     		strb	r3, [r2]
 246:Generated_Source\PSoC5/I2C_1.c ****         I2C_1_STBY_PWRMGR_REG &= (uint8) ~I2C_1_STBY_PWR_EN;
 262              		.loc 1 246 0
 263 004e 1032     		adds	r2, r2, #16
 264 0050 1378     		ldrb	r3, [r2]	@ zero_extendqisi2
 265 0052 03F0FB03 		and	r3, r3, #251
 266 0056 1370     		strb	r3, [r2]
 247:Generated_Source\PSoC5/I2C_1.c ****         CyExitCriticalSection(intState);
ARM GAS  C:\Users\Admin\AppData\Local\Temp\cch5jFtL.s 			page 10


 267              		.loc 1 247 0
 268 0058 FFF7FEFF 		bl	CyExitCriticalSection
 269              	.LVL10:
 248:Generated_Source\PSoC5/I2C_1.c **** 
 249:Generated_Source\PSoC5/I2C_1.c ****         /* Enable block */
 250:Generated_Source\PSoC5/I2C_1.c ****         I2C_1_CFG_REG |= (uint8) I2C_1_ENABLE_MS;
 270              		.loc 1 250 0
 271 005c 2B78     		ldrb	r3, [r5]	@ zero_extendqisi2
 272 005e 43F00303 		orr	r3, r3, #3
 273 0062 2B70     		strb	r3, [r5]
 251:Generated_Source\PSoC5/I2C_1.c **** 
 252:Generated_Source\PSoC5/I2C_1.c ****         /* Restore registers effected by block disable. Ticket ID#198004 */
 253:Generated_Source\PSoC5/I2C_1.c ****         I2C_1_ADDR_REG    = I2C_1_backup.addr;
 274              		.loc 1 253 0
 275 0064 E378     		ldrb	r3, [r4, #3]	@ zero_extendqisi2
 276 0066 88F80030 		strb	r3, [r8]
 254:Generated_Source\PSoC5/I2C_1.c ****         I2C_1_ADDR_REG    = I2C_1_backup.addr;
 277              		.loc 1 254 0
 278 006a E378     		ldrb	r3, [r4, #3]	@ zero_extendqisi2
 279 006c 88F80030 		strb	r3, [r8]
 255:Generated_Source\PSoC5/I2C_1.c ****         I2C_1_CLKDIV1_REG = I2C_1_backup.clkDiv1;
 280              		.loc 1 255 0
 281 0070 2379     		ldrb	r3, [r4, #4]	@ zero_extendqisi2
 282 0072 3B70     		strb	r3, [r7]
 256:Generated_Source\PSoC5/I2C_1.c ****         I2C_1_CLKDIV2_REG = I2C_1_backup.clkDiv2;
 283              		.loc 1 256 0
 284 0074 6379     		ldrb	r3, [r4, #5]	@ zero_extendqisi2
 285 0076 3370     		strb	r3, [r6]
 286              	.LBE2:
 257:Generated_Source\PSoC5/I2C_1.c ****     }
 258:Generated_Source\PSoC5/I2C_1.c **** #else
 259:Generated_Source\PSoC5/I2C_1.c **** 
 260:Generated_Source\PSoC5/I2C_1.c ****     /* Disable slave or master bits */
 261:Generated_Source\PSoC5/I2C_1.c ****     I2C_1_CFG_REG &= (uint8) ~I2C_1_ENABLE_MS;
 262:Generated_Source\PSoC5/I2C_1.c **** 
 263:Generated_Source\PSoC5/I2C_1.c **** #if (I2C_1_MODE_SLAVE_ENABLED)
 264:Generated_Source\PSoC5/I2C_1.c ****     {
 265:Generated_Source\PSoC5/I2C_1.c ****         /* Disable bit counter */
 266:Generated_Source\PSoC5/I2C_1.c ****         uint8 intState = CyEnterCriticalSection();
 267:Generated_Source\PSoC5/I2C_1.c ****         I2C_1_COUNTER_AUX_CTL_REG &= (uint8) ~I2C_1_CNT7_ENABLE;
 268:Generated_Source\PSoC5/I2C_1.c ****         CyExitCriticalSection(intState);
 269:Generated_Source\PSoC5/I2C_1.c ****     }
 270:Generated_Source\PSoC5/I2C_1.c **** #endif /* (I2C_1_MODE_SLAVE_ENABLED) */
 271:Generated_Source\PSoC5/I2C_1.c **** 
 272:Generated_Source\PSoC5/I2C_1.c ****     /* Clear interrupt source register */
 273:Generated_Source\PSoC5/I2C_1.c ****     (void) I2C_1_CSR_REG;
 274:Generated_Source\PSoC5/I2C_1.c **** #endif /* (I2C_1_FF_IMPLEMENTED) */
 275:Generated_Source\PSoC5/I2C_1.c **** 
 276:Generated_Source\PSoC5/I2C_1.c ****     /* Disable interrupt on stop (enabled by write transaction) */
 277:Generated_Source\PSoC5/I2C_1.c ****     I2C_1_DISABLE_INT_ON_STOP;
 287              		.loc 1 277 0
 288 0078 2B78     		ldrb	r3, [r5]	@ zero_extendqisi2
 289 007a 03F0EF03 		and	r3, r3, #239
 290 007e 2B70     		strb	r3, [r5]
 278:Generated_Source\PSoC5/I2C_1.c ****     I2C_1_ClearPendingInt();
 291              		.loc 1 278 0
 292 0080 0C4B     		ldr	r3, .L16+24
ARM GAS  C:\Users\Admin\AppData\Local\Temp\cch5jFtL.s 			page 11


 293 0082 C3F80090 		str	r9, [r3]
 279:Generated_Source\PSoC5/I2C_1.c **** 
 280:Generated_Source\PSoC5/I2C_1.c ****     /* Reset FSM to default state */
 281:Generated_Source\PSoC5/I2C_1.c ****     I2C_1_state = I2C_1_SM_IDLE;
 294              		.loc 1 281 0
 295 0086 1022     		movs	r2, #16
 296 0088 0B4B     		ldr	r3, .L16+28
 297 008a 1A70     		strb	r2, [r3]
 282:Generated_Source\PSoC5/I2C_1.c **** 
 283:Generated_Source\PSoC5/I2C_1.c ****     /* Clear busy statuses */
 284:Generated_Source\PSoC5/I2C_1.c **** #if (I2C_1_MODE_SLAVE_ENABLED)
 285:Generated_Source\PSoC5/I2C_1.c ****     I2C_1_slStatus &= (uint8) ~(I2C_1_SSTAT_RD_BUSY | I2C_1_SSTAT_WR_BUSY);
 298              		.loc 1 285 0
 299 008c 0B4A     		ldr	r2, .L16+32
 300 008e 1378     		ldrb	r3, [r2]	@ zero_extendqisi2
 301 0090 03F0DD03 		and	r3, r3, #221
 302 0094 1370     		strb	r3, [r2]
 303 0096 BDE8F883 		pop	{r3, r4, r5, r6, r7, r8, r9, pc}
 304              	.L17:
 305 009a 00BF     		.align	2
 306              	.L16:
 307 009c 80E100E0 		.word	-536813184
 308 00a0 00000000 		.word	I2C_1_backup
 309 00a4 DB490040 		.word	1073760731
 310 00a8 DC490040 		.word	1073760732
 311 00ac D6490040 		.word	1073760726
 312 00b0 A5430040 		.word	1073759141
 313 00b4 80E200E0 		.word	-536812928
 314 00b8 00000000 		.word	I2C_1_state
 315 00bc 00000000 		.word	I2C_1_slStatus
 316 00c0 CA490040 		.word	1073760714
 317              		.cfi_endproc
 318              	.LFE3:
 319              		.size	I2C_1_Stop, .-I2C_1_Stop
 320              		.comm	I2C_1_state,1,1
 321              		.global	I2C_1_initVar
 322              		.bss
 323              		.set	.LANCHOR0,. + 0
 324              		.type	I2C_1_initVar, %object
 325              		.size	I2C_1_initVar, 1
 326              	I2C_1_initVar:
 327 0000 00       		.space	1
 328              		.text
 329              	.Letext0:
 330              		.file 2 "Generated_Source\\PSoC5\\cytypes.h"
 331              		.file 3 "Generated_Source\\PSoC5\\I2C_1.h"
 332              		.file 4 "Generated_Source\\PSoC5\\I2C_1_PVT.h"
 333              		.file 5 "Generated_Source\\PSoC5\\CyLib.h"
 334              		.section	.debug_info,"",%progbits
 335              	.Ldebug_info0:
 336 0000 E7020000 		.4byte	0x2e7
 337 0004 0400     		.2byte	0x4
 338 0006 00000000 		.4byte	.Ldebug_abbrev0
 339 000a 04       		.byte	0x4
 340 000b 01       		.uleb128 0x1
 341 000c 4B010000 		.4byte	.LASF46
 342 0010 0C       		.byte	0xc
ARM GAS  C:\Users\Admin\AppData\Local\Temp\cch5jFtL.s 			page 12


 343 0011 57030000 		.4byte	.LASF47
 344 0015 0E000000 		.4byte	.LASF48
 345 0019 00000000 		.4byte	.Ldebug_ranges0+0
 346 001d 00000000 		.4byte	0
 347 0021 00000000 		.4byte	.Ldebug_line0
 348 0025 02       		.uleb128 0x2
 349 0026 01       		.byte	0x1
 350 0027 06       		.byte	0x6
 351 0028 76030000 		.4byte	.LASF0
 352 002c 02       		.uleb128 0x2
 353 002d 01       		.byte	0x1
 354 002e 08       		.byte	0x8
 355 002f 3D010000 		.4byte	.LASF1
 356 0033 02       		.uleb128 0x2
 357 0034 02       		.byte	0x2
 358 0035 05       		.byte	0x5
 359 0036 FD020000 		.4byte	.LASF2
 360 003a 02       		.uleb128 0x2
 361 003b 02       		.byte	0x2
 362 003c 07       		.byte	0x7
 363 003d F1000000 		.4byte	.LASF3
 364 0041 02       		.uleb128 0x2
 365 0042 04       		.byte	0x4
 366 0043 05       		.byte	0x5
 367 0044 E8000000 		.4byte	.LASF4
 368 0048 02       		.uleb128 0x2
 369 0049 04       		.byte	0x4
 370 004a 07       		.byte	0x7
 371 004b DE010000 		.4byte	.LASF5
 372 004f 02       		.uleb128 0x2
 373 0050 08       		.byte	0x8
 374 0051 05       		.byte	0x5
 375 0052 CC020000 		.4byte	.LASF6
 376 0056 02       		.uleb128 0x2
 377 0057 08       		.byte	0x8
 378 0058 07       		.byte	0x7
 379 0059 26010000 		.4byte	.LASF7
 380 005d 03       		.uleb128 0x3
 381 005e 04       		.byte	0x4
 382 005f 05       		.byte	0x5
 383 0060 696E7400 		.ascii	"int\000"
 384 0064 02       		.uleb128 0x2
 385 0065 04       		.byte	0x4
 386 0066 07       		.byte	0x7
 387 0067 5C020000 		.4byte	.LASF8
 388 006b 04       		.uleb128 0x4
 389 006c 07030000 		.4byte	.LASF9
 390 0070 02       		.byte	0x2
 391 0071 E901     		.2byte	0x1e9
 392 0073 2C000000 		.4byte	0x2c
 393 0077 04       		.uleb128 0x4
 394 0078 26020000 		.4byte	.LASF10
 395 007c 02       		.byte	0x2
 396 007d EA01     		.2byte	0x1ea
 397 007f 3A000000 		.4byte	0x3a
 398 0083 04       		.uleb128 0x4
 399 0084 40020000 		.4byte	.LASF11
ARM GAS  C:\Users\Admin\AppData\Local\Temp\cch5jFtL.s 			page 13


 400 0088 02       		.byte	0x2
 401 0089 EB01     		.2byte	0x1eb
 402 008b 48000000 		.4byte	0x48
 403 008f 02       		.uleb128 0x2
 404 0090 04       		.byte	0x4
 405 0091 04       		.byte	0x4
 406 0092 20010000 		.4byte	.LASF12
 407 0096 02       		.uleb128 0x2
 408 0097 08       		.byte	0x8
 409 0098 04       		.byte	0x4
 410 0099 14020000 		.4byte	.LASF13
 411 009d 02       		.uleb128 0x2
 412 009e 01       		.byte	0x1
 413 009f 08       		.byte	0x8
 414 00a0 DA020000 		.4byte	.LASF14
 415 00a4 04       		.uleb128 0x4
 416 00a5 D9010000 		.4byte	.LASF15
 417 00a9 02       		.byte	0x2
 418 00aa 9302     		.2byte	0x293
 419 00ac B0000000 		.4byte	0xb0
 420 00b0 05       		.uleb128 0x5
 421 00b1 6B000000 		.4byte	0x6b
 422 00b5 04       		.uleb128 0x4
 423 00b6 8E000000 		.4byte	.LASF16
 424 00ba 02       		.byte	0x2
 425 00bb 9502     		.2byte	0x295
 426 00bd C1000000 		.4byte	0xc1
 427 00c1 05       		.uleb128 0x5
 428 00c2 83000000 		.4byte	0x83
 429 00c6 02       		.uleb128 0x2
 430 00c7 08       		.byte	0x8
 431 00c8 04       		.byte	0x4
 432 00c9 B7020000 		.4byte	.LASF17
 433 00cd 02       		.uleb128 0x2
 434 00ce 04       		.byte	0x4
 435 00cf 07       		.byte	0x7
 436 00d0 C3020000 		.4byte	.LASF18
 437 00d4 06       		.uleb128 0x6
 438 00d5 06       		.byte	0x6
 439 00d6 03       		.byte	0x3
 440 00d7 76       		.byte	0x76
 441 00d8 25010000 		.4byte	0x125
 442 00dc 07       		.uleb128 0x7
 443 00dd 4B030000 		.4byte	.LASF19
 444 00e1 03       		.byte	0x3
 445 00e2 78       		.byte	0x78
 446 00e3 6B000000 		.4byte	0x6b
 447 00e7 00       		.byte	0
 448 00e8 07       		.uleb128 0x7
 449 00e9 EC020000 		.4byte	.LASF20
 450 00ed 03       		.byte	0x3
 451 00ee 7B       		.byte	0x7b
 452 00ef 6B000000 		.4byte	0x6b
 453 00f3 01       		.byte	0x1
 454 00f4 08       		.uleb128 0x8
 455 00f5 63666700 		.ascii	"cfg\000"
 456 00f9 03       		.byte	0x3
ARM GAS  C:\Users\Admin\AppData\Local\Temp\cch5jFtL.s 			page 14


 457 00fa 7C       		.byte	0x7c
 458 00fb 6B000000 		.4byte	0x6b
 459 00ff 02       		.byte	0x2
 460 0100 07       		.uleb128 0x7
 461 0101 F0010000 		.4byte	.LASF21
 462 0105 03       		.byte	0x3
 463 0106 7D       		.byte	0x7d
 464 0107 6B000000 		.4byte	0x6b
 465 010b 03       		.byte	0x3
 466 010c 07       		.uleb128 0x7
 467 010d 90020000 		.4byte	.LASF22
 468 0111 03       		.byte	0x3
 469 0112 7E       		.byte	0x7e
 470 0113 6B000000 		.4byte	0x6b
 471 0117 04       		.byte	0x4
 472 0118 07       		.uleb128 0x7
 473 0119 98020000 		.4byte	.LASF23
 474 011d 03       		.byte	0x3
 475 011e 7F       		.byte	0x7f
 476 011f 6B000000 		.4byte	0x6b
 477 0123 05       		.byte	0x5
 478 0124 00       		.byte	0
 479 0125 09       		.uleb128 0x9
 480 0126 94000000 		.4byte	.LASF24
 481 012a 03       		.byte	0x3
 482 012b 89       		.byte	0x89
 483 012c D4000000 		.4byte	0xd4
 484 0130 0A       		.uleb128 0xa
 485 0131 04010000 		.4byte	.LASF25
 486 0135 01       		.byte	0x1
 487 0136 31       		.byte	0x31
 488 0137 00000000 		.4byte	.LFB0
 489 013b 88000000 		.4byte	.LFE0-.LFB0
 490 013f 01       		.uleb128 0x1
 491 0140 9C       		.byte	0x9c
 492 0141 81010000 		.4byte	0x181
 493 0145 0B       		.uleb128 0xb
 494 0146 30000000 		.4byte	.LVL0
 495 014a A8020000 		.4byte	0x2a8
 496 014e 5D010000 		.4byte	0x15d
 497 0152 0C       		.uleb128 0xc
 498 0153 01       		.uleb128 0x1
 499 0154 50       		.byte	0x50
 500 0155 01       		.uleb128 0x1
 501 0156 3F       		.byte	0x3f
 502 0157 0C       		.uleb128 0xc
 503 0158 01       		.uleb128 0x1
 504 0159 51       		.byte	0x51
 505 015a 01       		.uleb128 0x1
 506 015b 37       		.byte	0x37
 507 015c 00       		.byte	0
 508 015d 0B       		.uleb128 0xb
 509 015e 38000000 		.4byte	.LVL1
 510 0162 B3020000 		.4byte	0x2b3
 511 0166 70010000 		.4byte	0x170
 512 016a 0C       		.uleb128 0xc
 513 016b 01       		.uleb128 0x1
ARM GAS  C:\Users\Admin\AppData\Local\Temp\cch5jFtL.s 			page 15


 514 016c 50       		.byte	0x50
 515 016d 01       		.uleb128 0x1
 516 016e 3F       		.byte	0x3f
 517 016f 00       		.byte	0
 518 0170 0D       		.uleb128 0xd
 519 0171 50000000 		.4byte	.LVL2
 520 0175 BE020000 		.4byte	0x2be
 521 0179 0C       		.uleb128 0xc
 522 017a 01       		.uleb128 0x1
 523 017b 50       		.byte	0x50
 524 017c 02       		.uleb128 0x2
 525 017d 75       		.byte	0x75
 526 017e 00       		.sleb128 0
 527 017f 00       		.byte	0
 528 0180 00       		.byte	0
 529 0181 0A       		.uleb128 0xa
 530 0182 DF020000 		.4byte	.LASF26
 531 0186 01       		.byte	0x1
 532 0187 85       		.byte	0x85
 533 0188 00000000 		.4byte	.LFB1
 534 018c 24000000 		.4byte	.LFE1-.LFB1
 535 0190 01       		.uleb128 0x1
 536 0191 9C       		.byte	0x9c
 537 0192 B8010000 		.4byte	0x1b8
 538 0196 0E       		.uleb128 0xe
 539 0197 53020000 		.4byte	.LASF29
 540 019b 01       		.byte	0x1
 541 019c 88       		.byte	0x88
 542 019d 6B000000 		.4byte	0x6b
 543 01a1 00000000 		.4byte	.LLST0
 544 01a5 0F       		.uleb128 0xf
 545 01a6 06000000 		.4byte	.LVL3
 546 01aa C9020000 		.4byte	0x2c9
 547 01ae 0F       		.uleb128 0xf
 548 01af 1E000000 		.4byte	.LVL4
 549 01b3 D4020000 		.4byte	0x2d4
 550 01b7 00       		.byte	0
 551 01b8 0A       		.uleb128 0xa
 552 01b9 F1020000 		.4byte	.LASF27
 553 01bd 01       		.byte	0x1
 554 01be BD       		.byte	0xbd
 555 01bf 00000000 		.4byte	.LFB2
 556 01c3 28000000 		.4byte	.LFE2-.LFB2
 557 01c7 01       		.uleb128 0x1
 558 01c8 9C       		.byte	0x9c
 559 01c9 E0010000 		.4byte	0x1e0
 560 01cd 0F       		.uleb128 0xf
 561 01ce 0C000000 		.4byte	.LVL5
 562 01d2 30010000 		.4byte	0x130
 563 01d6 0F       		.uleb128 0xf
 564 01d7 16000000 		.4byte	.LVL6
 565 01db 81010000 		.4byte	0x181
 566 01df 00       		.byte	0
 567 01e0 0A       		.uleb128 0xa
 568 01e1 1B020000 		.4byte	.LASF28
 569 01e5 01       		.byte	0x1
 570 01e6 D9       		.byte	0xd9
ARM GAS  C:\Users\Admin\AppData\Local\Temp\cch5jFtL.s 			page 16


 571 01e7 00000000 		.4byte	.LFB3
 572 01eb C4000000 		.4byte	.LFE3-.LFB3
 573 01ef 01       		.uleb128 0x1
 574 01f0 9C       		.byte	0x9c
 575 01f1 39020000 		.4byte	0x239
 576 01f5 10       		.uleb128 0x10
 577 01f6 0E000000 		.4byte	.LBB2
 578 01fa 6A000000 		.4byte	.LBE2-.LBB2
 579 01fe 0E       		.uleb128 0xe
 580 01ff 53020000 		.4byte	.LASF29
 581 0203 01       		.byte	0x1
 582 0204 E3       		.byte	0xe3
 583 0205 6B000000 		.4byte	0x6b
 584 0209 13000000 		.4byte	.LLST1
 585 020d 0E       		.uleb128 0xe
 586 020e 0F010000 		.4byte	.LASF30
 587 0212 01       		.byte	0x1
 588 0213 E4       		.byte	0xe4
 589 0214 77000000 		.4byte	0x77
 590 0218 26000000 		.4byte	.LLST2
 591 021c 0F       		.uleb128 0xf
 592 021d 40000000 		.4byte	.LVL8
 593 0221 DF020000 		.4byte	0x2df
 594 0225 0F       		.uleb128 0xf
 595 0226 44000000 		.4byte	.LVL9
 596 022a C9020000 		.4byte	0x2c9
 597 022e 0F       		.uleb128 0xf
 598 022f 5C000000 		.4byte	.LVL10
 599 0233 D4020000 		.4byte	0x2d4
 600 0237 00       		.byte	0
 601 0238 00       		.byte	0
 602 0239 11       		.uleb128 0x11
 603 023a 06020000 		.4byte	.LASF31
 604 023e 01       		.byte	0x1
 605 023f 18       		.byte	0x18
 606 0240 6B000000 		.4byte	0x6b
 607 0244 05       		.uleb128 0x5
 608 0245 03       		.byte	0x3
 609 0246 00000000 		.4byte	I2C_1_initVar
 610 024a 12       		.uleb128 0x12
 611 024b DB000000 		.4byte	.LASF32
 612 024f 04       		.byte	0x4
 613 0250 21       		.byte	0x21
 614 0251 25010000 		.4byte	0x125
 615 0255 11       		.uleb128 0x11
 616 0256 47020000 		.4byte	.LASF33
 617 025a 01       		.byte	0x1
 618 025b 1A       		.byte	0x1a
 619 025c B0000000 		.4byte	0xb0
 620 0260 05       		.uleb128 0x5
 621 0261 03       		.byte	0x3
 622 0262 00000000 		.4byte	I2C_1_state
 623 0266 12       		.uleb128 0x12
 624 0267 F5010000 		.4byte	.LASF34
 625 026b 04       		.byte	0x4
 626 026c 27       		.byte	0x27
 627 026d B0000000 		.4byte	0xb0
ARM GAS  C:\Users\Admin\AppData\Local\Temp\cch5jFtL.s 			page 17


 628 0271 12       		.uleb128 0x12
 629 0272 A8000000 		.4byte	.LASF35
 630 0276 04       		.byte	0x4
 631 0277 2D       		.byte	0x2d
 632 0278 B0000000 		.4byte	0xb0
 633 027c 12       		.uleb128 0x12
 634 027d 23030000 		.4byte	.LASF36
 635 0281 04       		.byte	0x4
 636 0282 32       		.byte	0x32
 637 0283 B0000000 		.4byte	0xb0
 638 0287 12       		.uleb128 0x12
 639 0288 BD000000 		.4byte	.LASF37
 640 028c 04       		.byte	0x4
 641 028d 38       		.byte	0x38
 642 028e B0000000 		.4byte	0xb0
 643 0292 12       		.uleb128 0x12
 644 0293 38030000 		.4byte	.LASF38
 645 0297 04       		.byte	0x4
 646 0298 3D       		.byte	0x3d
 647 0299 B0000000 		.4byte	0xb0
 648 029d 12       		.uleb128 0x12
 649 029e 2D020000 		.4byte	.LASF39
 650 02a2 04       		.byte	0x4
 651 02a3 42       		.byte	0x42
 652 02a4 B0000000 		.4byte	0xb0
 653 02a8 13       		.uleb128 0x13
 654 02a9 7F020000 		.4byte	.LASF40
 655 02ad 7F020000 		.4byte	.LASF40
 656 02b1 05       		.byte	0x5
 657 02b2 8B       		.byte	0x8b
 658 02b3 13       		.uleb128 0x13
 659 02b4 CC000000 		.4byte	.LASF41
 660 02b8 CC000000 		.4byte	.LASF41
 661 02bc 05       		.byte	0x5
 662 02bd 88       		.byte	0x88
 663 02be 13       		.uleb128 0x13
 664 02bf 0D030000 		.4byte	.LASF42
 665 02c3 0D030000 		.4byte	.LASF42
 666 02c7 03       		.byte	0x3
 667 02c8 C2       		.byte	0xc2
 668 02c9 13       		.uleb128 0x13
 669 02ca A0020000 		.4byte	.LASF43
 670 02ce A0020000 		.4byte	.LASF43
 671 02d2 05       		.byte	0x5
 672 02d3 7D       		.byte	0x7d
 673 02d4 13       		.uleb128 0x13
 674 02d5 69020000 		.4byte	.LASF44
 675 02d9 69020000 		.4byte	.LASF44
 676 02dd 05       		.byte	0x5
 677 02de 7E       		.byte	0x7e
 678 02df 13       		.uleb128 0x13
 679 02e0 00000000 		.4byte	.LASF45
 680 02e4 00000000 		.4byte	.LASF45
 681 02e8 05       		.byte	0x5
 682 02e9 79       		.byte	0x79
 683 02ea 00       		.byte	0
 684              		.section	.debug_abbrev,"",%progbits
ARM GAS  C:\Users\Admin\AppData\Local\Temp\cch5jFtL.s 			page 18


 685              	.Ldebug_abbrev0:
 686 0000 01       		.uleb128 0x1
 687 0001 11       		.uleb128 0x11
 688 0002 01       		.byte	0x1
 689 0003 25       		.uleb128 0x25
 690 0004 0E       		.uleb128 0xe
 691 0005 13       		.uleb128 0x13
 692 0006 0B       		.uleb128 0xb
 693 0007 03       		.uleb128 0x3
 694 0008 0E       		.uleb128 0xe
 695 0009 1B       		.uleb128 0x1b
 696 000a 0E       		.uleb128 0xe
 697 000b 55       		.uleb128 0x55
 698 000c 17       		.uleb128 0x17
 699 000d 11       		.uleb128 0x11
 700 000e 01       		.uleb128 0x1
 701 000f 10       		.uleb128 0x10
 702 0010 17       		.uleb128 0x17
 703 0011 00       		.byte	0
 704 0012 00       		.byte	0
 705 0013 02       		.uleb128 0x2
 706 0014 24       		.uleb128 0x24
 707 0015 00       		.byte	0
 708 0016 0B       		.uleb128 0xb
 709 0017 0B       		.uleb128 0xb
 710 0018 3E       		.uleb128 0x3e
 711 0019 0B       		.uleb128 0xb
 712 001a 03       		.uleb128 0x3
 713 001b 0E       		.uleb128 0xe
 714 001c 00       		.byte	0
 715 001d 00       		.byte	0
 716 001e 03       		.uleb128 0x3
 717 001f 24       		.uleb128 0x24
 718 0020 00       		.byte	0
 719 0021 0B       		.uleb128 0xb
 720 0022 0B       		.uleb128 0xb
 721 0023 3E       		.uleb128 0x3e
 722 0024 0B       		.uleb128 0xb
 723 0025 03       		.uleb128 0x3
 724 0026 08       		.uleb128 0x8
 725 0027 00       		.byte	0
 726 0028 00       		.byte	0
 727 0029 04       		.uleb128 0x4
 728 002a 16       		.uleb128 0x16
 729 002b 00       		.byte	0
 730 002c 03       		.uleb128 0x3
 731 002d 0E       		.uleb128 0xe
 732 002e 3A       		.uleb128 0x3a
 733 002f 0B       		.uleb128 0xb
 734 0030 3B       		.uleb128 0x3b
 735 0031 05       		.uleb128 0x5
 736 0032 49       		.uleb128 0x49
 737 0033 13       		.uleb128 0x13
 738 0034 00       		.byte	0
 739 0035 00       		.byte	0
 740 0036 05       		.uleb128 0x5
 741 0037 35       		.uleb128 0x35
ARM GAS  C:\Users\Admin\AppData\Local\Temp\cch5jFtL.s 			page 19


 742 0038 00       		.byte	0
 743 0039 49       		.uleb128 0x49
 744 003a 13       		.uleb128 0x13
 745 003b 00       		.byte	0
 746 003c 00       		.byte	0
 747 003d 06       		.uleb128 0x6
 748 003e 13       		.uleb128 0x13
 749 003f 01       		.byte	0x1
 750 0040 0B       		.uleb128 0xb
 751 0041 0B       		.uleb128 0xb
 752 0042 3A       		.uleb128 0x3a
 753 0043 0B       		.uleb128 0xb
 754 0044 3B       		.uleb128 0x3b
 755 0045 0B       		.uleb128 0xb
 756 0046 01       		.uleb128 0x1
 757 0047 13       		.uleb128 0x13
 758 0048 00       		.byte	0
 759 0049 00       		.byte	0
 760 004a 07       		.uleb128 0x7
 761 004b 0D       		.uleb128 0xd
 762 004c 00       		.byte	0
 763 004d 03       		.uleb128 0x3
 764 004e 0E       		.uleb128 0xe
 765 004f 3A       		.uleb128 0x3a
 766 0050 0B       		.uleb128 0xb
 767 0051 3B       		.uleb128 0x3b
 768 0052 0B       		.uleb128 0xb
 769 0053 49       		.uleb128 0x49
 770 0054 13       		.uleb128 0x13
 771 0055 38       		.uleb128 0x38
 772 0056 0B       		.uleb128 0xb
 773 0057 00       		.byte	0
 774 0058 00       		.byte	0
 775 0059 08       		.uleb128 0x8
 776 005a 0D       		.uleb128 0xd
 777 005b 00       		.byte	0
 778 005c 03       		.uleb128 0x3
 779 005d 08       		.uleb128 0x8
 780 005e 3A       		.uleb128 0x3a
 781 005f 0B       		.uleb128 0xb
 782 0060 3B       		.uleb128 0x3b
 783 0061 0B       		.uleb128 0xb
 784 0062 49       		.uleb128 0x49
 785 0063 13       		.uleb128 0x13
 786 0064 38       		.uleb128 0x38
 787 0065 0B       		.uleb128 0xb
 788 0066 00       		.byte	0
 789 0067 00       		.byte	0
 790 0068 09       		.uleb128 0x9
 791 0069 16       		.uleb128 0x16
 792 006a 00       		.byte	0
 793 006b 03       		.uleb128 0x3
 794 006c 0E       		.uleb128 0xe
 795 006d 3A       		.uleb128 0x3a
 796 006e 0B       		.uleb128 0xb
 797 006f 3B       		.uleb128 0x3b
 798 0070 0B       		.uleb128 0xb
ARM GAS  C:\Users\Admin\AppData\Local\Temp\cch5jFtL.s 			page 20


 799 0071 49       		.uleb128 0x49
 800 0072 13       		.uleb128 0x13
 801 0073 00       		.byte	0
 802 0074 00       		.byte	0
 803 0075 0A       		.uleb128 0xa
 804 0076 2E       		.uleb128 0x2e
 805 0077 01       		.byte	0x1
 806 0078 3F       		.uleb128 0x3f
 807 0079 19       		.uleb128 0x19
 808 007a 03       		.uleb128 0x3
 809 007b 0E       		.uleb128 0xe
 810 007c 3A       		.uleb128 0x3a
 811 007d 0B       		.uleb128 0xb
 812 007e 3B       		.uleb128 0x3b
 813 007f 0B       		.uleb128 0xb
 814 0080 27       		.uleb128 0x27
 815 0081 19       		.uleb128 0x19
 816 0082 11       		.uleb128 0x11
 817 0083 01       		.uleb128 0x1
 818 0084 12       		.uleb128 0x12
 819 0085 06       		.uleb128 0x6
 820 0086 40       		.uleb128 0x40
 821 0087 18       		.uleb128 0x18
 822 0088 9742     		.uleb128 0x2117
 823 008a 19       		.uleb128 0x19
 824 008b 01       		.uleb128 0x1
 825 008c 13       		.uleb128 0x13
 826 008d 00       		.byte	0
 827 008e 00       		.byte	0
 828 008f 0B       		.uleb128 0xb
 829 0090 898201   		.uleb128 0x4109
 830 0093 01       		.byte	0x1
 831 0094 11       		.uleb128 0x11
 832 0095 01       		.uleb128 0x1
 833 0096 31       		.uleb128 0x31
 834 0097 13       		.uleb128 0x13
 835 0098 01       		.uleb128 0x1
 836 0099 13       		.uleb128 0x13
 837 009a 00       		.byte	0
 838 009b 00       		.byte	0
 839 009c 0C       		.uleb128 0xc
 840 009d 8A8201   		.uleb128 0x410a
 841 00a0 00       		.byte	0
 842 00a1 02       		.uleb128 0x2
 843 00a2 18       		.uleb128 0x18
 844 00a3 9142     		.uleb128 0x2111
 845 00a5 18       		.uleb128 0x18
 846 00a6 00       		.byte	0
 847 00a7 00       		.byte	0
 848 00a8 0D       		.uleb128 0xd
 849 00a9 898201   		.uleb128 0x4109
 850 00ac 01       		.byte	0x1
 851 00ad 11       		.uleb128 0x11
 852 00ae 01       		.uleb128 0x1
 853 00af 31       		.uleb128 0x31
 854 00b0 13       		.uleb128 0x13
 855 00b1 00       		.byte	0
ARM GAS  C:\Users\Admin\AppData\Local\Temp\cch5jFtL.s 			page 21


 856 00b2 00       		.byte	0
 857 00b3 0E       		.uleb128 0xe
 858 00b4 34       		.uleb128 0x34
 859 00b5 00       		.byte	0
 860 00b6 03       		.uleb128 0x3
 861 00b7 0E       		.uleb128 0xe
 862 00b8 3A       		.uleb128 0x3a
 863 00b9 0B       		.uleb128 0xb
 864 00ba 3B       		.uleb128 0x3b
 865 00bb 0B       		.uleb128 0xb
 866 00bc 49       		.uleb128 0x49
 867 00bd 13       		.uleb128 0x13
 868 00be 02       		.uleb128 0x2
 869 00bf 17       		.uleb128 0x17
 870 00c0 00       		.byte	0
 871 00c1 00       		.byte	0
 872 00c2 0F       		.uleb128 0xf
 873 00c3 898201   		.uleb128 0x4109
 874 00c6 00       		.byte	0
 875 00c7 11       		.uleb128 0x11
 876 00c8 01       		.uleb128 0x1
 877 00c9 31       		.uleb128 0x31
 878 00ca 13       		.uleb128 0x13
 879 00cb 00       		.byte	0
 880 00cc 00       		.byte	0
 881 00cd 10       		.uleb128 0x10
 882 00ce 0B       		.uleb128 0xb
 883 00cf 01       		.byte	0x1
 884 00d0 11       		.uleb128 0x11
 885 00d1 01       		.uleb128 0x1
 886 00d2 12       		.uleb128 0x12
 887 00d3 06       		.uleb128 0x6
 888 00d4 00       		.byte	0
 889 00d5 00       		.byte	0
 890 00d6 11       		.uleb128 0x11
 891 00d7 34       		.uleb128 0x34
 892 00d8 00       		.byte	0
 893 00d9 03       		.uleb128 0x3
 894 00da 0E       		.uleb128 0xe
 895 00db 3A       		.uleb128 0x3a
 896 00dc 0B       		.uleb128 0xb
 897 00dd 3B       		.uleb128 0x3b
 898 00de 0B       		.uleb128 0xb
 899 00df 49       		.uleb128 0x49
 900 00e0 13       		.uleb128 0x13
 901 00e1 3F       		.uleb128 0x3f
 902 00e2 19       		.uleb128 0x19
 903 00e3 02       		.uleb128 0x2
 904 00e4 18       		.uleb128 0x18
 905 00e5 00       		.byte	0
 906 00e6 00       		.byte	0
 907 00e7 12       		.uleb128 0x12
 908 00e8 34       		.uleb128 0x34
 909 00e9 00       		.byte	0
 910 00ea 03       		.uleb128 0x3
 911 00eb 0E       		.uleb128 0xe
 912 00ec 3A       		.uleb128 0x3a
ARM GAS  C:\Users\Admin\AppData\Local\Temp\cch5jFtL.s 			page 22


 913 00ed 0B       		.uleb128 0xb
 914 00ee 3B       		.uleb128 0x3b
 915 00ef 0B       		.uleb128 0xb
 916 00f0 49       		.uleb128 0x49
 917 00f1 13       		.uleb128 0x13
 918 00f2 3F       		.uleb128 0x3f
 919 00f3 19       		.uleb128 0x19
 920 00f4 3C       		.uleb128 0x3c
 921 00f5 19       		.uleb128 0x19
 922 00f6 00       		.byte	0
 923 00f7 00       		.byte	0
 924 00f8 13       		.uleb128 0x13
 925 00f9 2E       		.uleb128 0x2e
 926 00fa 00       		.byte	0
 927 00fb 3F       		.uleb128 0x3f
 928 00fc 19       		.uleb128 0x19
 929 00fd 3C       		.uleb128 0x3c
 930 00fe 19       		.uleb128 0x19
 931 00ff 6E       		.uleb128 0x6e
 932 0100 0E       		.uleb128 0xe
 933 0101 03       		.uleb128 0x3
 934 0102 0E       		.uleb128 0xe
 935 0103 3A       		.uleb128 0x3a
 936 0104 0B       		.uleb128 0xb
 937 0105 3B       		.uleb128 0x3b
 938 0106 0B       		.uleb128 0xb
 939 0107 00       		.byte	0
 940 0108 00       		.byte	0
 941 0109 00       		.byte	0
 942              		.section	.debug_loc,"",%progbits
 943              	.Ldebug_loc0:
 944              	.LLST0:
 945 0000 06000000 		.4byte	.LVL3
 946 0004 1D000000 		.4byte	.LVL4-1
 947 0008 0100     		.2byte	0x1
 948 000a 50       		.byte	0x50
 949 000b 00000000 		.4byte	0
 950 000f 00000000 		.4byte	0
 951              	.LLST1:
 952 0013 44000000 		.4byte	.LVL9
 953 0017 5B000000 		.4byte	.LVL10-1
 954 001b 0100     		.2byte	0x1
 955 001d 50       		.byte	0x50
 956 001e 00000000 		.4byte	0
 957 0022 00000000 		.4byte	0
 958              	.LLST2:
 959 0026 30000000 		.4byte	.LVL7
 960 002a 3F000000 		.4byte	.LVL8-1
 961 002e 0100     		.2byte	0x1
 962 0030 50       		.byte	0x50
 963 0031 00000000 		.4byte	0
 964 0035 00000000 		.4byte	0
 965              		.section	.debug_aranges,"",%progbits
 966 0000 34000000 		.4byte	0x34
 967 0004 0200     		.2byte	0x2
 968 0006 00000000 		.4byte	.Ldebug_info0
 969 000a 04       		.byte	0x4
ARM GAS  C:\Users\Admin\AppData\Local\Temp\cch5jFtL.s 			page 23


 970 000b 00       		.byte	0
 971 000c 0000     		.2byte	0
 972 000e 0000     		.2byte	0
 973 0010 00000000 		.4byte	.LFB0
 974 0014 88000000 		.4byte	.LFE0-.LFB0
 975 0018 00000000 		.4byte	.LFB1
 976 001c 24000000 		.4byte	.LFE1-.LFB1
 977 0020 00000000 		.4byte	.LFB2
 978 0024 28000000 		.4byte	.LFE2-.LFB2
 979 0028 00000000 		.4byte	.LFB3
 980 002c C4000000 		.4byte	.LFE3-.LFB3
 981 0030 00000000 		.4byte	0
 982 0034 00000000 		.4byte	0
 983              		.section	.debug_ranges,"",%progbits
 984              	.Ldebug_ranges0:
 985 0000 00000000 		.4byte	.LFB0
 986 0004 88000000 		.4byte	.LFE0
 987 0008 00000000 		.4byte	.LFB1
 988 000c 24000000 		.4byte	.LFE1
 989 0010 00000000 		.4byte	.LFB2
 990 0014 28000000 		.4byte	.LFE2
 991 0018 00000000 		.4byte	.LFB3
 992 001c C4000000 		.4byte	.LFE3
 993 0020 00000000 		.4byte	0
 994 0024 00000000 		.4byte	0
 995              		.section	.debug_line,"",%progbits
 996              	.Ldebug_line0:
 997 0000 DF000000 		.section	.debug_str,"MS",%progbits,1
 997      02006700 
 997      00000201 
 997      FB0E0D00 
 997      01010101 
 998              	.LASF45:
 999 0000 43794465 		.ascii	"CyDelayCycles\000"
 999      6C617943 
 999      79636C65 
 999      7300
 1000              	.LASF48:
 1001 000e 443A5C44 		.ascii	"D:\\Documentos\\GitHub\\Afinador-Guitarra-PsoC-5LP\\"
 1001      6F63756D 
 1001      656E746F 
 1001      735C4769 
 1001      74487562 
 1002 003e 50726F79 		.ascii	"ProyectoPDS\\ProyectoPDS solo matlab\\lab5-fiuna-fi"
 1002      6563746F 
 1002      5044535C 
 1002      50726F79 
 1002      6563746F 
 1003 006f 6C74726F 		.ascii	"ltros_sencillos\\Design01.cydsn\000"
 1003      735F7365 
 1003      6E63696C 
 1003      6C6F735C 
 1003      44657369 
 1004              	.LASF16:
 1005 008e 72656733 		.ascii	"reg32\000"
 1005      3200
 1006              	.LASF24:
ARM GAS  C:\Users\Admin\AppData\Local\Temp\cch5jFtL.s 			page 24


 1007 0094 4932435F 		.ascii	"I2C_1_BACKUP_STRUCT\000"
 1007      315F4241 
 1007      434B5550 
 1007      5F535452 
 1007      55435400 
 1008              	.LASF35:
 1009 00a8 4932435F 		.ascii	"I2C_1_mstrRdBufIndex\000"
 1009      315F6D73 
 1009      74725264 
 1009      42756649 
 1009      6E646578 
 1010              	.LASF37:
 1011 00bd 4932435F 		.ascii	"I2C_1_slStatus\000"
 1011      315F736C 
 1011      53746174 
 1011      757300
 1012              	.LASF41:
 1013 00cc 4379496E 		.ascii	"CyIntSetVector\000"
 1013      74536574 
 1013      56656374 
 1013      6F7200
 1014              	.LASF32:
 1015 00db 4932435F 		.ascii	"I2C_1_backup\000"
 1015      315F6261 
 1015      636B7570 
 1015      00
 1016              	.LASF4:
 1017 00e8 6C6F6E67 		.ascii	"long int\000"
 1017      20696E74 
 1017      00
 1018              	.LASF3:
 1019 00f1 73686F72 		.ascii	"short unsigned int\000"
 1019      7420756E 
 1019      7369676E 
 1019      65642069 
 1019      6E7400
 1020              	.LASF25:
 1021 0104 4932435F 		.ascii	"I2C_1_Init\000"
 1021      315F496E 
 1021      697400
 1022              	.LASF30:
 1023 010f 626C6F63 		.ascii	"blockResetCycles\000"
 1023      6B526573 
 1023      65744379 
 1023      636C6573 
 1023      00
 1024              	.LASF12:
 1025 0120 666C6F61 		.ascii	"float\000"
 1025      7400
 1026              	.LASF7:
 1027 0126 6C6F6E67 		.ascii	"long long unsigned int\000"
 1027      206C6F6E 
 1027      6720756E 
 1027      7369676E 
 1027      65642069 
 1028              	.LASF1:
 1029 013d 756E7369 		.ascii	"unsigned char\000"
ARM GAS  C:\Users\Admin\AppData\Local\Temp\cch5jFtL.s 			page 25


 1029      676E6564 
 1029      20636861 
 1029      7200
 1030              	.LASF46:
 1031 014b 474E5520 		.ascii	"GNU C11 5.4.1 20160609 (release) [ARM/embedded-5-br"
 1031      43313120 
 1031      352E342E 
 1031      31203230 
 1031      31363036 
 1032 017e 616E6368 		.ascii	"anch revision 237715] -mcpu=cortex-m3 -mthumb -g -O"
 1032      20726576 
 1032      6973696F 
 1032      6E203233 
 1032      37373135 
 1033 01b1 67202D66 		.ascii	"g -ffunction-sections -ffat-lto-objects\000"
 1033      66756E63 
 1033      74696F6E 
 1033      2D736563 
 1033      74696F6E 
 1034              	.LASF15:
 1035 01d9 72656738 		.ascii	"reg8\000"
 1035      00
 1036              	.LASF5:
 1037 01de 6C6F6E67 		.ascii	"long unsigned int\000"
 1037      20756E73 
 1037      69676E65 
 1037      6420696E 
 1037      7400
 1038              	.LASF21:
 1039 01f0 61646472 		.ascii	"addr\000"
 1039      00
 1040              	.LASF34:
 1041 01f5 4932435F 		.ascii	"I2C_1_mstrStatus\000"
 1041      315F6D73 
 1041      74725374 
 1041      61747573 
 1041      00
 1042              	.LASF31:
 1043 0206 4932435F 		.ascii	"I2C_1_initVar\000"
 1043      315F696E 
 1043      69745661 
 1043      7200
 1044              	.LASF13:
 1045 0214 646F7562 		.ascii	"double\000"
 1045      6C6500
 1046              	.LASF28:
 1047 021b 4932435F 		.ascii	"I2C_1_Stop\000"
 1047      315F5374 
 1047      6F7000
 1048              	.LASF10:
 1049 0226 75696E74 		.ascii	"uint16\000"
 1049      313600
 1050              	.LASF39:
 1051 022d 4932435F 		.ascii	"I2C_1_slWrBufIndex\000"
 1051      315F736C 
 1051      57724275 
 1051      66496E64 
ARM GAS  C:\Users\Admin\AppData\Local\Temp\cch5jFtL.s 			page 26


 1051      657800
 1052              	.LASF11:
 1053 0240 75696E74 		.ascii	"uint32\000"
 1053      333200
 1054              	.LASF33:
 1055 0247 4932435F 		.ascii	"I2C_1_state\000"
 1055      315F7374 
 1055      61746500 
 1056              	.LASF29:
 1057 0253 696E7453 		.ascii	"intState\000"
 1057      74617465 
 1057      00
 1058              	.LASF8:
 1059 025c 756E7369 		.ascii	"unsigned int\000"
 1059      676E6564 
 1059      20696E74 
 1059      00
 1060              	.LASF44:
 1061 0269 43794578 		.ascii	"CyExitCriticalSection\000"
 1061      69744372 
 1061      69746963 
 1061      616C5365 
 1061      6374696F 
 1062              	.LASF40:
 1063 027f 4379496E 		.ascii	"CyIntSetPriority\000"
 1063      74536574 
 1063      5072696F 
 1063      72697479 
 1063      00
 1064              	.LASF22:
 1065 0290 636C6B44 		.ascii	"clkDiv1\000"
 1065      69763100 
 1066              	.LASF23:
 1067 0298 636C6B44 		.ascii	"clkDiv2\000"
 1067      69763200 
 1068              	.LASF43:
 1069 02a0 4379456E 		.ascii	"CyEnterCriticalSection\000"
 1069      74657243 
 1069      72697469 
 1069      63616C53 
 1069      65637469 
 1070              	.LASF17:
 1071 02b7 6C6F6E67 		.ascii	"long double\000"
 1071      20646F75 
 1071      626C6500 
 1072              	.LASF18:
 1073 02c3 73697A65 		.ascii	"sizetype\000"
 1073      74797065 
 1073      00
 1074              	.LASF6:
 1075 02cc 6C6F6E67 		.ascii	"long long int\000"
 1075      206C6F6E 
 1075      6720696E 
 1075      7400
 1076              	.LASF14:
 1077 02da 63686172 		.ascii	"char\000"
 1077      00
ARM GAS  C:\Users\Admin\AppData\Local\Temp\cch5jFtL.s 			page 27


 1078              	.LASF26:
 1079 02df 4932435F 		.ascii	"I2C_1_Enable\000"
 1079      315F456E 
 1079      61626C65 
 1079      00
 1080              	.LASF20:
 1081 02ec 78636667 		.ascii	"xcfg\000"
 1081      00
 1082              	.LASF27:
 1083 02f1 4932435F 		.ascii	"I2C_1_Start\000"
 1083      315F5374 
 1083      61727400 
 1084              	.LASF2:
 1085 02fd 73686F72 		.ascii	"short int\000"
 1085      7420696E 
 1085      7400
 1086              	.LASF9:
 1087 0307 75696E74 		.ascii	"uint8\000"
 1087      3800
 1088              	.LASF42:
 1089 030d 4932435F 		.ascii	"I2C_1_SlaveSetAddress\000"
 1089      315F536C 
 1089      61766553 
 1089      65744164 
 1089      64726573 
 1090              	.LASF36:
 1091 0323 4932435F 		.ascii	"I2C_1_mstrWrBufIndex\000"
 1091      315F6D73 
 1091      74725772 
 1091      42756649 
 1091      6E646578 
 1092              	.LASF38:
 1093 0338 4932435F 		.ascii	"I2C_1_slRdBufIndex\000"
 1093      315F736C 
 1093      52644275 
 1093      66496E64 
 1093      657800
 1094              	.LASF19:
 1095 034b 656E6162 		.ascii	"enableState\000"
 1095      6C655374 
 1095      61746500 
 1096              	.LASF47:
 1097 0357 47656E65 		.ascii	"Generated_Source\\PSoC5\\I2C_1.c\000"
 1097      72617465 
 1097      645F536F 
 1097      75726365 
 1097      5C50536F 
 1098              	.LASF0:
 1099 0376 7369676E 		.ascii	"signed char\000"
 1099      65642063 
 1099      68617200 
 1100              		.ident	"GCC: (GNU Tools for ARM Embedded Processors) 5.4.1 20160609 (release) [ARM/embedded-5-bran
