ARM GAS  C:\Users\Admin\AppData\Local\Temp\ccoixPwk.s 			page 1


   1              		.syntax unified
   2              		.cpu cortex-m3
   3              		.fpu softvfp
   4              		.eabi_attribute 20, 1
   5              		.eabi_attribute 21, 1
   6              		.eabi_attribute 23, 3
   7              		.eabi_attribute 24, 1
   8              		.eabi_attribute 25, 1
   9              		.eabi_attribute 26, 1
  10              		.eabi_attribute 30, 1
  11              		.eabi_attribute 34, 1
  12              		.eabi_attribute 18, 4
  13              		.thumb
  14              		.syntax unified
  15              		.file	"lcd_i2c.c"
  16              		.text
  17              	.Ltext0:
  18              		.cfi_sections	.debug_frame
  19              		.section	.text.I2C_WriteByte,"ax",%progbits
  20              		.align	2
  21              		.thumb
  22              		.thumb_func
  23              		.type	I2C_WriteByte, %function
  24              	I2C_WriteByte:
  25              	.LFB63:
  26              		.file 1 "lcd_i2c.c"
   1:lcd_i2c.c     **** #include "lcd_i2c.h"
   2:lcd_i2c.c     **** #include "project.h" 
   3:lcd_i2c.c     **** 
   4:lcd_i2c.c     **** 
   5:lcd_i2c.c     **** #define LCD_ADDR     0x27   // Dirección I2C del módulo LCD
   6:lcd_i2c.c     **** // Bits de control
   7:lcd_i2c.c     **** #define LCD_BACKLIGHT 0x08
   8:lcd_i2c.c     **** #define LCD_ENABLE    0x04
   9:lcd_i2c.c     **** #define LCD_RW        0x02
  10:lcd_i2c.c     **** #define LCD_RS        0x01
  11:lcd_i2c.c     **** 
  12:lcd_i2c.c     **** 
  13:lcd_i2c.c     **** 
  14:lcd_i2c.c     **** 
  15:lcd_i2c.c     **** static void I2C_WriteByte(uint8 address, uint8 data) {
  27              		.loc 1 15 0
  28              		.cfi_startproc
  29              		@ args = 0, pretend = 0, frame = 0
  30              		@ frame_needed = 0, uses_anonymous_args = 0
  31              	.LVL0:
  32 0000 10B5     		push	{r4, lr}
  33              		.cfi_def_cfa_offset 8
  34              		.cfi_offset 4, -8
  35              		.cfi_offset 14, -4
  36 0002 0C46     		mov	r4, r1
  16:lcd_i2c.c     ****     uint8 status = I2C_1_MasterSendStart(address, 0); 
  37              		.loc 1 16 0
  38 0004 0021     		movs	r1, #0
  39              	.LVL1:
  40 0006 FFF7FEFF 		bl	I2C_1_MasterSendStart
  41              	.LVL2:
ARM GAS  C:\Users\Admin\AppData\Local\Temp\ccoixPwk.s 			page 2


  17:lcd_i2c.c     ****     if(status == I2C_1_MSTR_NO_ERROR) {
  42              		.loc 1 17 0
  43 000a 10B9     		cbnz	r0, .L2
  18:lcd_i2c.c     ****         I2C_1_MasterWriteByte(data);
  44              		.loc 1 18 0
  45 000c 2046     		mov	r0, r4
  46              	.LVL3:
  47 000e FFF7FEFF 		bl	I2C_1_MasterWriteByte
  48              	.LVL4:
  49              	.L2:
  19:lcd_i2c.c     ****     }
  20:lcd_i2c.c     ****     I2C_1_MasterSendStop();
  50              		.loc 1 20 0
  51 0012 FFF7FEFF 		bl	I2C_1_MasterSendStop
  52              	.LVL5:
  53 0016 10BD     		pop	{r4, pc}
  54              		.cfi_endproc
  55              	.LFE63:
  56              		.size	I2C_WriteByte, .-I2C_WriteByte
  57              		.section	.text.LCD_WriteNibble,"ax",%progbits
  58              		.align	2
  59              		.thumb
  60              		.thumb_func
  61              		.type	LCD_WriteNibble, %function
  62              	LCD_WriteNibble:
  63              	.LFB64:
  21:lcd_i2c.c     **** }
  22:lcd_i2c.c     **** 
  23:lcd_i2c.c     **** static void LCD_WriteNibble(uint8 nibble, uint8 rs) {
  64              		.loc 1 23 0
  65              		.cfi_startproc
  66              		@ args = 0, pretend = 0, frame = 0
  67              		@ frame_needed = 0, uses_anonymous_args = 0
  68              	.LVL6:
  69 0000 10B5     		push	{r4, lr}
  70              		.cfi_def_cfa_offset 8
  71              		.cfi_offset 4, -8
  72              		.cfi_offset 14, -4
  24:lcd_i2c.c     ****     uint8 data = nibble | LCD_BACKLIGHT | rs; 
  73              		.loc 1 24 0
  74 0002 40EA0104 		orr	r4, r0, r1
  75              	.LVL7:
  25:lcd_i2c.c     ****     
  26:lcd_i2c.c     ****     // Pulso de Enable
  27:lcd_i2c.c     ****     I2C_WriteByte(LCD_ADDR, data | LCD_ENABLE);
  76              		.loc 1 27 0
  77 0006 44F00C01 		orr	r1, r4, #12
  78              	.LVL8:
  79 000a 2720     		movs	r0, #39
  80              	.LVL9:
  81 000c FFF7FEFF 		bl	I2C_WriteByte
  82              	.LVL10:
  28:lcd_i2c.c     ****     CyDelayUs(1);
  83              		.loc 1 28 0
  84 0010 0120     		movs	r0, #1
  85 0012 FFF7FEFF 		bl	CyDelayUs
  86              	.LVL11:
ARM GAS  C:\Users\Admin\AppData\Local\Temp\ccoixPwk.s 			page 3


  29:lcd_i2c.c     ****     I2C_WriteByte(LCD_ADDR, data & ~LCD_ENABLE);
  87              		.loc 1 29 0
  88 0016 24F00401 		bic	r1, r4, #4
  89 001a 41F00801 		orr	r1, r1, #8
  90 001e 2720     		movs	r0, #39
  91 0020 FFF7FEFF 		bl	I2C_WriteByte
  92              	.LVL12:
  30:lcd_i2c.c     ****     CyDelayUs(50);
  93              		.loc 1 30 0
  94 0024 3220     		movs	r0, #50
  95 0026 FFF7FEFF 		bl	CyDelayUs
  96              	.LVL13:
  97 002a 10BD     		pop	{r4, pc}
  98              		.cfi_endproc
  99              	.LFE64:
 100              		.size	LCD_WriteNibble, .-LCD_WriteNibble
 101              		.section	.text.LCD_Send,"ax",%progbits
 102              		.align	2
 103              		.thumb
 104              		.thumb_func
 105              		.type	LCD_Send, %function
 106              	LCD_Send:
 107              	.LFB65:
  31:lcd_i2c.c     **** }
  32:lcd_i2c.c     **** 
  33:lcd_i2c.c     **** static void LCD_Send(uint8 value, uint8 rs) {
 108              		.loc 1 33 0
 109              		.cfi_startproc
 110              		@ args = 0, pretend = 0, frame = 0
 111              		@ frame_needed = 0, uses_anonymous_args = 0
 112              	.LVL14:
 113 0000 38B5     		push	{r3, r4, r5, lr}
 114              		.cfi_def_cfa_offset 16
 115              		.cfi_offset 3, -16
 116              		.cfi_offset 4, -12
 117              		.cfi_offset 5, -8
 118              		.cfi_offset 14, -4
 119 0002 0D46     		mov	r5, r1
 120              	.LVL15:
  34:lcd_i2c.c     ****     uint8 highNibble = value & 0xF0;
  35:lcd_i2c.c     ****     uint8 lowNibble = (value << 4) & 0xF0;
 121              		.loc 1 35 0
 122 0004 0401     		lsls	r4, r0, #4
 123 0006 E4B2     		uxtb	r4, r4
 124              	.LVL16:
  36:lcd_i2c.c     ****     
  37:lcd_i2c.c     ****     LCD_WriteNibble(highNibble, rs);
 125              		.loc 1 37 0
 126 0008 00F0F000 		and	r0, r0, #240
 127              	.LVL17:
 128 000c FFF7FEFF 		bl	LCD_WriteNibble
 129              	.LVL18:
  38:lcd_i2c.c     ****     LCD_WriteNibble(lowNibble, rs);
 130              		.loc 1 38 0
 131 0010 2946     		mov	r1, r5
 132 0012 2046     		mov	r0, r4
 133 0014 FFF7FEFF 		bl	LCD_WriteNibble
ARM GAS  C:\Users\Admin\AppData\Local\Temp\ccoixPwk.s 			page 4


 134              	.LVL19:
 135 0018 38BD     		pop	{r3, r4, r5, pc}
 136              		.cfi_endproc
 137              	.LFE65:
 138              		.size	LCD_Send, .-LCD_Send
 139 001a 00BF     		.section	.text.LCD_Data,"ax",%progbits
 140              		.align	2
 141              		.global	LCD_Data
 142              		.thumb
 143              		.thumb_func
 144              		.type	LCD_Data, %function
 145              	LCD_Data:
 146              	.LFB66:
  39:lcd_i2c.c     **** }
  40:lcd_i2c.c     **** 
  41:lcd_i2c.c     **** void LCD_Data(uint8 data) {
 147              		.loc 1 41 0
 148              		.cfi_startproc
 149              		@ args = 0, pretend = 0, frame = 0
 150              		@ frame_needed = 0, uses_anonymous_args = 0
 151              	.LVL20:
 152 0000 08B5     		push	{r3, lr}
 153              		.cfi_def_cfa_offset 8
 154              		.cfi_offset 3, -8
 155              		.cfi_offset 14, -4
  42:lcd_i2c.c     ****     LCD_Send(data, LCD_RS); 
 156              		.loc 1 42 0
 157 0002 0121     		movs	r1, #1
 158 0004 FFF7FEFF 		bl	LCD_Send
 159              	.LVL21:
 160 0008 08BD     		pop	{r3, pc}
 161              		.cfi_endproc
 162              	.LFE66:
 163              		.size	LCD_Data, .-LCD_Data
 164 000a 00BF     		.section	.text.LCD_Command,"ax",%progbits
 165              		.align	2
 166              		.global	LCD_Command
 167              		.thumb
 168              		.thumb_func
 169              		.type	LCD_Command, %function
 170              	LCD_Command:
 171              	.LFB67:
  43:lcd_i2c.c     **** }
  44:lcd_i2c.c     **** 
  45:lcd_i2c.c     **** void LCD_Command(uint8 cmd) {
 172              		.loc 1 45 0
 173              		.cfi_startproc
 174              		@ args = 0, pretend = 0, frame = 0
 175              		@ frame_needed = 0, uses_anonymous_args = 0
 176              	.LVL22:
 177 0000 08B5     		push	{r3, lr}
 178              		.cfi_def_cfa_offset 8
 179              		.cfi_offset 3, -8
 180              		.cfi_offset 14, -4
  46:lcd_i2c.c     ****     LCD_Send(cmd, 0); 
 181              		.loc 1 46 0
 182 0002 0021     		movs	r1, #0
ARM GAS  C:\Users\Admin\AppData\Local\Temp\ccoixPwk.s 			page 5


 183 0004 FFF7FEFF 		bl	LCD_Send
 184              	.LVL23:
 185 0008 08BD     		pop	{r3, pc}
 186              		.cfi_endproc
 187              	.LFE67:
 188              		.size	LCD_Command, .-LCD_Command
 189 000a 00BF     		.section	.text.LCD_Init,"ax",%progbits
 190              		.align	2
 191              		.global	LCD_Init
 192              		.thumb
 193              		.thumb_func
 194              		.type	LCD_Init, %function
 195              	LCD_Init:
 196              	.LFB68:
  47:lcd_i2c.c     **** }
  48:lcd_i2c.c     **** 
  49:lcd_i2c.c     **** void LCD_Init(void) {
 197              		.loc 1 49 0
 198              		.cfi_startproc
 199              		@ args = 0, pretend = 0, frame = 0
 200              		@ frame_needed = 0, uses_anonymous_args = 0
 201 0000 08B5     		push	{r3, lr}
 202              		.cfi_def_cfa_offset 8
 203              		.cfi_offset 3, -8
 204              		.cfi_offset 14, -4
  50:lcd_i2c.c     ****     CyDelay(50); 
 205              		.loc 1 50 0
 206 0002 3220     		movs	r0, #50
 207 0004 FFF7FEFF 		bl	CyDelay
 208              	.LVL24:
  51:lcd_i2c.c     ****     
  52:lcd_i2c.c     ****     
  53:lcd_i2c.c     ****     LCD_WriteNibble(0x30, 0);
 209              		.loc 1 53 0
 210 0008 0021     		movs	r1, #0
 211 000a 3020     		movs	r0, #48
 212 000c FFF7FEFF 		bl	LCD_WriteNibble
 213              	.LVL25:
  54:lcd_i2c.c     ****     CyDelay(5);
 214              		.loc 1 54 0
 215 0010 0520     		movs	r0, #5
 216 0012 FFF7FEFF 		bl	CyDelay
 217              	.LVL26:
  55:lcd_i2c.c     ****     LCD_WriteNibble(0x30, 0);
 218              		.loc 1 55 0
 219 0016 0021     		movs	r1, #0
 220 0018 3020     		movs	r0, #48
 221 001a FFF7FEFF 		bl	LCD_WriteNibble
 222              	.LVL27:
  56:lcd_i2c.c     ****     CyDelayUs(150);
 223              		.loc 1 56 0
 224 001e 9620     		movs	r0, #150
 225 0020 FFF7FEFF 		bl	CyDelayUs
 226              	.LVL28:
  57:lcd_i2c.c     ****     LCD_WriteNibble(0x30, 0);
 227              		.loc 1 57 0
 228 0024 0021     		movs	r1, #0
ARM GAS  C:\Users\Admin\AppData\Local\Temp\ccoixPwk.s 			page 6


 229 0026 3020     		movs	r0, #48
 230 0028 FFF7FEFF 		bl	LCD_WriteNibble
 231              	.LVL29:
  58:lcd_i2c.c     ****     LCD_WriteNibble(0x20, 0); 
 232              		.loc 1 58 0
 233 002c 0021     		movs	r1, #0
 234 002e 2020     		movs	r0, #32
 235 0030 FFF7FEFF 		bl	LCD_WriteNibble
 236              	.LVL30:
  59:lcd_i2c.c     ****     
  60:lcd_i2c.c     **** 
  61:lcd_i2c.c     ****     LCD_Command(0x28); 
 237              		.loc 1 61 0
 238 0034 2820     		movs	r0, #40
 239 0036 FFF7FEFF 		bl	LCD_Command
 240              	.LVL31:
  62:lcd_i2c.c     ****     LCD_Command(0x0C); 
 241              		.loc 1 62 0
 242 003a 0C20     		movs	r0, #12
 243 003c FFF7FEFF 		bl	LCD_Command
 244              	.LVL32:
  63:lcd_i2c.c     ****     LCD_Command(0x06); 
 245              		.loc 1 63 0
 246 0040 0620     		movs	r0, #6
 247 0042 FFF7FEFF 		bl	LCD_Command
 248              	.LVL33:
  64:lcd_i2c.c     ****     LCD_Command(0x01); 
 249              		.loc 1 64 0
 250 0046 0120     		movs	r0, #1
 251 0048 FFF7FEFF 		bl	LCD_Command
 252              	.LVL34:
  65:lcd_i2c.c     ****     CyDelay(2);
 253              		.loc 1 65 0
 254 004c 0220     		movs	r0, #2
 255 004e FFF7FEFF 		bl	CyDelay
 256              	.LVL35:
 257 0052 08BD     		pop	{r3, pc}
 258              		.cfi_endproc
 259              	.LFE68:
 260              		.size	LCD_Init, .-LCD_Init
 261              		.section	.text.LCD_SetCursor,"ax",%progbits
 262              		.align	2
 263              		.global	LCD_SetCursor
 264              		.thumb
 265              		.thumb_func
 266              		.type	LCD_SetCursor, %function
 267              	LCD_SetCursor:
 268              	.LFB69:
  66:lcd_i2c.c     **** }
  67:lcd_i2c.c     **** 
  68:lcd_i2c.c     **** void LCD_SetCursor(uint8 row, uint8 col) {
 269              		.loc 1 68 0
 270              		.cfi_startproc
 271              		@ args = 0, pretend = 0, frame = 8
 272              		@ frame_needed = 0, uses_anonymous_args = 0
 273              	.LVL36:
 274 0000 00B5     		push	{lr}
ARM GAS  C:\Users\Admin\AppData\Local\Temp\ccoixPwk.s 			page 7


 275              		.cfi_def_cfa_offset 4
 276              		.cfi_offset 14, -4
 277 0002 83B0     		sub	sp, sp, #12
 278              		.cfi_def_cfa_offset 16
 279 0004 0346     		mov	r3, r0
  69:lcd_i2c.c     ****     uint8 row_offsets[] = { 0x00, 0x40, 0x14, 0x54 };
 280              		.loc 1 69 0
 281 0006 084A     		ldr	r2, .L16
 282 0008 1068     		ldr	r0, [r2]	@ unaligned
 283              	.LVL37:
 284 000a 0190     		str	r0, [sp, #4]	@ unaligned
  70:lcd_i2c.c     ****     LCD_Command(0x80 | (col + row_offsets[row]));
 285              		.loc 1 70 0
 286 000c 02AA     		add	r2, sp, #8
 287 000e 1344     		add	r3, r3, r2
 288 0010 13F8040C 		ldrb	r0, [r3, #-4]	@ zero_extendqisi2
 289 0014 0144     		add	r1, r1, r0
 290              	.LVL38:
 291 0016 61F07F00 		orn	r0, r1, #127
 292 001a C0B2     		uxtb	r0, r0
 293 001c FFF7FEFF 		bl	LCD_Command
 294              	.LVL39:
  71:lcd_i2c.c     **** }
 295              		.loc 1 71 0
 296 0020 03B0     		add	sp, sp, #12
 297              		.cfi_def_cfa_offset 4
 298              		@ sp needed
 299 0022 5DF804FB 		ldr	pc, [sp], #4
 300              	.L17:
 301 0026 00BF     		.align	2
 302              	.L16:
 303 0028 00000000 		.word	.LANCHOR0
 304              		.cfi_endproc
 305              	.LFE69:
 306              		.size	LCD_SetCursor, .-LCD_SetCursor
 307              		.section	.text.LCD_Print,"ax",%progbits
 308              		.align	2
 309              		.global	LCD_Print
 310              		.thumb
 311              		.thumb_func
 312              		.type	LCD_Print, %function
 313              	LCD_Print:
 314              	.LFB70:
  72:lcd_i2c.c     **** 
  73:lcd_i2c.c     **** void LCD_Print(char *str) {
 315              		.loc 1 73 0
 316              		.cfi_startproc
 317              		@ args = 0, pretend = 0, frame = 0
 318              		@ frame_needed = 0, uses_anonymous_args = 0
 319              	.LVL40:
 320 0000 10B5     		push	{r4, lr}
 321              		.cfi_def_cfa_offset 8
 322              		.cfi_offset 4, -8
 323              		.cfi_offset 14, -4
 324 0002 0446     		mov	r4, r0
  74:lcd_i2c.c     ****     while (*str) {
 325              		.loc 1 74 0
ARM GAS  C:\Users\Admin\AppData\Local\Temp\ccoixPwk.s 			page 8


 326 0004 02E0     		b	.L19
 327              	.LVL41:
 328              	.L20:
  75:lcd_i2c.c     ****         LCD_Data(*str++);
 329              		.loc 1 75 0
 330 0006 0134     		adds	r4, r4, #1
 331              	.LVL42:
 332 0008 FFF7FEFF 		bl	LCD_Data
 333              	.LVL43:
 334              	.L19:
  74:lcd_i2c.c     ****     while (*str) {
 335              		.loc 1 74 0
 336 000c 2078     		ldrb	r0, [r4]	@ zero_extendqisi2
 337 000e 0028     		cmp	r0, #0
 338 0010 F9D1     		bne	.L20
  76:lcd_i2c.c     ****     }
  77:lcd_i2c.c     **** }
 339              		.loc 1 77 0
 340 0012 10BD     		pop	{r4, pc}
 341              		.cfi_endproc
 342              	.LFE70:
 343              		.size	LCD_Print, .-LCD_Print
 344              		.section	.text.LCD_Clear,"ax",%progbits
 345              		.align	2
 346              		.global	LCD_Clear
 347              		.thumb
 348              		.thumb_func
 349              		.type	LCD_Clear, %function
 350              	LCD_Clear:
 351              	.LFB71:
  78:lcd_i2c.c     **** 
  79:lcd_i2c.c     **** void LCD_Clear(void) {
 352              		.loc 1 79 0
 353              		.cfi_startproc
 354              		@ args = 0, pretend = 0, frame = 0
 355              		@ frame_needed = 0, uses_anonymous_args = 0
 356 0000 08B5     		push	{r3, lr}
 357              		.cfi_def_cfa_offset 8
 358              		.cfi_offset 3, -8
 359              		.cfi_offset 14, -4
  80:lcd_i2c.c     ****     LCD_Command(0x01); 
 360              		.loc 1 80 0
 361 0002 0120     		movs	r0, #1
 362 0004 FFF7FEFF 		bl	LCD_Command
 363              	.LVL44:
  81:lcd_i2c.c     ****     CyDelay(2);        
 364              		.loc 1 81 0
 365 0008 0220     		movs	r0, #2
 366 000a FFF7FEFF 		bl	CyDelay
 367              	.LVL45:
 368 000e 08BD     		pop	{r3, pc}
 369              		.cfi_endproc
 370              	.LFE71:
 371              		.size	LCD_Clear, .-LCD_Clear
 372              		.section	.rodata
 373              		.align	2
 374              		.set	.LANCHOR0,. + 0
ARM GAS  C:\Users\Admin\AppData\Local\Temp\ccoixPwk.s 			page 9


 375              	.LC0:
 376 0000 00       		.byte	0
 377 0001 40       		.byte	64
 378 0002 14       		.byte	20
 379 0003 54       		.byte	84
 380              		.text
 381              	.Letext0:
 382              		.file 2 "e:\\cypress\\psoc creator\\4.4\\psoc creator\\import\\gnu\\arm\\5.4.1\\arm-none-eabi\\inc
 383              		.file 3 "e:\\cypress\\psoc creator\\4.4\\psoc creator\\import\\gnu\\arm\\5.4.1\\arm-none-eabi\\inc
 384              		.file 4 "Generated_Source\\PSoC5/cytypes.h"
 385              		.file 5 "Generated_Source\\PSoC5/I2C_1.h"
 386              		.file 6 "Generated_Source\\PSoC5/CyLib.h"
 387              		.file 7 "Generated_Source\\PSoC5/core_cm3.h"
 388              		.section	.debug_info,"",%progbits
 389              	.Ldebug_info0:
 390 0000 C3040000 		.4byte	0x4c3
 391 0004 0400     		.2byte	0x4
 392 0006 00000000 		.4byte	.Ldebug_abbrev0
 393 000a 04       		.byte	0x4
 394 000b 01       		.uleb128 0x1
 395 000c B3010000 		.4byte	.LASF39
 396 0010 0C       		.byte	0xc
 397 0011 7D010000 		.4byte	.LASF40
 398 0015 89000000 		.4byte	.LASF41
 399 0019 00000000 		.4byte	.Ldebug_ranges0+0
 400 001d 00000000 		.4byte	0
 401 0021 00000000 		.4byte	.Ldebug_line0
 402 0025 02       		.uleb128 0x2
 403 0026 01       		.byte	0x1
 404 0027 06       		.byte	0x6
 405 0028 BB020000 		.4byte	.LASF0
 406 002c 02       		.uleb128 0x2
 407 002d 01       		.byte	0x1
 408 002e 08       		.byte	0x8
 409 002f 52010000 		.4byte	.LASF1
 410 0033 02       		.uleb128 0x2
 411 0034 02       		.byte	0x2
 412 0035 05       		.byte	0x5
 413 0036 78020000 		.4byte	.LASF2
 414 003a 02       		.uleb128 0x2
 415 003b 02       		.byte	0x2
 416 003c 07       		.byte	0x7
 417 003d 32010000 		.4byte	.LASF3
 418 0041 03       		.uleb128 0x3
 419 0042 2E000000 		.4byte	.LASF9
 420 0046 02       		.byte	0x2
 421 0047 3F       		.byte	0x3f
 422 0048 4C000000 		.4byte	0x4c
 423 004c 02       		.uleb128 0x2
 424 004d 04       		.byte	0x4
 425 004e 05       		.byte	0x5
 426 004f A6020000 		.4byte	.LASF4
 427 0053 02       		.uleb128 0x2
 428 0054 04       		.byte	0x4
 429 0055 07       		.byte	0x7
 430 0056 20010000 		.4byte	.LASF5
 431 005a 02       		.uleb128 0x2
ARM GAS  C:\Users\Admin\AppData\Local\Temp\ccoixPwk.s 			page 10


 432 005b 08       		.byte	0x8
 433 005c 05       		.byte	0x5
 434 005d 52020000 		.4byte	.LASF6
 435 0061 02       		.uleb128 0x2
 436 0062 08       		.byte	0x8
 437 0063 07       		.byte	0x7
 438 0064 9C010000 		.4byte	.LASF7
 439 0068 04       		.uleb128 0x4
 440 0069 04       		.byte	0x4
 441 006a 05       		.byte	0x5
 442 006b 696E7400 		.ascii	"int\000"
 443 006f 02       		.uleb128 0x2
 444 0070 04       		.byte	0x4
 445 0071 07       		.byte	0x7
 446 0072 87010000 		.4byte	.LASF8
 447 0076 03       		.uleb128 0x3
 448 0077 41020000 		.4byte	.LASF10
 449 007b 03       		.byte	0x3
 450 007c 2C       		.byte	0x2c
 451 007d 41000000 		.4byte	0x41
 452 0081 05       		.uleb128 0x5
 453 0082 82020000 		.4byte	.LASF11
 454 0086 04       		.byte	0x4
 455 0087 E901     		.2byte	0x1e9
 456 0089 2C000000 		.4byte	0x2c
 457 008d 02       		.uleb128 0x2
 458 008e 04       		.byte	0x4
 459 008f 04       		.byte	0x4
 460 0090 7E000000 		.4byte	.LASF12
 461 0094 02       		.uleb128 0x2
 462 0095 08       		.byte	0x8
 463 0096 04       		.byte	0x4
 464 0097 4E000000 		.4byte	.LASF13
 465 009b 02       		.uleb128 0x2
 466 009c 01       		.byte	0x1
 467 009d 08       		.byte	0x8
 468 009e 60020000 		.4byte	.LASF14
 469 00a2 02       		.uleb128 0x2
 470 00a3 08       		.byte	0x8
 471 00a4 04       		.byte	0x4
 472 00a5 AF020000 		.4byte	.LASF15
 473 00a9 02       		.uleb128 0x2
 474 00aa 04       		.byte	0x4
 475 00ab 07       		.byte	0x7
 476 00ac 49020000 		.4byte	.LASF16
 477 00b0 06       		.uleb128 0x6
 478 00b1 04       		.byte	0x4
 479 00b2 9B000000 		.4byte	0x9b
 480 00b6 07       		.uleb128 0x7
 481 00b7 C7020000 		.4byte	.LASF19
 482 00bb 01       		.byte	0x1
 483 00bc 0F       		.byte	0xf
 484 00bd 00000000 		.4byte	.LFB63
 485 00c1 18000000 		.4byte	.LFE63-.LFB63
 486 00c5 01       		.uleb128 0x1
 487 00c6 9C       		.byte	0x9c
 488 00c7 29010000 		.4byte	0x129
ARM GAS  C:\Users\Admin\AppData\Local\Temp\ccoixPwk.s 			page 11


 489 00cb 08       		.uleb128 0x8
 490 00cc 94010000 		.4byte	.LASF17
 491 00d0 01       		.byte	0x1
 492 00d1 0F       		.byte	0xf
 493 00d2 81000000 		.4byte	0x81
 494 00d6 00000000 		.4byte	.LLST0
 495 00da 08       		.uleb128 0x8
 496 00db 84000000 		.4byte	.LASF18
 497 00df 01       		.byte	0x1
 498 00e0 0F       		.byte	0xf
 499 00e1 81000000 		.4byte	0x81
 500 00e5 21000000 		.4byte	.LLST1
 501 00e9 09       		.uleb128 0x9
 502 00ea 61000000 		.4byte	.LASF22
 503 00ee 01       		.byte	0x1
 504 00ef 10       		.byte	0x10
 505 00f0 81000000 		.4byte	0x81
 506 00f4 42000000 		.4byte	.LLST2
 507 00f8 0A       		.uleb128 0xa
 508 00f9 0A000000 		.4byte	.LVL2
 509 00fd 8F040000 		.4byte	0x48f
 510 0101 0B010000 		.4byte	0x10b
 511 0105 0B       		.uleb128 0xb
 512 0106 01       		.uleb128 0x1
 513 0107 51       		.byte	0x51
 514 0108 01       		.uleb128 0x1
 515 0109 30       		.byte	0x30
 516 010a 00       		.byte	0
 517 010b 0A       		.uleb128 0xa
 518 010c 12000000 		.4byte	.LVL4
 519 0110 9A040000 		.4byte	0x49a
 520 0114 1F010000 		.4byte	0x11f
 521 0118 0B       		.uleb128 0xb
 522 0119 01       		.uleb128 0x1
 523 011a 50       		.byte	0x50
 524 011b 02       		.uleb128 0x2
 525 011c 74       		.byte	0x74
 526 011d 00       		.sleb128 0
 527 011e 00       		.byte	0
 528 011f 0C       		.uleb128 0xc
 529 0120 16000000 		.4byte	.LVL5
 530 0124 A5040000 		.4byte	0x4a5
 531 0128 00       		.byte	0
 532 0129 07       		.uleb128 0x7
 533 012a 00000000 		.4byte	.LASF20
 534 012e 01       		.byte	0x1
 535 012f 17       		.byte	0x17
 536 0130 00000000 		.4byte	.LFB64
 537 0134 2C000000 		.4byte	.LFE64-.LFB64
 538 0138 01       		.uleb128 0x1
 539 0139 9C       		.byte	0x9c
 540 013a CB010000 		.4byte	0x1cb
 541 013e 08       		.uleb128 0x8
 542 013f DD020000 		.4byte	.LASF21
 543 0143 01       		.byte	0x1
 544 0144 17       		.byte	0x17
 545 0145 81000000 		.4byte	0x81
ARM GAS  C:\Users\Admin\AppData\Local\Temp\ccoixPwk.s 			page 12


 546 0149 55000000 		.4byte	.LLST3
 547 014d 0D       		.uleb128 0xd
 548 014e 727300   		.ascii	"rs\000"
 549 0151 01       		.byte	0x1
 550 0152 17       		.byte	0x17
 551 0153 81000000 		.4byte	0x81
 552 0157 76000000 		.4byte	.LLST4
 553 015b 0E       		.uleb128 0xe
 554 015c 84000000 		.4byte	.LASF18
 555 0160 01       		.byte	0x1
 556 0161 18       		.byte	0x18
 557 0162 81000000 		.4byte	0x81
 558 0166 05       		.uleb128 0x5
 559 0167 74       		.byte	0x74
 560 0168 00       		.sleb128 0
 561 0169 38       		.byte	0x38
 562 016a 21       		.byte	0x21
 563 016b 9F       		.byte	0x9f
 564 016c 0A       		.uleb128 0xa
 565 016d 10000000 		.4byte	.LVL10
 566 0171 B6000000 		.4byte	0xb6
 567 0175 88010000 		.4byte	0x188
 568 0179 0B       		.uleb128 0xb
 569 017a 01       		.uleb128 0x1
 570 017b 50       		.byte	0x50
 571 017c 02       		.uleb128 0x2
 572 017d 08       		.byte	0x8
 573 017e 27       		.byte	0x27
 574 017f 0B       		.uleb128 0xb
 575 0180 01       		.uleb128 0x1
 576 0181 51       		.byte	0x51
 577 0182 04       		.uleb128 0x4
 578 0183 74       		.byte	0x74
 579 0184 00       		.sleb128 0
 580 0185 3C       		.byte	0x3c
 581 0186 21       		.byte	0x21
 582 0187 00       		.byte	0
 583 0188 0A       		.uleb128 0xa
 584 0189 16000000 		.4byte	.LVL11
 585 018d B0040000 		.4byte	0x4b0
 586 0191 9B010000 		.4byte	0x19b
 587 0195 0B       		.uleb128 0xb
 588 0196 01       		.uleb128 0x1
 589 0197 50       		.byte	0x50
 590 0198 01       		.uleb128 0x1
 591 0199 31       		.byte	0x31
 592 019a 00       		.byte	0
 593 019b 0A       		.uleb128 0xa
 594 019c 24000000 		.4byte	.LVL12
 595 01a0 B6000000 		.4byte	0xb6
 596 01a4 BA010000 		.4byte	0x1ba
 597 01a8 0B       		.uleb128 0xb
 598 01a9 01       		.uleb128 0x1
 599 01aa 50       		.byte	0x50
 600 01ab 02       		.uleb128 0x2
 601 01ac 08       		.byte	0x8
 602 01ad 27       		.byte	0x27
ARM GAS  C:\Users\Admin\AppData\Local\Temp\ccoixPwk.s 			page 13


 603 01ae 0B       		.uleb128 0xb
 604 01af 01       		.uleb128 0x1
 605 01b0 51       		.byte	0x51
 606 01b1 07       		.uleb128 0x7
 607 01b2 74       		.byte	0x74
 608 01b3 00       		.sleb128 0
 609 01b4 09       		.byte	0x9
 610 01b5 F3       		.byte	0xf3
 611 01b6 1A       		.byte	0x1a
 612 01b7 38       		.byte	0x38
 613 01b8 21       		.byte	0x21
 614 01b9 00       		.byte	0
 615 01ba 0F       		.uleb128 0xf
 616 01bb 2A000000 		.4byte	.LVL13
 617 01bf B0040000 		.4byte	0x4b0
 618 01c3 0B       		.uleb128 0xb
 619 01c4 01       		.uleb128 0x1
 620 01c5 50       		.byte	0x50
 621 01c6 02       		.uleb128 0x2
 622 01c7 08       		.byte	0x8
 623 01c8 32       		.byte	0x32
 624 01c9 00       		.byte	0
 625 01ca 00       		.byte	0
 626 01cb 07       		.uleb128 0x7
 627 01cc 74010000 		.4byte	.LASF23
 628 01d0 01       		.byte	0x1
 629 01d1 21       		.byte	0x21
 630 01d2 00000000 		.4byte	.LFB65
 631 01d6 1A000000 		.4byte	.LFE65-.LFB65
 632 01da 01       		.uleb128 0x1
 633 01db 9C       		.byte	0x9c
 634 01dc 44020000 		.4byte	0x244
 635 01e0 08       		.uleb128 0x8
 636 01e1 28000000 		.4byte	.LASF24
 637 01e5 01       		.byte	0x1
 638 01e6 21       		.byte	0x21
 639 01e7 81000000 		.4byte	0x81
 640 01eb 97000000 		.4byte	.LLST5
 641 01ef 0D       		.uleb128 0xd
 642 01f0 727300   		.ascii	"rs\000"
 643 01f3 01       		.byte	0x1
 644 01f4 21       		.byte	0x21
 645 01f5 81000000 		.4byte	0x81
 646 01f9 B8000000 		.4byte	.LLST6
 647 01fd 09       		.uleb128 0x9
 648 01fe 09010000 		.4byte	.LASF25
 649 0202 01       		.byte	0x1
 650 0203 22       		.byte	0x22
 651 0204 81000000 		.4byte	0x81
 652 0208 D9000000 		.4byte	.LLST7
 653 020c 0E       		.uleb128 0xe
 654 020d 60010000 		.4byte	.LASF26
 655 0211 01       		.byte	0x1
 656 0212 23       		.byte	0x23
 657 0213 81000000 		.4byte	0x81
 658 0217 01       		.uleb128 0x1
 659 0218 54       		.byte	0x54
ARM GAS  C:\Users\Admin\AppData\Local\Temp\ccoixPwk.s 			page 14


 660 0219 0A       		.uleb128 0xa
 661 021a 10000000 		.4byte	.LVL18
 662 021e 29010000 		.4byte	0x129
 663 0222 2D020000 		.4byte	0x22d
 664 0226 0B       		.uleb128 0xb
 665 0227 01       		.uleb128 0x1
 666 0228 51       		.byte	0x51
 667 0229 02       		.uleb128 0x2
 668 022a 75       		.byte	0x75
 669 022b 00       		.sleb128 0
 670 022c 00       		.byte	0
 671 022d 0F       		.uleb128 0xf
 672 022e 18000000 		.4byte	.LVL19
 673 0232 29010000 		.4byte	0x129
 674 0236 0B       		.uleb128 0xb
 675 0237 01       		.uleb128 0x1
 676 0238 50       		.byte	0x50
 677 0239 02       		.uleb128 0x2
 678 023a 74       		.byte	0x74
 679 023b 00       		.sleb128 0
 680 023c 0B       		.uleb128 0xb
 681 023d 01       		.uleb128 0x1
 682 023e 51       		.byte	0x51
 683 023f 02       		.uleb128 0x2
 684 0240 75       		.byte	0x75
 685 0241 00       		.sleb128 0
 686 0242 00       		.byte	0
 687 0243 00       		.byte	0
 688 0244 10       		.uleb128 0x10
 689 0245 88020000 		.4byte	.LASF27
 690 0249 01       		.byte	0x1
 691 024a 29       		.byte	0x29
 692 024b 00000000 		.4byte	.LFB66
 693 024f 0A000000 		.4byte	.LFE66-.LFB66
 694 0253 01       		.uleb128 0x1
 695 0254 9C       		.byte	0x9c
 696 0255 78020000 		.4byte	0x278
 697 0259 08       		.uleb128 0x8
 698 025a 84000000 		.4byte	.LASF18
 699 025e 01       		.byte	0x1
 700 025f 29       		.byte	0x29
 701 0260 81000000 		.4byte	0x81
 702 0264 F1000000 		.4byte	.LLST8
 703 0268 0F       		.uleb128 0xf
 704 0269 08000000 		.4byte	.LVL21
 705 026d CB010000 		.4byte	0x1cb
 706 0271 0B       		.uleb128 0xb
 707 0272 01       		.uleb128 0x1
 708 0273 51       		.byte	0x51
 709 0274 01       		.uleb128 0x1
 710 0275 31       		.byte	0x31
 711 0276 00       		.byte	0
 712 0277 00       		.byte	0
 713 0278 10       		.uleb128 0x10
 714 0279 55000000 		.4byte	.LASF28
 715 027d 01       		.byte	0x1
 716 027e 2D       		.byte	0x2d
ARM GAS  C:\Users\Admin\AppData\Local\Temp\ccoixPwk.s 			page 15


 717 027f 00000000 		.4byte	.LFB67
 718 0283 0A000000 		.4byte	.LFE67-.LFB67
 719 0287 01       		.uleb128 0x1
 720 0288 9C       		.byte	0x9c
 721 0289 AC020000 		.4byte	0x2ac
 722 028d 0D       		.uleb128 0xd
 723 028e 636D6400 		.ascii	"cmd\000"
 724 0292 01       		.byte	0x1
 725 0293 2D       		.byte	0x2d
 726 0294 81000000 		.4byte	0x81
 727 0298 12010000 		.4byte	.LLST9
 728 029c 0F       		.uleb128 0xf
 729 029d 08000000 		.4byte	.LVL23
 730 02a1 CB010000 		.4byte	0x1cb
 731 02a5 0B       		.uleb128 0xb
 732 02a6 01       		.uleb128 0x1
 733 02a7 51       		.byte	0x51
 734 02a8 01       		.uleb128 0x1
 735 02a9 30       		.byte	0x30
 736 02aa 00       		.byte	0
 737 02ab 00       		.byte	0
 738 02ac 10       		.uleb128 0x10
 739 02ad 65020000 		.4byte	.LASF29
 740 02b1 01       		.byte	0x1
 741 02b2 31       		.byte	0x31
 742 02b3 00000000 		.4byte	.LFB68
 743 02b7 54000000 		.4byte	.LFE68-.LFB68
 744 02bb 01       		.uleb128 0x1
 745 02bc 9C       		.byte	0x9c
 746 02bd BD030000 		.4byte	0x3bd
 747 02c1 0A       		.uleb128 0xa
 748 02c2 08000000 		.4byte	.LVL24
 749 02c6 BB040000 		.4byte	0x4bb
 750 02ca D5020000 		.4byte	0x2d5
 751 02ce 0B       		.uleb128 0xb
 752 02cf 01       		.uleb128 0x1
 753 02d0 50       		.byte	0x50
 754 02d1 02       		.uleb128 0x2
 755 02d2 08       		.byte	0x8
 756 02d3 32       		.byte	0x32
 757 02d4 00       		.byte	0
 758 02d5 0A       		.uleb128 0xa
 759 02d6 10000000 		.4byte	.LVL25
 760 02da 29010000 		.4byte	0x129
 761 02de EE020000 		.4byte	0x2ee
 762 02e2 0B       		.uleb128 0xb
 763 02e3 01       		.uleb128 0x1
 764 02e4 50       		.byte	0x50
 765 02e5 02       		.uleb128 0x2
 766 02e6 08       		.byte	0x8
 767 02e7 30       		.byte	0x30
 768 02e8 0B       		.uleb128 0xb
 769 02e9 01       		.uleb128 0x1
 770 02ea 51       		.byte	0x51
 771 02eb 01       		.uleb128 0x1
 772 02ec 30       		.byte	0x30
 773 02ed 00       		.byte	0
ARM GAS  C:\Users\Admin\AppData\Local\Temp\ccoixPwk.s 			page 16


 774 02ee 0A       		.uleb128 0xa
 775 02ef 16000000 		.4byte	.LVL26
 776 02f3 BB040000 		.4byte	0x4bb
 777 02f7 01030000 		.4byte	0x301
 778 02fb 0B       		.uleb128 0xb
 779 02fc 01       		.uleb128 0x1
 780 02fd 50       		.byte	0x50
 781 02fe 01       		.uleb128 0x1
 782 02ff 35       		.byte	0x35
 783 0300 00       		.byte	0
 784 0301 0A       		.uleb128 0xa
 785 0302 1E000000 		.4byte	.LVL27
 786 0306 29010000 		.4byte	0x129
 787 030a 1A030000 		.4byte	0x31a
 788 030e 0B       		.uleb128 0xb
 789 030f 01       		.uleb128 0x1
 790 0310 50       		.byte	0x50
 791 0311 02       		.uleb128 0x2
 792 0312 08       		.byte	0x8
 793 0313 30       		.byte	0x30
 794 0314 0B       		.uleb128 0xb
 795 0315 01       		.uleb128 0x1
 796 0316 51       		.byte	0x51
 797 0317 01       		.uleb128 0x1
 798 0318 30       		.byte	0x30
 799 0319 00       		.byte	0
 800 031a 0A       		.uleb128 0xa
 801 031b 24000000 		.4byte	.LVL28
 802 031f B0040000 		.4byte	0x4b0
 803 0323 2E030000 		.4byte	0x32e
 804 0327 0B       		.uleb128 0xb
 805 0328 01       		.uleb128 0x1
 806 0329 50       		.byte	0x50
 807 032a 02       		.uleb128 0x2
 808 032b 08       		.byte	0x8
 809 032c 96       		.byte	0x96
 810 032d 00       		.byte	0
 811 032e 0A       		.uleb128 0xa
 812 032f 2C000000 		.4byte	.LVL29
 813 0333 29010000 		.4byte	0x129
 814 0337 47030000 		.4byte	0x347
 815 033b 0B       		.uleb128 0xb
 816 033c 01       		.uleb128 0x1
 817 033d 50       		.byte	0x50
 818 033e 02       		.uleb128 0x2
 819 033f 08       		.byte	0x8
 820 0340 30       		.byte	0x30
 821 0341 0B       		.uleb128 0xb
 822 0342 01       		.uleb128 0x1
 823 0343 51       		.byte	0x51
 824 0344 01       		.uleb128 0x1
 825 0345 30       		.byte	0x30
 826 0346 00       		.byte	0
 827 0347 0A       		.uleb128 0xa
 828 0348 34000000 		.4byte	.LVL30
 829 034c 29010000 		.4byte	0x129
 830 0350 60030000 		.4byte	0x360
ARM GAS  C:\Users\Admin\AppData\Local\Temp\ccoixPwk.s 			page 17


 831 0354 0B       		.uleb128 0xb
 832 0355 01       		.uleb128 0x1
 833 0356 50       		.byte	0x50
 834 0357 02       		.uleb128 0x2
 835 0358 08       		.byte	0x8
 836 0359 20       		.byte	0x20
 837 035a 0B       		.uleb128 0xb
 838 035b 01       		.uleb128 0x1
 839 035c 51       		.byte	0x51
 840 035d 01       		.uleb128 0x1
 841 035e 30       		.byte	0x30
 842 035f 00       		.byte	0
 843 0360 0A       		.uleb128 0xa
 844 0361 3A000000 		.4byte	.LVL31
 845 0365 78020000 		.4byte	0x278
 846 0369 74030000 		.4byte	0x374
 847 036d 0B       		.uleb128 0xb
 848 036e 01       		.uleb128 0x1
 849 036f 50       		.byte	0x50
 850 0370 02       		.uleb128 0x2
 851 0371 08       		.byte	0x8
 852 0372 28       		.byte	0x28
 853 0373 00       		.byte	0
 854 0374 0A       		.uleb128 0xa
 855 0375 40000000 		.4byte	.LVL32
 856 0379 78020000 		.4byte	0x278
 857 037d 87030000 		.4byte	0x387
 858 0381 0B       		.uleb128 0xb
 859 0382 01       		.uleb128 0x1
 860 0383 50       		.byte	0x50
 861 0384 01       		.uleb128 0x1
 862 0385 3C       		.byte	0x3c
 863 0386 00       		.byte	0
 864 0387 0A       		.uleb128 0xa
 865 0388 46000000 		.4byte	.LVL33
 866 038c 78020000 		.4byte	0x278
 867 0390 9A030000 		.4byte	0x39a
 868 0394 0B       		.uleb128 0xb
 869 0395 01       		.uleb128 0x1
 870 0396 50       		.byte	0x50
 871 0397 01       		.uleb128 0x1
 872 0398 36       		.byte	0x36
 873 0399 00       		.byte	0
 874 039a 0A       		.uleb128 0xa
 875 039b 4C000000 		.4byte	.LVL34
 876 039f 78020000 		.4byte	0x278
 877 03a3 AD030000 		.4byte	0x3ad
 878 03a7 0B       		.uleb128 0xb
 879 03a8 01       		.uleb128 0x1
 880 03a9 50       		.byte	0x50
 881 03aa 01       		.uleb128 0x1
 882 03ab 31       		.byte	0x31
 883 03ac 00       		.byte	0
 884 03ad 0F       		.uleb128 0xf
 885 03ae 52000000 		.4byte	.LVL35
 886 03b2 BB040000 		.4byte	0x4bb
 887 03b6 0B       		.uleb128 0xb
ARM GAS  C:\Users\Admin\AppData\Local\Temp\ccoixPwk.s 			page 18


 888 03b7 01       		.uleb128 0x1
 889 03b8 50       		.byte	0x50
 890 03b9 01       		.uleb128 0x1
 891 03ba 32       		.byte	0x32
 892 03bb 00       		.byte	0
 893 03bc 00       		.byte	0
 894 03bd 10       		.uleb128 0x10
 895 03be 1A000000 		.4byte	.LASF30
 896 03c2 01       		.byte	0x1
 897 03c3 44       		.byte	0x44
 898 03c4 00000000 		.4byte	.LFB69
 899 03c8 2C000000 		.4byte	.LFE69-.LFB69
 900 03cc 01       		.uleb128 0x1
 901 03cd 9C       		.byte	0x9c
 902 03ce 08040000 		.4byte	0x408
 903 03d2 0D       		.uleb128 0xd
 904 03d3 726F7700 		.ascii	"row\000"
 905 03d7 01       		.byte	0x1
 906 03d8 44       		.byte	0x44
 907 03d9 81000000 		.4byte	0x81
 908 03dd 33010000 		.4byte	.LLST10
 909 03e1 0D       		.uleb128 0xd
 910 03e2 636F6C00 		.ascii	"col\000"
 911 03e6 01       		.byte	0x1
 912 03e7 44       		.byte	0x44
 913 03e8 81000000 		.4byte	0x81
 914 03ec 54010000 		.4byte	.LLST11
 915 03f0 0E       		.uleb128 0xe
 916 03f1 14010000 		.4byte	.LASF31
 917 03f5 01       		.byte	0x1
 918 03f6 45       		.byte	0x45
 919 03f7 08040000 		.4byte	0x408
 920 03fb 02       		.uleb128 0x2
 921 03fc 91       		.byte	0x91
 922 03fd 74       		.sleb128 -12
 923 03fe 0C       		.uleb128 0xc
 924 03ff 20000000 		.4byte	.LVL39
 925 0403 78020000 		.4byte	0x278
 926 0407 00       		.byte	0
 927 0408 11       		.uleb128 0x11
 928 0409 81000000 		.4byte	0x81
 929 040d 18040000 		.4byte	0x418
 930 0411 12       		.uleb128 0x12
 931 0412 A9000000 		.4byte	0xa9
 932 0416 03       		.byte	0x3
 933 0417 00       		.byte	0
 934 0418 10       		.uleb128 0x10
 935 0419 6E020000 		.4byte	.LASF32
 936 041d 01       		.byte	0x1
 937 041e 49       		.byte	0x49
 938 041f 00000000 		.4byte	.LFB70
 939 0423 14000000 		.4byte	.LFE70-.LFB70
 940 0427 01       		.uleb128 0x1
 941 0428 9C       		.byte	0x9c
 942 0429 46040000 		.4byte	0x446
 943 042d 0D       		.uleb128 0xd
 944 042e 73747200 		.ascii	"str\000"
ARM GAS  C:\Users\Admin\AppData\Local\Temp\ccoixPwk.s 			page 19


 945 0432 01       		.byte	0x1
 946 0433 49       		.byte	0x49
 947 0434 B0000000 		.4byte	0xb0
 948 0438 75010000 		.4byte	.LLST12
 949 043c 0C       		.uleb128 0xc
 950 043d 0C000000 		.4byte	.LVL43
 951 0441 44020000 		.4byte	0x244
 952 0445 00       		.byte	0
 953 0446 10       		.uleb128 0x10
 954 0447 10000000 		.4byte	.LASF33
 955 044b 01       		.byte	0x1
 956 044c 4F       		.byte	0x4f
 957 044d 00000000 		.4byte	.LFB71
 958 0451 10000000 		.4byte	.LFE71-.LFB71
 959 0455 01       		.uleb128 0x1
 960 0456 9C       		.byte	0x9c
 961 0457 7E040000 		.4byte	0x47e
 962 045b 0A       		.uleb128 0xa
 963 045c 08000000 		.4byte	.LVL44
 964 0460 78020000 		.4byte	0x278
 965 0464 6E040000 		.4byte	0x46e
 966 0468 0B       		.uleb128 0xb
 967 0469 01       		.uleb128 0x1
 968 046a 50       		.byte	0x50
 969 046b 01       		.uleb128 0x1
 970 046c 31       		.byte	0x31
 971 046d 00       		.byte	0
 972 046e 0F       		.uleb128 0xf
 973 046f 0E000000 		.4byte	.LVL45
 974 0473 BB040000 		.4byte	0x4bb
 975 0477 0B       		.uleb128 0xb
 976 0478 01       		.uleb128 0x1
 977 0479 50       		.byte	0x50
 978 047a 01       		.uleb128 0x1
 979 047b 32       		.byte	0x32
 980 047c 00       		.byte	0
 981 047d 00       		.byte	0
 982 047e 13       		.uleb128 0x13
 983 047f 45010000 		.4byte	.LASF42
 984 0483 07       		.byte	0x7
 985 0484 1207     		.2byte	0x712
 986 0486 8A040000 		.4byte	0x48a
 987 048a 14       		.uleb128 0x14
 988 048b 76000000 		.4byte	0x76
 989 048f 15       		.uleb128 0x15
 990 0490 38000000 		.4byte	.LASF34
 991 0494 38000000 		.4byte	.LASF34
 992 0498 05       		.byte	0x5
 993 0499 B1       		.byte	0xb1
 994 049a 15       		.uleb128 0x15
 995 049b 68000000 		.4byte	.LASF35
 996 049f 68000000 		.4byte	.LASF35
 997 04a3 05       		.byte	0x5
 998 04a4 B6       		.byte	0xb6
 999 04a5 15       		.uleb128 0x15
 1000 04a6 91020000 		.4byte	.LASF36
 1001 04aa 91020000 		.4byte	.LASF36
ARM GAS  C:\Users\Admin\AppData\Local\Temp\ccoixPwk.s 			page 20


 1002 04ae 05       		.byte	0x5
 1003 04af B5       		.byte	0xb5
 1004 04b0 15       		.uleb128 0x15
 1005 04b1 6A010000 		.4byte	.LASF37
 1006 04b5 6A010000 		.4byte	.LASF37
 1007 04b9 06       		.byte	0x6
 1008 04ba 77       		.byte	0x77
 1009 04bb 15       		.uleb128 0x15
 1010 04bc D5020000 		.4byte	.LASF38
 1011 04c0 D5020000 		.4byte	.LASF38
 1012 04c4 06       		.byte	0x6
 1013 04c5 76       		.byte	0x76
 1014 04c6 00       		.byte	0
 1015              		.section	.debug_abbrev,"",%progbits
 1016              	.Ldebug_abbrev0:
 1017 0000 01       		.uleb128 0x1
 1018 0001 11       		.uleb128 0x11
 1019 0002 01       		.byte	0x1
 1020 0003 25       		.uleb128 0x25
 1021 0004 0E       		.uleb128 0xe
 1022 0005 13       		.uleb128 0x13
 1023 0006 0B       		.uleb128 0xb
 1024 0007 03       		.uleb128 0x3
 1025 0008 0E       		.uleb128 0xe
 1026 0009 1B       		.uleb128 0x1b
 1027 000a 0E       		.uleb128 0xe
 1028 000b 55       		.uleb128 0x55
 1029 000c 17       		.uleb128 0x17
 1030 000d 11       		.uleb128 0x11
 1031 000e 01       		.uleb128 0x1
 1032 000f 10       		.uleb128 0x10
 1033 0010 17       		.uleb128 0x17
 1034 0011 00       		.byte	0
 1035 0012 00       		.byte	0
 1036 0013 02       		.uleb128 0x2
 1037 0014 24       		.uleb128 0x24
 1038 0015 00       		.byte	0
 1039 0016 0B       		.uleb128 0xb
 1040 0017 0B       		.uleb128 0xb
 1041 0018 3E       		.uleb128 0x3e
 1042 0019 0B       		.uleb128 0xb
 1043 001a 03       		.uleb128 0x3
 1044 001b 0E       		.uleb128 0xe
 1045 001c 00       		.byte	0
 1046 001d 00       		.byte	0
 1047 001e 03       		.uleb128 0x3
 1048 001f 16       		.uleb128 0x16
 1049 0020 00       		.byte	0
 1050 0021 03       		.uleb128 0x3
 1051 0022 0E       		.uleb128 0xe
 1052 0023 3A       		.uleb128 0x3a
 1053 0024 0B       		.uleb128 0xb
 1054 0025 3B       		.uleb128 0x3b
 1055 0026 0B       		.uleb128 0xb
 1056 0027 49       		.uleb128 0x49
 1057 0028 13       		.uleb128 0x13
 1058 0029 00       		.byte	0
ARM GAS  C:\Users\Admin\AppData\Local\Temp\ccoixPwk.s 			page 21


 1059 002a 00       		.byte	0
 1060 002b 04       		.uleb128 0x4
 1061 002c 24       		.uleb128 0x24
 1062 002d 00       		.byte	0
 1063 002e 0B       		.uleb128 0xb
 1064 002f 0B       		.uleb128 0xb
 1065 0030 3E       		.uleb128 0x3e
 1066 0031 0B       		.uleb128 0xb
 1067 0032 03       		.uleb128 0x3
 1068 0033 08       		.uleb128 0x8
 1069 0034 00       		.byte	0
 1070 0035 00       		.byte	0
 1071 0036 05       		.uleb128 0x5
 1072 0037 16       		.uleb128 0x16
 1073 0038 00       		.byte	0
 1074 0039 03       		.uleb128 0x3
 1075 003a 0E       		.uleb128 0xe
 1076 003b 3A       		.uleb128 0x3a
 1077 003c 0B       		.uleb128 0xb
 1078 003d 3B       		.uleb128 0x3b
 1079 003e 05       		.uleb128 0x5
 1080 003f 49       		.uleb128 0x49
 1081 0040 13       		.uleb128 0x13
 1082 0041 00       		.byte	0
 1083 0042 00       		.byte	0
 1084 0043 06       		.uleb128 0x6
 1085 0044 0F       		.uleb128 0xf
 1086 0045 00       		.byte	0
 1087 0046 0B       		.uleb128 0xb
 1088 0047 0B       		.uleb128 0xb
 1089 0048 49       		.uleb128 0x49
 1090 0049 13       		.uleb128 0x13
 1091 004a 00       		.byte	0
 1092 004b 00       		.byte	0
 1093 004c 07       		.uleb128 0x7
 1094 004d 2E       		.uleb128 0x2e
 1095 004e 01       		.byte	0x1
 1096 004f 03       		.uleb128 0x3
 1097 0050 0E       		.uleb128 0xe
 1098 0051 3A       		.uleb128 0x3a
 1099 0052 0B       		.uleb128 0xb
 1100 0053 3B       		.uleb128 0x3b
 1101 0054 0B       		.uleb128 0xb
 1102 0055 27       		.uleb128 0x27
 1103 0056 19       		.uleb128 0x19
 1104 0057 11       		.uleb128 0x11
 1105 0058 01       		.uleb128 0x1
 1106 0059 12       		.uleb128 0x12
 1107 005a 06       		.uleb128 0x6
 1108 005b 40       		.uleb128 0x40
 1109 005c 18       		.uleb128 0x18
 1110 005d 9742     		.uleb128 0x2117
 1111 005f 19       		.uleb128 0x19
 1112 0060 01       		.uleb128 0x1
 1113 0061 13       		.uleb128 0x13
 1114 0062 00       		.byte	0
 1115 0063 00       		.byte	0
ARM GAS  C:\Users\Admin\AppData\Local\Temp\ccoixPwk.s 			page 22


 1116 0064 08       		.uleb128 0x8
 1117 0065 05       		.uleb128 0x5
 1118 0066 00       		.byte	0
 1119 0067 03       		.uleb128 0x3
 1120 0068 0E       		.uleb128 0xe
 1121 0069 3A       		.uleb128 0x3a
 1122 006a 0B       		.uleb128 0xb
 1123 006b 3B       		.uleb128 0x3b
 1124 006c 0B       		.uleb128 0xb
 1125 006d 49       		.uleb128 0x49
 1126 006e 13       		.uleb128 0x13
 1127 006f 02       		.uleb128 0x2
 1128 0070 17       		.uleb128 0x17
 1129 0071 00       		.byte	0
 1130 0072 00       		.byte	0
 1131 0073 09       		.uleb128 0x9
 1132 0074 34       		.uleb128 0x34
 1133 0075 00       		.byte	0
 1134 0076 03       		.uleb128 0x3
 1135 0077 0E       		.uleb128 0xe
 1136 0078 3A       		.uleb128 0x3a
 1137 0079 0B       		.uleb128 0xb
 1138 007a 3B       		.uleb128 0x3b
 1139 007b 0B       		.uleb128 0xb
 1140 007c 49       		.uleb128 0x49
 1141 007d 13       		.uleb128 0x13
 1142 007e 02       		.uleb128 0x2
 1143 007f 17       		.uleb128 0x17
 1144 0080 00       		.byte	0
 1145 0081 00       		.byte	0
 1146 0082 0A       		.uleb128 0xa
 1147 0083 898201   		.uleb128 0x4109
 1148 0086 01       		.byte	0x1
 1149 0087 11       		.uleb128 0x11
 1150 0088 01       		.uleb128 0x1
 1151 0089 31       		.uleb128 0x31
 1152 008a 13       		.uleb128 0x13
 1153 008b 01       		.uleb128 0x1
 1154 008c 13       		.uleb128 0x13
 1155 008d 00       		.byte	0
 1156 008e 00       		.byte	0
 1157 008f 0B       		.uleb128 0xb
 1158 0090 8A8201   		.uleb128 0x410a
 1159 0093 00       		.byte	0
 1160 0094 02       		.uleb128 0x2
 1161 0095 18       		.uleb128 0x18
 1162 0096 9142     		.uleb128 0x2111
 1163 0098 18       		.uleb128 0x18
 1164 0099 00       		.byte	0
 1165 009a 00       		.byte	0
 1166 009b 0C       		.uleb128 0xc
 1167 009c 898201   		.uleb128 0x4109
 1168 009f 00       		.byte	0
 1169 00a0 11       		.uleb128 0x11
 1170 00a1 01       		.uleb128 0x1
 1171 00a2 31       		.uleb128 0x31
 1172 00a3 13       		.uleb128 0x13
ARM GAS  C:\Users\Admin\AppData\Local\Temp\ccoixPwk.s 			page 23


 1173 00a4 00       		.byte	0
 1174 00a5 00       		.byte	0
 1175 00a6 0D       		.uleb128 0xd
 1176 00a7 05       		.uleb128 0x5
 1177 00a8 00       		.byte	0
 1178 00a9 03       		.uleb128 0x3
 1179 00aa 08       		.uleb128 0x8
 1180 00ab 3A       		.uleb128 0x3a
 1181 00ac 0B       		.uleb128 0xb
 1182 00ad 3B       		.uleb128 0x3b
 1183 00ae 0B       		.uleb128 0xb
 1184 00af 49       		.uleb128 0x49
 1185 00b0 13       		.uleb128 0x13
 1186 00b1 02       		.uleb128 0x2
 1187 00b2 17       		.uleb128 0x17
 1188 00b3 00       		.byte	0
 1189 00b4 00       		.byte	0
 1190 00b5 0E       		.uleb128 0xe
 1191 00b6 34       		.uleb128 0x34
 1192 00b7 00       		.byte	0
 1193 00b8 03       		.uleb128 0x3
 1194 00b9 0E       		.uleb128 0xe
 1195 00ba 3A       		.uleb128 0x3a
 1196 00bb 0B       		.uleb128 0xb
 1197 00bc 3B       		.uleb128 0x3b
 1198 00bd 0B       		.uleb128 0xb
 1199 00be 49       		.uleb128 0x49
 1200 00bf 13       		.uleb128 0x13
 1201 00c0 02       		.uleb128 0x2
 1202 00c1 18       		.uleb128 0x18
 1203 00c2 00       		.byte	0
 1204 00c3 00       		.byte	0
 1205 00c4 0F       		.uleb128 0xf
 1206 00c5 898201   		.uleb128 0x4109
 1207 00c8 01       		.byte	0x1
 1208 00c9 11       		.uleb128 0x11
 1209 00ca 01       		.uleb128 0x1
 1210 00cb 31       		.uleb128 0x31
 1211 00cc 13       		.uleb128 0x13
 1212 00cd 00       		.byte	0
 1213 00ce 00       		.byte	0
 1214 00cf 10       		.uleb128 0x10
 1215 00d0 2E       		.uleb128 0x2e
 1216 00d1 01       		.byte	0x1
 1217 00d2 3F       		.uleb128 0x3f
 1218 00d3 19       		.uleb128 0x19
 1219 00d4 03       		.uleb128 0x3
 1220 00d5 0E       		.uleb128 0xe
 1221 00d6 3A       		.uleb128 0x3a
 1222 00d7 0B       		.uleb128 0xb
 1223 00d8 3B       		.uleb128 0x3b
 1224 00d9 0B       		.uleb128 0xb
 1225 00da 27       		.uleb128 0x27
 1226 00db 19       		.uleb128 0x19
 1227 00dc 11       		.uleb128 0x11
 1228 00dd 01       		.uleb128 0x1
 1229 00de 12       		.uleb128 0x12
ARM GAS  C:\Users\Admin\AppData\Local\Temp\ccoixPwk.s 			page 24


 1230 00df 06       		.uleb128 0x6
 1231 00e0 40       		.uleb128 0x40
 1232 00e1 18       		.uleb128 0x18
 1233 00e2 9742     		.uleb128 0x2117
 1234 00e4 19       		.uleb128 0x19
 1235 00e5 01       		.uleb128 0x1
 1236 00e6 13       		.uleb128 0x13
 1237 00e7 00       		.byte	0
 1238 00e8 00       		.byte	0
 1239 00e9 11       		.uleb128 0x11
 1240 00ea 01       		.uleb128 0x1
 1241 00eb 01       		.byte	0x1
 1242 00ec 49       		.uleb128 0x49
 1243 00ed 13       		.uleb128 0x13
 1244 00ee 01       		.uleb128 0x1
 1245 00ef 13       		.uleb128 0x13
 1246 00f0 00       		.byte	0
 1247 00f1 00       		.byte	0
 1248 00f2 12       		.uleb128 0x12
 1249 00f3 21       		.uleb128 0x21
 1250 00f4 00       		.byte	0
 1251 00f5 49       		.uleb128 0x49
 1252 00f6 13       		.uleb128 0x13
 1253 00f7 2F       		.uleb128 0x2f
 1254 00f8 0B       		.uleb128 0xb
 1255 00f9 00       		.byte	0
 1256 00fa 00       		.byte	0
 1257 00fb 13       		.uleb128 0x13
 1258 00fc 34       		.uleb128 0x34
 1259 00fd 00       		.byte	0
 1260 00fe 03       		.uleb128 0x3
 1261 00ff 0E       		.uleb128 0xe
 1262 0100 3A       		.uleb128 0x3a
 1263 0101 0B       		.uleb128 0xb
 1264 0102 3B       		.uleb128 0x3b
 1265 0103 05       		.uleb128 0x5
 1266 0104 49       		.uleb128 0x49
 1267 0105 13       		.uleb128 0x13
 1268 0106 3F       		.uleb128 0x3f
 1269 0107 19       		.uleb128 0x19
 1270 0108 3C       		.uleb128 0x3c
 1271 0109 19       		.uleb128 0x19
 1272 010a 00       		.byte	0
 1273 010b 00       		.byte	0
 1274 010c 14       		.uleb128 0x14
 1275 010d 35       		.uleb128 0x35
 1276 010e 00       		.byte	0
 1277 010f 49       		.uleb128 0x49
 1278 0110 13       		.uleb128 0x13
 1279 0111 00       		.byte	0
 1280 0112 00       		.byte	0
 1281 0113 15       		.uleb128 0x15
 1282 0114 2E       		.uleb128 0x2e
 1283 0115 00       		.byte	0
 1284 0116 3F       		.uleb128 0x3f
 1285 0117 19       		.uleb128 0x19
 1286 0118 3C       		.uleb128 0x3c
ARM GAS  C:\Users\Admin\AppData\Local\Temp\ccoixPwk.s 			page 25


 1287 0119 19       		.uleb128 0x19
 1288 011a 6E       		.uleb128 0x6e
 1289 011b 0E       		.uleb128 0xe
 1290 011c 03       		.uleb128 0x3
 1291 011d 0E       		.uleb128 0xe
 1292 011e 3A       		.uleb128 0x3a
 1293 011f 0B       		.uleb128 0xb
 1294 0120 3B       		.uleb128 0x3b
 1295 0121 0B       		.uleb128 0xb
 1296 0122 00       		.byte	0
 1297 0123 00       		.byte	0
 1298 0124 00       		.byte	0
 1299              		.section	.debug_loc,"",%progbits
 1300              	.Ldebug_loc0:
 1301              	.LLST0:
 1302 0000 00000000 		.4byte	.LVL0
 1303 0004 09000000 		.4byte	.LVL2-1
 1304 0008 0100     		.2byte	0x1
 1305 000a 50       		.byte	0x50
 1306 000b 09000000 		.4byte	.LVL2-1
 1307 000f 18000000 		.4byte	.LFE63
 1308 0013 0400     		.2byte	0x4
 1309 0015 F3       		.byte	0xf3
 1310 0016 01       		.uleb128 0x1
 1311 0017 50       		.byte	0x50
 1312 0018 9F       		.byte	0x9f
 1313 0019 00000000 		.4byte	0
 1314 001d 00000000 		.4byte	0
 1315              	.LLST1:
 1316 0021 00000000 		.4byte	.LVL0
 1317 0025 06000000 		.4byte	.LVL1
 1318 0029 0100     		.2byte	0x1
 1319 002b 51       		.byte	0x51
 1320 002c 06000000 		.4byte	.LVL1
 1321 0030 18000000 		.4byte	.LFE63
 1322 0034 0400     		.2byte	0x4
 1323 0036 F3       		.byte	0xf3
 1324 0037 01       		.uleb128 0x1
 1325 0038 51       		.byte	0x51
 1326 0039 9F       		.byte	0x9f
 1327 003a 00000000 		.4byte	0
 1328 003e 00000000 		.4byte	0
 1329              	.LLST2:
 1330 0042 0A000000 		.4byte	.LVL2
 1331 0046 0E000000 		.4byte	.LVL3
 1332 004a 0100     		.2byte	0x1
 1333 004c 50       		.byte	0x50
 1334 004d 00000000 		.4byte	0
 1335 0051 00000000 		.4byte	0
 1336              	.LLST3:
 1337 0055 00000000 		.4byte	.LVL6
 1338 0059 0C000000 		.4byte	.LVL9
 1339 005d 0100     		.2byte	0x1
 1340 005f 50       		.byte	0x50
 1341 0060 0C000000 		.4byte	.LVL9
 1342 0064 2C000000 		.4byte	.LFE64
 1343 0068 0400     		.2byte	0x4
ARM GAS  C:\Users\Admin\AppData\Local\Temp\ccoixPwk.s 			page 26


 1344 006a F3       		.byte	0xf3
 1345 006b 01       		.uleb128 0x1
 1346 006c 50       		.byte	0x50
 1347 006d 9F       		.byte	0x9f
 1348 006e 00000000 		.4byte	0
 1349 0072 00000000 		.4byte	0
 1350              	.LLST4:
 1351 0076 00000000 		.4byte	.LVL6
 1352 007a 0A000000 		.4byte	.LVL8
 1353 007e 0100     		.2byte	0x1
 1354 0080 51       		.byte	0x51
 1355 0081 0A000000 		.4byte	.LVL8
 1356 0085 2C000000 		.4byte	.LFE64
 1357 0089 0400     		.2byte	0x4
 1358 008b F3       		.byte	0xf3
 1359 008c 01       		.uleb128 0x1
 1360 008d 51       		.byte	0x51
 1361 008e 9F       		.byte	0x9f
 1362 008f 00000000 		.4byte	0
 1363 0093 00000000 		.4byte	0
 1364              	.LLST5:
 1365 0097 00000000 		.4byte	.LVL14
 1366 009b 0C000000 		.4byte	.LVL17
 1367 009f 0100     		.2byte	0x1
 1368 00a1 50       		.byte	0x50
 1369 00a2 0C000000 		.4byte	.LVL17
 1370 00a6 1A000000 		.4byte	.LFE65
 1371 00aa 0400     		.2byte	0x4
 1372 00ac F3       		.byte	0xf3
 1373 00ad 01       		.uleb128 0x1
 1374 00ae 50       		.byte	0x50
 1375 00af 9F       		.byte	0x9f
 1376 00b0 00000000 		.4byte	0
 1377 00b4 00000000 		.4byte	0
 1378              	.LLST6:
 1379 00b8 00000000 		.4byte	.LVL14
 1380 00bc 0F000000 		.4byte	.LVL18-1
 1381 00c0 0100     		.2byte	0x1
 1382 00c2 51       		.byte	0x51
 1383 00c3 0F000000 		.4byte	.LVL18-1
 1384 00c7 1A000000 		.4byte	.LFE65
 1385 00cb 0400     		.2byte	0x4
 1386 00cd F3       		.byte	0xf3
 1387 00ce 01       		.uleb128 0x1
 1388 00cf 51       		.byte	0x51
 1389 00d0 9F       		.byte	0x9f
 1390 00d1 00000000 		.4byte	0
 1391 00d5 00000000 		.4byte	0
 1392              	.LLST7:
 1393 00d9 04000000 		.4byte	.LVL15
 1394 00dd 0C000000 		.4byte	.LVL17
 1395 00e1 0600     		.2byte	0x6
 1396 00e3 70       		.byte	0x70
 1397 00e4 00       		.sleb128 0
 1398 00e5 08       		.byte	0x8
 1399 00e6 F0       		.byte	0xf0
 1400 00e7 1A       		.byte	0x1a
ARM GAS  C:\Users\Admin\AppData\Local\Temp\ccoixPwk.s 			page 27


 1401 00e8 9F       		.byte	0x9f
 1402 00e9 00000000 		.4byte	0
 1403 00ed 00000000 		.4byte	0
 1404              	.LLST8:
 1405 00f1 00000000 		.4byte	.LVL20
 1406 00f5 07000000 		.4byte	.LVL21-1
 1407 00f9 0100     		.2byte	0x1
 1408 00fb 50       		.byte	0x50
 1409 00fc 07000000 		.4byte	.LVL21-1
 1410 0100 0A000000 		.4byte	.LFE66
 1411 0104 0400     		.2byte	0x4
 1412 0106 F3       		.byte	0xf3
 1413 0107 01       		.uleb128 0x1
 1414 0108 50       		.byte	0x50
 1415 0109 9F       		.byte	0x9f
 1416 010a 00000000 		.4byte	0
 1417 010e 00000000 		.4byte	0
 1418              	.LLST9:
 1419 0112 00000000 		.4byte	.LVL22
 1420 0116 07000000 		.4byte	.LVL23-1
 1421 011a 0100     		.2byte	0x1
 1422 011c 50       		.byte	0x50
 1423 011d 07000000 		.4byte	.LVL23-1
 1424 0121 0A000000 		.4byte	.LFE67
 1425 0125 0400     		.2byte	0x4
 1426 0127 F3       		.byte	0xf3
 1427 0128 01       		.uleb128 0x1
 1428 0129 50       		.byte	0x50
 1429 012a 9F       		.byte	0x9f
 1430 012b 00000000 		.4byte	0
 1431 012f 00000000 		.4byte	0
 1432              	.LLST10:
 1433 0133 00000000 		.4byte	.LVL36
 1434 0137 0A000000 		.4byte	.LVL37
 1435 013b 0100     		.2byte	0x1
 1436 013d 50       		.byte	0x50
 1437 013e 0A000000 		.4byte	.LVL37
 1438 0142 2C000000 		.4byte	.LFE69
 1439 0146 0400     		.2byte	0x4
 1440 0148 F3       		.byte	0xf3
 1441 0149 01       		.uleb128 0x1
 1442 014a 50       		.byte	0x50
 1443 014b 9F       		.byte	0x9f
 1444 014c 00000000 		.4byte	0
 1445 0150 00000000 		.4byte	0
 1446              	.LLST11:
 1447 0154 00000000 		.4byte	.LVL36
 1448 0158 16000000 		.4byte	.LVL38
 1449 015c 0100     		.2byte	0x1
 1450 015e 51       		.byte	0x51
 1451 015f 16000000 		.4byte	.LVL38
 1452 0163 2C000000 		.4byte	.LFE69
 1453 0167 0400     		.2byte	0x4
 1454 0169 F3       		.byte	0xf3
 1455 016a 01       		.uleb128 0x1
 1456 016b 51       		.byte	0x51
 1457 016c 9F       		.byte	0x9f
ARM GAS  C:\Users\Admin\AppData\Local\Temp\ccoixPwk.s 			page 28


 1458 016d 00000000 		.4byte	0
 1459 0171 00000000 		.4byte	0
 1460              	.LLST12:
 1461 0175 00000000 		.4byte	.LVL40
 1462 0179 06000000 		.4byte	.LVL41
 1463 017d 0100     		.2byte	0x1
 1464 017f 50       		.byte	0x50
 1465 0180 06000000 		.4byte	.LVL41
 1466 0184 14000000 		.4byte	.LFE70
 1467 0188 0100     		.2byte	0x1
 1468 018a 54       		.byte	0x54
 1469 018b 00000000 		.4byte	0
 1470 018f 00000000 		.4byte	0
 1471              		.section	.debug_aranges,"",%progbits
 1472 0000 5C000000 		.4byte	0x5c
 1473 0004 0200     		.2byte	0x2
 1474 0006 00000000 		.4byte	.Ldebug_info0
 1475 000a 04       		.byte	0x4
 1476 000b 00       		.byte	0
 1477 000c 0000     		.2byte	0
 1478 000e 0000     		.2byte	0
 1479 0010 00000000 		.4byte	.LFB63
 1480 0014 18000000 		.4byte	.LFE63-.LFB63
 1481 0018 00000000 		.4byte	.LFB64
 1482 001c 2C000000 		.4byte	.LFE64-.LFB64
 1483 0020 00000000 		.4byte	.LFB65
 1484 0024 1A000000 		.4byte	.LFE65-.LFB65
 1485 0028 00000000 		.4byte	.LFB66
 1486 002c 0A000000 		.4byte	.LFE66-.LFB66
 1487 0030 00000000 		.4byte	.LFB67
 1488 0034 0A000000 		.4byte	.LFE67-.LFB67
 1489 0038 00000000 		.4byte	.LFB68
 1490 003c 54000000 		.4byte	.LFE68-.LFB68
 1491 0040 00000000 		.4byte	.LFB69
 1492 0044 2C000000 		.4byte	.LFE69-.LFB69
 1493 0048 00000000 		.4byte	.LFB70
 1494 004c 14000000 		.4byte	.LFE70-.LFB70
 1495 0050 00000000 		.4byte	.LFB71
 1496 0054 10000000 		.4byte	.LFE71-.LFB71
 1497 0058 00000000 		.4byte	0
 1498 005c 00000000 		.4byte	0
 1499              		.section	.debug_ranges,"",%progbits
 1500              	.Ldebug_ranges0:
 1501 0000 00000000 		.4byte	.LFB63
 1502 0004 18000000 		.4byte	.LFE63
 1503 0008 00000000 		.4byte	.LFB64
 1504 000c 2C000000 		.4byte	.LFE64
 1505 0010 00000000 		.4byte	.LFB65
 1506 0014 1A000000 		.4byte	.LFE65
 1507 0018 00000000 		.4byte	.LFB66
 1508 001c 0A000000 		.4byte	.LFE66
 1509 0020 00000000 		.4byte	.LFB67
 1510 0024 0A000000 		.4byte	.LFE67
 1511 0028 00000000 		.4byte	.LFB68
 1512 002c 54000000 		.4byte	.LFE68
 1513 0030 00000000 		.4byte	.LFB69
 1514 0034 2C000000 		.4byte	.LFE69
ARM GAS  C:\Users\Admin\AppData\Local\Temp\ccoixPwk.s 			page 29


 1515 0038 00000000 		.4byte	.LFB70
 1516 003c 14000000 		.4byte	.LFE70
 1517 0040 00000000 		.4byte	.LFB71
 1518 0044 10000000 		.4byte	.LFE71
 1519 0048 00000000 		.4byte	0
 1520 004c 00000000 		.4byte	0
 1521              		.section	.debug_line,"",%progbits
 1522              	.Ldebug_line0:
 1523 0000 F0010000 		.section	.debug_str,"MS",%progbits,1
 1523      02003D01 
 1523      00000201 
 1523      FB0E0D00 
 1523      01010101 
 1524              	.LASF20:
 1525 0000 4C43445F 		.ascii	"LCD_WriteNibble\000"
 1525      57726974 
 1525      654E6962 
 1525      626C6500 
 1526              	.LASF33:
 1527 0010 4C43445F 		.ascii	"LCD_Clear\000"
 1527      436C6561 
 1527      7200
 1528              	.LASF30:
 1529 001a 4C43445F 		.ascii	"LCD_SetCursor\000"
 1529      53657443 
 1529      7572736F 
 1529      7200
 1530              	.LASF24:
 1531 0028 76616C75 		.ascii	"value\000"
 1531      6500
 1532              	.LASF9:
 1533 002e 5F5F696E 		.ascii	"__int32_t\000"
 1533      7433325F 
 1533      7400
 1534              	.LASF34:
 1535 0038 4932435F 		.ascii	"I2C_1_MasterSendStart\000"
 1535      315F4D61 
 1535      73746572 
 1535      53656E64 
 1535      53746172 
 1536              	.LASF13:
 1537 004e 646F7562 		.ascii	"double\000"
 1537      6C6500
 1538              	.LASF28:
 1539 0055 4C43445F 		.ascii	"LCD_Command\000"
 1539      436F6D6D 
 1539      616E6400 
 1540              	.LASF22:
 1541 0061 73746174 		.ascii	"status\000"
 1541      757300
 1542              	.LASF35:
 1543 0068 4932435F 		.ascii	"I2C_1_MasterWriteByte\000"
 1543      315F4D61 
 1543      73746572 
 1543      57726974 
 1543      65427974 
 1544              	.LASF12:
ARM GAS  C:\Users\Admin\AppData\Local\Temp\ccoixPwk.s 			page 30


 1545 007e 666C6F61 		.ascii	"float\000"
 1545      7400
 1546              	.LASF18:
 1547 0084 64617461 		.ascii	"data\000"
 1547      00
 1548              	.LASF41:
 1549 0089 443A5C44 		.ascii	"D:\\Documentos\\GitHub\\Afinador-Guitarra-PsoC-5LP\\"
 1549      6F63756D 
 1549      656E746F 
 1549      735C4769 
 1549      74487562 
 1550 00b9 50726F79 		.ascii	"ProyectoPDS\\ProyectoPDS solo matlab\\lab5-fiuna-fi"
 1550      6563746F 
 1550      5044535C 
 1550      50726F79 
 1550      6563746F 
 1551 00ea 6C74726F 		.ascii	"ltros_sencillos\\Design01.cydsn\000"
 1551      735F7365 
 1551      6E63696C 
 1551      6C6F735C 
 1551      44657369 
 1552              	.LASF25:
 1553 0109 68696768 		.ascii	"highNibble\000"
 1553      4E696262 
 1553      6C6500
 1554              	.LASF31:
 1555 0114 726F775F 		.ascii	"row_offsets\000"
 1555      6F666673 
 1555      65747300 
 1556              	.LASF5:
 1557 0120 6C6F6E67 		.ascii	"long unsigned int\000"
 1557      20756E73 
 1557      69676E65 
 1557      6420696E 
 1557      7400
 1558              	.LASF3:
 1559 0132 73686F72 		.ascii	"short unsigned int\000"
 1559      7420756E 
 1559      7369676E 
 1559      65642069 
 1559      6E7400
 1560              	.LASF42:
 1561 0145 49544D5F 		.ascii	"ITM_RxBuffer\000"
 1561      52784275 
 1561      66666572 
 1561      00
 1562              	.LASF1:
 1563 0152 756E7369 		.ascii	"unsigned char\000"
 1563      676E6564 
 1563      20636861 
 1563      7200
 1564              	.LASF26:
 1565 0160 6C6F774E 		.ascii	"lowNibble\000"
 1565      6962626C 
 1565      6500
 1566              	.LASF37:
 1567 016a 43794465 		.ascii	"CyDelayUs\000"
ARM GAS  C:\Users\Admin\AppData\Local\Temp\ccoixPwk.s 			page 31


 1567      6C617955 
 1567      7300
 1568              	.LASF23:
 1569 0174 4C43445F 		.ascii	"LCD_Send\000"
 1569      53656E64 
 1569      00
 1570              	.LASF40:
 1571 017d 6C63645F 		.ascii	"lcd_i2c.c\000"
 1571      6932632E 
 1571      6300
 1572              	.LASF8:
 1573 0187 756E7369 		.ascii	"unsigned int\000"
 1573      676E6564 
 1573      20696E74 
 1573      00
 1574              	.LASF17:
 1575 0194 61646472 		.ascii	"address\000"
 1575      65737300 
 1576              	.LASF7:
 1577 019c 6C6F6E67 		.ascii	"long long unsigned int\000"
 1577      206C6F6E 
 1577      6720756E 
 1577      7369676E 
 1577      65642069 
 1578              	.LASF39:
 1579 01b3 474E5520 		.ascii	"GNU C11 5.4.1 20160609 (release) [ARM/embedded-5-br"
 1579      43313120 
 1579      352E342E 
 1579      31203230 
 1579      31363036 
 1580 01e6 616E6368 		.ascii	"anch revision 237715] -mcpu=cortex-m3 -mthumb -g -O"
 1580      20726576 
 1580      6973696F 
 1580      6E203233 
 1580      37373135 
 1581 0219 67202D66 		.ascii	"g -ffunction-sections -ffat-lto-objects\000"
 1581      66756E63 
 1581      74696F6E 
 1581      2D736563 
 1581      74696F6E 
 1582              	.LASF10:
 1583 0241 696E7433 		.ascii	"int32_t\000"
 1583      325F7400 
 1584              	.LASF16:
 1585 0249 73697A65 		.ascii	"sizetype\000"
 1585      74797065 
 1585      00
 1586              	.LASF6:
 1587 0252 6C6F6E67 		.ascii	"long long int\000"
 1587      206C6F6E 
 1587      6720696E 
 1587      7400
 1588              	.LASF14:
 1589 0260 63686172 		.ascii	"char\000"
 1589      00
 1590              	.LASF29:
 1591 0265 4C43445F 		.ascii	"LCD_Init\000"
ARM GAS  C:\Users\Admin\AppData\Local\Temp\ccoixPwk.s 			page 32


 1591      496E6974 
 1591      00
 1592              	.LASF32:
 1593 026e 4C43445F 		.ascii	"LCD_Print\000"
 1593      5072696E 
 1593      7400
 1594              	.LASF2:
 1595 0278 73686F72 		.ascii	"short int\000"
 1595      7420696E 
 1595      7400
 1596              	.LASF11:
 1597 0282 75696E74 		.ascii	"uint8\000"
 1597      3800
 1598              	.LASF27:
 1599 0288 4C43445F 		.ascii	"LCD_Data\000"
 1599      44617461 
 1599      00
 1600              	.LASF36:
 1601 0291 4932435F 		.ascii	"I2C_1_MasterSendStop\000"
 1601      315F4D61 
 1601      73746572 
 1601      53656E64 
 1601      53746F70 
 1602              	.LASF4:
 1603 02a6 6C6F6E67 		.ascii	"long int\000"
 1603      20696E74 
 1603      00
 1604              	.LASF15:
 1605 02af 6C6F6E67 		.ascii	"long double\000"
 1605      20646F75 
 1605      626C6500 
 1606              	.LASF0:
 1607 02bb 7369676E 		.ascii	"signed char\000"
 1607      65642063 
 1607      68617200 
 1608              	.LASF19:
 1609 02c7 4932435F 		.ascii	"I2C_WriteByte\000"
 1609      57726974 
 1609      65427974 
 1609      6500
 1610              	.LASF38:
 1611 02d5 43794465 		.ascii	"CyDelay\000"
 1611      6C617900 
 1612              	.LASF21:
 1613 02dd 6E696262 		.ascii	"nibble\000"
 1613      6C6500
 1614              		.ident	"GCC: (GNU Tools for ARM Embedded Processors) 5.4.1 20160609 (release) [ARM/embedded-5-bran
