ARM GAS  C:\Users\Admin\AppData\Local\Temp\ccj7gJlf.s 			page 1


   1              		.syntax unified
   2              		.cpu cortex-m3
   3              		.fpu softvfp
   4              		.eabi_attribute 20, 1
   5              		.eabi_attribute 21, 1
   6              		.eabi_attribute 23, 3
   7              		.eabi_attribute 24, 1
   8              		.eabi_attribute 25, 1
   9              		.eabi_attribute 26, 1
  10              		.eabi_attribute 30, 1
  11              		.eabi_attribute 34, 1
  12              		.eabi_attribute 18, 4
  13              		.thumb
  14              		.syntax unified
  15              		.file	"procesamiento.c"
  16              		.text
  17              	.Ltext0:
  18              		.cfi_sections	.debug_frame
  19              		.global	__aeabi_f2iz
  20              		.section	.text.convertToQ32,"ax",%progbits
  21              		.align	2
  22              		.global	convertToQ32
  23              		.thumb
  24              		.thumb_func
  25              		.type	convertToQ32, %function
  26              	convertToQ32:
  27              	.LFB63:
  28              		.file 1 "procesamiento.c"
   1:procesamiento.c **** #include "procesamiento.h"
   2:procesamiento.c **** #include <string.h> // Para memcpy
   3:procesamiento.c **** 
   4:procesamiento.c **** 
   5:procesamiento.c **** void convertToQ32(const float* input, uint32_t* output, size_t size) {
  29              		.loc 1 5 0
  30              		.cfi_startproc
  31              		@ args = 0, pretend = 0, frame = 0
  32              		@ frame_needed = 0, uses_anonymous_args = 0
  33              	.LVL0:
  34 0000 F8B5     		push	{r3, r4, r5, r6, r7, lr}
  35              		.cfi_def_cfa_offset 24
  36              		.cfi_offset 3, -24
  37              		.cfi_offset 4, -20
  38              		.cfi_offset 5, -16
  39              		.cfi_offset 6, -12
  40              		.cfi_offset 7, -8
  41              		.cfi_offset 14, -4
  42 0002 0746     		mov	r7, r0
  43 0004 0E46     		mov	r6, r1
  44 0006 1546     		mov	r5, r2
  45              	.LVL1:
  46              	.LBB2:
   6:procesamiento.c ****     for (size_t i = 0; i < size; i++) {
  47              		.loc 1 6 0
  48 0008 0024     		movs	r4, #0
  49 000a 06E0     		b	.L2
  50              	.LVL2:
  51              	.L3:
ARM GAS  C:\Users\Admin\AppData\Local\Temp\ccj7gJlf.s 			page 2


  52              	.LBB3:
   7:procesamiento.c ****         // Opción A: Si input viene del ADC (ej. 15000.0)
   8:procesamiento.c ****         // Convertimos a entero y desplazamos 8 bits a la izquierda.
   9:procesamiento.c ****         // Esto convierte 16 bits en 24 bits efectivos para el DFB.
  10:procesamiento.c ****         // Ejemplo: 0x7FFF (max ADC) -> 0x7FFF00 (Alto volumen para DFB)
  11:procesamiento.c ****         
  12:procesamiento.c ****         int32_t valor_temp = (int32_t)input[i];
  53              		.loc 1 12 0 discriminator 3
  54 000c 57F82400 		ldr	r0, [r7, r4, lsl #2]	@ float
  55 0010 FFF7FEFF 		bl	__aeabi_f2iz
  56              	.LVL3:
  13:procesamiento.c ****         output[i] = (uint32_t)(valor_temp); 
  57              		.loc 1 13 0 discriminator 3
  58 0014 46F82400 		str	r0, [r6, r4, lsl #2]
  59              	.LBE3:
   6:procesamiento.c ****     for (size_t i = 0; i < size; i++) {
  60              		.loc 1 6 0 discriminator 3
  61 0018 0134     		adds	r4, r4, #1
  62              	.LVL4:
  63              	.L2:
   6:procesamiento.c ****     for (size_t i = 0; i < size; i++) {
  64              		.loc 1 6 0 is_stmt 0 discriminator 1
  65 001a AC42     		cmp	r4, r5
  66 001c F6D3     		bcc	.L3
  67              	.LBE2:
  14:procesamiento.c ****     }
  15:procesamiento.c **** }
  68              		.loc 1 15 0 is_stmt 1
  69 001e F8BD     		pop	{r3, r4, r5, r6, r7, pc}
  70              		.cfi_endproc
  71              	.LFE63:
  72              		.size	convertToQ32, .-convertToQ32
  73              		.global	__aeabi_i2d
  74              		.global	__aeabi_dadd
  75              		.global	__aeabi_dmul
  76              		.global	__aeabi_dsub
  77              		.global	__aeabi_dcmpeq
  78              		.global	__aeabi_ddiv
  79              		.global	__aeabi_d2f
  80              		.global	__aeabi_fcmpgt
  81              		.global	__aeabi_fdiv
  82              		.global	__aeabi_fmul
  83              		.section	.text.Calcular_Frecuencia_Regresion,"ax",%progbits
  84              		.align	2
  85              		.global	Calcular_Frecuencia_Regresion
  86              		.thumb
  87              		.thumb_func
  88              		.type	Calcular_Frecuencia_Regresion, %function
  89              	Calcular_Frecuencia_Regresion:
  90              	.LFB64:
  16:procesamiento.c **** 
  17:procesamiento.c **** float Calcular_Frecuencia_Regresion(const uint8_t* datos, uint16 size) {
  91              		.loc 1 17 0
  92              		.cfi_startproc
  93              		@ args = 0, pretend = 0, frame = 32
  94              		@ frame_needed = 0, uses_anonymous_args = 0
  95              	.LVL5:
ARM GAS  C:\Users\Admin\AppData\Local\Temp\ccj7gJlf.s 			page 3


  96 0000 2DE9F04F 		push	{r4, r5, r6, r7, r8, r9, r10, fp, lr}
  97              		.cfi_def_cfa_offset 36
  98              		.cfi_offset 4, -36
  99              		.cfi_offset 5, -32
 100              		.cfi_offset 6, -28
 101              		.cfi_offset 7, -24
 102              		.cfi_offset 8, -20
 103              		.cfi_offset 9, -16
 104              		.cfi_offset 10, -12
 105              		.cfi_offset 11, -8
 106              		.cfi_offset 14, -4
 107 0004 89B0     		sub	sp, sp, #36
 108              		.cfi_def_cfa_offset 72
 109 0006 8346     		mov	fp, r0
 110 0008 8A46     		mov	r10, r1
 111              	.LVL6:
 112              	.LBB4:
  18:procesamiento.c ****     double sum_x = 0, sum_y = 0, sum_xy = 0, sum_xx = 0;
  19:procesamiento.c ****     int pulse_count = 0;
  20:procesamiento.c ****     float frecuencia = 0.0f;
  21:procesamiento.c **** 
  22:procesamiento.c ****     for(int i = 0; i < size; i++) {
 113              		.loc 1 22 0
 114 000a 0024     		movs	r4, #0
 115              	.LBE4:
  19:procesamiento.c ****     float frecuencia = 0.0f;
 116              		.loc 1 19 0
 117 000c 2546     		mov	r5, r4
  18:procesamiento.c ****     double sum_x = 0, sum_y = 0, sum_xy = 0, sum_xx = 0;
 118              		.loc 1 18 0
 119 000e 4FF00008 		mov	r8, #0
 120 0012 4FF00009 		mov	r9, #0
 121 0016 CDE90689 		strd	r8, [sp, #24]
 122 001a CDE90489 		strd	r8, [sp, #16]
 123 001e CDE90289 		strd	r8, [sp, #8]
 124              	.LBB5:
 125              		.loc 1 22 0
 126 0022 3CE0     		b	.L6
 127              	.LVL7:
 128              	.L8:
  23:procesamiento.c ****         if (datos[i] & 0x01) { // Si hay pulso (LSB = 1)
 129              		.loc 1 23 0
 130 0024 1BF80430 		ldrb	r3, [fp, r4]	@ zero_extendqisi2
 131 0028 13F0010F 		tst	r3, #1
 132 002c 36D0     		beq	.L7
  24:procesamiento.c ****             sum_x += pulse_count;
 133              		.loc 1 24 0
 134 002e 2846     		mov	r0, r5
 135 0030 FFF7FEFF 		bl	__aeabi_i2d
 136              	.LVL8:
 137 0034 0646     		mov	r6, r0
 138 0036 0F46     		mov	r7, r1
 139 0038 0246     		mov	r2, r0
 140 003a 0B46     		mov	r3, r1
 141 003c DDE90201 		ldrd	r0, [sp, #8]
 142 0040 FFF7FEFF 		bl	__aeabi_dadd
 143              	.LVL9:
ARM GAS  C:\Users\Admin\AppData\Local\Temp\ccj7gJlf.s 			page 4


 144 0044 CDE90201 		strd	r0, [sp, #8]
 145              	.LVL10:
  25:procesamiento.c ****             sum_y += i;
 146              		.loc 1 25 0
 147 0048 2046     		mov	r0, r4
 148              	.LVL11:
 149 004a FFF7FEFF 		bl	__aeabi_i2d
 150              	.LVL12:
 151 004e CDE90001 		strd	r0, [sp]
 152 0052 0246     		mov	r2, r0
 153 0054 0B46     		mov	r3, r1
 154 0056 DDE90401 		ldrd	r0, [sp, #16]
 155 005a FFF7FEFF 		bl	__aeabi_dadd
 156              	.LVL13:
 157 005e CDE90401 		strd	r0, [sp, #16]
 158              	.LVL14:
  26:procesamiento.c ****             sum_xy += (double)pulse_count * i;
 159              		.loc 1 26 0
 160 0062 DDE90023 		ldrd	r2, [sp]
 161 0066 3046     		mov	r0, r6
 162              	.LVL15:
 163 0068 3946     		mov	r1, r7
 164 006a FFF7FEFF 		bl	__aeabi_dmul
 165              	.LVL16:
 166 006e 0246     		mov	r2, r0
 167 0070 0B46     		mov	r3, r1
 168 0072 DDE90601 		ldrd	r0, [sp, #24]
 169 0076 FFF7FEFF 		bl	__aeabi_dadd
 170              	.LVL17:
 171 007a CDE90601 		strd	r0, [sp, #24]
 172              	.LVL18:
  27:procesamiento.c ****             sum_xx += (double)pulse_count * pulse_count;
 173              		.loc 1 27 0
 174 007e 3246     		mov	r2, r6
 175 0080 3B46     		mov	r3, r7
 176 0082 3046     		mov	r0, r6
 177              	.LVL19:
 178 0084 3946     		mov	r1, r7
 179 0086 FFF7FEFF 		bl	__aeabi_dmul
 180              	.LVL20:
 181 008a 0246     		mov	r2, r0
 182 008c 0B46     		mov	r3, r1
 183 008e 4046     		mov	r0, r8
 184 0090 4946     		mov	r1, r9
 185 0092 FFF7FEFF 		bl	__aeabi_dadd
 186              	.LVL21:
 187 0096 8046     		mov	r8, r0
 188              	.LVL22:
 189 0098 8946     		mov	r9, r1
 190              	.LVL23:
  28:procesamiento.c ****             pulse_count++;
 191              		.loc 1 28 0
 192 009a 0135     		adds	r5, r5, #1
 193              	.LVL24:
 194              	.L7:
  22:procesamiento.c ****         if (datos[i] & 0x01) { // Si hay pulso (LSB = 1)
 195              		.loc 1 22 0 discriminator 2
ARM GAS  C:\Users\Admin\AppData\Local\Temp\ccj7gJlf.s 			page 5


 196 009c 0134     		adds	r4, r4, #1
 197              	.LVL25:
 198              	.L6:
  22:procesamiento.c ****         if (datos[i] & 0x01) { // Si hay pulso (LSB = 1)
 199              		.loc 1 22 0 is_stmt 0 discriminator 1
 200 009e 5445     		cmp	r4, r10
 201 00a0 C0DB     		blt	.L8
 202              	.LBE5:
  29:procesamiento.c ****         }
  30:procesamiento.c ****     }
  31:procesamiento.c **** 
  32:procesamiento.c ****     if (pulse_count > 1) {
 203              		.loc 1 32 0 is_stmt 1
 204 00a2 012D     		cmp	r5, #1
 205 00a4 4BDD     		ble	.L12
 206              	.LBB6:
  33:procesamiento.c ****         double n_dbl = (double)pulse_count;
 207              		.loc 1 33 0
 208 00a6 2846     		mov	r0, r5
 209 00a8 FFF7FEFF 		bl	__aeabi_i2d
 210              	.LVL26:
 211 00ac 0446     		mov	r4, r0
 212              	.LVL27:
 213 00ae 0D46     		mov	r5, r1
 214              	.LVL28:
  34:procesamiento.c ****         double numerator = (n_dbl * sum_xy) - (sum_x * sum_y);
 215              		.loc 1 34 0
 216 00b0 0246     		mov	r2, r0
 217 00b2 0B46     		mov	r3, r1
 218 00b4 DDE90601 		ldrd	r0, [sp, #24]
 219 00b8 FFF7FEFF 		bl	__aeabi_dmul
 220              	.LVL29:
 221 00bc 0646     		mov	r6, r0
 222 00be 0F46     		mov	r7, r1
 223 00c0 DDE90423 		ldrd	r2, [sp, #16]
 224 00c4 DDE90201 		ldrd	r0, [sp, #8]
 225 00c8 FFF7FEFF 		bl	__aeabi_dmul
 226              	.LVL30:
 227 00cc 0246     		mov	r2, r0
 228 00ce 0B46     		mov	r3, r1
 229 00d0 3046     		mov	r0, r6
 230 00d2 3946     		mov	r1, r7
 231 00d4 FFF7FEFF 		bl	__aeabi_dsub
 232              	.LVL31:
 233 00d8 0646     		mov	r6, r0
 234 00da 0F46     		mov	r7, r1
 235              	.LVL32:
  35:procesamiento.c ****         double denominator = (n_dbl * sum_xx) - (sum_x * sum_x);
 236              		.loc 1 35 0
 237 00dc 2246     		mov	r2, r4
 238 00de 2B46     		mov	r3, r5
 239 00e0 4046     		mov	r0, r8
 240 00e2 4946     		mov	r1, r9
 241 00e4 FFF7FEFF 		bl	__aeabi_dmul
 242              	.LVL33:
 243 00e8 0446     		mov	r4, r0
 244              	.LVL34:
ARM GAS  C:\Users\Admin\AppData\Local\Temp\ccj7gJlf.s 			page 6


 245 00ea 0D46     		mov	r5, r1
 246 00ec DDE90223 		ldrd	r2, [sp, #8]
 247 00f0 1046     		mov	r0, r2
 248 00f2 1946     		mov	r1, r3
 249 00f4 FFF7FEFF 		bl	__aeabi_dmul
 250              	.LVL35:
 251 00f8 0246     		mov	r2, r0
 252 00fa 0B46     		mov	r3, r1
 253 00fc 2046     		mov	r0, r4
 254 00fe 2946     		mov	r1, r5
 255 0100 FFF7FEFF 		bl	__aeabi_dsub
 256              	.LVL36:
 257 0104 0446     		mov	r4, r0
 258 0106 0D46     		mov	r5, r1
 259              	.LVL37:
  36:procesamiento.c ****         
  37:procesamiento.c ****         if (denominator != 0) {
 260              		.loc 1 37 0
 261 0108 0022     		movs	r2, #0
 262 010a 0023     		movs	r3, #0
 263 010c FFF7FEFF 		bl	__aeabi_dcmpeq
 264              	.LVL38:
 265 0110 B8B9     		cbnz	r0, .L17
 266              	.LBB7:
  38:procesamiento.c ****             float avg_period_samples = (float)(numerator / denominator);
 267              		.loc 1 38 0
 268 0112 2246     		mov	r2, r4
 269 0114 2B46     		mov	r3, r5
 270 0116 3046     		mov	r0, r6
 271 0118 3946     		mov	r1, r7
 272 011a FFF7FEFF 		bl	__aeabi_ddiv
 273              	.LVL39:
 274 011e FFF7FEFF 		bl	__aeabi_d2f
 275              	.LVL40:
 276 0122 0446     		mov	r4, r0
 277              	.LVL41:
  39:procesamiento.c ****             if (avg_period_samples > 0.0001f) {
 278              		.loc 1 39 0
 279 0124 0A49     		ldr	r1, .L20
 280 0126 FFF7FEFF 		bl	__aeabi_fcmpgt
 281              	.LVL42:
 282 012a 60B1     		cbz	r0, .L18
  40:procesamiento.c ****                 // Frecuencia = (Fs / muestras_por_pulso) / 2
  41:procesamiento.c ****                 frecuencia = ((SAMPLING_FREQ*Kcal) / avg_period_samples) / 2.0f;
 283              		.loc 1 41 0
 284 012c 2146     		mov	r1, r4
 285 012e 0948     		ldr	r0, .L20+4
 286 0130 FFF7FEFF 		bl	__aeabi_fdiv
 287              	.LVL43:
 288 0134 4FF07C51 		mov	r1, #1056964608
 289 0138 FFF7FEFF 		bl	__aeabi_fmul
 290              	.LVL44:
 291 013c 04E0     		b	.L9
 292              	.LVL45:
 293              	.L12:
 294              	.LBE7:
 295              	.LBE6:
ARM GAS  C:\Users\Admin\AppData\Local\Temp\ccj7gJlf.s 			page 7


  20:procesamiento.c **** 
 296              		.loc 1 20 0
 297 013e 0020     		movs	r0, #0
 298 0140 02E0     		b	.L9
 299              	.LVL46:
 300              	.L17:
 301 0142 0020     		movs	r0, #0
 302 0144 00E0     		b	.L9
 303              	.LVL47:
 304              	.L18:
 305 0146 0020     		movs	r0, #0
 306              	.LVL48:
 307              	.L9:
  42:procesamiento.c ****             }
  43:procesamiento.c ****         }
  44:procesamiento.c ****     }
  45:procesamiento.c ****     return frecuencia;
  46:procesamiento.c **** }
 308              		.loc 1 46 0
 309 0148 09B0     		add	sp, sp, #36
 310              		.cfi_def_cfa_offset 36
 311              		@ sp needed
 312 014a BDE8F08F 		pop	{r4, r5, r6, r7, r8, r9, r10, fp, pc}
 313              	.LVL49:
 314              	.L21:
 315 014e 00BF     		.align	2
 316              	.L20:
 317 0150 17B7D138 		.word	953267991
 318 0154 5238F944 		.word	1157183570
 319              		.cfi_endproc
 320              	.LFE64:
 321              		.size	Calcular_Frecuencia_Regresion, .-Calcular_Frecuencia_Regresion
 322              		.text
 323              	.Letext0:
 324              		.file 2 "e:\\cypress\\psoc creator\\4.4\\psoc creator\\import\\gnu\\arm\\5.4.1\\arm-none-eabi\\inc
 325              		.file 3 "e:\\cypress\\psoc creator\\4.4\\psoc creator\\import\\gnu\\arm\\5.4.1\\arm-none-eabi\\inc
 326              		.file 4 "Generated_Source\\PSoC5/cytypes.h"
 327              		.file 5 "e:\\cypress\\psoc creator\\4.4\\psoc creator\\import\\gnu\\arm\\5.4.1\\lib\\gcc\\arm-none
 328              		.file 6 "Generated_Source\\PSoC5/core_cm3.h"
 329              		.section	.debug_info,"",%progbits
 330              	.Ldebug_info0:
 331 0000 7D020000 		.4byte	0x27d
 332 0004 0400     		.2byte	0x4
 333 0006 00000000 		.4byte	.Ldebug_abbrev0
 334 000a 04       		.byte	0x4
 335 000b 01       		.uleb128 0x1
 336 000c B8000000 		.4byte	.LASF37
 337 0010 0C       		.byte	0xc
 338 0011 53010000 		.4byte	.LASF38
 339 0015 33000000 		.4byte	.LASF39
 340 0019 18000000 		.4byte	.Ldebug_ranges0+0x18
 341 001d 00000000 		.4byte	0
 342 0021 00000000 		.4byte	.Ldebug_line0
 343 0025 02       		.uleb128 0x2
 344 0026 01       		.byte	0x1
 345 0027 06       		.byte	0x6
 346 0028 98020000 		.4byte	.LASF0
ARM GAS  C:\Users\Admin\AppData\Local\Temp\ccj7gJlf.s 			page 8


 347 002c 03       		.uleb128 0x3
 348 002d 00000000 		.4byte	.LASF4
 349 0031 02       		.byte	0x2
 350 0032 1D       		.byte	0x1d
 351 0033 37000000 		.4byte	0x37
 352 0037 02       		.uleb128 0x2
 353 0038 01       		.byte	0x1
 354 0039 08       		.byte	0x8
 355 003a 9B010000 		.4byte	.LASF1
 356 003e 02       		.uleb128 0x2
 357 003f 02       		.byte	0x2
 358 0040 05       		.byte	0x5
 359 0041 5F020000 		.4byte	.LASF2
 360 0045 02       		.uleb128 0x2
 361 0046 02       		.byte	0x2
 362 0047 07       		.byte	0x7
 363 0048 63010000 		.4byte	.LASF3
 364 004c 03       		.uleb128 0x3
 365 004d 11000000 		.4byte	.LASF5
 366 0051 02       		.byte	0x2
 367 0052 3F       		.byte	0x3f
 368 0053 57000000 		.4byte	0x57
 369 0057 02       		.uleb128 0x2
 370 0058 04       		.byte	0x4
 371 0059 05       		.byte	0x5
 372 005a 83020000 		.4byte	.LASF6
 373 005e 03       		.uleb128 0x3
 374 005f BB010000 		.4byte	.LASF7
 375 0063 02       		.byte	0x2
 376 0064 41       		.byte	0x41
 377 0065 69000000 		.4byte	0x69
 378 0069 02       		.uleb128 0x2
 379 006a 04       		.byte	0x4
 380 006b 07       		.byte	0x7
 381 006c A9010000 		.4byte	.LASF8
 382 0070 02       		.uleb128 0x2
 383 0071 08       		.byte	0x8
 384 0072 05       		.byte	0x5
 385 0073 3A020000 		.4byte	.LASF9
 386 0077 02       		.uleb128 0x2
 387 0078 08       		.byte	0x8
 388 0079 07       		.byte	0x7
 389 007a E6010000 		.4byte	.LASF10
 390 007e 04       		.uleb128 0x4
 391 007f 04       		.byte	0x4
 392 0080 05       		.byte	0x5
 393 0081 696E7400 		.ascii	"int\000"
 394 0085 02       		.uleb128 0x2
 395 0086 04       		.byte	0x4
 396 0087 07       		.byte	0x7
 397 0088 D9010000 		.4byte	.LASF11
 398 008c 03       		.uleb128 0x3
 399 008d FD010000 		.4byte	.LASF12
 400 0091 03       		.byte	0x3
 401 0092 18       		.byte	0x18
 402 0093 2C000000 		.4byte	0x2c
 403 0097 03       		.uleb128 0x3
ARM GAS  C:\Users\Admin\AppData\Local\Temp\ccj7gJlf.s 			page 9


 404 0098 0B020000 		.4byte	.LASF13
 405 009c 03       		.byte	0x3
 406 009d 2C       		.byte	0x2c
 407 009e 4C000000 		.4byte	0x4c
 408 00a2 03       		.uleb128 0x3
 409 00a3 7A020000 		.4byte	.LASF14
 410 00a7 03       		.byte	0x3
 411 00a8 30       		.byte	0x30
 412 00a9 5E000000 		.4byte	0x5e
 413 00ad 05       		.uleb128 0x5
 414 00ae C6010000 		.4byte	.LASF15
 415 00b2 04       		.byte	0x4
 416 00b3 EA01     		.2byte	0x1ea
 417 00b5 45000000 		.4byte	0x45
 418 00b9 02       		.uleb128 0x2
 419 00ba 04       		.byte	0x4
 420 00bb 04       		.byte	0x4
 421 00bc 2D000000 		.4byte	.LASF16
 422 00c0 02       		.uleb128 0x2
 423 00c1 08       		.byte	0x8
 424 00c2 04       		.byte	0x4
 425 00c3 1B000000 		.4byte	.LASF17
 426 00c7 02       		.uleb128 0x2
 427 00c8 01       		.byte	0x1
 428 00c9 08       		.byte	0x8
 429 00ca 48020000 		.4byte	.LASF18
 430 00ce 03       		.uleb128 0x3
 431 00cf 0A000000 		.4byte	.LASF19
 432 00d3 05       		.byte	0x5
 433 00d4 D8       		.byte	0xd8
 434 00d5 85000000 		.4byte	0x85
 435 00d9 02       		.uleb128 0x2
 436 00da 08       		.byte	0x8
 437 00db 04       		.byte	0x4
 438 00dc 8C020000 		.4byte	.LASF20
 439 00e0 02       		.uleb128 0x2
 440 00e1 04       		.byte	0x4
 441 00e2 07       		.byte	0x7
 442 00e3 13020000 		.4byte	.LASF21
 443 00e7 06       		.uleb128 0x6
 444 00e8 76010000 		.4byte	.LASF40
 445 00ec 01       		.byte	0x1
 446 00ed 05       		.byte	0x5
 447 00ee 00000000 		.4byte	.LFB63
 448 00f2 20000000 		.4byte	.LFE63-.LFB63
 449 00f6 01       		.uleb128 0x1
 450 00f7 9C       		.byte	0x9c
 451 00f8 5A010000 		.4byte	0x15a
 452 00fc 07       		.uleb128 0x7
 453 00fd 46010000 		.4byte	.LASF22
 454 0101 01       		.byte	0x1
 455 0102 05       		.byte	0x5
 456 0103 5A010000 		.4byte	0x15a
 457 0107 00000000 		.4byte	.LLST0
 458 010b 07       		.uleb128 0x7
 459 010c 69020000 		.4byte	.LASF23
 460 0110 01       		.byte	0x1
ARM GAS  C:\Users\Admin\AppData\Local\Temp\ccj7gJlf.s 			page 10


 461 0111 05       		.byte	0x5
 462 0112 65010000 		.4byte	0x165
 463 0116 1E000000 		.4byte	.LLST1
 464 011a 07       		.uleb128 0x7
 465 011b B3000000 		.4byte	.LASF24
 466 011f 01       		.byte	0x1
 467 0120 05       		.byte	0x5
 468 0121 CE000000 		.4byte	0xce
 469 0125 3C000000 		.4byte	.LLST2
 470 0129 08       		.uleb128 0x8
 471 012a 08000000 		.4byte	.LBB2
 472 012e 16000000 		.4byte	.LBE2-.LBB2
 473 0132 09       		.uleb128 0x9
 474 0133 6900     		.ascii	"i\000"
 475 0135 01       		.byte	0x1
 476 0136 06       		.byte	0x6
 477 0137 CE000000 		.4byte	0xce
 478 013b 5A000000 		.4byte	.LLST3
 479 013f 08       		.uleb128 0x8
 480 0140 0C000000 		.4byte	.LBB3
 481 0144 0C000000 		.4byte	.LBE3-.LBB3
 482 0148 0A       		.uleb128 0xa
 483 0149 22000000 		.4byte	.LASF25
 484 014d 01       		.byte	0x1
 485 014e 0C       		.byte	0xc
 486 014f 97000000 		.4byte	0x97
 487 0153 79000000 		.4byte	.LLST4
 488 0157 00       		.byte	0
 489 0158 00       		.byte	0
 490 0159 00       		.byte	0
 491 015a 0B       		.uleb128 0xb
 492 015b 04       		.byte	0x4
 493 015c 60010000 		.4byte	0x160
 494 0160 0C       		.uleb128 0xc
 495 0161 B9000000 		.4byte	0xb9
 496 0165 0B       		.uleb128 0xb
 497 0166 04       		.byte	0x4
 498 0167 A2000000 		.4byte	0xa2
 499 016b 0D       		.uleb128 0xd
 500 016c 1C020000 		.4byte	.LASF41
 501 0170 01       		.byte	0x1
 502 0171 11       		.byte	0x11
 503 0172 B9000000 		.4byte	0xb9
 504 0176 00000000 		.4byte	.LFB64
 505 017a 58010000 		.4byte	.LFE64-.LFB64
 506 017e 01       		.uleb128 0x1
 507 017f 9C       		.byte	0x9c
 508 0180 64020000 		.4byte	0x264
 509 0184 07       		.uleb128 0x7
 510 0185 D3010000 		.4byte	.LASF26
 511 0189 01       		.byte	0x1
 512 018a 11       		.byte	0x11
 513 018b 64020000 		.4byte	0x264
 514 018f 8C000000 		.4byte	.LLST5
 515 0193 07       		.uleb128 0x7
 516 0194 B3000000 		.4byte	.LASF24
 517 0198 01       		.byte	0x1
ARM GAS  C:\Users\Admin\AppData\Local\Temp\ccj7gJlf.s 			page 11


 518 0199 11       		.byte	0x11
 519 019a AD000000 		.4byte	0xad
 520 019e B8000000 		.4byte	.LLST6
 521 01a2 0A       		.uleb128 0xa
 522 01a3 05020000 		.4byte	.LASF27
 523 01a7 01       		.byte	0x1
 524 01a8 12       		.byte	0x12
 525 01a9 C0000000 		.4byte	0xc0
 526 01ad D9000000 		.4byte	.LLST7
 527 01b1 0A       		.uleb128 0xa
 528 01b2 CD010000 		.4byte	.LASF28
 529 01b6 01       		.byte	0x1
 530 01b7 12       		.byte	0x12
 531 01b8 C0000000 		.4byte	0xc0
 532 01bc 29010000 		.4byte	.LLST8
 533 01c0 0A       		.uleb128 0xa
 534 01c1 A4020000 		.4byte	.LASF29
 535 01c5 01       		.byte	0x1
 536 01c6 12       		.byte	0x12
 537 01c7 C0000000 		.4byte	0xc0
 538 01cb 79010000 		.4byte	.LLST9
 539 01cf 0A       		.uleb128 0xa
 540 01d0 4C010000 		.4byte	.LASF30
 541 01d4 01       		.byte	0x1
 542 01d5 12       		.byte	0x12
 543 01d6 C0000000 		.4byte	0xc0
 544 01da C9010000 		.4byte	.LLST10
 545 01de 0A       		.uleb128 0xa
 546 01df 4D020000 		.4byte	.LASF31
 547 01e3 01       		.byte	0x1
 548 01e4 13       		.byte	0x13
 549 01e5 7E000000 		.4byte	0x7e
 550 01e9 05020000 		.4byte	.LLST11
 551 01ed 0A       		.uleb128 0xa
 552 01ee 90010000 		.4byte	.LASF32
 553 01f2 01       		.byte	0x1
 554 01f3 14       		.byte	0x14
 555 01f4 B9000000 		.4byte	0xb9
 556 01f8 2F020000 		.4byte	.LLST12
 557 01fc 0E       		.uleb128 0xe
 558 01fd 00000000 		.4byte	.Ldebug_ranges0+0
 559 0201 13020000 		.4byte	0x213
 560 0205 09       		.uleb128 0x9
 561 0206 6900     		.ascii	"i\000"
 562 0208 01       		.byte	0x1
 563 0209 16       		.byte	0x16
 564 020a 7E000000 		.4byte	0x7e
 565 020e 6D020000 		.4byte	.LLST13
 566 0212 00       		.byte	0
 567 0213 08       		.uleb128 0x8
 568 0214 A6000000 		.4byte	.LBB6
 569 0218 98000000 		.4byte	.LBE6-.LBB6
 570 021c 0A       		.uleb128 0xa
 571 021d 59020000 		.4byte	.LASF33
 572 0221 01       		.byte	0x1
 573 0222 21       		.byte	0x21
 574 0223 C0000000 		.4byte	0xc0
ARM GAS  C:\Users\Admin\AppData\Local\Temp\ccj7gJlf.s 			page 12


 575 0227 97020000 		.4byte	.LLST14
 576 022b 0A       		.uleb128 0xa
 577 022c 70020000 		.4byte	.LASF34
 578 0230 01       		.byte	0x1
 579 0231 22       		.byte	0x22
 580 0232 C0000000 		.4byte	0xc0
 581 0236 AF020000 		.4byte	.LLST15
 582 023a 0A       		.uleb128 0xa
 583 023b BE020000 		.4byte	.LASF35
 584 023f 01       		.byte	0x1
 585 0240 23       		.byte	0x23
 586 0241 C0000000 		.4byte	0xc0
 587 0245 D7020000 		.4byte	.LLST16
 588 0249 08       		.uleb128 0x8
 589 024a 12010000 		.4byte	.LBB7
 590 024e 2C000000 		.4byte	.LBE7-.LBB7
 591 0252 0A       		.uleb128 0xa
 592 0253 AB020000 		.4byte	.LASF36
 593 0257 01       		.byte	0x1
 594 0258 26       		.byte	0x26
 595 0259 B9000000 		.4byte	0xb9
 596 025d FF020000 		.4byte	.LLST17
 597 0261 00       		.byte	0
 598 0262 00       		.byte	0
 599 0263 00       		.byte	0
 600 0264 0B       		.uleb128 0xb
 601 0265 04       		.byte	0x4
 602 0266 6A020000 		.4byte	0x26a
 603 026a 0C       		.uleb128 0xc
 604 026b 8C000000 		.4byte	0x8c
 605 026f 0F       		.uleb128 0xf
 606 0270 83010000 		.4byte	.LASF42
 607 0274 06       		.byte	0x6
 608 0275 1207     		.2byte	0x712
 609 0277 7B020000 		.4byte	0x27b
 610 027b 10       		.uleb128 0x10
 611 027c 97000000 		.4byte	0x97
 612 0280 00       		.byte	0
 613              		.section	.debug_abbrev,"",%progbits
 614              	.Ldebug_abbrev0:
 615 0000 01       		.uleb128 0x1
 616 0001 11       		.uleb128 0x11
 617 0002 01       		.byte	0x1
 618 0003 25       		.uleb128 0x25
 619 0004 0E       		.uleb128 0xe
 620 0005 13       		.uleb128 0x13
 621 0006 0B       		.uleb128 0xb
 622 0007 03       		.uleb128 0x3
 623 0008 0E       		.uleb128 0xe
 624 0009 1B       		.uleb128 0x1b
 625 000a 0E       		.uleb128 0xe
 626 000b 55       		.uleb128 0x55
 627 000c 17       		.uleb128 0x17
 628 000d 11       		.uleb128 0x11
 629 000e 01       		.uleb128 0x1
 630 000f 10       		.uleb128 0x10
 631 0010 17       		.uleb128 0x17
ARM GAS  C:\Users\Admin\AppData\Local\Temp\ccj7gJlf.s 			page 13


 632 0011 00       		.byte	0
 633 0012 00       		.byte	0
 634 0013 02       		.uleb128 0x2
 635 0014 24       		.uleb128 0x24
 636 0015 00       		.byte	0
 637 0016 0B       		.uleb128 0xb
 638 0017 0B       		.uleb128 0xb
 639 0018 3E       		.uleb128 0x3e
 640 0019 0B       		.uleb128 0xb
 641 001a 03       		.uleb128 0x3
 642 001b 0E       		.uleb128 0xe
 643 001c 00       		.byte	0
 644 001d 00       		.byte	0
 645 001e 03       		.uleb128 0x3
 646 001f 16       		.uleb128 0x16
 647 0020 00       		.byte	0
 648 0021 03       		.uleb128 0x3
 649 0022 0E       		.uleb128 0xe
 650 0023 3A       		.uleb128 0x3a
 651 0024 0B       		.uleb128 0xb
 652 0025 3B       		.uleb128 0x3b
 653 0026 0B       		.uleb128 0xb
 654 0027 49       		.uleb128 0x49
 655 0028 13       		.uleb128 0x13
 656 0029 00       		.byte	0
 657 002a 00       		.byte	0
 658 002b 04       		.uleb128 0x4
 659 002c 24       		.uleb128 0x24
 660 002d 00       		.byte	0
 661 002e 0B       		.uleb128 0xb
 662 002f 0B       		.uleb128 0xb
 663 0030 3E       		.uleb128 0x3e
 664 0031 0B       		.uleb128 0xb
 665 0032 03       		.uleb128 0x3
 666 0033 08       		.uleb128 0x8
 667 0034 00       		.byte	0
 668 0035 00       		.byte	0
 669 0036 05       		.uleb128 0x5
 670 0037 16       		.uleb128 0x16
 671 0038 00       		.byte	0
 672 0039 03       		.uleb128 0x3
 673 003a 0E       		.uleb128 0xe
 674 003b 3A       		.uleb128 0x3a
 675 003c 0B       		.uleb128 0xb
 676 003d 3B       		.uleb128 0x3b
 677 003e 05       		.uleb128 0x5
 678 003f 49       		.uleb128 0x49
 679 0040 13       		.uleb128 0x13
 680 0041 00       		.byte	0
 681 0042 00       		.byte	0
 682 0043 06       		.uleb128 0x6
 683 0044 2E       		.uleb128 0x2e
 684 0045 01       		.byte	0x1
 685 0046 3F       		.uleb128 0x3f
 686 0047 19       		.uleb128 0x19
 687 0048 03       		.uleb128 0x3
 688 0049 0E       		.uleb128 0xe
ARM GAS  C:\Users\Admin\AppData\Local\Temp\ccj7gJlf.s 			page 14


 689 004a 3A       		.uleb128 0x3a
 690 004b 0B       		.uleb128 0xb
 691 004c 3B       		.uleb128 0x3b
 692 004d 0B       		.uleb128 0xb
 693 004e 27       		.uleb128 0x27
 694 004f 19       		.uleb128 0x19
 695 0050 11       		.uleb128 0x11
 696 0051 01       		.uleb128 0x1
 697 0052 12       		.uleb128 0x12
 698 0053 06       		.uleb128 0x6
 699 0054 40       		.uleb128 0x40
 700 0055 18       		.uleb128 0x18
 701 0056 9642     		.uleb128 0x2116
 702 0058 19       		.uleb128 0x19
 703 0059 01       		.uleb128 0x1
 704 005a 13       		.uleb128 0x13
 705 005b 00       		.byte	0
 706 005c 00       		.byte	0
 707 005d 07       		.uleb128 0x7
 708 005e 05       		.uleb128 0x5
 709 005f 00       		.byte	0
 710 0060 03       		.uleb128 0x3
 711 0061 0E       		.uleb128 0xe
 712 0062 3A       		.uleb128 0x3a
 713 0063 0B       		.uleb128 0xb
 714 0064 3B       		.uleb128 0x3b
 715 0065 0B       		.uleb128 0xb
 716 0066 49       		.uleb128 0x49
 717 0067 13       		.uleb128 0x13
 718 0068 02       		.uleb128 0x2
 719 0069 17       		.uleb128 0x17
 720 006a 00       		.byte	0
 721 006b 00       		.byte	0
 722 006c 08       		.uleb128 0x8
 723 006d 0B       		.uleb128 0xb
 724 006e 01       		.byte	0x1
 725 006f 11       		.uleb128 0x11
 726 0070 01       		.uleb128 0x1
 727 0071 12       		.uleb128 0x12
 728 0072 06       		.uleb128 0x6
 729 0073 00       		.byte	0
 730 0074 00       		.byte	0
 731 0075 09       		.uleb128 0x9
 732 0076 34       		.uleb128 0x34
 733 0077 00       		.byte	0
 734 0078 03       		.uleb128 0x3
 735 0079 08       		.uleb128 0x8
 736 007a 3A       		.uleb128 0x3a
 737 007b 0B       		.uleb128 0xb
 738 007c 3B       		.uleb128 0x3b
 739 007d 0B       		.uleb128 0xb
 740 007e 49       		.uleb128 0x49
 741 007f 13       		.uleb128 0x13
 742 0080 02       		.uleb128 0x2
 743 0081 17       		.uleb128 0x17
 744 0082 00       		.byte	0
 745 0083 00       		.byte	0
ARM GAS  C:\Users\Admin\AppData\Local\Temp\ccj7gJlf.s 			page 15


 746 0084 0A       		.uleb128 0xa
 747 0085 34       		.uleb128 0x34
 748 0086 00       		.byte	0
 749 0087 03       		.uleb128 0x3
 750 0088 0E       		.uleb128 0xe
 751 0089 3A       		.uleb128 0x3a
 752 008a 0B       		.uleb128 0xb
 753 008b 3B       		.uleb128 0x3b
 754 008c 0B       		.uleb128 0xb
 755 008d 49       		.uleb128 0x49
 756 008e 13       		.uleb128 0x13
 757 008f 02       		.uleb128 0x2
 758 0090 17       		.uleb128 0x17
 759 0091 00       		.byte	0
 760 0092 00       		.byte	0
 761 0093 0B       		.uleb128 0xb
 762 0094 0F       		.uleb128 0xf
 763 0095 00       		.byte	0
 764 0096 0B       		.uleb128 0xb
 765 0097 0B       		.uleb128 0xb
 766 0098 49       		.uleb128 0x49
 767 0099 13       		.uleb128 0x13
 768 009a 00       		.byte	0
 769 009b 00       		.byte	0
 770 009c 0C       		.uleb128 0xc
 771 009d 26       		.uleb128 0x26
 772 009e 00       		.byte	0
 773 009f 49       		.uleb128 0x49
 774 00a0 13       		.uleb128 0x13
 775 00a1 00       		.byte	0
 776 00a2 00       		.byte	0
 777 00a3 0D       		.uleb128 0xd
 778 00a4 2E       		.uleb128 0x2e
 779 00a5 01       		.byte	0x1
 780 00a6 3F       		.uleb128 0x3f
 781 00a7 19       		.uleb128 0x19
 782 00a8 03       		.uleb128 0x3
 783 00a9 0E       		.uleb128 0xe
 784 00aa 3A       		.uleb128 0x3a
 785 00ab 0B       		.uleb128 0xb
 786 00ac 3B       		.uleb128 0x3b
 787 00ad 0B       		.uleb128 0xb
 788 00ae 27       		.uleb128 0x27
 789 00af 19       		.uleb128 0x19
 790 00b0 49       		.uleb128 0x49
 791 00b1 13       		.uleb128 0x13
 792 00b2 11       		.uleb128 0x11
 793 00b3 01       		.uleb128 0x1
 794 00b4 12       		.uleb128 0x12
 795 00b5 06       		.uleb128 0x6
 796 00b6 40       		.uleb128 0x40
 797 00b7 18       		.uleb128 0x18
 798 00b8 9642     		.uleb128 0x2116
 799 00ba 19       		.uleb128 0x19
 800 00bb 01       		.uleb128 0x1
 801 00bc 13       		.uleb128 0x13
 802 00bd 00       		.byte	0
ARM GAS  C:\Users\Admin\AppData\Local\Temp\ccj7gJlf.s 			page 16


 803 00be 00       		.byte	0
 804 00bf 0E       		.uleb128 0xe
 805 00c0 0B       		.uleb128 0xb
 806 00c1 01       		.byte	0x1
 807 00c2 55       		.uleb128 0x55
 808 00c3 17       		.uleb128 0x17
 809 00c4 01       		.uleb128 0x1
 810 00c5 13       		.uleb128 0x13
 811 00c6 00       		.byte	0
 812 00c7 00       		.byte	0
 813 00c8 0F       		.uleb128 0xf
 814 00c9 34       		.uleb128 0x34
 815 00ca 00       		.byte	0
 816 00cb 03       		.uleb128 0x3
 817 00cc 0E       		.uleb128 0xe
 818 00cd 3A       		.uleb128 0x3a
 819 00ce 0B       		.uleb128 0xb
 820 00cf 3B       		.uleb128 0x3b
 821 00d0 05       		.uleb128 0x5
 822 00d1 49       		.uleb128 0x49
 823 00d2 13       		.uleb128 0x13
 824 00d3 3F       		.uleb128 0x3f
 825 00d4 19       		.uleb128 0x19
 826 00d5 3C       		.uleb128 0x3c
 827 00d6 19       		.uleb128 0x19
 828 00d7 00       		.byte	0
 829 00d8 00       		.byte	0
 830 00d9 10       		.uleb128 0x10
 831 00da 35       		.uleb128 0x35
 832 00db 00       		.byte	0
 833 00dc 49       		.uleb128 0x49
 834 00dd 13       		.uleb128 0x13
 835 00de 00       		.byte	0
 836 00df 00       		.byte	0
 837 00e0 00       		.byte	0
 838              		.section	.debug_loc,"",%progbits
 839              	.Ldebug_loc0:
 840              	.LLST0:
 841 0000 00000000 		.4byte	.LVL0
 842 0004 0C000000 		.4byte	.LVL2
 843 0008 0100     		.2byte	0x1
 844 000a 50       		.byte	0x50
 845 000b 0C000000 		.4byte	.LVL2
 846 000f 20000000 		.4byte	.LFE63
 847 0013 0100     		.2byte	0x1
 848 0015 57       		.byte	0x57
 849 0016 00000000 		.4byte	0
 850 001a 00000000 		.4byte	0
 851              	.LLST1:
 852 001e 00000000 		.4byte	.LVL0
 853 0022 0C000000 		.4byte	.LVL2
 854 0026 0100     		.2byte	0x1
 855 0028 51       		.byte	0x51
 856 0029 0C000000 		.4byte	.LVL2
 857 002d 20000000 		.4byte	.LFE63
 858 0031 0100     		.2byte	0x1
 859 0033 56       		.byte	0x56
ARM GAS  C:\Users\Admin\AppData\Local\Temp\ccj7gJlf.s 			page 17


 860 0034 00000000 		.4byte	0
 861 0038 00000000 		.4byte	0
 862              	.LLST2:
 863 003c 00000000 		.4byte	.LVL0
 864 0040 0C000000 		.4byte	.LVL2
 865 0044 0100     		.2byte	0x1
 866 0046 52       		.byte	0x52
 867 0047 0C000000 		.4byte	.LVL2
 868 004b 20000000 		.4byte	.LFE63
 869 004f 0100     		.2byte	0x1
 870 0051 55       		.byte	0x55
 871 0052 00000000 		.4byte	0
 872 0056 00000000 		.4byte	0
 873              	.LLST3:
 874 005a 08000000 		.4byte	.LVL1
 875 005e 0C000000 		.4byte	.LVL2
 876 0062 0200     		.2byte	0x2
 877 0064 30       		.byte	0x30
 878 0065 9F       		.byte	0x9f
 879 0066 0C000000 		.4byte	.LVL2
 880 006a 20000000 		.4byte	.LFE63
 881 006e 0100     		.2byte	0x1
 882 0070 54       		.byte	0x54
 883 0071 00000000 		.4byte	0
 884 0075 00000000 		.4byte	0
 885              	.LLST4:
 886 0079 14000000 		.4byte	.LVL3
 887 007d 1A000000 		.4byte	.LVL4
 888 0081 0100     		.2byte	0x1
 889 0083 50       		.byte	0x50
 890 0084 00000000 		.4byte	0
 891 0088 00000000 		.4byte	0
 892              	.LLST5:
 893 008c 00000000 		.4byte	.LVL5
 894 0090 24000000 		.4byte	.LVL7
 895 0094 0100     		.2byte	0x1
 896 0096 50       		.byte	0x50
 897 0097 24000000 		.4byte	.LVL7
 898 009b 4E010000 		.4byte	.LVL49
 899 009f 0100     		.2byte	0x1
 900 00a1 5B       		.byte	0x5b
 901 00a2 4E010000 		.4byte	.LVL49
 902 00a6 58010000 		.4byte	.LFE64
 903 00aa 0400     		.2byte	0x4
 904 00ac F3       		.byte	0xf3
 905 00ad 01       		.uleb128 0x1
 906 00ae 50       		.byte	0x50
 907 00af 9F       		.byte	0x9f
 908 00b0 00000000 		.4byte	0
 909 00b4 00000000 		.4byte	0
 910              	.LLST6:
 911 00b8 00000000 		.4byte	.LVL5
 912 00bc 24000000 		.4byte	.LVL7
 913 00c0 0100     		.2byte	0x1
 914 00c2 51       		.byte	0x51
 915 00c3 24000000 		.4byte	.LVL7
 916 00c7 58010000 		.4byte	.LFE64
ARM GAS  C:\Users\Admin\AppData\Local\Temp\ccj7gJlf.s 			page 18


 917 00cb 0400     		.2byte	0x4
 918 00cd F3       		.byte	0xf3
 919 00ce 01       		.uleb128 0x1
 920 00cf 51       		.byte	0x51
 921 00d0 9F       		.byte	0x9f
 922 00d1 00000000 		.4byte	0
 923 00d5 00000000 		.4byte	0
 924              	.LLST7:
 925 00d9 0A000000 		.4byte	.LVL6
 926 00dd 24000000 		.4byte	.LVL7
 927 00e1 0A00     		.2byte	0xa
 928 00e3 9E       		.byte	0x9e
 929 00e4 08       		.uleb128 0x8
 930 00e5 00000000 		.4byte	0
 931 00e9 00000000 		.4byte	0
 932 00ed 24000000 		.4byte	.LVL7
 933 00f1 48000000 		.4byte	.LVL10
 934 00f5 0200     		.2byte	0x2
 935 00f7 91       		.byte	0x91
 936 00f8 40       		.sleb128 -64
 937 00f9 48000000 		.4byte	.LVL10
 938 00fd 4A000000 		.4byte	.LVL11
 939 0101 0600     		.2byte	0x6
 940 0103 50       		.byte	0x50
 941 0104 93       		.byte	0x93
 942 0105 04       		.uleb128 0x4
 943 0106 51       		.byte	0x51
 944 0107 93       		.byte	0x93
 945 0108 04       		.uleb128 0x4
 946 0109 4A000000 		.4byte	.LVL11
 947 010d 4E010000 		.4byte	.LVL49
 948 0111 0200     		.2byte	0x2
 949 0113 91       		.byte	0x91
 950 0114 40       		.sleb128 -64
 951 0115 4E010000 		.4byte	.LVL49
 952 0119 58010000 		.4byte	.LFE64
 953 011d 0200     		.2byte	0x2
 954 011f 7D       		.byte	0x7d
 955 0120 40       		.sleb128 -64
 956 0121 00000000 		.4byte	0
 957 0125 00000000 		.4byte	0
 958              	.LLST8:
 959 0129 0A000000 		.4byte	.LVL6
 960 012d 24000000 		.4byte	.LVL7
 961 0131 0A00     		.2byte	0xa
 962 0133 9E       		.byte	0x9e
 963 0134 08       		.uleb128 0x8
 964 0135 00000000 		.4byte	0
 965 0139 00000000 		.4byte	0
 966 013d 24000000 		.4byte	.LVL7
 967 0141 62000000 		.4byte	.LVL14
 968 0145 0200     		.2byte	0x2
 969 0147 91       		.byte	0x91
 970 0148 48       		.sleb128 -56
 971 0149 62000000 		.4byte	.LVL14
 972 014d 68000000 		.4byte	.LVL15
 973 0151 0600     		.2byte	0x6
ARM GAS  C:\Users\Admin\AppData\Local\Temp\ccj7gJlf.s 			page 19


 974 0153 50       		.byte	0x50
 975 0154 93       		.byte	0x93
 976 0155 04       		.uleb128 0x4
 977 0156 51       		.byte	0x51
 978 0157 93       		.byte	0x93
 979 0158 04       		.uleb128 0x4
 980 0159 68000000 		.4byte	.LVL15
 981 015d 4E010000 		.4byte	.LVL49
 982 0161 0200     		.2byte	0x2
 983 0163 91       		.byte	0x91
 984 0164 48       		.sleb128 -56
 985 0165 4E010000 		.4byte	.LVL49
 986 0169 58010000 		.4byte	.LFE64
 987 016d 0200     		.2byte	0x2
 988 016f 7D       		.byte	0x7d
 989 0170 48       		.sleb128 -56
 990 0171 00000000 		.4byte	0
 991 0175 00000000 		.4byte	0
 992              	.LLST9:
 993 0179 0A000000 		.4byte	.LVL6
 994 017d 24000000 		.4byte	.LVL7
 995 0181 0A00     		.2byte	0xa
 996 0183 9E       		.byte	0x9e
 997 0184 08       		.uleb128 0x8
 998 0185 00000000 		.4byte	0
 999 0189 00000000 		.4byte	0
 1000 018d 24000000 		.4byte	.LVL7
 1001 0191 7E000000 		.4byte	.LVL18
 1002 0195 0200     		.2byte	0x2
 1003 0197 91       		.byte	0x91
 1004 0198 50       		.sleb128 -48
 1005 0199 7E000000 		.4byte	.LVL18
 1006 019d 84000000 		.4byte	.LVL19
 1007 01a1 0600     		.2byte	0x6
 1008 01a3 50       		.byte	0x50
 1009 01a4 93       		.byte	0x93
 1010 01a5 04       		.uleb128 0x4
 1011 01a6 51       		.byte	0x51
 1012 01a7 93       		.byte	0x93
 1013 01a8 04       		.uleb128 0x4
 1014 01a9 84000000 		.4byte	.LVL19
 1015 01ad 4E010000 		.4byte	.LVL49
 1016 01b1 0200     		.2byte	0x2
 1017 01b3 91       		.byte	0x91
 1018 01b4 50       		.sleb128 -48
 1019 01b5 4E010000 		.4byte	.LVL49
 1020 01b9 58010000 		.4byte	.LFE64
 1021 01bd 0200     		.2byte	0x2
 1022 01bf 7D       		.byte	0x7d
 1023 01c0 50       		.sleb128 -48
 1024 01c1 00000000 		.4byte	0
 1025 01c5 00000000 		.4byte	0
 1026              	.LLST10:
 1027 01c9 0A000000 		.4byte	.LVL6
 1028 01cd 24000000 		.4byte	.LVL7
 1029 01d1 0A00     		.2byte	0xa
 1030 01d3 9E       		.byte	0x9e
ARM GAS  C:\Users\Admin\AppData\Local\Temp\ccj7gJlf.s 			page 20


 1031 01d4 08       		.uleb128 0x8
 1032 01d5 00000000 		.4byte	0
 1033 01d9 00000000 		.4byte	0
 1034 01dd 24000000 		.4byte	.LVL7
 1035 01e1 98000000 		.4byte	.LVL22
 1036 01e5 0600     		.2byte	0x6
 1037 01e7 58       		.byte	0x58
 1038 01e8 93       		.byte	0x93
 1039 01e9 04       		.uleb128 0x4
 1040 01ea 59       		.byte	0x59
 1041 01eb 93       		.byte	0x93
 1042 01ec 04       		.uleb128 0x4
 1043 01ed 9A000000 		.4byte	.LVL23
 1044 01f1 4E010000 		.4byte	.LVL49
 1045 01f5 0600     		.2byte	0x6
 1046 01f7 58       		.byte	0x58
 1047 01f8 93       		.byte	0x93
 1048 01f9 04       		.uleb128 0x4
 1049 01fa 59       		.byte	0x59
 1050 01fb 93       		.byte	0x93
 1051 01fc 04       		.uleb128 0x4
 1052 01fd 00000000 		.4byte	0
 1053 0201 00000000 		.4byte	0
 1054              	.LLST11:
 1055 0205 0A000000 		.4byte	.LVL6
 1056 0209 24000000 		.4byte	.LVL7
 1057 020d 0200     		.2byte	0x2
 1058 020f 30       		.byte	0x30
 1059 0210 9F       		.byte	0x9f
 1060 0211 24000000 		.4byte	.LVL7
 1061 0215 B0000000 		.4byte	.LVL28
 1062 0219 0100     		.2byte	0x1
 1063 021b 55       		.byte	0x55
 1064 021c 3E010000 		.4byte	.LVL45
 1065 0220 42010000 		.4byte	.LVL46
 1066 0224 0100     		.2byte	0x1
 1067 0226 55       		.byte	0x55
 1068 0227 00000000 		.4byte	0
 1069 022b 00000000 		.4byte	0
 1070              	.LLST12:
 1071 022f 0A000000 		.4byte	.LVL6
 1072 0233 3C010000 		.4byte	.LVL44
 1073 0237 0600     		.2byte	0x6
 1074 0239 9E       		.byte	0x9e
 1075 023a 04       		.uleb128 0x4
 1076 023b 00000000 		.4byte	0
 1077 023f 3C010000 		.4byte	.LVL44
 1078 0243 3E010000 		.4byte	.LVL45
 1079 0247 0100     		.2byte	0x1
 1080 0249 50       		.byte	0x50
 1081 024a 3E010000 		.4byte	.LVL45
 1082 024e 48010000 		.4byte	.LVL48
 1083 0252 0600     		.2byte	0x6
 1084 0254 9E       		.byte	0x9e
 1085 0255 04       		.uleb128 0x4
 1086 0256 00000000 		.4byte	0
 1087 025a 48010000 		.4byte	.LVL48
ARM GAS  C:\Users\Admin\AppData\Local\Temp\ccj7gJlf.s 			page 21


 1088 025e 58010000 		.4byte	.LFE64
 1089 0262 0100     		.2byte	0x1
 1090 0264 50       		.byte	0x50
 1091 0265 00000000 		.4byte	0
 1092 0269 00000000 		.4byte	0
 1093              	.LLST13:
 1094 026d 0A000000 		.4byte	.LVL6
 1095 0271 24000000 		.4byte	.LVL7
 1096 0275 0200     		.2byte	0x2
 1097 0277 30       		.byte	0x30
 1098 0278 9F       		.byte	0x9f
 1099 0279 24000000 		.4byte	.LVL7
 1100 027d AE000000 		.4byte	.LVL27
 1101 0281 0100     		.2byte	0x1
 1102 0283 54       		.byte	0x54
 1103 0284 3E010000 		.4byte	.LVL45
 1104 0288 42010000 		.4byte	.LVL46
 1105 028c 0100     		.2byte	0x1
 1106 028e 54       		.byte	0x54
 1107 028f 00000000 		.4byte	0
 1108 0293 00000000 		.4byte	0
 1109              	.LLST14:
 1110 0297 B0000000 		.4byte	.LVL28
 1111 029b EA000000 		.4byte	.LVL34
 1112 029f 0600     		.2byte	0x6
 1113 02a1 54       		.byte	0x54
 1114 02a2 93       		.byte	0x93
 1115 02a3 04       		.uleb128 0x4
 1116 02a4 55       		.byte	0x55
 1117 02a5 93       		.byte	0x93
 1118 02a6 04       		.uleb128 0x4
 1119 02a7 00000000 		.4byte	0
 1120 02ab 00000000 		.4byte	0
 1121              	.LLST15:
 1122 02af DC000000 		.4byte	.LVL32
 1123 02b3 3E010000 		.4byte	.LVL45
 1124 02b7 0600     		.2byte	0x6
 1125 02b9 56       		.byte	0x56
 1126 02ba 93       		.byte	0x93
 1127 02bb 04       		.uleb128 0x4
 1128 02bc 57       		.byte	0x57
 1129 02bd 93       		.byte	0x93
 1130 02be 04       		.uleb128 0x4
 1131 02bf 42010000 		.4byte	.LVL46
 1132 02c3 48010000 		.4byte	.LVL48
 1133 02c7 0600     		.2byte	0x6
 1134 02c9 56       		.byte	0x56
 1135 02ca 93       		.byte	0x93
 1136 02cb 04       		.uleb128 0x4
 1137 02cc 57       		.byte	0x57
 1138 02cd 93       		.byte	0x93
 1139 02ce 04       		.uleb128 0x4
 1140 02cf 00000000 		.4byte	0
 1141 02d3 00000000 		.4byte	0
 1142              	.LLST16:
 1143 02d7 08010000 		.4byte	.LVL37
 1144 02db 24010000 		.4byte	.LVL41
ARM GAS  C:\Users\Admin\AppData\Local\Temp\ccj7gJlf.s 			page 22


 1145 02df 0600     		.2byte	0x6
 1146 02e1 54       		.byte	0x54
 1147 02e2 93       		.byte	0x93
 1148 02e3 04       		.uleb128 0x4
 1149 02e4 55       		.byte	0x55
 1150 02e5 93       		.byte	0x93
 1151 02e6 04       		.uleb128 0x4
 1152 02e7 42010000 		.4byte	.LVL46
 1153 02eb 46010000 		.4byte	.LVL47
 1154 02ef 0600     		.2byte	0x6
 1155 02f1 54       		.byte	0x54
 1156 02f2 93       		.byte	0x93
 1157 02f3 04       		.uleb128 0x4
 1158 02f4 55       		.byte	0x55
 1159 02f5 93       		.byte	0x93
 1160 02f6 04       		.uleb128 0x4
 1161 02f7 00000000 		.4byte	0
 1162 02fb 00000000 		.4byte	0
 1163              	.LLST17:
 1164 02ff 24010000 		.4byte	.LVL41
 1165 0303 29010000 		.4byte	.LVL42-1
 1166 0307 0100     		.2byte	0x1
 1167 0309 50       		.byte	0x50
 1168 030a 29010000 		.4byte	.LVL42-1
 1169 030e 3E010000 		.4byte	.LVL45
 1170 0312 0100     		.2byte	0x1
 1171 0314 54       		.byte	0x54
 1172 0315 46010000 		.4byte	.LVL47
 1173 0319 48010000 		.4byte	.LVL48
 1174 031d 0100     		.2byte	0x1
 1175 031f 54       		.byte	0x54
 1176 0320 00000000 		.4byte	0
 1177 0324 00000000 		.4byte	0
 1178              		.section	.debug_aranges,"",%progbits
 1179 0000 24000000 		.4byte	0x24
 1180 0004 0200     		.2byte	0x2
 1181 0006 00000000 		.4byte	.Ldebug_info0
 1182 000a 04       		.byte	0x4
 1183 000b 00       		.byte	0
 1184 000c 0000     		.2byte	0
 1185 000e 0000     		.2byte	0
 1186 0010 00000000 		.4byte	.LFB63
 1187 0014 20000000 		.4byte	.LFE63-.LFB63
 1188 0018 00000000 		.4byte	.LFB64
 1189 001c 58010000 		.4byte	.LFE64-.LFB64
 1190 0020 00000000 		.4byte	0
 1191 0024 00000000 		.4byte	0
 1192              		.section	.debug_ranges,"",%progbits
 1193              	.Ldebug_ranges0:
 1194 0000 0A000000 		.4byte	.LBB4
 1195 0004 0C000000 		.4byte	.LBE4
 1196 0008 22000000 		.4byte	.LBB5
 1197 000c A2000000 		.4byte	.LBE5
 1198 0010 00000000 		.4byte	0
 1199 0014 00000000 		.4byte	0
 1200 0018 00000000 		.4byte	.LFB63
 1201 001c 20000000 		.4byte	.LFE63
ARM GAS  C:\Users\Admin\AppData\Local\Temp\ccj7gJlf.s 			page 23


 1202 0020 00000000 		.4byte	.LFB64
 1203 0024 58010000 		.4byte	.LFE64
 1204 0028 00000000 		.4byte	0
 1205 002c 00000000 		.4byte	0
 1206              		.section	.debug_line,"",%progbits
 1207              	.Ldebug_line0:
 1208 0000 03020000 		.section	.debug_str,"MS",%progbits,1
 1208      02009B01 
 1208      00000201 
 1208      FB0E0D00 
 1208      01010101 
 1209              	.LASF4:
 1210 0000 5F5F7569 		.ascii	"__uint8_t\000"
 1210      6E74385F 
 1210      7400
 1211              	.LASF19:
 1212 000a 73697A65 		.ascii	"size_t\000"
 1212      5F7400
 1213              	.LASF5:
 1214 0011 5F5F696E 		.ascii	"__int32_t\000"
 1214      7433325F 
 1214      7400
 1215              	.LASF17:
 1216 001b 646F7562 		.ascii	"double\000"
 1216      6C6500
 1217              	.LASF25:
 1218 0022 76616C6F 		.ascii	"valor_temp\000"
 1218      725F7465 
 1218      6D7000
 1219              	.LASF16:
 1220 002d 666C6F61 		.ascii	"float\000"
 1220      7400
 1221              	.LASF39:
 1222 0033 443A5C44 		.ascii	"D:\\Documentos\\GitHub\\Afinador-Guitarra-PsoC-5LP\\"
 1222      6F63756D 
 1222      656E746F 
 1222      735C4769 
 1222      74487562 
 1223 0063 50726F79 		.ascii	"ProyectoPDS\\ProyectoPDS solo matlab\\lab5-fiuna-fi"
 1223      6563746F 
 1223      5044535C 
 1223      50726F79 
 1223      6563746F 
 1224 0094 6C74726F 		.ascii	"ltros_sencillos\\Design01.cydsn\000"
 1224      735F7365 
 1224      6E63696C 
 1224      6C6F735C 
 1224      44657369 
 1225              	.LASF24:
 1226 00b3 73697A65 		.ascii	"size\000"
 1226      00
 1227              	.LASF37:
 1228 00b8 474E5520 		.ascii	"GNU C11 5.4.1 20160609 (release) [ARM/embedded-5-br"
 1228      43313120 
 1228      352E342E 
 1228      31203230 
 1228      31363036 
ARM GAS  C:\Users\Admin\AppData\Local\Temp\ccj7gJlf.s 			page 24


 1229 00eb 616E6368 		.ascii	"anch revision 237715] -mcpu=cortex-m3 -mthumb -g -O"
 1229      20726576 
 1229      6973696F 
 1229      6E203233 
 1229      37373135 
 1230 011e 67202D66 		.ascii	"g -ffunction-sections -ffat-lto-objects\000"
 1230      66756E63 
 1230      74696F6E 
 1230      2D736563 
 1230      74696F6E 
 1231              	.LASF22:
 1232 0146 696E7075 		.ascii	"input\000"
 1232      7400
 1233              	.LASF30:
 1234 014c 73756D5F 		.ascii	"sum_xx\000"
 1234      787800
 1235              	.LASF38:
 1236 0153 70726F63 		.ascii	"procesamiento.c\000"
 1236      6573616D 
 1236      69656E74 
 1236      6F2E6300 
 1237              	.LASF3:
 1238 0163 73686F72 		.ascii	"short unsigned int\000"
 1238      7420756E 
 1238      7369676E 
 1238      65642069 
 1238      6E7400
 1239              	.LASF40:
 1240 0176 636F6E76 		.ascii	"convertToQ32\000"
 1240      65727454 
 1240      6F513332 
 1240      00
 1241              	.LASF42:
 1242 0183 49544D5F 		.ascii	"ITM_RxBuffer\000"
 1242      52784275 
 1242      66666572 
 1242      00
 1243              	.LASF32:
 1244 0190 66726563 		.ascii	"frecuencia\000"
 1244      75656E63 
 1244      696100
 1245              	.LASF1:
 1246 019b 756E7369 		.ascii	"unsigned char\000"
 1246      676E6564 
 1246      20636861 
 1246      7200
 1247              	.LASF8:
 1248 01a9 6C6F6E67 		.ascii	"long unsigned int\000"
 1248      20756E73 
 1248      69676E65 
 1248      6420696E 
 1248      7400
 1249              	.LASF7:
 1250 01bb 5F5F7569 		.ascii	"__uint32_t\000"
 1250      6E743332 
 1250      5F7400
 1251              	.LASF15:
ARM GAS  C:\Users\Admin\AppData\Local\Temp\ccj7gJlf.s 			page 25


 1252 01c6 75696E74 		.ascii	"uint16\000"
 1252      313600
 1253              	.LASF28:
 1254 01cd 73756D5F 		.ascii	"sum_y\000"
 1254      7900
 1255              	.LASF26:
 1256 01d3 6461746F 		.ascii	"datos\000"
 1256      7300
 1257              	.LASF11:
 1258 01d9 756E7369 		.ascii	"unsigned int\000"
 1258      676E6564 
 1258      20696E74 
 1258      00
 1259              	.LASF10:
 1260 01e6 6C6F6E67 		.ascii	"long long unsigned int\000"
 1260      206C6F6E 
 1260      6720756E 
 1260      7369676E 
 1260      65642069 
 1261              	.LASF12:
 1262 01fd 75696E74 		.ascii	"uint8_t\000"
 1262      385F7400 
 1263              	.LASF27:
 1264 0205 73756D5F 		.ascii	"sum_x\000"
 1264      7800
 1265              	.LASF13:
 1266 020b 696E7433 		.ascii	"int32_t\000"
 1266      325F7400 
 1267              	.LASF21:
 1268 0213 73697A65 		.ascii	"sizetype\000"
 1268      74797065 
 1268      00
 1269              	.LASF41:
 1270 021c 43616C63 		.ascii	"Calcular_Frecuencia_Regresion\000"
 1270      756C6172 
 1270      5F467265 
 1270      6375656E 
 1270      6369615F 
 1271              	.LASF9:
 1272 023a 6C6F6E67 		.ascii	"long long int\000"
 1272      206C6F6E 
 1272      6720696E 
 1272      7400
 1273              	.LASF18:
 1274 0248 63686172 		.ascii	"char\000"
 1274      00
 1275              	.LASF31:
 1276 024d 70756C73 		.ascii	"pulse_count\000"
 1276      655F636F 
 1276      756E7400 
 1277              	.LASF33:
 1278 0259 6E5F6462 		.ascii	"n_dbl\000"
 1278      6C00
 1279              	.LASF2:
 1280 025f 73686F72 		.ascii	"short int\000"
 1280      7420696E 
 1280      7400
ARM GAS  C:\Users\Admin\AppData\Local\Temp\ccj7gJlf.s 			page 26


 1281              	.LASF23:
 1282 0269 6F757470 		.ascii	"output\000"
 1282      757400
 1283              	.LASF34:
 1284 0270 6E756D65 		.ascii	"numerator\000"
 1284      7261746F 
 1284      7200
 1285              	.LASF14:
 1286 027a 75696E74 		.ascii	"uint32_t\000"
 1286      33325F74 
 1286      00
 1287              	.LASF6:
 1288 0283 6C6F6E67 		.ascii	"long int\000"
 1288      20696E74 
 1288      00
 1289              	.LASF20:
 1290 028c 6C6F6E67 		.ascii	"long double\000"
 1290      20646F75 
 1290      626C6500 
 1291              	.LASF0:
 1292 0298 7369676E 		.ascii	"signed char\000"
 1292      65642063 
 1292      68617200 
 1293              	.LASF29:
 1294 02a4 73756D5F 		.ascii	"sum_xy\000"
 1294      787900
 1295              	.LASF36:
 1296 02ab 6176675F 		.ascii	"avg_period_samples\000"
 1296      70657269 
 1296      6F645F73 
 1296      616D706C 
 1296      657300
 1297              	.LASF35:
 1298 02be 64656E6F 		.ascii	"denominator\000"
 1298      6D696E61 
 1298      746F7200 
 1299              		.ident	"GCC: (GNU Tools for ARM Embedded Processors) 5.4.1 20160609 (release) [ARM/embedded-5-bran
