ARM GAS  C:\Users\Admin\AppData\Local\Temp\ccroizud.s 			page 1


   1              		.syntax unified
   2              		.cpu cortex-m3
   3              		.fpu softvfp
   4              		.eabi_attribute 20, 1
   5              		.eabi_attribute 21, 1
   6              		.eabi_attribute 23, 3
   7              		.eabi_attribute 24, 1
   8              		.eabi_attribute 25, 1
   9              		.eabi_attribute 26, 1
  10              		.eabi_attribute 30, 1
  11              		.eabi_attribute 34, 1
  12              		.eabi_attribute 18, 4
  13              		.thumb
  14              		.syntax unified
  15              		.file	"cymetadata.c"
  16              		.text
  17              	.Ltext0:
  18              		.cfi_sections	.debug_frame
  19              		.global	cy_metadata
  20              		.global	cy_meta_flashprotect
  21              		.global	cy_meta_wonvl
  22              		.global	cy_meta_custnvl
  23              		.global	cy_meta_configecc
  24              		.section	.cyconfigecc,"a",%progbits
  25              		.align	2
  26              		.type	cy_meta_configecc, %object
  27              		.size	cy_meta_configecc, 820
  28              	cy_meta_configecc:
  29 0000 02       		.byte	2
  30 0001 52       		.byte	82
  31 0002 00       		.byte	0
  32 0003 40       		.byte	64
  33 0004 03       		.byte	3
  34 0005 65       		.byte	101
  35 0006 00       		.byte	0
  36 0007 40       		.byte	64
  37 0008 02       		.byte	2
  38 0009 15       		.byte	21
  39 000a 01       		.byte	1
  40 000b 40       		.byte	64
  41 000c 56       		.byte	86
  42 000d 18       		.byte	24
  43 000e 01       		.byte	1
  44 000f 40       		.byte	64
  45 0010 34       		.byte	52
  46 0011 19       		.byte	25
  47 0012 01       		.byte	1
  48 0013 40       		.byte	64
  49 0014 62       		.byte	98
  50 0015 1A       		.byte	26
  51 0016 01       		.byte	1
  52 0017 40       		.byte	64
  53 0018 49       		.byte	73
  54 0019 1B       		.byte	27
  55 001a 01       		.byte	1
  56 001b 40       		.byte	64
  57 001c 08       		.byte	8
ARM GAS  C:\Users\Admin\AppData\Local\Temp\ccroizud.s 			page 2


  58 001d 40       		.byte	64
  59 001e 01       		.byte	1
  60 001f 40       		.byte	64
  61 0020 06       		.byte	6
  62 0021 41       		.byte	65
  63 0022 01       		.byte	1
  64 0023 40       		.byte	64
  65 0024 05       		.byte	5
  66 0025 42       		.byte	66
  67 0026 01       		.byte	1
  68 0027 40       		.byte	64
  69 0028 02       		.byte	2
  70 0029 43       		.byte	67
  71 002a 01       		.byte	1
  72 002b 40       		.byte	64
  73 002c 02       		.byte	2
  74 002d 48       		.byte	72
  75 002e 01       		.byte	1
  76 002f 40       		.byte	64
  77 0030 06       		.byte	6
  78 0031 49       		.byte	73
  79 0032 01       		.byte	1
  80 0033 40       		.byte	64
  81 0034 01       		.byte	1
  82 0035 4C       		.byte	76
  83 0036 01       		.byte	1
  84 0037 40       		.byte	64
  85 0038 08       		.byte	8
  86 0039 4D       		.byte	77
  87 003a 01       		.byte	1
  88 003b 40       		.byte	64
  89 003c 05       		.byte	5
  90 003d 50       		.byte	80
  91 003e 01       		.byte	1
  92 003f 40       		.byte	64
  93 0040 03       		.byte	3
  94 0041 51       		.byte	81
  95 0042 01       		.byte	1
  96 0043 40       		.byte	64
  97 0044 60       		.byte	96
  98 0045 80       		.byte	-128
  99 0046 61       		.byte	97
 100 0047 80       		.byte	-128
 101 0048 88       		.byte	-120
 102 0049 71       		.byte	113
 103 004a 8A       		.byte	-118
 104 004b 0F       		.byte	15
 105 004c 8B       		.byte	-117
 106 004d 38       		.byte	56
 107 004e E2       		.byte	-30
 108 004f 04       		.byte	4
 109 0050 E6       		.byte	-26
 110 0051 08       		.byte	8
 111 0052 00       		.byte	0
 112 0053 08       		.byte	8
 113 0054 04       		.byte	4
 114 0055 06       		.byte	6
ARM GAS  C:\Users\Admin\AppData\Local\Temp\ccroizud.s 			page 3


 115 0056 08       		.byte	8
 116 0057 02       		.byte	2
 117 0058 0C       		.byte	12
 118 0059 04       		.byte	4
 119 005a 0D       		.byte	13
 120 005b 01       		.byte	1
 121 005c 0F       		.byte	15
 122 005d 02       		.byte	2
 123 005e 12       		.byte	18
 124 005f 01       		.byte	1
 125 0060 14       		.byte	20
 126 0061 01       		.byte	1
 127 0062 15       		.byte	21
 128 0063 03       		.byte	3
 129 0064 16       		.byte	22
 130 0065 06       		.byte	6
 131 0066 18       		.byte	24
 132 0067 06       		.byte	6
 133 0068 1A       		.byte	26
 134 0069 01       		.byte	1
 135 006a 1C       		.byte	28
 136 006b 07       		.byte	7
 137 006c 1D       		.byte	29
 138 006d 03       		.byte	3
 139 006e 20       		.byte	32
 140 006f 06       		.byte	6
 141 0070 22       		.byte	34
 142 0071 01       		.byte	1
 143 0072 24       		.byte	36
 144 0073 08       		.byte	8
 145 0074 25       		.byte	37
 146 0075 01       		.byte	1
 147 0076 27       		.byte	39
 148 0077 02       		.byte	2
 149 0078 28       		.byte	40
 150 0079 08       		.byte	8
 151 007a 2D       		.byte	45
 152 007b 04       		.byte	4
 153 007c 30       		.byte	48
 154 007d 08       		.byte	8
 155 007e 31       		.byte	49
 156 007f 02       		.byte	2
 157 0080 33       		.byte	51
 158 0081 04       		.byte	4
 159 0082 34       		.byte	52
 160 0083 07       		.byte	7
 161 0084 35       		.byte	53
 162 0085 01       		.byte	1
 163 0086 39       		.byte	57
 164 0087 02       		.byte	2
 165 0088 3A       		.byte	58
 166 0089 20       		.byte	32
 167 008a 3B       		.byte	59
 168 008b 80       		.byte	-128
 169 008c 3F       		.byte	63
 170 008d 14       		.byte	20
 171 008e 56       		.byte	86
ARM GAS  C:\Users\Admin\AppData\Local\Temp\ccroizud.s 			page 4


 172 008f 02       		.byte	2
 173 0090 57       		.byte	87
 174 0091 11       		.byte	17
 175 0092 58       		.byte	88
 176 0093 04       		.byte	4
 177 0094 59       		.byte	89
 178 0095 04       		.byte	4
 179 0096 5B       		.byte	91
 180 0097 04       		.byte	4
 181 0098 5F       		.byte	95
 182 0099 01       		.byte	1
 183 009a 81       		.byte	-127
 184 009b 10       		.byte	16
 185 009c 85       		.byte	-123
 186 009d 08       		.byte	8
 187 009e 89       		.byte	-119
 188 009f 18       		.byte	24
 189 00a0 8D       		.byte	-115
 190 00a1 64       		.byte	100
 191 00a2 93       		.byte	-109
 192 00a3 E3       		.byte	-29
 193 00a4 95       		.byte	-107
 194 00a5 E7       		.byte	-25
 195 00a6 97       		.byte	-105
 196 00a7 18       		.byte	24
 197 00a8 99       		.byte	-103
 198 00a9 3C       		.byte	60
 199 00aa 9B       		.byte	-101
 200 00ab C1       		.byte	-63
 201 00ac 9D       		.byte	-99
 202 00ad FF       		.byte	-1
 203 00ae 9E       		.byte	-98
 204 00af 01       		.byte	1
 205 00b0 A1       		.byte	-95
 206 00b1 9C       		.byte	-100
 207 00b2 A3       		.byte	-93
 208 00b3 62       		.byte	98
 209 00b4 A7       		.byte	-89
 210 00b5 04       		.byte	4
 211 00b6 B1       		.byte	-79
 212 00b7 1F       		.byte	31
 213 00b8 B2       		.byte	-78
 214 00b9 01       		.byte	1
 215 00ba B3       		.byte	-77
 216 00bb 38       		.byte	56
 217 00bc B5       		.byte	-75
 218 00bd 98       		.byte	-104
 219 00be B7       		.byte	-73
 220 00bf 40       		.byte	64
 221 00c0 BB       		.byte	-69
 222 00c1 0A       		.byte	10
 223 00c2 C0       		.byte	-64
 224 00c3 34       		.byte	52
 225 00c4 C1       		.byte	-63
 226 00c5 01       		.byte	1
 227 00c6 C2       		.byte	-62
 228 00c7 02       		.byte	2
ARM GAS  C:\Users\Admin\AppData\Local\Temp\ccroizud.s 			page 5


 229 00c8 C4       		.byte	-60
 230 00c9 05       		.byte	5
 231 00ca C5       		.byte	-59
 232 00cb 0E       		.byte	14
 233 00cc C7       		.byte	-57
 234 00cd 0C       		.byte	12
 235 00ce C8       		.byte	-56
 236 00cf 11       		.byte	17
 237 00d0 C9       		.byte	-55
 238 00d1 FF       		.byte	-1
 239 00d2 CA       		.byte	-54
 240 00d3 FF       		.byte	-1
 241 00d4 CB       		.byte	-53
 242 00d5 FF       		.byte	-1
 243 00d6 CC       		.byte	-52
 244 00d7 62       		.byte	98
 245 00d8 CD       		.byte	-51
 246 00d9 A0       		.byte	-96
 247 00da CE       		.byte	-50
 248 00db F0       		.byte	-16
 249 00dc CF       		.byte	-49
 250 00dd 41       		.byte	65
 251 00de D0       		.byte	-48
 252 00df 0C       		.byte	12
 253 00e0 D6       		.byte	-42
 254 00e1 08       		.byte	8
 255 00e2 D8       		.byte	-40
 256 00e3 04       		.byte	4
 257 00e4 D9       		.byte	-39
 258 00e5 04       		.byte	4
 259 00e6 DA       		.byte	-38
 260 00e7 04       		.byte	4
 261 00e8 DB       		.byte	-37
 262 00e9 04       		.byte	4
 263 00ea DD       		.byte	-35
 264 00eb 90       		.byte	-112
 265 00ec DF       		.byte	-33
 266 00ed 01       		.byte	1
 267 00ee E6       		.byte	-26
 268 00ef 40       		.byte	64
 269 00f0 E7       		.byte	-25
 270 00f1 02       		.byte	2
 271 00f2 E9       		.byte	-23
 272 00f3 10       		.byte	16
 273 00f4 EA       		.byte	-22
 274 00f5 30       		.byte	48
 275 00f6 EB       		.byte	-21
 276 00f7 10       		.byte	16
 277 00f8 ED       		.byte	-19
 278 00f9 10       		.byte	16
 279 00fa EE       		.byte	-18
 280 00fb 10       		.byte	16
 281 00fc EF       		.byte	-17
 282 00fd 12       		.byte	18
 283 00fe 04       		.byte	4
 284 00ff 02       		.byte	2
 285 0100 06       		.byte	6
ARM GAS  C:\Users\Admin\AppData\Local\Temp\ccroizud.s 			page 6


 286 0101 20       		.byte	32
 287 0102 07       		.byte	7
 288 0103 09       		.byte	9
 289 0104 09       		.byte	9
 290 0105 80       		.byte	-128
 291 0106 0C       		.byte	12
 292 0107 40       		.byte	64
 293 0108 0E       		.byte	14
 294 0109 84       		.byte	-124
 295 010a 0F       		.byte	15
 296 010b 10       		.byte	16
 297 010c 15       		.byte	21
 298 010d 02       		.byte	2
 299 010e 17       		.byte	23
 300 010f 14       		.byte	20
 301 0110 19       		.byte	25
 302 0111 08       		.byte	8
 303 0112 1E       		.byte	30
 304 0113 84       		.byte	-124
 305 0114 1F       		.byte	31
 306 0115 32       		.byte	50
 307 0116 20       		.byte	32
 308 0117 14       		.byte	20
 309 0118 21       		.byte	33
 310 0119 01       		.byte	1
 311 011a 22       		.byte	34
 312 011b 18       		.byte	24
 313 011c 23       		.byte	35
 314 011d 51       		.byte	81
 315 011e 24       		.byte	36
 316 011f A0       		.byte	-96
 317 0120 26       		.byte	38
 318 0121 90       		.byte	-112
 319 0122 29       		.byte	41
 320 0123 08       		.byte	8
 321 0124 2B       		.byte	43
 322 0125 40       		.byte	64
 323 0126 2F       		.byte	47
 324 0127 11       		.byte	17
 325 0128 32       		.byte	50
 326 0129 88       		.byte	-120
 327 012a 33       		.byte	51
 328 012b 22       		.byte	34
 329 012c 34       		.byte	52
 330 012d 40       		.byte	64
 331 012e 36       		.byte	54
 332 012f 88       		.byte	-120
 333 0130 37       		.byte	55
 334 0131 40       		.byte	64
 335 0132 3A       		.byte	58
 336 0133 65       		.byte	101
 337 0134 3F       		.byte	63
 338 0135 C0       		.byte	-64
 339 0136 40       		.byte	64
 340 0137 14       		.byte	20
 341 0138 43       		.byte	67
 342 0139 42       		.byte	66
ARM GAS  C:\Users\Admin\AppData\Local\Temp\ccroizud.s 			page 7


 343 013a 49       		.byte	73
 344 013b 44       		.byte	68
 345 013c 50       		.byte	80
 346 013d 08       		.byte	8
 347 013e 58       		.byte	88
 348 013f 80       		.byte	-128
 349 0140 5E       		.byte	94
 350 0141 20       		.byte	32
 351 0142 61       		.byte	97
 352 0143 C0       		.byte	-64
 353 0144 62       		.byte	98
 354 0145 40       		.byte	64
 355 0146 6C       		.byte	108
 356 0147 01       		.byte	1
 357 0148 6F       		.byte	111
 358 0149 14       		.byte	20
 359 014a 76       		.byte	118
 360 014b 25       		.byte	37
 361 014c 77       		.byte	119
 362 014d 09       		.byte	9
 363 014e 80       		.byte	-128
 364 014f 80       		.byte	-128
 365 0150 C0       		.byte	-64
 366 0151 F0       		.byte	-16
 367 0152 C2       		.byte	-62
 368 0153 F1       		.byte	-15
 369 0154 C4       		.byte	-60
 370 0155 70       		.byte	112
 371 0156 CA       		.byte	-54
 372 0157 53       		.byte	83
 373 0158 CC       		.byte	-52
 374 0159 5F       		.byte	95
 375 015a CE       		.byte	-50
 376 015b 1F       		.byte	31
 377 015c D0       		.byte	-48
 378 015d 0F       		.byte	15
 379 015e D2       		.byte	-46
 380 015f 08       		.byte	8
 381 0160 D6       		.byte	-42
 382 0161 28       		.byte	40
 383 0162 D8       		.byte	-40
 384 0163 08       		.byte	8
 385 0164 E6       		.byte	-26
 386 0165 01       		.byte	1
 387 0166 00       		.byte	0
 388 0167 0A       		.byte	10
 389 0168 02       		.byte	2
 390 0169 14       		.byte	20
 391 016a 04       		.byte	4
 392 016b 13       		.byte	19
 393 016c 06       		.byte	6
 394 016d 04       		.byte	4
 395 016e 08       		.byte	8
 396 016f 03       		.byte	3
 397 0170 09       		.byte	9
 398 0171 02       		.byte	2
 399 0172 0A       		.byte	10
ARM GAS  C:\Users\Admin\AppData\Local\Temp\ccroizud.s 			page 8


 400 0173 14       		.byte	20
 401 0174 0C       		.byte	12
 402 0175 13       		.byte	19
 403 0176 0E       		.byte	14
 404 0177 0C       		.byte	12
 405 0178 0F       		.byte	15
 406 0179 01       		.byte	1
 407 017a 16       		.byte	22
 408 017b 20       		.byte	32
 409 017c 1A       		.byte	26
 410 017d 08       		.byte	8
 411 017e 26       		.byte	38
 412 017f 15       		.byte	21
 413 0180 27       		.byte	39
 414 0181 01       		.byte	1
 415 0182 2A       		.byte	42
 416 0183 20       		.byte	32
 417 0184 30       		.byte	48
 418 0185 0F       		.byte	15
 419 0186 33       		.byte	51
 420 0187 02       		.byte	2
 421 0188 34       		.byte	52
 422 0189 20       		.byte	32
 423 018a 35       		.byte	53
 424 018b 01       		.byte	1
 425 018c 36       		.byte	54
 426 018d 10       		.byte	16
 427 018e 3A       		.byte	58
 428 018f 02       		.byte	2
 429 0190 3E       		.byte	62
 430 0191 50       		.byte	80
 431 0192 3F       		.byte	63
 432 0193 14       		.byte	20
 433 0194 40       		.byte	64
 434 0195 53       		.byte	83
 435 0196 41       		.byte	65
 436 0197 02       		.byte	2
 437 0198 45       		.byte	69
 438 0199 0C       		.byte	12
 439 019a 46       		.byte	70
 440 019b E0       		.byte	-32
 441 019c 47       		.byte	71
 442 019d 0B       		.byte	11
 443 019e 48       		.byte	72
 444 019f 19       		.byte	25
 445 01a0 49       		.byte	73
 446 01a1 FF       		.byte	-1
 447 01a2 4A       		.byte	74
 448 01a3 FF       		.byte	-1
 449 01a4 4B       		.byte	75
 450 01a5 FF       		.byte	-1
 451 01a6 4E       		.byte	78
 452 01a7 F0       		.byte	-16
 453 01a8 4F       		.byte	79
 454 01a9 44       		.byte	68
 455 01aa 50       		.byte	80
 456 01ab 0C       		.byte	12
ARM GAS  C:\Users\Admin\AppData\Local\Temp\ccroizud.s 			page 9


 457 01ac 54       		.byte	84
 458 01ad 01       		.byte	1
 459 01ae 56       		.byte	86
 460 01af 04       		.byte	4
 461 01b0 58       		.byte	88
 462 01b1 04       		.byte	4
 463 01b2 59       		.byte	89
 464 01b3 04       		.byte	4
 465 01b4 5A       		.byte	90
 466 01b5 04       		.byte	4
 467 01b6 5B       		.byte	91
 468 01b7 04       		.byte	4
 469 01b8 5F       		.byte	95
 470 01b9 01       		.byte	1
 471 01ba 66       		.byte	102
 472 01bb C0       		.byte	-64
 473 01bc 6A       		.byte	106
 474 01bd 40       		.byte	64
 475 01be 6B       		.byte	107
 476 01bf 02       		.byte	2
 477 01c0 84       		.byte	-124
 478 01c1 0C       		.byte	12
 479 01c2 86       		.byte	-122
 480 01c3 71       		.byte	113
 481 01c4 87       		.byte	-121
 482 01c5 08       		.byte	8
 483 01c6 88       		.byte	-120
 484 01c7 09       		.byte	9
 485 01c8 89       		.byte	-119
 486 01c9 80       		.byte	-128
 487 01ca 8A       		.byte	-118
 488 01cb D0       		.byte	-48
 489 01cc 8B       		.byte	-117
 490 01cd 13       		.byte	19
 491 01ce 8E       		.byte	-114
 492 01cf 03       		.byte	3
 493 01d0 91       		.byte	-111
 494 01d1 2C       		.byte	44
 495 01d2 93       		.byte	-109
 496 01d3 43       		.byte	67
 497 01d4 96       		.byte	-106
 498 01d5 20       		.byte	32
 499 01d6 97       		.byte	-105
 500 01d7 0C       		.byte	12
 501 01d8 9C       		.byte	-100
 502 01d9 10       		.byte	16
 503 01da 9E       		.byte	-98
 504 01db AC       		.byte	-84
 505 01dc A0       		.byte	-96
 506 01dd DC       		.byte	-36
 507 01de A2       		.byte	-94
 508 01df 22       		.byte	34
 509 01e0 A4       		.byte	-92
 510 01e1 14       		.byte	20
 511 01e2 A5       		.byte	-91
 512 01e3 71       		.byte	113
 513 01e4 A7       		.byte	-89
ARM GAS  C:\Users\Admin\AppData\Local\Temp\ccroizud.s 			page 10


 514 01e5 0E       		.byte	14
 515 01e6 A8       		.byte	-88
 516 01e7 10       		.byte	16
 517 01e8 AA       		.byte	-86
 518 01e9 40       		.byte	64
 519 01ea AD       		.byte	-83
 520 01eb 71       		.byte	113
 521 01ec AF       		.byte	-81
 522 01ed 06       		.byte	6
 523 01ee B0       		.byte	-80
 524 01ef 1F       		.byte	31
 525 01f0 B3       		.byte	-77
 526 01f1 30       		.byte	48
 527 01f2 B4       		.byte	-76
 528 01f3 E0       		.byte	-32
 529 01f4 B5       		.byte	-75
 530 01f5 C0       		.byte	-64
 531 01f6 B7       		.byte	-73
 532 01f7 0F       		.byte	15
 533 01f8 B9       		.byte	-71
 534 01f9 28       		.byte	40
 535 01fa BA       		.byte	-70
 536 01fb 20       		.byte	32
 537 01fc BB       		.byte	-69
 538 01fd 80       		.byte	-128
 539 01fe BF       		.byte	-65
 540 01ff 04       		.byte	4
 541 0200 C0       		.byte	-64
 542 0201 02       		.byte	2
 543 0202 C7       		.byte	-57
 544 0203 04       		.byte	4
 545 0204 C9       		.byte	-55
 546 0205 FF       		.byte	-1
 547 0206 CA       		.byte	-54
 548 0207 07       		.byte	7
 549 0208 CB       		.byte	-53
 550 0209 FF       		.byte	-1
 551 020a CC       		.byte	-52
 552 020b 40       		.byte	64
 553 020c CD       		.byte	-51
 554 020d 20       		.byte	32
 555 020e CE       		.byte	-50
 556 020f F0       		.byte	-16
 557 0210 CF       		.byte	-49
 558 0211 05       		.byte	5
 559 0212 D0       		.byte	-48
 560 0213 08       		.byte	8
 561 0214 D4       		.byte	-44
 562 0215 18       		.byte	24
 563 0216 D6       		.byte	-42
 564 0217 04       		.byte	4
 565 0218 D8       		.byte	-40
 566 0219 04       		.byte	4
 567 021a D9       		.byte	-39
 568 021b 04       		.byte	4
 569 021c DA       		.byte	-38
 570 021d 04       		.byte	4
ARM GAS  C:\Users\Admin\AppData\Local\Temp\ccroizud.s 			page 11


 571 021e DB       		.byte	-37
 572 021f 04       		.byte	4
 573 0220 DF       		.byte	-33
 574 0221 01       		.byte	1
 575 0222 E0       		.byte	-32
 576 0223 40       		.byte	64
 577 0224 E1       		.byte	-31
 578 0225 A8       		.byte	-88
 579 0226 E2       		.byte	-30
 580 0227 40       		.byte	64
 581 0228 E3       		.byte	-29
 582 0229 20       		.byte	32
 583 022a 00       		.byte	0
 584 022b 21       		.byte	33
 585 022c 01       		.byte	1
 586 022d 20       		.byte	32
 587 022e 03       		.byte	3
 588 022f 22       		.byte	34
 589 0230 04       		.byte	4
 590 0231 44       		.byte	68
 591 0232 07       		.byte	7
 592 0233 08       		.byte	8
 593 0234 09       		.byte	9
 594 0235 10       		.byte	16
 595 0236 0A       		.byte	10
 596 0237 20       		.byte	32
 597 0238 0E       		.byte	14
 598 0239 02       		.byte	2
 599 023a 0F       		.byte	15
 600 023b 20       		.byte	32
 601 023c 10       		.byte	16
 602 023d 28       		.byte	40
 603 023e 15       		.byte	21
 604 023f 08       		.byte	8
 605 0240 16       		.byte	22
 606 0241 04       		.byte	4
 607 0242 17       		.byte	23
 608 0243 01       		.byte	1
 609 0244 19       		.byte	25
 610 0245 40       		.byte	64
 611 0246 1A       		.byte	26
 612 0247 04       		.byte	4
 613 0248 1B       		.byte	27
 614 0249 02       		.byte	2
 615 024a 1C       		.byte	28
 616 024b 44       		.byte	68
 617 024c 1F       		.byte	31
 618 024d 21       		.byte	33
 619 024e 22       		.byte	34
 620 024f 04       		.byte	4
 621 0250 23       		.byte	35
 622 0251 04       		.byte	4
 623 0252 24       		.byte	36
 624 0253 01       		.byte	1
 625 0254 25       		.byte	37
 626 0255 10       		.byte	16
 627 0256 27       		.byte	39
ARM GAS  C:\Users\Admin\AppData\Local\Temp\ccroizud.s 			page 12


 628 0257 29       		.byte	41
 629 0258 29       		.byte	41
 630 0259 04       		.byte	4
 631 025a 2F       		.byte	47
 632 025b 22       		.byte	34
 633 025c 37       		.byte	55
 634 025d 09       		.byte	9
 635 025e 38       		.byte	56
 636 025f 80       		.byte	-128
 637 0260 3B       		.byte	59
 638 0261 20       		.byte	32
 639 0262 3E       		.byte	62
 640 0263 08       		.byte	8
 641 0264 3F       		.byte	63
 642 0265 20       		.byte	32
 643 0266 42       		.byte	66
 644 0267 20       		.byte	32
 645 0268 43       		.byte	67
 646 0269 20       		.byte	32
 647 026a 47       		.byte	71
 648 026b 20       		.byte	32
 649 026c 48       		.byte	72
 650 026d 10       		.byte	16
 651 026e 4A       		.byte	74
 652 026f 01       		.byte	1
 653 0270 51       		.byte	81
 654 0271 04       		.byte	4
 655 0272 52       		.byte	82
 656 0273 10       		.byte	16
 657 0274 53       		.byte	83
 658 0275 10       		.byte	16
 659 0276 54       		.byte	84
 660 0277 20       		.byte	32
 661 0278 56       		.byte	86
 662 0279 2C       		.byte	44
 663 027a 57       		.byte	87
 664 027b 10       		.byte	16
 665 027c 58       		.byte	88
 666 027d 01       		.byte	1
 667 027e 59       		.byte	89
 668 027f 60       		.byte	96
 669 0280 5A       		.byte	90
 670 0281 08       		.byte	8
 671 0282 5F       		.byte	95
 672 0283 01       		.byte	1
 673 0284 61       		.byte	97
 674 0285 01       		.byte	1
 675 0286 65       		.byte	101
 676 0287 02       		.byte	2
 677 0288 66       		.byte	102
 678 0289 80       		.byte	-128
 679 028a 67       		.byte	103
 680 028b 04       		.byte	4
 681 028c 7A       		.byte	122
 682 028d 01       		.byte	1
 683 028e 7B       		.byte	123
 684 028f 02       		.byte	2
ARM GAS  C:\Users\Admin\AppData\Local\Temp\ccroizud.s 			page 13


 685 0290 81       		.byte	-127
 686 0291 01       		.byte	1
 687 0292 84       		.byte	-124
 688 0293 01       		.byte	1
 689 0294 85       		.byte	-123
 690 0295 02       		.byte	2
 691 0296 86       		.byte	-122
 692 0297 10       		.byte	16
 693 0298 8A       		.byte	-118
 694 0299 84       		.byte	-124
 695 029a 90       		.byte	-112
 696 029b 80       		.byte	-128
 697 029c 92       		.byte	-110
 698 029d 20       		.byte	32
 699 029e 93       		.byte	-109
 700 029f 01       		.byte	1
 701 02a0 97       		.byte	-105
 702 02a1 02       		.byte	2
 703 02a2 99       		.byte	-103
 704 02a3 04       		.byte	4
 705 02a4 A0       		.byte	-96
 706 02a5 08       		.byte	8
 707 02a6 B4       		.byte	-76
 708 02a7 10       		.byte	16
 709 02a8 C0       		.byte	-64
 710 02a9 EF       		.byte	-17
 711 02aa C2       		.byte	-62
 712 02ab A6       		.byte	-90
 713 02ac C4       		.byte	-60
 714 02ad 76       		.byte	118
 715 02ae CA       		.byte	-54
 716 02af 52       		.byte	82
 717 02b0 CC       		.byte	-52
 718 02b1 C0       		.byte	-64
 719 02b2 CE       		.byte	-50
 720 02b3 6C       		.byte	108
 721 02b4 D0       		.byte	-48
 722 02b5 26       		.byte	38
 723 02b6 D2       		.byte	-46
 724 02b7 08       		.byte	8
 725 02b8 D6       		.byte	-42
 726 02b9 8F       		.byte	-113
 727 02ba D8       		.byte	-40
 728 02bb B1       		.byte	-79
 729 02bc 12       		.byte	18
 730 02bd 80       		.byte	-128
 731 02be 32       		.byte	50
 732 02bf 04       		.byte	4
 733 02c0 33       		.byte	51
 734 02c1 10       		.byte	16
 735 02c2 36       		.byte	54
 736 02c3 80       		.byte	-128
 737 02c4 3F       		.byte	63
 738 02c5 80       		.byte	-128
 739 02c6 C4       		.byte	-60
 740 02c7 10       		.byte	16
 741 02c8 CC       		.byte	-52
ARM GAS  C:\Users\Admin\AppData\Local\Temp\ccroizud.s 			page 14


 742 02c9 70       		.byte	112
 743 02ca CE       		.byte	-50
 744 02cb 20       		.byte	32
 745 02cc 28       		.byte	40
 746 02cd 80       		.byte	-128
 747 02ce 2B       		.byte	43
 748 02cf 40       		.byte	64
 749 02d0 96       		.byte	-106
 750 02d1 08       		.byte	8
 751 02d2 9F       		.byte	-97
 752 02d3 10       		.byte	16
 753 02d4 A7       		.byte	-89
 754 02d5 40       		.byte	64
 755 02d6 CA       		.byte	-54
 756 02d7 40       		.byte	64
 757 02d8 44       		.byte	68
 758 02d9 80       		.byte	-128
 759 02da 96       		.byte	-106
 760 02db 08       		.byte	8
 761 02dc 98       		.byte	-104
 762 02dd 80       		.byte	-128
 763 02de 9F       		.byte	-97
 764 02df 10       		.byte	16
 765 02e0 D0       		.byte	-48
 766 02e1 80       		.byte	-128
 767 02e2 96       		.byte	-106
 768 02e3 08       		.byte	8
 769 02e4 9F       		.byte	-97
 770 02e5 10       		.byte	16
 771 02e6 96       		.byte	-106
 772 02e7 08       		.byte	8
 773 02e8 9F       		.byte	-97
 774 02e9 10       		.byte	16
 775 02ea 83       		.byte	-125
 776 02eb 10       		.byte	16
 777 02ec 86       		.byte	-122
 778 02ed 04       		.byte	4
 779 02ee 96       		.byte	-106
 780 02ef 08       		.byte	8
 781 02f0 9F       		.byte	-97
 782 02f1 10       		.byte	16
 783 02f2 E2       		.byte	-30
 784 02f3 20       		.byte	32
 785 02f4 E6       		.byte	-26
 786 02f5 10       		.byte	16
 787 02f6 82       		.byte	-126
 788 02f7 20       		.byte	32
 789 02f8 12       		.byte	18
 790 02f9 20       		.byte	32
 791 02fa 75       		.byte	117
 792 02fb 01       		.byte	1
 793 02fc 99       		.byte	-103
 794 02fd 01       		.byte	1
 795 02fe A6       		.byte	-90
 796 02ff 20       		.byte	32
 797 0300 B5       		.byte	-75
 798 0301 01       		.byte	1
ARM GAS  C:\Users\Admin\AppData\Local\Temp\ccroizud.s 			page 15


 799 0302 C4       		.byte	-60
 800 0303 08       		.byte	8
 801 0304 DE       		.byte	-34
 802 0305 04       		.byte	4
 803 0306 EC       		.byte	-20
 804 0307 02       		.byte	2
 805 0308 10       		.byte	16
 806 0309 01       		.byte	1
 807 030a 11       		.byte	17
 808 030b 01       		.byte	1
 809 030c 12       		.byte	18
 810 030d 14       		.byte	20
 811 030e 1C       		.byte	28
 812 030f 01       		.byte	1
 813 0310 1D       		.byte	29
 814 0311 01       		.byte	1
 815 0312 00       		.byte	0
 816 0313 3F       		.byte	63
 817 0314 10       		.byte	16
 818 0315 02       		.byte	2
 819 0316 12       		.byte	18
 820 0317 02       		.byte	2
 821 0318 80       		.byte	-128
 822 0319 00       		.byte	0
 823 031a 40       		.byte	64
 824 031b 80       		.byte	-128
 825 031c 80       		.byte	-128
 826 031d 00       		.byte	0
 827 031e 80       		.byte	-128
 828 031f 00       		.byte	0
 829 0320 00       		.byte	0
 830 0321 00       		.byte	0
 831 0322 00       		.byte	0
 832 0323 00       		.byte	0
 833 0324 00       		.byte	0
 834 0325 0B       		.byte	11
 835 0326 0B       		.byte	11
 836 0327 00       		.byte	0
 837 0328 00       		.byte	0
 838 0329 00       		.byte	0
 839 032a 00       		.byte	0
 840 032b 00       		.byte	0
 841 032c 00       		.byte	0
 842 032d 02       		.byte	2
 843 032e 02       		.byte	2
 844 032f 00       		.byte	0
 845 0330 00       		.byte	0
 846 0331 00       		.byte	0
 847 0332 00       		.byte	0
 848 0333 00       		.byte	0
 849              		.section	.cywolatch,"a",%progbits
 850              		.align	2
 851              		.type	cy_meta_wonvl, %object
 852              		.size	cy_meta_wonvl, 4
 853              	cy_meta_wonvl:
 854 0000 BC       		.byte	-68
 855 0001 90       		.byte	-112
ARM GAS  C:\Users\Admin\AppData\Local\Temp\ccroizud.s 			page 16


 856 0002 AC       		.byte	-84
 857 0003 AF       		.byte	-81
 858              		.section	.cycustnvl,"a",%progbits
 859              		.align	2
 860              		.type	cy_meta_custnvl, %object
 861              		.size	cy_meta_custnvl, 4
 862              	cy_meta_custnvl:
 863 0000 00       		.byte	0
 864 0001 00       		.byte	0
 865 0002 40       		.byte	64
 866 0003 05       		.byte	5
 867              		.section	.cymeta,"a",%progbits
 868              		.align	2
 869              		.type	cy_metadata, %object
 870              		.size	cy_metadata, 12
 871              	cy_metadata:
 872 0000 00       		.byte	0
 873 0001 01       		.byte	1
 874 0002 2E       		.byte	46
 875 0003 16       		.byte	22
 876 0004 10       		.byte	16
 877 0005 69       		.byte	105
 878 0006 00       		.byte	0
 879 0007 01       		.byte	1
 880 0008 00       		.byte	0
 881 0009 00       		.byte	0
 882 000a 00       		.byte	0
 883 000b 00       		.byte	0
 884              		.section	.cyflashprotect,"a",%progbits
 885              		.align	2
 886              		.type	cy_meta_flashprotect, %object
 887              		.size	cy_meta_flashprotect, 256
 888              	cy_meta_flashprotect:
 889 0000 00000000 		.space	256
 889      00000000 
 889      00000000 
 889      00000000 
 889      00000000 
 890              		.text
 891              	.Letext0:
 892              		.file 1 "e:\\cypress\\psoc creator\\4.4\\psoc creator\\import\\gnu\\arm\\5.4.1\\arm-none-eabi\\inc
 893              		.file 2 "e:\\cypress\\psoc creator\\4.4\\psoc creator\\import\\gnu\\arm\\5.4.1\\arm-none-eabi\\inc
 894              		.file 3 "Generated_Source\\PSoC5\\cymetadata.c"
 895              		.section	.debug_info,"",%progbits
 896              	.Ldebug_info0:
 897 0000 31010000 		.4byte	0x131
 898 0004 0400     		.2byte	0x4
 899 0006 00000000 		.4byte	.Ldebug_abbrev0
 900 000a 04       		.byte	0x4
 901 000b 01       		.uleb128 0x1
 902 000c 24000000 		.4byte	.LASF17
 903 0010 0C       		.byte	0xc
 904 0011 3C020000 		.4byte	.LASF18
 905 0015 69010000 		.4byte	.LASF19
 906 0019 00000000 		.4byte	.Ldebug_line0
 907 001d 02       		.uleb128 0x2
 908 001e 01       		.byte	0x1
ARM GAS  C:\Users\Admin\AppData\Local\Temp\ccroizud.s 			page 17


 909 001f 06       		.byte	0x6
 910 0020 30020000 		.4byte	.LASF0
 911 0024 03       		.uleb128 0x3
 912 0025 00000000 		.4byte	.LASF9
 913 0029 01       		.byte	0x1
 914 002a 1D       		.byte	0x1d
 915 002b 2F000000 		.4byte	0x2f
 916 002f 02       		.uleb128 0x2
 917 0030 01       		.byte	0x1
 918 0031 08       		.byte	0x8
 919 0032 16000000 		.4byte	.LASF1
 920 0036 02       		.uleb128 0x2
 921 0037 02       		.byte	0x2
 922 0038 05       		.byte	0x5
 923 0039 5F010000 		.4byte	.LASF2
 924 003d 02       		.uleb128 0x2
 925 003e 02       		.byte	0x2
 926 003f 07       		.byte	0x7
 927 0040 C4000000 		.4byte	.LASF3
 928 0044 02       		.uleb128 0x2
 929 0045 04       		.byte	0x4
 930 0046 05       		.byte	0x5
 931 0047 27020000 		.4byte	.LASF4
 932 004b 02       		.uleb128 0x2
 933 004c 04       		.byte	0x4
 934 004d 07       		.byte	0x7
 935 004e B2000000 		.4byte	.LASF5
 936 0052 02       		.uleb128 0x2
 937 0053 08       		.byte	0x8
 938 0054 05       		.byte	0x5
 939 0055 51010000 		.4byte	.LASF6
 940 0059 02       		.uleb128 0x2
 941 005a 08       		.byte	0x8
 942 005b 07       		.byte	0x7
 943 005c 06010000 		.4byte	.LASF7
 944 0060 04       		.uleb128 0x4
 945 0061 04       		.byte	0x4
 946 0062 05       		.byte	0x5
 947 0063 696E7400 		.ascii	"int\000"
 948 0067 02       		.uleb128 0x2
 949 0068 04       		.byte	0x4
 950 0069 07       		.byte	0x7
 951 006a F9000000 		.4byte	.LASF8
 952 006e 03       		.uleb128 0x3
 953 006f 1D010000 		.4byte	.LASF10
 954 0073 02       		.byte	0x2
 955 0074 18       		.byte	0x18
 956 0075 24000000 		.4byte	0x24
 957 0079 05       		.uleb128 0x5
 958 007a 91000000 		.4byte	0x91
 959 007e 8A000000 		.4byte	0x8a
 960 0082 06       		.uleb128 0x6
 961 0083 8A000000 		.4byte	0x8a
 962 0087 3303     		.2byte	0x333
 963 0089 00       		.byte	0
 964 008a 02       		.uleb128 0x2
 965 008b 04       		.byte	0x4
ARM GAS  C:\Users\Admin\AppData\Local\Temp\ccroizud.s 			page 18


 966 008c 07       		.byte	0x7
 967 008d 48010000 		.4byte	.LASF11
 968 0091 07       		.uleb128 0x7
 969 0092 6E000000 		.4byte	0x6e
 970 0096 08       		.uleb128 0x8
 971 0097 E7000000 		.4byte	.LASF12
 972 009b 03       		.byte	0x3
 973 009c 1F       		.byte	0x1f
 974 009d A7000000 		.4byte	0xa7
 975 00a1 05       		.uleb128 0x5
 976 00a2 03       		.byte	0x3
 977 00a3 00000000 		.4byte	cy_meta_configecc
 978 00a7 07       		.uleb128 0x7
 979 00a8 79000000 		.4byte	0x79
 980 00ac 05       		.uleb128 0x5
 981 00ad 91000000 		.4byte	0x91
 982 00b1 BC000000 		.4byte	0xbc
 983 00b5 09       		.uleb128 0x9
 984 00b6 8A000000 		.4byte	0x8a
 985 00ba 03       		.byte	0x3
 986 00bb 00       		.byte	0
 987 00bc 08       		.uleb128 0x8
 988 00bd D7000000 		.4byte	.LASF13
 989 00c1 03       		.byte	0x3
 990 00c2 93       		.byte	0x93
 991 00c3 CD000000 		.4byte	0xcd
 992 00c7 05       		.uleb128 0x5
 993 00c8 03       		.byte	0x3
 994 00c9 00000000 		.4byte	cy_meta_custnvl
 995 00cd 07       		.uleb128 0x7
 996 00ce AC000000 		.4byte	0xac
 997 00d2 08       		.uleb128 0x8
 998 00d3 3A010000 		.4byte	.LASF14
 999 00d7 03       		.byte	0x3
 1000 00d8 A1       		.byte	0xa1
 1001 00d9 E3000000 		.4byte	0xe3
 1002 00dd 05       		.uleb128 0x5
 1003 00de 03       		.byte	0x3
 1004 00df 00000000 		.4byte	cy_meta_wonvl
 1005 00e3 07       		.uleb128 0x7
 1006 00e4 AC000000 		.4byte	0xac
 1007 00e8 05       		.uleb128 0x5
 1008 00e9 91000000 		.4byte	0x91
 1009 00ed F8000000 		.4byte	0xf8
 1010 00f1 09       		.uleb128 0x9
 1011 00f2 8A000000 		.4byte	0x8a
 1012 00f6 FF       		.byte	0xff
 1013 00f7 00       		.byte	0
 1014 00f8 08       		.uleb128 0x8
 1015 00f9 25010000 		.4byte	.LASF15
 1016 00fd 03       		.byte	0x3
 1017 00fe AF       		.byte	0xaf
 1018 00ff 09010000 		.4byte	0x109
 1019 0103 05       		.uleb128 0x5
 1020 0104 03       		.byte	0x3
 1021 0105 00000000 		.4byte	cy_meta_flashprotect
 1022 0109 07       		.uleb128 0x7
ARM GAS  C:\Users\Admin\AppData\Local\Temp\ccroizud.s 			page 19


 1023 010a E8000000 		.4byte	0xe8
 1024 010e 05       		.uleb128 0x5
 1025 010f 91000000 		.4byte	0x91
 1026 0113 1E010000 		.4byte	0x11e
 1027 0117 09       		.uleb128 0x9
 1028 0118 8A000000 		.4byte	0x8a
 1029 011c 0B       		.byte	0xb
 1030 011d 00       		.byte	0
 1031 011e 08       		.uleb128 0x8
 1032 011f 0A000000 		.4byte	.LASF16
 1033 0123 03       		.byte	0x3
 1034 0124 DC       		.byte	0xdc
 1035 0125 2F010000 		.4byte	0x12f
 1036 0129 05       		.uleb128 0x5
 1037 012a 03       		.byte	0x3
 1038 012b 00000000 		.4byte	cy_metadata
 1039 012f 07       		.uleb128 0x7
 1040 0130 0E010000 		.4byte	0x10e
 1041 0134 00       		.byte	0
 1042              		.section	.debug_abbrev,"",%progbits
 1043              	.Ldebug_abbrev0:
 1044 0000 01       		.uleb128 0x1
 1045 0001 11       		.uleb128 0x11
 1046 0002 01       		.byte	0x1
 1047 0003 25       		.uleb128 0x25
 1048 0004 0E       		.uleb128 0xe
 1049 0005 13       		.uleb128 0x13
 1050 0006 0B       		.uleb128 0xb
 1051 0007 03       		.uleb128 0x3
 1052 0008 0E       		.uleb128 0xe
 1053 0009 1B       		.uleb128 0x1b
 1054 000a 0E       		.uleb128 0xe
 1055 000b 10       		.uleb128 0x10
 1056 000c 17       		.uleb128 0x17
 1057 000d 00       		.byte	0
 1058 000e 00       		.byte	0
 1059 000f 02       		.uleb128 0x2
 1060 0010 24       		.uleb128 0x24
 1061 0011 00       		.byte	0
 1062 0012 0B       		.uleb128 0xb
 1063 0013 0B       		.uleb128 0xb
 1064 0014 3E       		.uleb128 0x3e
 1065 0015 0B       		.uleb128 0xb
 1066 0016 03       		.uleb128 0x3
 1067 0017 0E       		.uleb128 0xe
 1068 0018 00       		.byte	0
 1069 0019 00       		.byte	0
 1070 001a 03       		.uleb128 0x3
 1071 001b 16       		.uleb128 0x16
 1072 001c 00       		.byte	0
 1073 001d 03       		.uleb128 0x3
 1074 001e 0E       		.uleb128 0xe
 1075 001f 3A       		.uleb128 0x3a
 1076 0020 0B       		.uleb128 0xb
 1077 0021 3B       		.uleb128 0x3b
 1078 0022 0B       		.uleb128 0xb
 1079 0023 49       		.uleb128 0x49
ARM GAS  C:\Users\Admin\AppData\Local\Temp\ccroizud.s 			page 20


 1080 0024 13       		.uleb128 0x13
 1081 0025 00       		.byte	0
 1082 0026 00       		.byte	0
 1083 0027 04       		.uleb128 0x4
 1084 0028 24       		.uleb128 0x24
 1085 0029 00       		.byte	0
 1086 002a 0B       		.uleb128 0xb
 1087 002b 0B       		.uleb128 0xb
 1088 002c 3E       		.uleb128 0x3e
 1089 002d 0B       		.uleb128 0xb
 1090 002e 03       		.uleb128 0x3
 1091 002f 08       		.uleb128 0x8
 1092 0030 00       		.byte	0
 1093 0031 00       		.byte	0
 1094 0032 05       		.uleb128 0x5
 1095 0033 01       		.uleb128 0x1
 1096 0034 01       		.byte	0x1
 1097 0035 49       		.uleb128 0x49
 1098 0036 13       		.uleb128 0x13
 1099 0037 01       		.uleb128 0x1
 1100 0038 13       		.uleb128 0x13
 1101 0039 00       		.byte	0
 1102 003a 00       		.byte	0
 1103 003b 06       		.uleb128 0x6
 1104 003c 21       		.uleb128 0x21
 1105 003d 00       		.byte	0
 1106 003e 49       		.uleb128 0x49
 1107 003f 13       		.uleb128 0x13
 1108 0040 2F       		.uleb128 0x2f
 1109 0041 05       		.uleb128 0x5
 1110 0042 00       		.byte	0
 1111 0043 00       		.byte	0
 1112 0044 07       		.uleb128 0x7
 1113 0045 26       		.uleb128 0x26
 1114 0046 00       		.byte	0
 1115 0047 49       		.uleb128 0x49
 1116 0048 13       		.uleb128 0x13
 1117 0049 00       		.byte	0
 1118 004a 00       		.byte	0
 1119 004b 08       		.uleb128 0x8
 1120 004c 34       		.uleb128 0x34
 1121 004d 00       		.byte	0
 1122 004e 03       		.uleb128 0x3
 1123 004f 0E       		.uleb128 0xe
 1124 0050 3A       		.uleb128 0x3a
 1125 0051 0B       		.uleb128 0xb
 1126 0052 3B       		.uleb128 0x3b
 1127 0053 0B       		.uleb128 0xb
 1128 0054 49       		.uleb128 0x49
 1129 0055 13       		.uleb128 0x13
 1130 0056 3F       		.uleb128 0x3f
 1131 0057 19       		.uleb128 0x19
 1132 0058 02       		.uleb128 0x2
 1133 0059 18       		.uleb128 0x18
 1134 005a 00       		.byte	0
 1135 005b 00       		.byte	0
 1136 005c 09       		.uleb128 0x9
ARM GAS  C:\Users\Admin\AppData\Local\Temp\ccroizud.s 			page 21


 1137 005d 21       		.uleb128 0x21
 1138 005e 00       		.byte	0
 1139 005f 49       		.uleb128 0x49
 1140 0060 13       		.uleb128 0x13
 1141 0061 2F       		.uleb128 0x2f
 1142 0062 0B       		.uleb128 0xb
 1143 0063 00       		.byte	0
 1144 0064 00       		.byte	0
 1145 0065 00       		.byte	0
 1146              		.section	.debug_aranges,"",%progbits
 1147 0000 14000000 		.4byte	0x14
 1148 0004 0200     		.2byte	0x2
 1149 0006 00000000 		.4byte	.Ldebug_info0
 1150 000a 04       		.byte	0x4
 1151 000b 00       		.byte	0
 1152 000c 0000     		.2byte	0
 1153 000e 0000     		.2byte	0
 1154 0010 00000000 		.4byte	0
 1155 0014 00000000 		.4byte	0
 1156              		.section	.debug_line,"",%progbits
 1157              	.Ldebug_line0:
 1158 0000 15010000 		.section	.debug_str,"MS",%progbits,1
 1158      02000F01 
 1158      00000201 
 1158      FB0E0D00 
 1158      01010101 
 1159              	.LASF9:
 1160 0000 5F5F7569 		.ascii	"__uint8_t\000"
 1160      6E74385F 
 1160      7400
 1161              	.LASF16:
 1162 000a 63795F6D 		.ascii	"cy_metadata\000"
 1162      65746164 
 1162      61746100 
 1163              	.LASF1:
 1164 0016 756E7369 		.ascii	"unsigned char\000"
 1164      676E6564 
 1164      20636861 
 1164      7200
 1165              	.LASF17:
 1166 0024 474E5520 		.ascii	"GNU C11 5.4.1 20160609 (release) [ARM/embedded-5-br"
 1166      43313120 
 1166      352E342E 
 1166      31203230 
 1166      31363036 
 1167 0057 616E6368 		.ascii	"anch revision 237715] -mcpu=cortex-m3 -mthumb -g -O"
 1167      20726576 
 1167      6973696F 
 1167      6E203233 
 1167      37373135 
 1168 008a 67202D66 		.ascii	"g -ffunction-sections -ffat-lto-objects\000"
 1168      66756E63 
 1168      74696F6E 
 1168      2D736563 
 1168      74696F6E 
 1169              	.LASF5:
 1170 00b2 6C6F6E67 		.ascii	"long unsigned int\000"
ARM GAS  C:\Users\Admin\AppData\Local\Temp\ccroizud.s 			page 22


 1170      20756E73 
 1170      69676E65 
 1170      6420696E 
 1170      7400
 1171              	.LASF3:
 1172 00c4 73686F72 		.ascii	"short unsigned int\000"
 1172      7420756E 
 1172      7369676E 
 1172      65642069 
 1172      6E7400
 1173              	.LASF13:
 1174 00d7 63795F6D 		.ascii	"cy_meta_custnvl\000"
 1174      6574615F 
 1174      63757374 
 1174      6E766C00 
 1175              	.LASF12:
 1176 00e7 63795F6D 		.ascii	"cy_meta_configecc\000"
 1176      6574615F 
 1176      636F6E66 
 1176      69676563 
 1176      6300
 1177              	.LASF8:
 1178 00f9 756E7369 		.ascii	"unsigned int\000"
 1178      676E6564 
 1178      20696E74 
 1178      00
 1179              	.LASF7:
 1180 0106 6C6F6E67 		.ascii	"long long unsigned int\000"
 1180      206C6F6E 
 1180      6720756E 
 1180      7369676E 
 1180      65642069 
 1181              	.LASF10:
 1182 011d 75696E74 		.ascii	"uint8_t\000"
 1182      385F7400 
 1183              	.LASF15:
 1184 0125 63795F6D 		.ascii	"cy_meta_flashprotect\000"
 1184      6574615F 
 1184      666C6173 
 1184      6870726F 
 1184      74656374 
 1185              	.LASF14:
 1186 013a 63795F6D 		.ascii	"cy_meta_wonvl\000"
 1186      6574615F 
 1186      776F6E76 
 1186      6C00
 1187              	.LASF11:
 1188 0148 73697A65 		.ascii	"sizetype\000"
 1188      74797065 
 1188      00
 1189              	.LASF6:
 1190 0151 6C6F6E67 		.ascii	"long long int\000"
 1190      206C6F6E 
 1190      6720696E 
 1190      7400
 1191              	.LASF2:
 1192 015f 73686F72 		.ascii	"short int\000"
ARM GAS  C:\Users\Admin\AppData\Local\Temp\ccroizud.s 			page 23


 1192      7420696E 
 1192      7400
 1193              	.LASF19:
 1194 0169 443A5C44 		.ascii	"D:\\Documentos\\GitHub\\Afinador-Guitarra-PsoC-5LP\\"
 1194      6F63756D 
 1194      656E746F 
 1194      735C4769 
 1194      74487562 
 1195 0199 50726F79 		.ascii	"ProyectoPDS\\ProyectoPds_V1\\ProyectoPDS solo matla"
 1195      6563746F 
 1195      5044535C 
 1195      50726F79 
 1195      6563746F 
 1196 01ca 622D3230 		.ascii	"b-20251102T203416Z-1-001\\ProyectoPDS solo matlab\\"
 1196      32353131 
 1196      30325432 
 1196      30333431 
 1196      365A2D31 
 1197 01fb 6C616235 		.ascii	"lab5-fiuna-filtros_sencillos\\Design01.cydsn\000"
 1197      2D666975 
 1197      6E612D66 
 1197      696C7472 
 1197      6F735F73 
 1198              	.LASF4:
 1199 0227 6C6F6E67 		.ascii	"long int\000"
 1199      20696E74 
 1199      00
 1200              	.LASF0:
 1201 0230 7369676E 		.ascii	"signed char\000"
 1201      65642063 
 1201      68617200 
 1202              	.LASF18:
 1203 023c 47656E65 		.ascii	"Generated_Source\\PSoC5\\cymetadata.c\000"
 1203      72617465 
 1203      645F536F 
 1203      75726365 
 1203      5C50536F 
 1204              		.ident	"GCC: (GNU Tools for ARM Embedded Processors) 5.4.1 20160609 (release) [ARM/embedded-5-bran
