ARM GAS  C:\Users\tobia\AppData\Local\Temp\ccTPuQUh.s 			page 1


   1              		.syntax unified
   2              		.cpu cortex-m3
   3              		.fpu softvfp
   4              		.eabi_attribute 20, 1
   5              		.eabi_attribute 21, 1
   6              		.eabi_attribute 23, 3
   7              		.eabi_attribute 24, 1
   8              		.eabi_attribute 25, 1
   9              		.eabi_attribute 26, 1
  10              		.eabi_attribute 30, 1
  11              		.eabi_attribute 34, 1
  12              		.eabi_attribute 18, 4
  13              		.thumb
  14              		.syntax unified
  15              		.file	"Filter_1_Coefficients.c"
  16              		.text
  17              	.Ltext0:
  18              		.cfi_sections	.debug_frame
  19              		.global	Filter_1_ChannelABiquadCoefficients
  20              		.section	.rodata
  21              		.align	2
  22              		.type	Filter_1_ChannelABiquadCoefficients, %object
  23              		.size	Filter_1_ChannelABiquadCoefficients, 200
  24              	Filter_1_ChannelABiquadCoefficients:
  25 0000 82       		.byte	-126
  26 0001 06       		.byte	6
  27 0002 0A       		.byte	10
  28 0003 00       		.byte	0
  29 0004 FD       		.byte	-3
  30 0005 F2       		.byte	-14
  31 0006 EB       		.byte	-21
  32 0007 00       		.byte	0
  33 0008 82       		.byte	-126
  34 0009 06       		.byte	6
  35 000a 0A       		.byte	10
  36 000b 00       		.byte	0
  37 000c 57       		.byte	87
  38 000d 50       		.byte	80
  39 000e 5F       		.byte	95
  40 000f 00       		.byte	0
  41 0010 87       		.byte	-121
  42 0011 06       		.byte	6
  43 0012 D2       		.byte	-46
  44 0013 00       		.byte	0
  45 0014 0C       		.byte	12
  46 0015 BC       		.byte	-68
  47 0016 1C       		.byte	28
  48 0017 00       		.byte	0
  49 0018 E7       		.byte	-25
  50 0019 87       		.byte	-121
  51 001a C6       		.byte	-58
  52 001b 00       		.byte	0
  53 001c 0C       		.byte	12
  54 001d BC       		.byte	-68
  55 001e 1C       		.byte	28
  56 001f 00       		.byte	0
  57 0020 43       		.byte	67
ARM GAS  C:\Users\tobia\AppData\Local\Temp\ccTPuQUh.s 			page 2


  58 0021 97       		.byte	-105
  59 0022 5C       		.byte	92
  60 0023 00       		.byte	0
  61 0024 75       		.byte	117
  62 0025 9E       		.byte	-98
  63 0026 D1       		.byte	-47
  64 0027 00       		.byte	0
  65 0028 22       		.byte	34
  66 0029 40       		.byte	64
  67 002a 17       		.byte	23
  68 002b 00       		.byte	0
  69 002c BD       		.byte	-67
  70 002d 7F       		.byte	127
  71 002e D1       		.byte	-47
  72 002f 00       		.byte	0
  73 0030 22       		.byte	34
  74 0031 40       		.byte	64
  75 0032 17       		.byte	23
  76 0033 00       		.byte	0
  77 0034 44       		.byte	68
  78 0035 C9       		.byte	-55
  79 0036 5B       		.byte	91
  80 0037 00       		.byte	0
  81 0038 E5       		.byte	-27
  82 0039 10       		.byte	16
  83 003a CF       		.byte	-49
  84 003b 00       		.byte	0
  85 003c AB       		.byte	-85
  86 003d 79       		.byte	121
  87 003e 0F       		.byte	15
  88 003f 00       		.byte	0
  89 0040 AA       		.byte	-86
  90 0041 0C       		.byte	12
  91 0042 E1       		.byte	-31
  92 0043 00       		.byte	0
  93 0044 AB       		.byte	-85
  94 0045 79       		.byte	121
  95 0046 0F       		.byte	15
  96 0047 00       		.byte	0
  97 0048 A2       		.byte	-94
  98 0049 40       		.byte	64
  99 004a 5D       		.byte	93
 100 004b 00       		.byte	0
 101 004c 53       		.byte	83
 102 004d 62       		.byte	98
 103 004e CA       		.byte	-54
 104 004f 00       		.byte	0
 105 0050 19       		.byte	25
 106 0051 00       		.byte	0
 107 0052 04       		.byte	4
 108 0053 00       		.byte	0
 109 0054 32       		.byte	50
 110 0055 00       		.byte	0
 111 0056 08       		.byte	8
 112 0057 00       		.byte	0
 113 0058 19       		.byte	25
 114 0059 00       		.byte	0
ARM GAS  C:\Users\tobia\AppData\Local\Temp\ccTPuQUh.s 			page 3


 115 005a 04       		.byte	4
 116 005b 00       		.byte	0
 117 005c 3D       		.byte	61
 118 005d 5A       		.byte	90
 119 005e 63       		.byte	99
 120 005f 00       		.byte	0
 121 0060 05       		.byte	5
 122 0061 93       		.byte	-109
 123 0062 D0       		.byte	-48
 124 0063 00       		.byte	0
 125 0064 1D       		.byte	29
 126 0065 D3       		.byte	-45
 127 0066 03       		.byte	3
 128 0067 00       		.byte	0
 129 0068 3A       		.byte	58
 130 0069 A6       		.byte	-90
 131 006a 07       		.byte	7
 132 006b 00       		.byte	0
 133 006c 1D       		.byte	29
 134 006d D3       		.byte	-45
 135 006e 03       		.byte	3
 136 006f 00       		.byte	0
 137 0070 6A       		.byte	106
 138 0071 FF       		.byte	-1
 139 0072 67       		.byte	103
 140 0073 00       		.byte	0
 141 0074 E5       		.byte	-27
 142 0075 D1       		.byte	-47
 143 0076 CD       		.byte	-51
 144 0077 00       		.byte	0
 145 0078 28       		.byte	40
 146 0079 6B       		.byte	107
 147 007a 03       		.byte	3
 148 007b 00       		.byte	0
 149 007c 50       		.byte	80
 150 007d D6       		.byte	-42
 151 007e 06       		.byte	6
 152 007f 00       		.byte	0
 153 0080 28       		.byte	40
 154 0081 6B       		.byte	107
 155 0082 03       		.byte	3
 156 0083 00       		.byte	0
 157 0084 09       		.byte	9
 158 0085 B8       		.byte	-72
 159 0086 6C       		.byte	108
 160 0087 00       		.byte	0
 161 0088 E1       		.byte	-31
 162 0089 50       		.byte	80
 163 008a CA       		.byte	-54
 164 008b 00       		.byte	0
 165 008c B1       		.byte	-79
 166 008d 88       		.byte	-120
 167 008e 02       		.byte	2
 168 008f 00       		.byte	0
 169 0090 62       		.byte	98
 170 0091 11       		.byte	17
 171 0092 05       		.byte	5
ARM GAS  C:\Users\tobia\AppData\Local\Temp\ccTPuQUh.s 			page 4


 172 0093 00       		.byte	0
 173 0094 B1       		.byte	-79
 174 0095 88       		.byte	-120
 175 0096 02       		.byte	2
 176 0097 00       		.byte	0
 177 0098 17       		.byte	23
 178 0099 48       		.byte	72
 179 009a 71       		.byte	113
 180 009b 00       		.byte	0
 181 009c 17       		.byte	23
 182 009d 67       		.byte	103
 183 009e C6       		.byte	-58
 184 009f 00       		.byte	0
 185 00a0 30       		.byte	48
 186 00a1 46       		.byte	70
 187 00a2 02       		.byte	2
 188 00a3 00       		.byte	0
 189 00a4 60       		.byte	96
 190 00a5 8C       		.byte	-116
 191 00a6 04       		.byte	4
 192 00a7 00       		.byte	0
 193 00a8 30       		.byte	48
 194 00a9 46       		.byte	70
 195 00aa 02       		.byte	2
 196 00ab 00       		.byte	0
 197 00ac F5       		.byte	-11
 198 00ad 1F       		.byte	31
 199 00ae 61       		.byte	97
 200 00af 00       		.byte	0
 201 00b0 61       		.byte	97
 202 00b1 D4       		.byte	-44
 203 00b2 C3       		.byte	-61
 204 00b3 00       		.byte	0
 205 00b4 8F       		.byte	-113
 206 00b5 0A       		.byte	10
 207 00b6 2A       		.byte	42
 208 00b7 00       		.byte	0
 209 00b8 E2       		.byte	-30
 210 00b9 EA       		.byte	-22
 211 00ba AB       		.byte	-85
 212 00bb 00       		.byte	0
 213 00bc 8F       		.byte	-113
 214 00bd 0A       		.byte	10
 215 00be 2A       		.byte	42
 216 00bf 00       		.byte	0
 217 00c0 B1       		.byte	-79
 218 00c1 A5       		.byte	-91
 219 00c2 75       		.byte	117
 220 00c3 00       		.byte	0
 221 00c4 62       		.byte	98
 222 00c5 34       		.byte	52
 223 00c6 C2       		.byte	-62
 224 00c7 00       		.byte	0
 225              		.text
 226              	.Letext0:
 227              		.file 1 "Generated_Source\\PSoC5\\cytypes.h"
 228              		.file 2 "Generated_Source\\PSoC5\\Filter_1_Coefficients.c"
ARM GAS  C:\Users\tobia\AppData\Local\Temp\ccTPuQUh.s 			page 5


 229              		.section	.debug_info,"",%progbits
 230              	.Ldebug_info0:
 231 0000 BA000000 		.4byte	0xba
 232 0004 0400     		.2byte	0x4
 233 0006 00000000 		.4byte	.Ldebug_abbrev0
 234 000a 04       		.byte	0x4
 235 000b 01       		.uleb128 0x1
 236 000c 3F000000 		.4byte	.LASF14
 237 0010 0C       		.byte	0xc
 238 0011 FC000000 		.4byte	.LASF15
 239 0015 73010000 		.4byte	.LASF16
 240 0019 00000000 		.4byte	.Ldebug_line0
 241 001d 02       		.uleb128 0x2
 242 001e 04       		.byte	0x4
 243 001f 05       		.byte	0x5
 244 0020 696E7400 		.ascii	"int\000"
 245 0024 03       		.uleb128 0x3
 246 0025 04       		.byte	0x4
 247 0026 07       		.byte	0x7
 248 0027 0E000000 		.4byte	.LASF0
 249 002b 03       		.uleb128 0x3
 250 002c 08       		.byte	0x8
 251 002d 05       		.byte	0x5
 252 002e 00000000 		.4byte	.LASF1
 253 0032 03       		.uleb128 0x3
 254 0033 08       		.byte	0x8
 255 0034 04       		.byte	0x4
 256 0035 2E020000 		.4byte	.LASF2
 257 0039 03       		.uleb128 0x3
 258 003a 01       		.byte	0x1
 259 003b 06       		.byte	0x6
 260 003c 67010000 		.4byte	.LASF3
 261 0040 03       		.uleb128 0x3
 262 0041 01       		.byte	0x1
 263 0042 08       		.byte	0x8
 264 0043 31010000 		.4byte	.LASF4
 265 0047 03       		.uleb128 0x3
 266 0048 02       		.byte	0x2
 267 0049 05       		.byte	0x5
 268 004a 3A020000 		.4byte	.LASF5
 269 004e 03       		.uleb128 0x3
 270 004f 02       		.byte	0x2
 271 0050 07       		.byte	0x7
 272 0051 54010000 		.4byte	.LASF6
 273 0055 03       		.uleb128 0x3
 274 0056 04       		.byte	0x4
 275 0057 05       		.byte	0x5
 276 0058 44010000 		.4byte	.LASF7
 277 005c 03       		.uleb128 0x3
 278 005d 04       		.byte	0x4
 279 005e 07       		.byte	0x7
 280 005f D3000000 		.4byte	.LASF8
 281 0063 03       		.uleb128 0x3
 282 0064 08       		.byte	0x8
 283 0065 07       		.byte	0x7
 284 0066 E5000000 		.4byte	.LASF9
 285 006a 03       		.uleb128 0x3
ARM GAS  C:\Users\tobia\AppData\Local\Temp\ccTPuQUh.s 			page 6


 286 006b 04       		.byte	0x4
 287 006c 07       		.byte	0x7
 288 006d 44020000 		.4byte	.LASF10
 289 0071 03       		.uleb128 0x3
 290 0072 01       		.byte	0x1
 291 0073 08       		.byte	0x8
 292 0074 3F010000 		.4byte	.LASF11
 293 0078 04       		.uleb128 0x4
 294 0079 CD000000 		.4byte	.LASF17
 295 007d 01       		.byte	0x1
 296 007e E901     		.2byte	0x1e9
 297 0080 40000000 		.4byte	0x40
 298 0084 03       		.uleb128 0x3
 299 0085 04       		.byte	0x4
 300 0086 04       		.byte	0x4
 301 0087 2B010000 		.4byte	.LASF12
 302 008b 03       		.uleb128 0x3
 303 008c 08       		.byte	0x8
 304 008d 04       		.byte	0x4
 305 008e 4D010000 		.4byte	.LASF13
 306 0092 05       		.uleb128 0x5
 307 0093 A2000000 		.4byte	0xa2
 308 0097 A2000000 		.4byte	0xa2
 309 009b 06       		.uleb128 0x6
 310 009c 6A000000 		.4byte	0x6a
 311 00a0 C7       		.byte	0xc7
 312 00a1 00       		.byte	0
 313 00a2 07       		.uleb128 0x7
 314 00a3 78000000 		.4byte	0x78
 315 00a7 08       		.uleb128 0x8
 316 00a8 1B000000 		.4byte	.LASF18
 317 00ac 02       		.byte	0x2
 318 00ad 11       		.byte	0x11
 319 00ae B8000000 		.4byte	0xb8
 320 00b2 05       		.uleb128 0x5
 321 00b3 03       		.byte	0x3
 322 00b4 00000000 		.4byte	Filter_1_ChannelABiquadCoefficients
 323 00b8 07       		.uleb128 0x7
 324 00b9 92000000 		.4byte	0x92
 325 00bd 00       		.byte	0
 326              		.section	.debug_abbrev,"",%progbits
 327              	.Ldebug_abbrev0:
 328 0000 01       		.uleb128 0x1
 329 0001 11       		.uleb128 0x11
 330 0002 01       		.byte	0x1
 331 0003 25       		.uleb128 0x25
 332 0004 0E       		.uleb128 0xe
 333 0005 13       		.uleb128 0x13
 334 0006 0B       		.uleb128 0xb
 335 0007 03       		.uleb128 0x3
 336 0008 0E       		.uleb128 0xe
 337 0009 1B       		.uleb128 0x1b
 338 000a 0E       		.uleb128 0xe
 339 000b 10       		.uleb128 0x10
 340 000c 17       		.uleb128 0x17
 341 000d 00       		.byte	0
 342 000e 00       		.byte	0
ARM GAS  C:\Users\tobia\AppData\Local\Temp\ccTPuQUh.s 			page 7


 343 000f 02       		.uleb128 0x2
 344 0010 24       		.uleb128 0x24
 345 0011 00       		.byte	0
 346 0012 0B       		.uleb128 0xb
 347 0013 0B       		.uleb128 0xb
 348 0014 3E       		.uleb128 0x3e
 349 0015 0B       		.uleb128 0xb
 350 0016 03       		.uleb128 0x3
 351 0017 08       		.uleb128 0x8
 352 0018 00       		.byte	0
 353 0019 00       		.byte	0
 354 001a 03       		.uleb128 0x3
 355 001b 24       		.uleb128 0x24
 356 001c 00       		.byte	0
 357 001d 0B       		.uleb128 0xb
 358 001e 0B       		.uleb128 0xb
 359 001f 3E       		.uleb128 0x3e
 360 0020 0B       		.uleb128 0xb
 361 0021 03       		.uleb128 0x3
 362 0022 0E       		.uleb128 0xe
 363 0023 00       		.byte	0
 364 0024 00       		.byte	0
 365 0025 04       		.uleb128 0x4
 366 0026 16       		.uleb128 0x16
 367 0027 00       		.byte	0
 368 0028 03       		.uleb128 0x3
 369 0029 0E       		.uleb128 0xe
 370 002a 3A       		.uleb128 0x3a
 371 002b 0B       		.uleb128 0xb
 372 002c 3B       		.uleb128 0x3b
 373 002d 05       		.uleb128 0x5
 374 002e 49       		.uleb128 0x49
 375 002f 13       		.uleb128 0x13
 376 0030 00       		.byte	0
 377 0031 00       		.byte	0
 378 0032 05       		.uleb128 0x5
 379 0033 01       		.uleb128 0x1
 380 0034 01       		.byte	0x1
 381 0035 49       		.uleb128 0x49
 382 0036 13       		.uleb128 0x13
 383 0037 01       		.uleb128 0x1
 384 0038 13       		.uleb128 0x13
 385 0039 00       		.byte	0
 386 003a 00       		.byte	0
 387 003b 06       		.uleb128 0x6
 388 003c 21       		.uleb128 0x21
 389 003d 00       		.byte	0
 390 003e 49       		.uleb128 0x49
 391 003f 13       		.uleb128 0x13
 392 0040 2F       		.uleb128 0x2f
 393 0041 0B       		.uleb128 0xb
 394 0042 00       		.byte	0
 395 0043 00       		.byte	0
 396 0044 07       		.uleb128 0x7
 397 0045 26       		.uleb128 0x26
 398 0046 00       		.byte	0
 399 0047 49       		.uleb128 0x49
ARM GAS  C:\Users\tobia\AppData\Local\Temp\ccTPuQUh.s 			page 8


 400 0048 13       		.uleb128 0x13
 401 0049 00       		.byte	0
 402 004a 00       		.byte	0
 403 004b 08       		.uleb128 0x8
 404 004c 34       		.uleb128 0x34
 405 004d 00       		.byte	0
 406 004e 03       		.uleb128 0x3
 407 004f 0E       		.uleb128 0xe
 408 0050 3A       		.uleb128 0x3a
 409 0051 0B       		.uleb128 0xb
 410 0052 3B       		.uleb128 0x3b
 411 0053 0B       		.uleb128 0xb
 412 0054 49       		.uleb128 0x49
 413 0055 13       		.uleb128 0x13
 414 0056 3F       		.uleb128 0x3f
 415 0057 19       		.uleb128 0x19
 416 0058 02       		.uleb128 0x2
 417 0059 18       		.uleb128 0x18
 418 005a 00       		.byte	0
 419 005b 00       		.byte	0
 420 005c 00       		.byte	0
 421              		.section	.debug_aranges,"",%progbits
 422 0000 14000000 		.4byte	0x14
 423 0004 0200     		.2byte	0x2
 424 0006 00000000 		.4byte	.Ldebug_info0
 425 000a 04       		.byte	0x4
 426 000b 00       		.byte	0
 427 000c 0000     		.2byte	0
 428 000e 0000     		.2byte	0
 429 0010 00000000 		.4byte	0
 430 0014 00000000 		.4byte	0
 431              		.section	.debug_line,"",%progbits
 432              	.Ldebug_line0:
 433 0000 58000000 		.section	.debug_str,"MS",%progbits,1
 433      02005200 
 433      00000201 
 433      FB0E0D00 
 433      01010101 
 434              	.LASF1:
 435 0000 6C6F6E67 		.ascii	"long long int\000"
 435      206C6F6E 
 435      6720696E 
 435      7400
 436              	.LASF0:
 437 000e 756E7369 		.ascii	"unsigned int\000"
 437      676E6564 
 437      20696E74 
 437      00
 438              	.LASF18:
 439 001b 46696C74 		.ascii	"Filter_1_ChannelABiquadCoefficients\000"
 439      65725F31 
 439      5F436861 
 439      6E6E656C 
 439      41426971 
 440              	.LASF14:
 441 003f 474E5520 		.ascii	"GNU C11 5.4.1 20160609 (release) [ARM/embedded-5-br"
 441      43313120 
ARM GAS  C:\Users\tobia\AppData\Local\Temp\ccTPuQUh.s 			page 9


 441      352E342E 
 441      31203230 
 441      31363036 
 442 0072 616E6368 		.ascii	"anch revision 237715] -mcpu=cortex-m3 -mthumb -g -O"
 442      20726576 
 442      6973696F 
 442      6E203233 
 442      37373135 
 443 00a5 67202D66 		.ascii	"g -ffunction-sections -ffat-lto-objects\000"
 443      66756E63 
 443      74696F6E 
 443      2D736563 
 443      74696F6E 
 444              	.LASF17:
 445 00cd 75696E74 		.ascii	"uint8\000"
 445      3800
 446              	.LASF8:
 447 00d3 6C6F6E67 		.ascii	"long unsigned int\000"
 447      20756E73 
 447      69676E65 
 447      6420696E 
 447      7400
 448              	.LASF9:
 449 00e5 6C6F6E67 		.ascii	"long long unsigned int\000"
 449      206C6F6E 
 449      6720756E 
 449      7369676E 
 449      65642069 
 450              	.LASF15:
 451 00fc 47656E65 		.ascii	"Generated_Source\\PSoC5\\Filter_1_Coefficients.c\000"
 451      72617465 
 451      645F536F 
 451      75726365 
 451      5C50536F 
 452              	.LASF12:
 453 012b 666C6F61 		.ascii	"float\000"
 453      7400
 454              	.LASF4:
 455 0131 756E7369 		.ascii	"unsigned char\000"
 455      676E6564 
 455      20636861 
 455      7200
 456              	.LASF11:
 457 013f 63686172 		.ascii	"char\000"
 457      00
 458              	.LASF7:
 459 0144 6C6F6E67 		.ascii	"long int\000"
 459      20696E74 
 459      00
 460              	.LASF13:
 461 014d 646F7562 		.ascii	"double\000"
 461      6C6500
 462              	.LASF6:
 463 0154 73686F72 		.ascii	"short unsigned int\000"
 463      7420756E 
 463      7369676E 
 463      65642069 
ARM GAS  C:\Users\tobia\AppData\Local\Temp\ccTPuQUh.s 			page 10


 463      6E7400
 464              	.LASF3:
 465 0167 7369676E 		.ascii	"signed char\000"
 465      65642063 
 465      68617200 
 466              	.LASF16:
 467 0173 433A5C55 		.ascii	"C:\\Users\\tobia\\Downloads\\ProyectoPDS solo matla"
 467      73657273 
 467      5C746F62 
 467      69615C44 
 467      6F776E6C 
 468 01a2 622D3230 		.ascii	"b-20251102T203416Z-1-001\\ProyectoPDS solo matlab-2"
 468      32353131 
 468      30325432 
 468      30333431 
 468      365A2D31 
 469 01d4 30323531 		.ascii	"0251102T203416Z-1-001\\ProyectoPDS solo matlab\\lab"
 469      31303254 
 469      32303334 
 469      31365A2D 
 469      312D3030 
 470 0205 352D6669 		.ascii	"5-fiuna-filtros_sencillos\\Design01.cydsn\000"
 470      756E612D 
 470      66696C74 
 470      726F735F 
 470      73656E63 
 471              	.LASF2:
 472 022e 6C6F6E67 		.ascii	"long double\000"
 472      20646F75 
 472      626C6500 
 473              	.LASF5:
 474 023a 73686F72 		.ascii	"short int\000"
 474      7420696E 
 474      7400
 475              	.LASF10:
 476 0244 73697A65 		.ascii	"sizetype\000"
 476      74797065 
 476      00
 477              		.ident	"GCC: (GNU Tools for ARM Embedded Processors) 5.4.1 20160609 (release) [ARM/embedded-5-bran
