ARM GAS  C:\Users\Admin\AppData\Local\Temp\cc09MtZh.s 			page 1


   1              		.syntax unified
   2              		.cpu cortex-m3
   3              		.fpu softvfp
   4              		.eabi_attribute 20, 1
   5              		.eabi_attribute 21, 1
   6              		.eabi_attribute 23, 3
   7              		.eabi_attribute 24, 1
   8              		.eabi_attribute 25, 1
   9              		.eabi_attribute 26, 1
  10              		.eabi_attribute 30, 1
  11              		.eabi_attribute 34, 1
  12              		.eabi_attribute 18, 4
  13              		.thumb
  14              		.syntax unified
  15              		.file	"UART_1_INT.c"
  16              		.text
  17              	.Ltext0:
  18              		.cfi_sections	.debug_frame
  19              		.section	.text.UART_1_TXISR,"ax",%progbits
  20              		.align	2
  21              		.global	UART_1_TXISR
  22              		.thumb
  23              		.thumb_func
  24              		.type	UART_1_TXISR, %function
  25              	UART_1_TXISR:
  26              	.LFB0:
  27              		.file 1 "Generated_Source\\PSoC5\\UART_1_INT.c"
   1:Generated_Source\PSoC5/UART_1_INT.c **** /*******************************************************************************
   2:Generated_Source\PSoC5/UART_1_INT.c **** * File Name: UART_1INT.c
   3:Generated_Source\PSoC5/UART_1_INT.c **** * Version 2.50
   4:Generated_Source\PSoC5/UART_1_INT.c **** *
   5:Generated_Source\PSoC5/UART_1_INT.c **** * Description:
   6:Generated_Source\PSoC5/UART_1_INT.c **** *  This file provides all Interrupt Service functionality of the UART component
   7:Generated_Source\PSoC5/UART_1_INT.c **** *
   8:Generated_Source\PSoC5/UART_1_INT.c **** ********************************************************************************
   9:Generated_Source\PSoC5/UART_1_INT.c **** * Copyright 2008-2015, Cypress Semiconductor Corporation.  All rights reserved.
  10:Generated_Source\PSoC5/UART_1_INT.c **** * You may use this file only in accordance with the license, terms, conditions,
  11:Generated_Source\PSoC5/UART_1_INT.c **** * disclaimers, and limitations in the end user license agreement accompanying
  12:Generated_Source\PSoC5/UART_1_INT.c **** * the software package with which this file was provided.
  13:Generated_Source\PSoC5/UART_1_INT.c **** *******************************************************************************/
  14:Generated_Source\PSoC5/UART_1_INT.c **** 
  15:Generated_Source\PSoC5/UART_1_INT.c **** #include "UART_1.h"
  16:Generated_Source\PSoC5/UART_1_INT.c **** #include "cyapicallbacks.h"
  17:Generated_Source\PSoC5/UART_1_INT.c **** 
  18:Generated_Source\PSoC5/UART_1_INT.c **** 
  19:Generated_Source\PSoC5/UART_1_INT.c **** /***************************************
  20:Generated_Source\PSoC5/UART_1_INT.c **** * Custom Declarations
  21:Generated_Source\PSoC5/UART_1_INT.c **** ***************************************/
  22:Generated_Source\PSoC5/UART_1_INT.c **** /* `#START CUSTOM_DECLARATIONS` Place your declaration here */
  23:Generated_Source\PSoC5/UART_1_INT.c **** 
  24:Generated_Source\PSoC5/UART_1_INT.c **** /* `#END` */
  25:Generated_Source\PSoC5/UART_1_INT.c **** 
  26:Generated_Source\PSoC5/UART_1_INT.c **** #if (UART_1_RX_INTERRUPT_ENABLED && (UART_1_RX_ENABLED || UART_1_HD_ENABLED))
  27:Generated_Source\PSoC5/UART_1_INT.c ****     /*******************************************************************************
  28:Generated_Source\PSoC5/UART_1_INT.c ****     * Function Name: UART_1_RXISR
  29:Generated_Source\PSoC5/UART_1_INT.c ****     ********************************************************************************
  30:Generated_Source\PSoC5/UART_1_INT.c ****     *
ARM GAS  C:\Users\Admin\AppData\Local\Temp\cc09MtZh.s 			page 2


  31:Generated_Source\PSoC5/UART_1_INT.c ****     * Summary:
  32:Generated_Source\PSoC5/UART_1_INT.c ****     *  Interrupt Service Routine for RX portion of the UART
  33:Generated_Source\PSoC5/UART_1_INT.c ****     *
  34:Generated_Source\PSoC5/UART_1_INT.c ****     * Parameters:
  35:Generated_Source\PSoC5/UART_1_INT.c ****     *  None.
  36:Generated_Source\PSoC5/UART_1_INT.c ****     *
  37:Generated_Source\PSoC5/UART_1_INT.c ****     * Return:
  38:Generated_Source\PSoC5/UART_1_INT.c ****     *  None.
  39:Generated_Source\PSoC5/UART_1_INT.c ****     *
  40:Generated_Source\PSoC5/UART_1_INT.c ****     * Global Variables:
  41:Generated_Source\PSoC5/UART_1_INT.c ****     *  UART_1_rxBuffer - RAM buffer pointer for save received data.
  42:Generated_Source\PSoC5/UART_1_INT.c ****     *  UART_1_rxBufferWrite - cyclic index for write to rxBuffer,
  43:Generated_Source\PSoC5/UART_1_INT.c ****     *     increments after each byte saved to buffer.
  44:Generated_Source\PSoC5/UART_1_INT.c ****     *  UART_1_rxBufferRead - cyclic index for read from rxBuffer,
  45:Generated_Source\PSoC5/UART_1_INT.c ****     *     checked to detect overflow condition.
  46:Generated_Source\PSoC5/UART_1_INT.c ****     *  UART_1_rxBufferOverflow - software overflow flag. Set to one
  47:Generated_Source\PSoC5/UART_1_INT.c ****     *     when UART_1_rxBufferWrite index overtakes
  48:Generated_Source\PSoC5/UART_1_INT.c ****     *     UART_1_rxBufferRead index.
  49:Generated_Source\PSoC5/UART_1_INT.c ****     *  UART_1_rxBufferLoopDetect - additional variable to detect overflow.
  50:Generated_Source\PSoC5/UART_1_INT.c ****     *     Set to one when UART_1_rxBufferWrite is equal to
  51:Generated_Source\PSoC5/UART_1_INT.c ****     *    UART_1_rxBufferRead
  52:Generated_Source\PSoC5/UART_1_INT.c ****     *  UART_1_rxAddressMode - this variable contains the Address mode,
  53:Generated_Source\PSoC5/UART_1_INT.c ****     *     selected in customizer or set by UART_SetRxAddressMode() API.
  54:Generated_Source\PSoC5/UART_1_INT.c ****     *  UART_1_rxAddressDetected - set to 1 when correct address received,
  55:Generated_Source\PSoC5/UART_1_INT.c ****     *     and analysed to store following addressed data bytes to the buffer.
  56:Generated_Source\PSoC5/UART_1_INT.c ****     *     When not correct address received, set to 0 to skip following data bytes.
  57:Generated_Source\PSoC5/UART_1_INT.c ****     *
  58:Generated_Source\PSoC5/UART_1_INT.c ****     *******************************************************************************/
  59:Generated_Source\PSoC5/UART_1_INT.c ****     CY_ISR(UART_1_RXISR)
  60:Generated_Source\PSoC5/UART_1_INT.c ****     {
  61:Generated_Source\PSoC5/UART_1_INT.c ****         uint8 readData;
  62:Generated_Source\PSoC5/UART_1_INT.c ****         uint8 readStatus;
  63:Generated_Source\PSoC5/UART_1_INT.c ****         uint8 increment_pointer = 0u;
  64:Generated_Source\PSoC5/UART_1_INT.c **** 
  65:Generated_Source\PSoC5/UART_1_INT.c ****     #if(CY_PSOC3)
  66:Generated_Source\PSoC5/UART_1_INT.c ****         uint8 int_en;
  67:Generated_Source\PSoC5/UART_1_INT.c ****     #endif /* (CY_PSOC3) */
  68:Generated_Source\PSoC5/UART_1_INT.c **** 
  69:Generated_Source\PSoC5/UART_1_INT.c ****     #ifdef UART_1_RXISR_ENTRY_CALLBACK
  70:Generated_Source\PSoC5/UART_1_INT.c ****         UART_1_RXISR_EntryCallback();
  71:Generated_Source\PSoC5/UART_1_INT.c ****     #endif /* UART_1_RXISR_ENTRY_CALLBACK */
  72:Generated_Source\PSoC5/UART_1_INT.c **** 
  73:Generated_Source\PSoC5/UART_1_INT.c ****         /* User code required at start of ISR */
  74:Generated_Source\PSoC5/UART_1_INT.c ****         /* `#START UART_1_RXISR_START` */
  75:Generated_Source\PSoC5/UART_1_INT.c **** 
  76:Generated_Source\PSoC5/UART_1_INT.c ****         /* `#END` */
  77:Generated_Source\PSoC5/UART_1_INT.c **** 
  78:Generated_Source\PSoC5/UART_1_INT.c ****     #if(CY_PSOC3)   /* Make sure nested interrupt is enabled */
  79:Generated_Source\PSoC5/UART_1_INT.c ****         int_en = EA;
  80:Generated_Source\PSoC5/UART_1_INT.c ****         CyGlobalIntEnable;
  81:Generated_Source\PSoC5/UART_1_INT.c ****     #endif /* (CY_PSOC3) */
  82:Generated_Source\PSoC5/UART_1_INT.c **** 
  83:Generated_Source\PSoC5/UART_1_INT.c ****         do
  84:Generated_Source\PSoC5/UART_1_INT.c ****         {
  85:Generated_Source\PSoC5/UART_1_INT.c ****             /* Read receiver status register */
  86:Generated_Source\PSoC5/UART_1_INT.c ****             readStatus = UART_1_RXSTATUS_REG;
  87:Generated_Source\PSoC5/UART_1_INT.c ****             /* Copy the same status to readData variable for backward compatibility support 
ARM GAS  C:\Users\Admin\AppData\Local\Temp\cc09MtZh.s 			page 3


  88:Generated_Source\PSoC5/UART_1_INT.c ****             *  of the user code in UART_1_RXISR_ERROR` section. 
  89:Generated_Source\PSoC5/UART_1_INT.c ****             */
  90:Generated_Source\PSoC5/UART_1_INT.c ****             readData = readStatus;
  91:Generated_Source\PSoC5/UART_1_INT.c **** 
  92:Generated_Source\PSoC5/UART_1_INT.c ****             if((readStatus & (UART_1_RX_STS_BREAK | 
  93:Generated_Source\PSoC5/UART_1_INT.c ****                             UART_1_RX_STS_PAR_ERROR |
  94:Generated_Source\PSoC5/UART_1_INT.c ****                             UART_1_RX_STS_STOP_ERROR | 
  95:Generated_Source\PSoC5/UART_1_INT.c ****                             UART_1_RX_STS_OVERRUN)) != 0u)
  96:Generated_Source\PSoC5/UART_1_INT.c ****             {
  97:Generated_Source\PSoC5/UART_1_INT.c ****                 /* ERROR handling. */
  98:Generated_Source\PSoC5/UART_1_INT.c ****                 UART_1_errorStatus |= readStatus & ( UART_1_RX_STS_BREAK | 
  99:Generated_Source\PSoC5/UART_1_INT.c ****                                                             UART_1_RX_STS_PAR_ERROR | 
 100:Generated_Source\PSoC5/UART_1_INT.c ****                                                             UART_1_RX_STS_STOP_ERROR | 
 101:Generated_Source\PSoC5/UART_1_INT.c ****                                                             UART_1_RX_STS_OVERRUN);
 102:Generated_Source\PSoC5/UART_1_INT.c ****                 /* `#START UART_1_RXISR_ERROR` */
 103:Generated_Source\PSoC5/UART_1_INT.c **** 
 104:Generated_Source\PSoC5/UART_1_INT.c ****                 /* `#END` */
 105:Generated_Source\PSoC5/UART_1_INT.c ****                 
 106:Generated_Source\PSoC5/UART_1_INT.c ****             #ifdef UART_1_RXISR_ERROR_CALLBACK
 107:Generated_Source\PSoC5/UART_1_INT.c ****                 UART_1_RXISR_ERROR_Callback();
 108:Generated_Source\PSoC5/UART_1_INT.c ****             #endif /* UART_1_RXISR_ERROR_CALLBACK */
 109:Generated_Source\PSoC5/UART_1_INT.c ****             }
 110:Generated_Source\PSoC5/UART_1_INT.c ****             
 111:Generated_Source\PSoC5/UART_1_INT.c ****             if((readStatus & UART_1_RX_STS_FIFO_NOTEMPTY) != 0u)
 112:Generated_Source\PSoC5/UART_1_INT.c ****             {
 113:Generated_Source\PSoC5/UART_1_INT.c ****                 /* Read data from the RX data register */
 114:Generated_Source\PSoC5/UART_1_INT.c ****                 readData = UART_1_RXDATA_REG;
 115:Generated_Source\PSoC5/UART_1_INT.c ****             #if (UART_1_RXHW_ADDRESS_ENABLED)
 116:Generated_Source\PSoC5/UART_1_INT.c ****                 if(UART_1_rxAddressMode == (uint8)UART_1__B_UART__AM_SW_DETECT_TO_BUFFER)
 117:Generated_Source\PSoC5/UART_1_INT.c ****                 {
 118:Generated_Source\PSoC5/UART_1_INT.c ****                     if((readStatus & UART_1_RX_STS_MRKSPC) != 0u)
 119:Generated_Source\PSoC5/UART_1_INT.c ****                     {
 120:Generated_Source\PSoC5/UART_1_INT.c ****                         if ((readStatus & UART_1_RX_STS_ADDR_MATCH) != 0u)
 121:Generated_Source\PSoC5/UART_1_INT.c ****                         {
 122:Generated_Source\PSoC5/UART_1_INT.c ****                             UART_1_rxAddressDetected = 1u;
 123:Generated_Source\PSoC5/UART_1_INT.c ****                         }
 124:Generated_Source\PSoC5/UART_1_INT.c ****                         else
 125:Generated_Source\PSoC5/UART_1_INT.c ****                         {
 126:Generated_Source\PSoC5/UART_1_INT.c ****                             UART_1_rxAddressDetected = 0u;
 127:Generated_Source\PSoC5/UART_1_INT.c ****                         }
 128:Generated_Source\PSoC5/UART_1_INT.c ****                     }
 129:Generated_Source\PSoC5/UART_1_INT.c ****                     if(UART_1_rxAddressDetected != 0u)
 130:Generated_Source\PSoC5/UART_1_INT.c ****                     {   /* Store only addressed data */
 131:Generated_Source\PSoC5/UART_1_INT.c ****                         UART_1_rxBuffer[UART_1_rxBufferWrite] = readData;
 132:Generated_Source\PSoC5/UART_1_INT.c ****                         increment_pointer = 1u;
 133:Generated_Source\PSoC5/UART_1_INT.c ****                     }
 134:Generated_Source\PSoC5/UART_1_INT.c ****                 }
 135:Generated_Source\PSoC5/UART_1_INT.c ****                 else /* Without software addressing */
 136:Generated_Source\PSoC5/UART_1_INT.c ****                 {
 137:Generated_Source\PSoC5/UART_1_INT.c ****                     UART_1_rxBuffer[UART_1_rxBufferWrite] = readData;
 138:Generated_Source\PSoC5/UART_1_INT.c ****                     increment_pointer = 1u;
 139:Generated_Source\PSoC5/UART_1_INT.c ****                 }
 140:Generated_Source\PSoC5/UART_1_INT.c ****             #else  /* Without addressing */
 141:Generated_Source\PSoC5/UART_1_INT.c ****                 UART_1_rxBuffer[UART_1_rxBufferWrite] = readData;
 142:Generated_Source\PSoC5/UART_1_INT.c ****                 increment_pointer = 1u;
 143:Generated_Source\PSoC5/UART_1_INT.c ****             #endif /* (UART_1_RXHW_ADDRESS_ENABLED) */
 144:Generated_Source\PSoC5/UART_1_INT.c **** 
ARM GAS  C:\Users\Admin\AppData\Local\Temp\cc09MtZh.s 			page 4


 145:Generated_Source\PSoC5/UART_1_INT.c ****                 /* Do not increment buffer pointer when skip not addressed data */
 146:Generated_Source\PSoC5/UART_1_INT.c ****                 if(increment_pointer != 0u)
 147:Generated_Source\PSoC5/UART_1_INT.c ****                 {
 148:Generated_Source\PSoC5/UART_1_INT.c ****                     if(UART_1_rxBufferLoopDetect != 0u)
 149:Generated_Source\PSoC5/UART_1_INT.c ****                     {   /* Set Software Buffer status Overflow */
 150:Generated_Source\PSoC5/UART_1_INT.c ****                         UART_1_rxBufferOverflow = 1u;
 151:Generated_Source\PSoC5/UART_1_INT.c ****                     }
 152:Generated_Source\PSoC5/UART_1_INT.c ****                     /* Set next pointer. */
 153:Generated_Source\PSoC5/UART_1_INT.c ****                     UART_1_rxBufferWrite++;
 154:Generated_Source\PSoC5/UART_1_INT.c **** 
 155:Generated_Source\PSoC5/UART_1_INT.c ****                     /* Check pointer for a loop condition */
 156:Generated_Source\PSoC5/UART_1_INT.c ****                     if(UART_1_rxBufferWrite >= UART_1_RX_BUFFER_SIZE)
 157:Generated_Source\PSoC5/UART_1_INT.c ****                     {
 158:Generated_Source\PSoC5/UART_1_INT.c ****                         UART_1_rxBufferWrite = 0u;
 159:Generated_Source\PSoC5/UART_1_INT.c ****                     }
 160:Generated_Source\PSoC5/UART_1_INT.c **** 
 161:Generated_Source\PSoC5/UART_1_INT.c ****                     /* Detect pre-overload condition and set flag */
 162:Generated_Source\PSoC5/UART_1_INT.c ****                     if(UART_1_rxBufferWrite == UART_1_rxBufferRead)
 163:Generated_Source\PSoC5/UART_1_INT.c ****                     {
 164:Generated_Source\PSoC5/UART_1_INT.c ****                         UART_1_rxBufferLoopDetect = 1u;
 165:Generated_Source\PSoC5/UART_1_INT.c ****                         /* When Hardware Flow Control selected */
 166:Generated_Source\PSoC5/UART_1_INT.c ****                         #if (UART_1_FLOW_CONTROL != 0u)
 167:Generated_Source\PSoC5/UART_1_INT.c ****                             /* Disable RX interrupt mask, it is enabled when user read data from th
 168:Generated_Source\PSoC5/UART_1_INT.c ****                             UART_1_RXSTATUS_MASK_REG  &= (uint8)~UART_1_RX_STS_FIFO_NOTEMPTY;
 169:Generated_Source\PSoC5/UART_1_INT.c ****                             CyIntClearPending(UART_1_RX_VECT_NUM);
 170:Generated_Source\PSoC5/UART_1_INT.c ****                             break; /* Break the reading of the FIFO loop, leave the data there for 
 171:Generated_Source\PSoC5/UART_1_INT.c ****                         #endif /* (UART_1_FLOW_CONTROL != 0u) */
 172:Generated_Source\PSoC5/UART_1_INT.c ****                     }
 173:Generated_Source\PSoC5/UART_1_INT.c ****                 }
 174:Generated_Source\PSoC5/UART_1_INT.c ****             }
 175:Generated_Source\PSoC5/UART_1_INT.c ****         }while((readStatus & UART_1_RX_STS_FIFO_NOTEMPTY) != 0u);
 176:Generated_Source\PSoC5/UART_1_INT.c **** 
 177:Generated_Source\PSoC5/UART_1_INT.c ****         /* User code required at end of ISR (Optional) */
 178:Generated_Source\PSoC5/UART_1_INT.c ****         /* `#START UART_1_RXISR_END` */
 179:Generated_Source\PSoC5/UART_1_INT.c **** 
 180:Generated_Source\PSoC5/UART_1_INT.c ****         /* `#END` */
 181:Generated_Source\PSoC5/UART_1_INT.c **** 
 182:Generated_Source\PSoC5/UART_1_INT.c ****     #ifdef UART_1_RXISR_EXIT_CALLBACK
 183:Generated_Source\PSoC5/UART_1_INT.c ****         UART_1_RXISR_ExitCallback();
 184:Generated_Source\PSoC5/UART_1_INT.c ****     #endif /* UART_1_RXISR_EXIT_CALLBACK */
 185:Generated_Source\PSoC5/UART_1_INT.c **** 
 186:Generated_Source\PSoC5/UART_1_INT.c ****     #if(CY_PSOC3)
 187:Generated_Source\PSoC5/UART_1_INT.c ****         EA = int_en;
 188:Generated_Source\PSoC5/UART_1_INT.c ****     #endif /* (CY_PSOC3) */
 189:Generated_Source\PSoC5/UART_1_INT.c ****     }
 190:Generated_Source\PSoC5/UART_1_INT.c ****     
 191:Generated_Source\PSoC5/UART_1_INT.c **** #endif /* (UART_1_RX_INTERRUPT_ENABLED && (UART_1_RX_ENABLED || UART_1_HD_ENABLED)) */
 192:Generated_Source\PSoC5/UART_1_INT.c **** 
 193:Generated_Source\PSoC5/UART_1_INT.c **** 
 194:Generated_Source\PSoC5/UART_1_INT.c **** #if (UART_1_TX_INTERRUPT_ENABLED && UART_1_TX_ENABLED)
 195:Generated_Source\PSoC5/UART_1_INT.c ****     /*******************************************************************************
 196:Generated_Source\PSoC5/UART_1_INT.c ****     * Function Name: UART_1_TXISR
 197:Generated_Source\PSoC5/UART_1_INT.c ****     ********************************************************************************
 198:Generated_Source\PSoC5/UART_1_INT.c ****     *
 199:Generated_Source\PSoC5/UART_1_INT.c ****     * Summary:
 200:Generated_Source\PSoC5/UART_1_INT.c ****     * Interrupt Service Routine for the TX portion of the UART
 201:Generated_Source\PSoC5/UART_1_INT.c ****     *
ARM GAS  C:\Users\Admin\AppData\Local\Temp\cc09MtZh.s 			page 5


 202:Generated_Source\PSoC5/UART_1_INT.c ****     * Parameters:
 203:Generated_Source\PSoC5/UART_1_INT.c ****     *  None.
 204:Generated_Source\PSoC5/UART_1_INT.c ****     *
 205:Generated_Source\PSoC5/UART_1_INT.c ****     * Return:
 206:Generated_Source\PSoC5/UART_1_INT.c ****     *  None.
 207:Generated_Source\PSoC5/UART_1_INT.c ****     *
 208:Generated_Source\PSoC5/UART_1_INT.c ****     * Global Variables:
 209:Generated_Source\PSoC5/UART_1_INT.c ****     *  UART_1_txBuffer - RAM buffer pointer for transmit data from.
 210:Generated_Source\PSoC5/UART_1_INT.c ****     *  UART_1_txBufferRead - cyclic index for read and transmit data
 211:Generated_Source\PSoC5/UART_1_INT.c ****     *     from txBuffer, increments after each transmitted byte.
 212:Generated_Source\PSoC5/UART_1_INT.c ****     *  UART_1_rxBufferWrite - cyclic index for write to txBuffer,
 213:Generated_Source\PSoC5/UART_1_INT.c ****     *     checked to detect available for transmission bytes.
 214:Generated_Source\PSoC5/UART_1_INT.c ****     *
 215:Generated_Source\PSoC5/UART_1_INT.c ****     *******************************************************************************/
 216:Generated_Source\PSoC5/UART_1_INT.c ****     CY_ISR(UART_1_TXISR)
 217:Generated_Source\PSoC5/UART_1_INT.c ****     {
  28              		.loc 1 217 0
  29              		.cfi_startproc
  30              		@ args = 0, pretend = 0, frame = 0
  31              		@ frame_needed = 0, uses_anonymous_args = 0
  32              		@ link register save eliminated.
 218:Generated_Source\PSoC5/UART_1_INT.c ****     #if(CY_PSOC3)
 219:Generated_Source\PSoC5/UART_1_INT.c ****         uint8 int_en;
 220:Generated_Source\PSoC5/UART_1_INT.c ****     #endif /* (CY_PSOC3) */
 221:Generated_Source\PSoC5/UART_1_INT.c **** 
 222:Generated_Source\PSoC5/UART_1_INT.c ****     #ifdef UART_1_TXISR_ENTRY_CALLBACK
 223:Generated_Source\PSoC5/UART_1_INT.c ****         UART_1_TXISR_EntryCallback();
 224:Generated_Source\PSoC5/UART_1_INT.c ****     #endif /* UART_1_TXISR_ENTRY_CALLBACK */
 225:Generated_Source\PSoC5/UART_1_INT.c **** 
 226:Generated_Source\PSoC5/UART_1_INT.c ****         /* User code required at start of ISR */
 227:Generated_Source\PSoC5/UART_1_INT.c ****         /* `#START UART_1_TXISR_START` */
 228:Generated_Source\PSoC5/UART_1_INT.c **** 
 229:Generated_Source\PSoC5/UART_1_INT.c ****         /* `#END` */
 230:Generated_Source\PSoC5/UART_1_INT.c **** 
 231:Generated_Source\PSoC5/UART_1_INT.c ****     #if(CY_PSOC3)   /* Make sure nested interrupt is enabled */
 232:Generated_Source\PSoC5/UART_1_INT.c ****         int_en = EA;
 233:Generated_Source\PSoC5/UART_1_INT.c ****         CyGlobalIntEnable;
 234:Generated_Source\PSoC5/UART_1_INT.c ****     #endif /* (CY_PSOC3) */
 235:Generated_Source\PSoC5/UART_1_INT.c **** 
 236:Generated_Source\PSoC5/UART_1_INT.c ****         while((UART_1_txBufferRead != UART_1_txBufferWrite) &&
  33              		.loc 1 236 0
  34 0000 13E0     		b	.L2
  35              	.L5:
 237:Generated_Source\PSoC5/UART_1_INT.c ****              ((UART_1_TXSTATUS_REG & UART_1_TX_STS_FIFO_FULL) == 0u))
 238:Generated_Source\PSoC5/UART_1_INT.c ****         {
 239:Generated_Source\PSoC5/UART_1_INT.c ****             /* Check pointer wrap around */
 240:Generated_Source\PSoC5/UART_1_INT.c ****             if(UART_1_txBufferRead >= UART_1_TX_BUFFER_SIZE)
  36              		.loc 1 240 0
  37 0002 104B     		ldr	r3, .L6
  38 0004 1B78     		ldrb	r3, [r3]	@ zero_extendqisi2
  39 0006 13F0800F 		tst	r3, #128
  40 000a 02D0     		beq	.L3
 241:Generated_Source\PSoC5/UART_1_INT.c ****             {
 242:Generated_Source\PSoC5/UART_1_INT.c ****                 UART_1_txBufferRead = 0u;
  41              		.loc 1 242 0
  42 000c 0022     		movs	r2, #0
  43 000e 0D4B     		ldr	r3, .L6
ARM GAS  C:\Users\Admin\AppData\Local\Temp\cc09MtZh.s 			page 6


  44 0010 1A70     		strb	r2, [r3]
  45              	.L3:
 243:Generated_Source\PSoC5/UART_1_INT.c ****             }
 244:Generated_Source\PSoC5/UART_1_INT.c **** 
 245:Generated_Source\PSoC5/UART_1_INT.c ****             UART_1_TXDATA_REG = UART_1_txBuffer[UART_1_txBufferRead];
  46              		.loc 1 245 0
  47 0012 0C4A     		ldr	r2, .L6
  48 0014 1378     		ldrb	r3, [r2]	@ zero_extendqisi2
  49 0016 DBB2     		uxtb	r3, r3
  50 0018 0B49     		ldr	r1, .L6+4
  51 001a CB5C     		ldrb	r3, [r1, r3]	@ zero_extendqisi2
  52 001c DBB2     		uxtb	r3, r3
  53 001e 0B49     		ldr	r1, .L6+8
  54 0020 0B70     		strb	r3, [r1]
 246:Generated_Source\PSoC5/UART_1_INT.c **** 
 247:Generated_Source\PSoC5/UART_1_INT.c ****             /* Set next pointer */
 248:Generated_Source\PSoC5/UART_1_INT.c ****             UART_1_txBufferRead++;
  55              		.loc 1 248 0
  56 0022 1378     		ldrb	r3, [r2]	@ zero_extendqisi2
  57 0024 0133     		adds	r3, r3, #1
  58 0026 DBB2     		uxtb	r3, r3
  59 0028 1370     		strb	r3, [r2]
  60              	.L2:
 236:Generated_Source\PSoC5/UART_1_INT.c ****              ((UART_1_TXSTATUS_REG & UART_1_TX_STS_FIFO_FULL) == 0u))
  61              		.loc 1 236 0
  62 002a 064B     		ldr	r3, .L6
  63 002c 1B78     		ldrb	r3, [r3]	@ zero_extendqisi2
  64 002e DBB2     		uxtb	r3, r3
  65 0030 074A     		ldr	r2, .L6+12
  66 0032 1278     		ldrb	r2, [r2]	@ zero_extendqisi2
  67 0034 9342     		cmp	r3, r2
  68 0036 04D0     		beq	.L1
 237:Generated_Source\PSoC5/UART_1_INT.c ****         {
  69              		.loc 1 237 0 discriminator 1
  70 0038 064B     		ldr	r3, .L6+16
  71 003a 1B78     		ldrb	r3, [r3]	@ zero_extendqisi2
 236:Generated_Source\PSoC5/UART_1_INT.c ****              ((UART_1_TXSTATUS_REG & UART_1_TX_STS_FIFO_FULL) == 0u))
  72              		.loc 1 236 0 discriminator 1
  73 003c 13F0040F 		tst	r3, #4
  74 0040 DFD0     		beq	.L5
  75              	.L1:
  76 0042 7047     		bx	lr
  77              	.L7:
  78              		.align	2
  79              	.L6:
  80 0044 00000000 		.word	UART_1_txBufferRead
  81 0048 00000000 		.word	UART_1_txBuffer
  82 004c 4A650040 		.word	1073767754
  83 0050 00000000 		.word	UART_1_txBufferWrite
  84 0054 6A650040 		.word	1073767786
  85              		.cfi_endproc
  86              	.LFE0:
  87              		.size	UART_1_TXISR, .-UART_1_TXISR
  88              		.text
  89              	.Letext0:
  90              		.file 2 "Generated_Source\\PSoC5\\cytypes.h"
  91              		.file 3 "Generated_Source\\PSoC5\\UART_1.h"
ARM GAS  C:\Users\Admin\AppData\Local\Temp\cc09MtZh.s 			page 7


  92              		.section	.debug_info,"",%progbits
  93              	.Ldebug_info0:
  94 0000 F2000000 		.4byte	0xf2
  95 0004 0400     		.2byte	0x4
  96 0006 00000000 		.4byte	.Ldebug_abbrev0
  97 000a 04       		.byte	0x4
  98 000b 01       		.uleb128 0x1
  99 000c 3E000000 		.4byte	.LASF19
 100 0010 0C       		.byte	0xc
 101 0011 F0010000 		.4byte	.LASF20
 102 0015 29010000 		.4byte	.LASF21
 103 0019 00000000 		.4byte	.Ldebug_ranges0+0
 104 001d 00000000 		.4byte	0
 105 0021 00000000 		.4byte	.Ldebug_line0
 106 0025 02       		.uleb128 0x2
 107 0026 01       		.byte	0x1
 108 0027 06       		.byte	0x6
 109 0028 28020000 		.4byte	.LASF0
 110 002c 02       		.uleb128 0x2
 111 002d 01       		.byte	0x1
 112 002e 08       		.byte	0x8
 113 002f 1B010000 		.4byte	.LASF1
 114 0033 02       		.uleb128 0x2
 115 0034 02       		.byte	0x2
 116 0035 05       		.byte	0x5
 117 0036 40020000 		.4byte	.LASF2
 118 003a 02       		.uleb128 0x2
 119 003b 02       		.byte	0x2
 120 003c 07       		.byte	0x7
 121 003d 0E000000 		.4byte	.LASF3
 122 0041 02       		.uleb128 0x2
 123 0042 04       		.byte	0x4
 124 0043 05       		.byte	0x5
 125 0044 E7010000 		.4byte	.LASF4
 126 0048 02       		.uleb128 0x2
 127 0049 04       		.byte	0x4
 128 004a 07       		.byte	0x7
 129 004b D2000000 		.4byte	.LASF5
 130 004f 02       		.uleb128 0x2
 131 0050 08       		.byte	0x8
 132 0051 05       		.byte	0x5
 133 0052 00000000 		.4byte	.LASF6
 134 0056 02       		.uleb128 0x2
 135 0057 08       		.byte	0x8
 136 0058 07       		.byte	0x7
 137 0059 E4000000 		.4byte	.LASF7
 138 005d 03       		.uleb128 0x3
 139 005e 04       		.byte	0x4
 140 005f 05       		.byte	0x5
 141 0060 696E7400 		.ascii	"int\000"
 142 0064 02       		.uleb128 0x2
 143 0065 04       		.byte	0x4
 144 0066 07       		.byte	0x7
 145 0067 21000000 		.4byte	.LASF8
 146 006b 04       		.uleb128 0x4
 147 006c CC000000 		.4byte	.LASF12
 148 0070 02       		.byte	0x2
ARM GAS  C:\Users\Admin\AppData\Local\Temp\cc09MtZh.s 			page 8


 149 0071 E901     		.2byte	0x1e9
 150 0073 2C000000 		.4byte	0x2c
 151 0077 02       		.uleb128 0x2
 152 0078 04       		.byte	0x4
 153 0079 04       		.byte	0x4
 154 007a FB000000 		.4byte	.LASF9
 155 007e 02       		.uleb128 0x2
 156 007f 08       		.byte	0x8
 157 0080 04       		.byte	0x4
 158 0081 14020000 		.4byte	.LASF10
 159 0085 02       		.uleb128 0x2
 160 0086 01       		.byte	0x1
 161 0087 08       		.byte	0x8
 162 0088 01010000 		.4byte	.LASF11
 163 008c 04       		.uleb128 0x4
 164 008d 4A020000 		.4byte	.LASF13
 165 0091 02       		.byte	0x2
 166 0092 9302     		.2byte	0x293
 167 0094 98000000 		.4byte	0x98
 168 0098 05       		.uleb128 0x5
 169 0099 6B000000 		.4byte	0x6b
 170 009d 02       		.uleb128 0x2
 171 009e 08       		.byte	0x8
 172 009f 04       		.byte	0x4
 173 00a0 34020000 		.4byte	.LASF14
 174 00a4 02       		.uleb128 0x2
 175 00a5 04       		.byte	0x4
 176 00a6 07       		.byte	0x7
 177 00a7 63020000 		.4byte	.LASF15
 178 00ab 06       		.uleb128 0x6
 179 00ac 1B020000 		.4byte	.LASF22
 180 00b0 01       		.byte	0x1
 181 00b1 D8       		.byte	0xd8
 182 00b2 00000000 		.4byte	.LFB0
 183 00b6 58000000 		.4byte	.LFE0-.LFB0
 184 00ba 01       		.uleb128 0x1
 185 00bb 9C       		.byte	0x9c
 186 00bc 07       		.uleb128 0x7
 187 00bd 98000000 		.4byte	0x98
 188 00c1 CC000000 		.4byte	0xcc
 189 00c5 08       		.uleb128 0x8
 190 00c6 A4000000 		.4byte	0xa4
 191 00ca 7F       		.byte	0x7f
 192 00cb 00       		.byte	0
 193 00cc 09       		.uleb128 0x9
 194 00cd 2E000000 		.4byte	.LASF16
 195 00d1 03       		.byte	0x3
 196 00d2 3801     		.2byte	0x138
 197 00d4 D8000000 		.4byte	0xd8
 198 00d8 05       		.uleb128 0x5
 199 00d9 BC000000 		.4byte	0xbc
 200 00dd 09       		.uleb128 0x9
 201 00de 4F020000 		.4byte	.LASF17
 202 00e2 03       		.byte	0x3
 203 00e3 3901     		.2byte	0x139
 204 00e5 98000000 		.4byte	0x98
 205 00e9 09       		.uleb128 0x9
ARM GAS  C:\Users\Admin\AppData\Local\Temp\cc09MtZh.s 			page 9


 206 00ea 06010000 		.4byte	.LASF18
 207 00ee 03       		.byte	0x3
 208 00ef 3A01     		.2byte	0x13a
 209 00f1 6B000000 		.4byte	0x6b
 210 00f5 00       		.byte	0
 211              		.section	.debug_abbrev,"",%progbits
 212              	.Ldebug_abbrev0:
 213 0000 01       		.uleb128 0x1
 214 0001 11       		.uleb128 0x11
 215 0002 01       		.byte	0x1
 216 0003 25       		.uleb128 0x25
 217 0004 0E       		.uleb128 0xe
 218 0005 13       		.uleb128 0x13
 219 0006 0B       		.uleb128 0xb
 220 0007 03       		.uleb128 0x3
 221 0008 0E       		.uleb128 0xe
 222 0009 1B       		.uleb128 0x1b
 223 000a 0E       		.uleb128 0xe
 224 000b 55       		.uleb128 0x55
 225 000c 17       		.uleb128 0x17
 226 000d 11       		.uleb128 0x11
 227 000e 01       		.uleb128 0x1
 228 000f 10       		.uleb128 0x10
 229 0010 17       		.uleb128 0x17
 230 0011 00       		.byte	0
 231 0012 00       		.byte	0
 232 0013 02       		.uleb128 0x2
 233 0014 24       		.uleb128 0x24
 234 0015 00       		.byte	0
 235 0016 0B       		.uleb128 0xb
 236 0017 0B       		.uleb128 0xb
 237 0018 3E       		.uleb128 0x3e
 238 0019 0B       		.uleb128 0xb
 239 001a 03       		.uleb128 0x3
 240 001b 0E       		.uleb128 0xe
 241 001c 00       		.byte	0
 242 001d 00       		.byte	0
 243 001e 03       		.uleb128 0x3
 244 001f 24       		.uleb128 0x24
 245 0020 00       		.byte	0
 246 0021 0B       		.uleb128 0xb
 247 0022 0B       		.uleb128 0xb
 248 0023 3E       		.uleb128 0x3e
 249 0024 0B       		.uleb128 0xb
 250 0025 03       		.uleb128 0x3
 251 0026 08       		.uleb128 0x8
 252 0027 00       		.byte	0
 253 0028 00       		.byte	0
 254 0029 04       		.uleb128 0x4
 255 002a 16       		.uleb128 0x16
 256 002b 00       		.byte	0
 257 002c 03       		.uleb128 0x3
 258 002d 0E       		.uleb128 0xe
 259 002e 3A       		.uleb128 0x3a
 260 002f 0B       		.uleb128 0xb
 261 0030 3B       		.uleb128 0x3b
 262 0031 05       		.uleb128 0x5
ARM GAS  C:\Users\Admin\AppData\Local\Temp\cc09MtZh.s 			page 10


 263 0032 49       		.uleb128 0x49
 264 0033 13       		.uleb128 0x13
 265 0034 00       		.byte	0
 266 0035 00       		.byte	0
 267 0036 05       		.uleb128 0x5
 268 0037 35       		.uleb128 0x35
 269 0038 00       		.byte	0
 270 0039 49       		.uleb128 0x49
 271 003a 13       		.uleb128 0x13
 272 003b 00       		.byte	0
 273 003c 00       		.byte	0
 274 003d 06       		.uleb128 0x6
 275 003e 2E       		.uleb128 0x2e
 276 003f 00       		.byte	0
 277 0040 3F       		.uleb128 0x3f
 278 0041 19       		.uleb128 0x19
 279 0042 03       		.uleb128 0x3
 280 0043 0E       		.uleb128 0xe
 281 0044 3A       		.uleb128 0x3a
 282 0045 0B       		.uleb128 0xb
 283 0046 3B       		.uleb128 0x3b
 284 0047 0B       		.uleb128 0xb
 285 0048 27       		.uleb128 0x27
 286 0049 19       		.uleb128 0x19
 287 004a 11       		.uleb128 0x11
 288 004b 01       		.uleb128 0x1
 289 004c 12       		.uleb128 0x12
 290 004d 06       		.uleb128 0x6
 291 004e 40       		.uleb128 0x40
 292 004f 18       		.uleb128 0x18
 293 0050 9742     		.uleb128 0x2117
 294 0052 19       		.uleb128 0x19
 295 0053 00       		.byte	0
 296 0054 00       		.byte	0
 297 0055 07       		.uleb128 0x7
 298 0056 01       		.uleb128 0x1
 299 0057 01       		.byte	0x1
 300 0058 49       		.uleb128 0x49
 301 0059 13       		.uleb128 0x13
 302 005a 01       		.uleb128 0x1
 303 005b 13       		.uleb128 0x13
 304 005c 00       		.byte	0
 305 005d 00       		.byte	0
 306 005e 08       		.uleb128 0x8
 307 005f 21       		.uleb128 0x21
 308 0060 00       		.byte	0
 309 0061 49       		.uleb128 0x49
 310 0062 13       		.uleb128 0x13
 311 0063 2F       		.uleb128 0x2f
 312 0064 0B       		.uleb128 0xb
 313 0065 00       		.byte	0
 314 0066 00       		.byte	0
 315 0067 09       		.uleb128 0x9
 316 0068 34       		.uleb128 0x34
 317 0069 00       		.byte	0
 318 006a 03       		.uleb128 0x3
 319 006b 0E       		.uleb128 0xe
ARM GAS  C:\Users\Admin\AppData\Local\Temp\cc09MtZh.s 			page 11


 320 006c 3A       		.uleb128 0x3a
 321 006d 0B       		.uleb128 0xb
 322 006e 3B       		.uleb128 0x3b
 323 006f 05       		.uleb128 0x5
 324 0070 49       		.uleb128 0x49
 325 0071 13       		.uleb128 0x13
 326 0072 3F       		.uleb128 0x3f
 327 0073 19       		.uleb128 0x19
 328 0074 3C       		.uleb128 0x3c
 329 0075 19       		.uleb128 0x19
 330 0076 00       		.byte	0
 331 0077 00       		.byte	0
 332 0078 00       		.byte	0
 333              		.section	.debug_aranges,"",%progbits
 334 0000 1C000000 		.4byte	0x1c
 335 0004 0200     		.2byte	0x2
 336 0006 00000000 		.4byte	.Ldebug_info0
 337 000a 04       		.byte	0x4
 338 000b 00       		.byte	0
 339 000c 0000     		.2byte	0
 340 000e 0000     		.2byte	0
 341 0010 00000000 		.4byte	.LFB0
 342 0014 58000000 		.4byte	.LFE0-.LFB0
 343 0018 00000000 		.4byte	0
 344 001c 00000000 		.4byte	0
 345              		.section	.debug_ranges,"",%progbits
 346              	.Ldebug_ranges0:
 347 0000 00000000 		.4byte	.LFB0
 348 0004 58000000 		.4byte	.LFE0
 349 0008 00000000 		.4byte	0
 350 000c 00000000 		.4byte	0
 351              		.section	.debug_line,"",%progbits
 352              	.Ldebug_line0:
 353 0000 7D000000 		.section	.debug_str,"MS",%progbits,1
 353      02005300 
 353      00000201 
 353      FB0E0D00 
 353      01010101 
 354              	.LASF6:
 355 0000 6C6F6E67 		.ascii	"long long int\000"
 355      206C6F6E 
 355      6720696E 
 355      7400
 356              	.LASF3:
 357 000e 73686F72 		.ascii	"short unsigned int\000"
 357      7420756E 
 357      7369676E 
 357      65642069 
 357      6E7400
 358              	.LASF8:
 359 0021 756E7369 		.ascii	"unsigned int\000"
 359      676E6564 
 359      20696E74 
 359      00
 360              	.LASF16:
 361 002e 55415254 		.ascii	"UART_1_txBuffer\000"
 361      5F315F74 
ARM GAS  C:\Users\Admin\AppData\Local\Temp\cc09MtZh.s 			page 12


 361      78427566 
 361      66657200 
 362              	.LASF19:
 363 003e 474E5520 		.ascii	"GNU C11 5.4.1 20160609 (release) [ARM/embedded-5-br"
 363      43313120 
 363      352E342E 
 363      31203230 
 363      31363036 
 364 0071 616E6368 		.ascii	"anch revision 237715] -mcpu=cortex-m3 -mthumb -g -O"
 364      20726576 
 364      6973696F 
 364      6E203233 
 364      37373135 
 365 00a4 67202D66 		.ascii	"g -ffunction-sections -ffat-lto-objects\000"
 365      66756E63 
 365      74696F6E 
 365      2D736563 
 365      74696F6E 
 366              	.LASF12:
 367 00cc 75696E74 		.ascii	"uint8\000"
 367      3800
 368              	.LASF5:
 369 00d2 6C6F6E67 		.ascii	"long unsigned int\000"
 369      20756E73 
 369      69676E65 
 369      6420696E 
 369      7400
 370              	.LASF7:
 371 00e4 6C6F6E67 		.ascii	"long long unsigned int\000"
 371      206C6F6E 
 371      6720756E 
 371      7369676E 
 371      65642069 
 372              	.LASF9:
 373 00fb 666C6F61 		.ascii	"float\000"
 373      7400
 374              	.LASF11:
 375 0101 63686172 		.ascii	"char\000"
 375      00
 376              	.LASF18:
 377 0106 55415254 		.ascii	"UART_1_txBufferWrite\000"
 377      5F315F74 
 377      78427566 
 377      66657257 
 377      72697465 
 378              	.LASF1:
 379 011b 756E7369 		.ascii	"unsigned char\000"
 379      676E6564 
 379      20636861 
 379      7200
 380              	.LASF21:
 381 0129 443A5C44 		.ascii	"D:\\Documentos\\GitHub\\Afinador-Guitarra-PsoC-5LP\\"
 381      6F63756D 
 381      656E746F 
 381      735C4769 
 381      74487562 
 382 0159 50726F79 		.ascii	"ProyectoPDS\\ProyectoPds_V1\\ProyectoPDS solo matla"
ARM GAS  C:\Users\Admin\AppData\Local\Temp\cc09MtZh.s 			page 13


 382      6563746F 
 382      5044535C 
 382      50726F79 
 382      6563746F 
 383 018a 622D3230 		.ascii	"b-20251102T203416Z-1-001\\ProyectoPDS solo matlab\\"
 383      32353131 
 383      30325432 
 383      30333431 
 383      365A2D31 
 384 01bb 6C616235 		.ascii	"lab5-fiuna-filtros_sencillos\\Design01.cydsn\000"
 384      2D666975 
 384      6E612D66 
 384      696C7472 
 384      6F735F73 
 385              	.LASF4:
 386 01e7 6C6F6E67 		.ascii	"long int\000"
 386      20696E74 
 386      00
 387              	.LASF20:
 388 01f0 47656E65 		.ascii	"Generated_Source\\PSoC5\\UART_1_INT.c\000"
 388      72617465 
 388      645F536F 
 388      75726365 
 388      5C50536F 
 389              	.LASF10:
 390 0214 646F7562 		.ascii	"double\000"
 390      6C6500
 391              	.LASF22:
 392 021b 55415254 		.ascii	"UART_1_TXISR\000"
 392      5F315F54 
 392      58495352 
 392      00
 393              	.LASF0:
 394 0228 7369676E 		.ascii	"signed char\000"
 394      65642063 
 394      68617200 
 395              	.LASF14:
 396 0234 6C6F6E67 		.ascii	"long double\000"
 396      20646F75 
 396      626C6500 
 397              	.LASF2:
 398 0240 73686F72 		.ascii	"short int\000"
 398      7420696E 
 398      7400
 399              	.LASF13:
 400 024a 72656738 		.ascii	"reg8\000"
 400      00
 401              	.LASF17:
 402 024f 55415254 		.ascii	"UART_1_txBufferRead\000"
 402      5F315F74 
 402      78427566 
 402      66657252 
 402      65616400 
 403              	.LASF15:
 404 0263 73697A65 		.ascii	"sizetype\000"
 404      74797065 
 404      00
ARM GAS  C:\Users\Admin\AppData\Local\Temp\cc09MtZh.s 			page 14


 405              		.ident	"GCC: (GNU Tools for ARM Embedded Processors) 5.4.1 20160609 (release) [ARM/embedded-5-bran
