--------------- Build Started: 02/21/2026 16:58:11 Project: Design01, Configuration: ARM GCC 5.4-2016-q2-update Debug ---------------
cydsfit.exe -.appdatapath "C:\Users\Admin\AppData\Local\Cypress Semiconductor\PSoC Creator\4.4" -.fdsnotice -.fdswarpdepfile=warp_dependencies.txt -.fdselabdepfile=elab_dependencies.txt -.fdsbldfile=generated_files.txt -.fdsreffile=referenced_files.txt -p "D:\Documentos\GitHub\Afinador-Guitarra-PsoC-5LP\ProyectoPDS\ProyectoPds_V1\ProyectoPDS solo matlab-20251102T203416Z-1-001\ProyectoPDS solo matlab\lab5-fiuna-filtros_sencillos\Design01.cydsn\Design01.cyprj" -d CY8C5888LTI-LP097 -s "D:\Documentos\GitHub\Afinador-Guitarra-PsoC-5LP\ProyectoPDS\ProyectoPds_V1\ProyectoPDS solo matlab-20251102T203416Z-1-001\ProyectoPDS solo matlab\lab5-fiuna-filtros_sencillos\Design01.cydsn\Generated_Source\PSoC5" -- -yv2 -q10 -ygs -o2 -v3 -.fftcfgtype=LE
Elaborating Design...
HDL Generation...
Synthesis...
Tech Mapping...
ADD: mpr.M0037: information: Unused pieces of the design have been optimized out. See the Tech mapping section of the report file for details.
 * D:\Documentos\GitHub\Afinador-Guitarra-PsoC-5LP\ProyectoPDS\ProyectoPds_V1\ProyectoPDS solo matlab-20251102T203416Z-1-001\ProyectoPDS solo matlab\lab5-fiuna-filtros_sencillos\Design01.cydsn\codegentemp\Design01.rpt (Tech mapping)
Analog Placement...
Analog Routing...
Analog Code Generation...
Digital Placement...
Digital Routing...
Bitstream Generation...
Bitstream Verification...
Static timing analysis...
API Generation...
Dependency Generation...
Cleanup...
arm-none-eabi-gcc.exe -mcpu=cortex-m3 -mthumb -I. -IGenerated_Source\PSoC5 -Wa,-alh=.\CortexM3\ARM_GCC_541\Debug/Filter_1_RAM_Data.lst -g -D DEBUG -D CY_CORE_ID=0 -Wall -ffunction-sections -ffat-lto-objects -Og -c Generated_Source\PSoC5\Filter_1_RAM_Data.c -o .\CortexM3\ARM_GCC_541\Debug\Filter_1_RAM_Data.o
arm-none-eabi-gcc.exe -mcpu=cortex-m3 -mthumb -I. -IGenerated_Source\PSoC5 -Wa,-alh=.\CortexM3\ARM_GCC_541\Debug/Filter_1_Coefficients.lst -g -D DEBUG -D CY_CORE_ID=0 -Wall -ffunction-sections -ffat-lto-objects -Og -c Generated_Source\PSoC5\Filter_1_Coefficients.c -o .\CortexM3\ARM_GCC_541\Debug\Filter_1_Coefficients.o
arm-none-eabi-ar.exe -rs .\CortexM3\ARM_GCC_541\Debug\Design01.a .\CortexM3\ARM_GCC_541\Debug\UART_1.o .\CortexM3\ARM_GCC_541\Debug\UART_1_PM.o .\CortexM3\ARM_GCC_541\Debug\UART_1_INT.o .\CortexM3\ARM_GCC_541\Debug\UART_1_BOOT.o .\CortexM3\ARM_GCC_541\Debug\UART_1_IntClock.o .\CortexM3\ARM_GCC_541\Debug\CyDmac.o .\CortexM3\ARM_GCC_541\Debug\CyFlash.o .\CortexM3\ARM_GCC_541\Debug\CyLib.o .\CortexM3\ARM_GCC_541\Debug\cyPm.o .\CortexM3\ARM_GCC_541\Debug\CySpc.o .\CortexM3\ARM_GCC_541\Debug\cyutils.o .\CortexM3\ARM_GCC_541\Debug\cy_em_eeprom.o .\CortexM3\ARM_GCC_541\Debug\isr_rx.o .\CortexM3\ARM_GCC_541\Debug\Chart_1.o .\CortexM3\ARM_GCC_541\Debug\Led.o .\CortexM3\ARM_GCC_541\Debug\Filter_1.o .\CortexM3\ARM_GCC_541\Debug\Filter_1_PM.o .\CortexM3\ARM_GCC_541\Debug\Filter_1_PVT.o .\CortexM3\ARM_GCC_541\Debug\Filter_1_RAM_Data.o .\CortexM3\ARM_GCC_541\Debug\Filter_1_Coefficients.o .\CortexM3\ARM_GCC_541\Debug\DMA_In_dma.o .\CortexM3\ARM_GCC_541\Debug\isr_dma_done.o .\CortexM3\ARM_GCC_541\Debug\DMA_Out_dma.o .\CortexM3\ARM_GCC_541\Debug\CtrlReg_Filtro_Out.o .\CortexM3\ARM_GCC_541\Debug\CtrlReg_Filtro_Out_PM.o .\CortexM3\ARM_GCC_541\Debug\CyBootAsmGnu.o
arm-none-eabi-ar.exe: creating .\CortexM3\ARM_GCC_541\Debug\Design01.a
arm-none-eabi-gcc.exe -Wl,--start-group -o "D:\Documentos\GitHub\Afinador-Guitarra-PsoC-5LP\ProyectoPDS\ProyectoPds_V1\ProyectoPDS solo matlab-20251102T203416Z-1-001\ProyectoPDS solo matlab\lab5-fiuna-filtros_sencillos\Design01.cydsn\CortexM3\ARM_GCC_541\Debug\Design01.elf" .\CortexM3\ARM_GCC_541\Debug\main.o .\CortexM3\ARM_GCC_541\Debug\cyfitter_cfg.o .\CortexM3\ARM_GCC_541\Debug\cymetadata.o .\CortexM3\ARM_GCC_541\Debug\Cm3Start.o .\CortexM3\ARM_GCC_541\Debug\Design01.a "E:\Cypress\PSoC Creator\4.4\PSoC Creator\psoc\content\cycomponentlibrary\CyComponentLibrary.cylib\CortexM3\ARM_GCC_541\Debug\CyComponentLibrary.a" -mcpu=cortex-m3 -mthumb -l m -L Generated_Source\PSoC5 -Wl,-Map,.\CortexM3\ARM_GCC_541\Debug/Design01.map -T Generated_Source\PSoC5\cm3gcc.ld -specs=nano.specs -Wl,--gc-sections -g -ffunction-sections -Og -ffat-lto-objects -Wl,--end-group
cyelftool.exe -C "D:\Documentos\GitHub\Afinador-Guitarra-PsoC-5LP\ProyectoPDS\ProyectoPds_V1\ProyectoPDS solo matlab-20251102T203416Z-1-001\ProyectoPDS solo matlab\lab5-fiuna-filtros_sencillos\Design01.cydsn\CortexM3\ARM_GCC_541\Debug\Design01.elf" --flash_row_size 256 --flash_size 262144 --flash_offset 0x00000000
No ELF section .cychecksum found, creating one
Application checksum calculated and stored in ELF section .cychecksum
Checksum calculated and stored in ELF section .cymeta
cyelftool.exe -S "D:\Documentos\GitHub\Afinador-Guitarra-PsoC-5LP\ProyectoPDS\ProyectoPds_V1\ProyectoPDS solo matlab-20251102T203416Z-1-001\ProyectoPDS solo matlab\lab5-fiuna-filtros_sencillos\Design01.cydsn\CortexM3\ARM_GCC_541\Debug\Design01.elf"
Flash used: 17540 of 262144 bytes (6,7 %).
SRAM used: 53557 of 65536 bytes (81,7 %). Stack: 16498 bytes. Heap: 16498 bytes.
--------------- Build Succeeded: 02/21/2026 16:58:16 ---------------
